[0.046s] Invoking command in '/home/kanat/ur5_new_ws/build/ur5_bringup': CMAKE_PREFIX_PATH=${CMAKE_PREFIX_PATH}:/home/kanat/turtlebot3_ws/install/turtlebot3_control:/home/kanat/ros2_udemy_beginner/install/my_ros_services_py:/home/kanat/ros2_udemy_beginner/install/my_pkg_py:/opt/ros/jazzy DEBUGINFOD_URLS=https://debuginfod.ubuntu.com PS1=(myenv) \[\e]0;\u@\h: \w\a\]${debian_chroot:+($debian_chroot)}\[\033[01;32m\]\u@\h\[\033[00m\]:\[\033[01;34m\]\w\[\033[00m\]\$ VIRTUAL_ENV_PROMPT=(myenv) /usr/bin/cmake /home/kanat/ur5_new_ws/src/ur5_bringup -DAMENT_CMAKE_SYMLINK_INSTALL=1 -DCMAKE_INSTALL_PREFIX=/home/kanat/ur5_new_ws/install/ur5_bringup
[0.185s] -- The C compiler identification is GNU 13.3.0
[0.326s] -- The CXX compiler identification is GNU 13.3.0
[0.366s] -- Detecting C compiler ABI info
[0.593s] -- Detecting C compiler ABI info - done
[0.617s] -- Check for working C compiler: /usr/bin/cc - skipped
[0.617s] -- Detecting C compile features
[0.618s] -- Detecting C compile features - done
[0.642s] -- Detecting CXX compiler ABI info
[0.899s] -- Detecting CXX compiler ABI info - done
[0.924s] -- Check for working CXX compiler: /usr/bin/c++ - skipped
[0.924s] -- Detecting CXX compile features
[0.926s] -- Detecting CXX compile features - done
[0.939s] -- Found ament_cmake: 2.5.4 (/opt/ros/jazzy/share/ament_cmake/cmake)
[1.270s] -- Found Python3: /home/kanat/myenv/bin/python3 (found version "3.12.3") found components: Interpreter 
[1.464s] -- Override CMake install command with custom implementation using symlinks instead of copying resources
[1.695s] Traceback (most recent call last):
[1.695s]   File "/opt/ros/jazzy/share/ament_cmake_core/cmake/core/package_xml_2_cmake.py", line 22, in <module>
[1.695s]     from catkin_pkg.package import parse_package_string
[1.695s] ModuleNotFoundError: No module named 'catkin_pkg'
[1.704s] [31mCMake Error at /opt/ros/jazzy/share/ament_cmake_core/cmake/core/ament_package_xml.cmake:95 (message):
[1.704s]   execute_process(/home/kanat/myenv/bin/python3
[1.704s]   /opt/ros/jazzy/share/ament_cmake_core/cmake/core/package_xml_2_cmake.py
[1.704s]   /home/kanat/ur5_new_ws/src/ur5_bringup/package.xml
[1.705s]   /home/kanat/ur5_new_ws/build/ur5_bringup/ament_cmake_core/package.cmake)
[1.705s]   returned error code 1
[1.705s] Call Stack (most recent call first):
[1.705s]   /opt/ros/jazzy/share/ament_cmake_core/cmake/core/ament_package_xml.cmake:49 (_ament_package_xml)
[1.705s]   /opt/ros/jazzy/share/ament_cmake_core/cmake/core/ament_package.cmake:63 (ament_package_xml)
[1.705s]   CMakeLists.txt:17 (ament_package)
[1.705s] 
[1.705s] [0m
[1.706s] -- Configuring incomplete, errors occurred!
[1.716s] Invoked command in '/home/kanat/ur5_new_ws/build/ur5_bringup' returned '1': CMAKE_PREFIX_PATH=${CMAKE_PREFIX_PATH}:/home/kanat/turtlebot3_ws/install/turtlebot3_control:/home/kanat/ros2_udemy_beginner/install/my_ros_services_py:/home/kanat/ros2_udemy_beginner/install/my_pkg_py:/opt/ros/jazzy DEBUGINFOD_URLS=https://debuginfod.ubuntu.com PS1=(myenv) \[\e]0;\u@\h: \w\a\]${debian_chroot:+($debian_chroot)}\[\033[01;32m\]\u@\h\[\033[00m\]:\[\033[01;34m\]\w\[\033[00m\]\$ VIRTUAL_ENV_PROMPT=(myenv) /usr/bin/cmake /home/kanat/ur5_new_ws/src/ur5_bringup -DAMENT_CMAKE_SYMLINK_INSTALL=1 -DCMAKE_INSTALL_PREFIX=/home/kanat/ur5_new_ws/install/ur5_bringup
