[0.088s] Invoking command in '/home/kanat/ur5_new_ws/build/robotiq_description': CMAKE_PREFIX_PATH=${CMAKE_PREFIX_PATH}:/home/kanat/turtlebot3_ws/install/turtlebot3_control:/home/kanat/ros2_udemy_beginner/install/my_ros_services_py:/home/kanat/ros2_udemy_beginner/install/my_pkg_py:/opt/ros/jazzy DEBUGINFOD_URLS=https://debuginfod.ubuntu.com /usr/bin/cmake /home/kanat/ur5_new_ws/src/ros2_robotiq_gripper/robotiq_description -DCMAKE_INSTALL_PREFIX=/home/kanat/ur5_new_ws/install/robotiq_description
[0.302s] -- The C compiler identification is GNU 13.3.0
[0.477s] -- The CXX compiler identification is GNU 13.3.0
[0.531s] -- Detecting C compiler ABI info
[0.807s] -- Detecting C compiler ABI info - done
[0.848s] -- Check for working C compiler: /usr/bin/cc - skipped
[0.849s] -- Detecting C compile features
[0.850s] -- Detecting C compile features - done
[0.879s] -- Detecting CXX compiler ABI info
[1.174s] -- Detecting CXX compiler ABI info - done
[1.206s] -- Check for working CXX compiler: /usr/bin/c++ - skipped
[1.207s] -- Detecting CXX compile features
[1.209s] -- Detecting CXX compile features - done
[1.223s] -- Found ament_cmake: 2.5.4 (/opt/ros/jazzy/share/ament_cmake/cmake)
[1.835s] -- Found Python3: /usr/bin/python3 (found version "3.12.3") found components: Interpreter 
[2.654s] -- Configuring done (2.5s)
[2.660s] -- Generating done (0.0s)
[2.664s] -- Build files have been written to: /home/kanat/ur5_new_ws/build/robotiq_description
[2.679s] Invoked command in '/home/kanat/ur5_new_ws/build/robotiq_description' returned '0': CMAKE_PREFIX_PATH=${CMAKE_PREFIX_PATH}:/home/kanat/turtlebot3_ws/install/turtlebot3_control:/home/kanat/ros2_udemy_beginner/install/my_ros_services_py:/home/kanat/ros2_udemy_beginner/install/my_pkg_py:/opt/ros/jazzy DEBUGINFOD_URLS=https://debuginfod.ubuntu.com /usr/bin/cmake /home/kanat/ur5_new_ws/src/ros2_robotiq_gripper/robotiq_description -DCMAKE_INSTALL_PREFIX=/home/kanat/ur5_new_ws/install/robotiq_description
[2.682s] Invoking command in '/home/kanat/ur5_new_ws/build/robotiq_description': CMAKE_PREFIX_PATH=${CMAKE_PREFIX_PATH}:/home/kanat/turtlebot3_ws/install/turtlebot3_control:/home/kanat/ros2_udemy_beginner/install/my_ros_services_py:/home/kanat/ros2_udemy_beginner/install/my_pkg_py:/opt/ros/jazzy DEBUGINFOD_URLS=https://debuginfod.ubuntu.com /usr/bin/cmake --build /home/kanat/ur5_new_ws/build/robotiq_description -- -j20 -l20
[2.798s] Invoked command in '/home/kanat/ur5_new_ws/build/robotiq_description' returned '0': CMAKE_PREFIX_PATH=${CMAKE_PREFIX_PATH}:/home/kanat/turtlebot3_ws/install/turtlebot3_control:/home/kanat/ros2_udemy_beginner/install/my_ros_services_py:/home/kanat/ros2_udemy_beginner/install/my_pkg_py:/opt/ros/jazzy DEBUGINFOD_URLS=https://debuginfod.ubuntu.com /usr/bin/cmake --build /home/kanat/ur5_new_ws/build/robotiq_description -- -j20 -l20
[2.802s] Invoking command in '/home/kanat/ur5_new_ws/build/robotiq_description': CMAKE_PREFIX_PATH=${CMAKE_PREFIX_PATH}:/home/kanat/turtlebot3_ws/install/turtlebot3_control:/home/kanat/ros2_udemy_beginner/install/my_ros_services_py:/home/kanat/ros2_udemy_beginner/install/my_pkg_py:/opt/ros/jazzy DEBUGINFOD_URLS=https://debuginfod.ubuntu.com /usr/bin/cmake --install /home/kanat/ur5_new_ws/build/robotiq_description
[2.823s] -- Install configuration: ""
[2.824s] -- Installing: /home/kanat/ur5_new_ws/install/robotiq_description/share/robotiq_description/config
[2.825s] -- Installing: /home/kanat/ur5_new_ws/install/robotiq_description/share/robotiq_description/config/robotiq_controllers.yaml
[2.826s] -- Installing: /home/kanat/ur5_new_ws/install/robotiq_description/share/robotiq_description/config/robotiq_hand_e_controllers.yaml
[2.826s] -- Installing: /home/kanat/ur5_new_ws/install/robotiq_description/share/robotiq_description/launch
[2.826s] -- Installing: /home/kanat/ur5_new_ws/install/robotiq_description/share/robotiq_description/launch/hand-e_control.launch.xml
[2.827s] -- Installing: /home/kanat/ur5_new_ws/install/robotiq_description/share/robotiq_description/launch/view_gripper.launch.py
[2.827s] -- Installing: /home/kanat/ur5_new_ws/install/robotiq_description/share/robotiq_description/launch/robotiq_control.launch.py
[2.828s] -- Installing: /home/kanat/ur5_new_ws/install/robotiq_description/share/robotiq_description/launch/view_hand-e.launch.xml
[2.828s] -- Installing: /home/kanat/ur5_new_ws/install/robotiq_description/share/robotiq_description/meshes
[2.829s] -- Installing: /home/kanat/ur5_new_ws/install/robotiq_description/share/robotiq_description/meshes/collision
[2.829s] -- Installing: /home/kanat/ur5_new_ws/install/robotiq_description/share/robotiq_description/meshes/collision/2f_85
[2.829s] -- Installing: /home/kanat/ur5_new_ws/install/robotiq_description/share/robotiq_description/meshes/collision/2f_85/robotiq_base.stl
[2.829s] -- Installing: /home/kanat/ur5_new_ws/install/robotiq_description/share/robotiq_description/meshes/collision/2f_85/right_finger_tip.stl
[2.829s] -- Installing: /home/kanat/ur5_new_ws/install/robotiq_description/share/robotiq_description/meshes/collision/2f_85/left_finger_tip.stl
[2.830s] -- Installing: /home/kanat/ur5_new_ws/install/robotiq_description/share/robotiq_description/meshes/collision/2f_85/left_inner_knuckle.stl
[2.830s] -- Installing: /home/kanat/ur5_new_ws/install/robotiq_description/share/robotiq_description/meshes/collision/2f_85/left_knuckle.stl
[2.830s] -- Installing: /home/kanat/ur5_new_ws/install/robotiq_description/share/robotiq_description/meshes/collision/2f_85/ur_to_robotiq_adapter.stl
[2.830s] -- Installing: /home/kanat/ur5_new_ws/install/robotiq_description/share/robotiq_description/meshes/collision/2f_85/right_inner_knuckle.stl
[2.830s] -- Installing: /home/kanat/ur5_new_ws/install/robotiq_description/share/robotiq_description/meshes/collision/2f_85/right_finger.stl
[2.830s] -- Installing: /home/kanat/ur5_new_ws/install/robotiq_description/share/robotiq_description/meshes/collision/2f_85/right_knuckle.stl
[2.830s] -- Installing: /home/kanat/ur5_new_ws/install/robotiq_description/share/robotiq_description/meshes/collision/2f_85/left_finger.stl
[2.831s] -- Installing: /home/kanat/ur5_new_ws/install/robotiq_description/share/robotiq_description/meshes/collision/2f_140
[2.831s] -- Installing: /home/kanat/ur5_new_ws/install/robotiq_description/share/robotiq_description/meshes/collision/2f_140/robotiq_2f_140_coupling.stl
[2.831s] -- Installing: /home/kanat/ur5_new_ws/install/robotiq_description/share/robotiq_description/meshes/collision/2f_140/robotiq_2f_140_outer_finger.stl
[2.831s] -- Installing: /home/kanat/ur5_new_ws/install/robotiq_description/share/robotiq_description/meshes/collision/2f_140/robotiq_2f_140_inner_knuckle.stl
[2.831s] -- Installing: /home/kanat/ur5_new_ws/install/robotiq_description/share/robotiq_description/meshes/collision/2f_140/robotiq_2f_140_inner_finger.stl
[2.832s] -- Installing: /home/kanat/ur5_new_ws/install/robotiq_description/share/robotiq_description/meshes/collision/2f_140/robotiq_2f_140_base_link.stl
[2.832s] -- Installing: /home/kanat/ur5_new_ws/install/robotiq_description/share/robotiq_description/meshes/collision/2f_140/robotiq_2f_140_outer_knuckle.stl
[2.832s] -- Installing: /home/kanat/ur5_new_ws/install/robotiq_description/share/robotiq_description/meshes/collision/hande
[2.833s] -- Installing: /home/kanat/ur5_new_ws/install/robotiq_description/share/robotiq_description/meshes/collision/hande/hand-e.stl
[2.833s] -- Installing: /home/kanat/ur5_new_ws/install/robotiq_description/share/robotiq_description/meshes/collision/hande/right_finger.stl
[2.833s] -- Installing: /home/kanat/ur5_new_ws/install/robotiq_description/share/robotiq_description/meshes/collision/hande/hand-e_convex_hull.stl
[2.834s] -- Installing: /home/kanat/ur5_new_ws/install/robotiq_description/share/robotiq_description/meshes/collision/hande/left_finger.stl
[2.834s] -- Installing: /home/kanat/ur5_new_ws/install/robotiq_description/share/robotiq_description/meshes/visual
[2.834s] -- Installing: /home/kanat/ur5_new_ws/install/robotiq_description/share/robotiq_description/meshes/visual/2f_85
[2.834s] -- Installing: /home/kanat/ur5_new_ws/install/robotiq_description/share/robotiq_description/meshes/visual/2f_85/left_finger.dae
[2.834s] -- Installing: /home/kanat/ur5_new_ws/install/robotiq_description/share/robotiq_description/meshes/visual/2f_85/left_finger_tip.dae
[2.834s] -- Installing: /home/kanat/ur5_new_ws/install/robotiq_description/share/robotiq_description/meshes/visual/2f_85/left_knuckle.dae
[2.834s] -- Installing: /home/kanat/ur5_new_ws/install/robotiq_description/share/robotiq_description/meshes/visual/2f_85/right_inner_knuckle.dae
[2.835s] -- Installing: /home/kanat/ur5_new_ws/install/robotiq_description/share/robotiq_description/meshes/visual/2f_85/left_inner_knuckle.dae
[2.835s] -- Installing: /home/kanat/ur5_new_ws/install/robotiq_description/share/robotiq_description/meshes/visual/2f_85/right_knuckle.dae
[2.835s] -- Installing: /home/kanat/ur5_new_ws/install/robotiq_description/share/robotiq_description/meshes/visual/2f_85/ur_to_robotiq_adapter.dae
[2.835s] -- Installing: /home/kanat/ur5_new_ws/install/robotiq_description/share/robotiq_description/meshes/visual/2f_85/robotiq_base.dae
[2.839s] -- Installing: /home/kanat/ur5_new_ws/install/robotiq_description/share/robotiq_description/meshes/visual/2f_85/right_finger.dae
[2.841s] -- Installing: /home/kanat/ur5_new_ws/install/robotiq_description/share/robotiq_description/meshes/visual/2f_85/right_finger_tip.dae
[2.843s] -- Installing: /home/kanat/ur5_new_ws/install/robotiq_description/share/robotiq_description/meshes/visual/2f_140
[2.843s] -- Installing: /home/kanat/ur5_new_ws/install/robotiq_description/share/robotiq_description/meshes/visual/2f_140/robotiq_2f_140_coupling.stl
[2.844s] -- Installing: /home/kanat/ur5_new_ws/install/robotiq_description/share/robotiq_description/meshes/visual/2f_140/robotiq_2f_140_outer_finger.stl
[2.844s] -- Installing: /home/kanat/ur5_new_ws/install/robotiq_description/share/robotiq_description/meshes/visual/2f_140/robotiq_2f_140_inner_knuckle.stl
[2.845s] -- Installing: /home/kanat/ur5_new_ws/install/robotiq_description/share/robotiq_description/meshes/visual/2f_140/robotiq_2f_140_inner_finger.stl
[2.846s] -- Installing: /home/kanat/ur5_new_ws/install/robotiq_description/share/robotiq_description/meshes/visual/2f_140/robotiq_2f_140_base_link.stl
[2.846s] -- Installing: /home/kanat/ur5_new_ws/install/robotiq_description/share/robotiq_description/meshes/visual/2f_140/robotiq_2f_140_outer_knuckle.stl
[2.846s] -- Installing: /home/kanat/ur5_new_ws/install/robotiq_description/share/robotiq_description/meshes/visual/hande
[2.846s] -- Installing: /home/kanat/ur5_new_ws/install/robotiq_description/share/robotiq_description/meshes/visual/hande/hand-e.dae
[2.846s] -- Installing: /home/kanat/ur5_new_ws/install/robotiq_description/share/robotiq_description/meshes/visual/hande/left_finger.dae
[2.847s] -- Installing: /home/kanat/ur5_new_ws/install/robotiq_description/share/robotiq_description/meshes/visual/hande/right_finger.dae
[2.847s] -- Installing: /home/kanat/ur5_new_ws/install/robotiq_description/share/robotiq_description/rviz
[2.847s] -- Installing: /home/kanat/ur5_new_ws/install/robotiq_description/share/robotiq_description/rviz/view_urdf.rviz
[2.848s] -- Installing: /home/kanat/ur5_new_ws/install/robotiq_description/share/robotiq_description/urdf
[2.848s] -- Installing: /home/kanat/ur5_new_ws/install/robotiq_description/share/robotiq_description/urdf/hand_e.ros2_control.xacro
[2.848s] -- Installing: /home/kanat/ur5_new_ws/install/robotiq_description/share/robotiq_description/urdf/robotiq_2f_140_gripper.urdf.xacro
[2.849s] -- Installing: /home/kanat/ur5_new_ws/install/robotiq_description/share/robotiq_description/urdf/robotiq_2f_85_macro.urdf.xacro
[2.849s] -- Installing: /home/kanat/ur5_new_ws/install/robotiq_description/share/robotiq_description/urdf/robotiq_2f_140_macro.urdf.xacro
[2.849s] -- Installing: /home/kanat/ur5_new_ws/install/robotiq_description/share/robotiq_description/urdf/ur_to_robotiq_adapter.urdf.xacro
[2.849s] -- Installing: /home/kanat/ur5_new_ws/install/robotiq_description/share/robotiq_description/urdf/robotiq_hand_e_gripper.urdf.xacro
[2.849s] -- Installing: /home/kanat/ur5_new_ws/install/robotiq_description/share/robotiq_description/urdf/robotiq_hand_e_macro.urdf.xacro
[2.850s] -- Installing: /home/kanat/ur5_new_ws/install/robotiq_description/share/robotiq_description/urdf/robotiq_2f_140.xacro
[2.850s] -- Installing: /home/kanat/ur5_new_ws/install/robotiq_description/share/robotiq_description/urdf/2f_85.ros2_control.xacro
[2.850s] -- Installing: /home/kanat/ur5_new_ws/install/robotiq_description/share/robotiq_description/urdf/2f_140.ros2_control.xacro
[2.850s] -- Installing: /home/kanat/ur5_new_ws/install/robotiq_description/share/robotiq_description/urdf/robotiq_2f_85_gripper.urdf.xacro
[2.851s] -- Installing: /home/kanat/ur5_new_ws/install/robotiq_description/share/ament_index/resource_index/package_run_dependencies/robotiq_description
[2.851s] -- Installing: /home/kanat/ur5_new_ws/install/robotiq_description/share/ament_index/resource_index/parent_prefix_path/robotiq_description
[2.851s] -- Installing: /home/kanat/ur5_new_ws/install/robotiq_description/share/robotiq_description/environment/ament_prefix_path.sh
[2.851s] -- Installing: /home/kanat/ur5_new_ws/install/robotiq_description/share/robotiq_description/environment/ament_prefix_path.dsv
[2.851s] -- Installing: /home/kanat/ur5_new_ws/install/robotiq_description/share/robotiq_description/environment/path.sh
[2.851s] -- Installing: /home/kanat/ur5_new_ws/install/robotiq_description/share/robotiq_description/environment/path.dsv
[2.852s] -- Installing: /home/kanat/ur5_new_ws/install/robotiq_description/share/robotiq_description/local_setup.bash
[2.852s] -- Installing: /home/kanat/ur5_new_ws/install/robotiq_description/share/robotiq_description/local_setup.sh
[2.852s] -- Installing: /home/kanat/ur5_new_ws/install/robotiq_description/share/robotiq_description/local_setup.zsh
[2.852s] -- Installing: /home/kanat/ur5_new_ws/install/robotiq_description/share/robotiq_description/local_setup.dsv
[2.852s] -- Installing: /home/kanat/ur5_new_ws/install/robotiq_description/share/robotiq_description/package.dsv
[2.852s] -- Installing: /home/kanat/ur5_new_ws/install/robotiq_description/share/ament_index/resource_index/packages/robotiq_description
[2.853s] -- Installing: /home/kanat/ur5_new_ws/install/robotiq_description/share/robotiq_description/cmake/robotiq_descriptionConfig.cmake
[2.853s] -- Installing: /home/kanat/ur5_new_ws/install/robotiq_description/share/robotiq_description/cmake/robotiq_descriptionConfig-version.cmake
[2.853s] -- Installing: /home/kanat/ur5_new_ws/install/robotiq_description/share/robotiq_description/package.xml
[2.904s] Invoked command in '/home/kanat/ur5_new_ws/build/robotiq_description' returned '0': CMAKE_PREFIX_PATH=${CMAKE_PREFIX_PATH}:/home/kanat/turtlebot3_ws/install/turtlebot3_control:/home/kanat/ros2_udemy_beginner/install/my_ros_services_py:/home/kanat/ros2_udemy_beginner/install/my_pkg_py:/opt/ros/jazzy DEBUGINFOD_URLS=https://debuginfod.ubuntu.com /usr/bin/cmake --install /home/kanat/ur5_new_ws/build/robotiq_description
