[0.082s] Invoking command in '/home/kanat/ur5_new_ws/build/ur_custom_sim': CMAKE_PREFIX_PATH=${CMAKE_PREFIX_PATH}:/home/kanat/turtlebot3_ws/install/turtlebot3_control:/home/kanat/ros2_udemy_beginner/install/my_ros_services_py:/home/kanat/ros2_udemy_beginner/install/my_pkg_py:/opt/ros/jazzy DEBUGINFOD_URLS=https://debuginfod.ubuntu.com /usr/bin/cmake --build /home/kanat/ur5_new_ws/build/ur_custom_sim -- -j20 -l20
[0.571s] Invoked command in '/home/kanat/ur5_new_ws/build/ur_custom_sim' returned '0': CMAKE_PREFIX_PATH=${CMAKE_PREFIX_PATH}:/home/kanat/turtlebot3_ws/install/turtlebot3_control:/home/kanat/ros2_udemy_beginner/install/my_ros_services_py:/home/kanat/ros2_udemy_beginner/install/my_pkg_py:/opt/ros/jazzy DEBUGINFOD_URLS=https://debuginfod.ubuntu.com /usr/bin/cmake --build /home/kanat/ur5_new_ws/build/ur_custom_sim -- -j20 -l20
[0.572s] Invoking command in '/home/kanat/ur5_new_ws/build/ur_custom_sim': CMAKE_PREFIX_PATH=${CMAKE_PREFIX_PATH}:/home/kanat/turtlebot3_ws/install/turtlebot3_control:/home/kanat/ros2_udemy_beginner/install/my_ros_services_py:/home/kanat/ros2_udemy_beginner/install/my_pkg_py:/opt/ros/jazzy DEBUGINFOD_URLS=https://debuginfod.ubuntu.com /usr/bin/cmake --install /home/kanat/ur5_new_ws/build/ur_custom_sim
[0.593s] -- Install configuration: ""
[0.593s] -- Execute custom install script
[0.593s] -- Up-to-date symlink: /home/kanat/ur5_new_ws/install/ur_custom_sim/share/ur_custom_sim/launch/spawn_ur5_camera.launch.py
[0.593s] -- Up-to-date symlink: /home/kanat/ur5_new_ws/install/ur_custom_sim/share/ur_custom_sim/launch/spawn_ur5_camera_moveit.launch.py
[0.593s] -- Up-to-date symlink: /home/kanat/ur5_new_ws/install/ur_custom_sim/share/ur_custom_sim/launch/view_ur5_camera.launch.py
[0.594s] -- Symlinking: /home/kanat/ur5_new_ws/install/ur_custom_sim/share/ur_custom_sim/launch/view_ur5_camera_gripper.launch.py
[0.650s] -- Symlinking: /home/kanat/ur5_new_ws/install/ur_custom_sim/share/ur_custom_sim/urdf/2f_85.ros2_control.xacro
[0.669s] -- Up-to-date symlink: /home/kanat/ur5_new_ws/install/ur_custom_sim/share/ur_custom_sim/urdf/camera.xacro
[0.671s] -- Symlinking: /home/kanat/ur5_new_ws/install/ur_custom_sim/share/ur_custom_sim/urdf/robotiq_gripper_macro.xacro
[0.671s] -- Up-to-date symlink: /home/kanat/ur5_new_ws/install/ur_custom_sim/share/ur_custom_sim/urdf/ur5.ros2_control.xacro
[0.671s] -- Up-to-date symlink: /home/kanat/ur5_new_ws/install/ur_custom_sim/share/ur_custom_sim/urdf/ur5_camera.urdf.xacro
[0.671s] -- Symlinking: /home/kanat/ur5_new_ws/install/ur_custom_sim/share/ur_custom_sim/urdf/ur5_camera_gripper.urdf.xacro
[0.678s] -- Up-to-date symlink: /home/kanat/ur5_new_ws/install/ur_custom_sim/share/ur_custom_sim/urdf/ur5_macro.xacro
[0.680s] -- Up-to-date symlink: /home/kanat/ur5_new_ws/install/ur_custom_sim/share/ur_custom_sim/meshes/sensors/camera/kinetic.dae
[0.680s] -- Up-to-date symlink: /home/kanat/ur5_new_ws/install/ur_custom_sim/share/ur_custom_sim/meshes/sensors/camera/kinetic.png
[0.680s] -- Up-to-date symlink: /home/kanat/ur5_new_ws/install/ur_custom_sim/share/ur_custom_sim/meshes/sensors/camera/kinetic.stl
[0.680s] -- Up-to-date symlink: /home/kanat/ur5_new_ws/install/ur_custom_sim/share/ur_custom_sim/config/initial_positions.yaml
[0.680s] -- Up-to-date symlink: /home/kanat/ur5_new_ws/install/ur_custom_sim/share/ur_custom_sim/config/ur5_controllers.yaml
[0.680s] -- Symlinking: /home/kanat/ur5_new_ws/install/ur_custom_sim/share/ur_custom_sim/config/ur5_controllers_gripper.yaml
[0.701s] -- Up-to-date symlink: /home/kanat/ur5_new_ws/install/ur_custom_sim/share/ur_custom_sim/rviz/view_rviz.rviz
[0.703s] -- Up-to-date symlink: /home/kanat/ur5_new_ws/install/ur_custom_sim/share/ament_index/resource_index/package_run_dependencies/ur_custom_sim
[0.703s] -- Up-to-date symlink: /home/kanat/ur5_new_ws/install/ur_custom_sim/share/ament_index/resource_index/parent_prefix_path/ur_custom_sim
[0.704s] -- Up-to-date symlink: /home/kanat/ur5_new_ws/install/ur_custom_sim/share/ur_custom_sim/environment/ament_prefix_path.sh
[0.704s] -- Up-to-date symlink: /home/kanat/ur5_new_ws/install/ur_custom_sim/share/ur_custom_sim/environment/ament_prefix_path.dsv
[0.704s] -- Up-to-date symlink: /home/kanat/ur5_new_ws/install/ur_custom_sim/share/ur_custom_sim/environment/path.sh
[0.704s] -- Up-to-date symlink: /home/kanat/ur5_new_ws/install/ur_custom_sim/share/ur_custom_sim/environment/path.dsv
[0.705s] -- Up-to-date symlink: /home/kanat/ur5_new_ws/install/ur_custom_sim/share/ur_custom_sim/local_setup.bash
[0.705s] -- Up-to-date symlink: /home/kanat/ur5_new_ws/install/ur_custom_sim/share/ur_custom_sim/local_setup.sh
[0.706s] -- Up-to-date symlink: /home/kanat/ur5_new_ws/install/ur_custom_sim/share/ur_custom_sim/local_setup.zsh
[0.706s] -- Up-to-date symlink: /home/kanat/ur5_new_ws/install/ur_custom_sim/share/ur_custom_sim/local_setup.dsv
[0.706s] -- Symlinking: /home/kanat/ur5_new_ws/install/ur_custom_sim/share/ur_custom_sim/package.dsv
[0.726s] -- Up-to-date symlink: /home/kanat/ur5_new_ws/install/ur_custom_sim/share/ament_index/resource_index/packages/ur_custom_sim
[0.726s] -- Up-to-date symlink: /home/kanat/ur5_new_ws/install/ur_custom_sim/share/ur_custom_sim/cmake/ur_custom_simConfig.cmake
[0.726s] -- Up-to-date symlink: /home/kanat/ur5_new_ws/install/ur_custom_sim/share/ur_custom_sim/cmake/ur_custom_simConfig-version.cmake
[0.726s] -- Up-to-date symlink: /home/kanat/ur5_new_ws/install/ur_custom_sim/share/ur_custom_sim/package.xml
[0.792s] Invoked command in '/home/kanat/ur5_new_ws/build/ur_custom_sim' returned '0': CMAKE_PREFIX_PATH=${CMAKE_PREFIX_PATH}:/home/kanat/turtlebot3_ws/install/turtlebot3_control:/home/kanat/ros2_udemy_beginner/install/my_ros_services_py:/home/kanat/ros2_udemy_beginner/install/my_pkg_py:/opt/ros/jazzy DEBUGINFOD_URLS=https://debuginfod.ubuntu.com /usr/bin/cmake --install /home/kanat/ur5_new_ws/build/ur_custom_sim
