[0.055s] Invoking command in '/home/kanat/ur5_new_ws/build/ur_description': CMAKE_PREFIX_PATH=${CMAKE_PREFIX_PATH}:/home/kanat/turtlebot3_ws/install/turtlebot3_control:/home/kanat/ros2_udemy_beginner/install/my_ros_services_py:/home/kanat/ros2_udemy_beginner/install/my_pkg_py:/opt/ros/jazzy DEBUGINFOD_URLS=https://debuginfod.ubuntu.com PS1=(myenv) \[\e]0;\u@\h: \w\a\]${debian_chroot:+($debian_chroot)}\[\033[01;32m\]\u@\h\[\033[00m\]:\[\033[01;34m\]\w\[\033[00m\]\$ VIRTUAL_ENV_PROMPT=(myenv) /usr/bin/cmake /home/kanat/ur5_new_ws/src/Universal_Robots_ROS2_Description -DAMENT_CMAKE_SYMLINK_INSTALL=1 -DCMAKE_INSTALL_PREFIX=/home/kanat/ur5_new_ws/install/ur_description
[0.193s] -- The C compiler identification is GNU 13.3.0
[0.335s] -- The CXX compiler identification is GNU 13.3.0
[0.377s] -- Detecting C compiler ABI info
[0.612s] -- Detecting C compiler ABI info - done
[0.636s] -- Check for working C compiler: /usr/bin/cc - skipped
[0.636s] -- Detecting C compile features
[0.637s] -- Detecting C compile features - done
[0.663s] -- Detecting CXX compiler ABI info
[0.913s] -- Detecting CXX compiler ABI info - done
[0.939s] -- Check for working CXX compiler: /usr/bin/c++ - skipped
[0.940s] -- Detecting CXX compile features
[0.941s] -- Detecting CXX compile features - done
[0.954s] -- Found ament_cmake: 2.5.4 (/opt/ros/jazzy/share/ament_cmake/cmake)
[1.289s] -- Found Python3: /home/kanat/myenv/bin/python3 (found version "3.12.3") found components: Interpreter 
[1.489s] -- Override CMake install command with custom implementation using symlinks instead of copying resources
[1.655s] -- Found ament_cmake_pytest: 2.5.4 (/opt/ros/jazzy/share/ament_cmake_pytest/cmake)
[1.708s] [33mCMake Warning at /opt/ros/jazzy/share/ament_cmake_pytest/cmake/ament_add_pytest_test.cmake:82 (message):
[1.708s]   The Python module 'pytest' was not found, pytests cannot be run.  On Linux,
[1.708s]   install the 'python3-pytest' package.  On other platforms, install 'pytest'
[1.708s]   using pip.
[1.709s] Call Stack (most recent call first):
[1.709s]   CMakeLists.txt:16 (ament_add_pytest_test)
[1.709s] 
[1.709s] [0m
[1.759s] [33mCMake Warning at /opt/ros/jazzy/share/ament_cmake_pytest/cmake/ament_add_pytest_test.cmake:82 (message):
[1.759s]   The Python module 'pytest' was not found, pytests cannot be run.  On Linux,
[1.759s]   install the 'python3-pytest' package.  On other platforms, install 'pytest'
[1.759s]   using pip.
[1.759s] Call Stack (most recent call first):
[1.760s]   CMakeLists.txt:17 (ament_add_pytest_test)
[1.760s] 
[1.760s] [0m
[1.815s] Traceback (most recent call last):
[1.815s]   File "/opt/ros/jazzy/share/ament_cmake_core/cmake/core/package_xml_2_cmake.py", line 22, in <module>
[1.815s]     from catkin_pkg.package import parse_package_string
[1.816s] ModuleNotFoundError: No module named 'catkin_pkg'
[1.825s] [31mCMake Error at /opt/ros/jazzy/share/ament_cmake_core/cmake/core/ament_package_xml.cmake:95 (message):
[1.825s]   execute_process(/home/kanat/myenv/bin/python3
[1.825s]   /opt/ros/jazzy/share/ament_cmake_core/cmake/core/package_xml_2_cmake.py
[1.826s]   /home/kanat/ur5_new_ws/src/Universal_Robots_ROS2_Description/package.xml
[1.826s]   /home/kanat/ur5_new_ws/build/ur_description/ament_cmake_core/package.cmake)
[1.826s]   returned error code 1
[1.826s] Call Stack (most recent call first):
[1.826s]   /opt/ros/jazzy/share/ament_cmake_core/cmake/core/ament_package_xml.cmake:49 (_ament_package_xml)
[1.827s]   /opt/ros/jazzy/share/ament_cmake_core/cmake/core/ament_package.cmake:63 (ament_package_xml)
[1.827s]   CMakeLists.txt:20 (ament_package)
[1.827s] 
[1.827s] [0m
[1.827s] -- Configuring incomplete, errors occurred!
