running develop
running egg_info
creating ur5_control.egg-info
writing ur5_control.egg-info/PKG-INFO
writing dependency_links to ur5_control.egg-info/dependency_links.txt
writing entry points to ur5_control.egg-info/entry_points.txt
writing requirements to ur5_control.egg-info/requires.txt
writing top-level names to ur5_control.egg-info/top_level.txt
writing manifest file 'ur5_control.egg-info/SOURCES.txt'
reading manifest file 'ur5_control.egg-info/SOURCES.txt'
writing manifest file 'ur5_control.egg-info/SOURCES.txt'
running build_ext
Creating /home/kanat/ur5_new_ws/install/ur5_control/lib/python3.12/site-packages/ur5-control.egg-link (link to .)
Installing mpc_control_exe script to /home/kanat/ur5_new_ws/install/ur5_control/lib/ur5_control

Installed /home/kanat/ur5_new_ws/build/ur5_control
running symlink_data
creating /home/kanat/ur5_new_ws/install/ur5_control/share/ament_index
creating /home/kanat/ur5_new_ws/install/ur5_control/share/ament_index/resource_index
creating /home/kanat/ur5_new_ws/install/ur5_control/share/ament_index/resource_index/packages
symbolically linking /home/kanat/ur5_new_ws/build/ur5_control/resource/ur5_control -> /home/kanat/ur5_new_ws/install/ur5_control/share/ament_index/resource_index/packages
symbolically linking /home/kanat/ur5_new_ws/build/ur5_control/package.xml -> /home/kanat/ur5_new_ws/install/ur5_control/share/ur5_control
