/home/kanat/ur5_new_ws/install/ur5_control/lib/python3.12/site-packages/ur5_control/mpc_ur5.py
/home/kanat/ur5_new_ws/install/ur5_control/lib/python3.12/site-packages/ur5_control/__init__.py
/home/kanat/ur5_new_ws/install/ur5_control/lib/python3.12/site-packages/ur5_control/mpc_constrained_ur5.py
/home/kanat/ur5_new_ws/install/ur5_control/lib/python3.12/site-packages/ur5_control/waypoint_publisher.py
/home/kanat/ur5_new_ws/install/ur5_control/lib/python3.12/site-packages/ur5_control/pd_ur5.py
/home/kanat/ur5_new_ws/install/ur5_control/lib/python3.12/site-packages/ur5_control/__pycache__/mpc_ur5.cpython-312.pyc
/home/kanat/ur5_new_ws/install/ur5_control/lib/python3.12/site-packages/ur5_control/__pycache__/__init__.cpython-312.pyc
/home/kanat/ur5_new_ws/install/ur5_control/lib/python3.12/site-packages/ur5_control/__pycache__/mpc_constrained_ur5.cpython-312.pyc
/home/kanat/ur5_new_ws/install/ur5_control/lib/python3.12/site-packages/ur5_control/__pycache__/waypoint_publisher.cpython-312.pyc
/home/kanat/ur5_new_ws/install/ur5_control/lib/python3.12/site-packages/ur5_control/__pycache__/pd_ur5.cpython-312.pyc
/home/kanat/ur5_new_ws/install/ur5_control/share/ament_index/resource_index/packages/ur5_control
/home/kanat/ur5_new_ws/install/ur5_control/share/ur5_control/package.xml
/home/kanat/ur5_new_ws/install/ur5_control/lib/python3.12/site-packages/ur5_control-0.0.0-py3.12.egg-info/SOURCES.txt
/home/kanat/ur5_new_ws/install/ur5_control/lib/python3.12/site-packages/ur5_control-0.0.0-py3.12.egg-info/PKG-INFO
/home/kanat/ur5_new_ws/install/ur5_control/lib/python3.12/site-packages/ur5_control-0.0.0-py3.12.egg-info/top_level.txt
/home/kanat/ur5_new_ws/install/ur5_control/lib/python3.12/site-packages/ur5_control-0.0.0-py3.12.egg-info/dependency_links.txt
/home/kanat/ur5_new_ws/install/ur5_control/lib/python3.12/site-packages/ur5_control-0.0.0-py3.12.egg-info/requires.txt
/home/kanat/ur5_new_ws/install/ur5_control/lib/python3.12/site-packages/ur5_control-0.0.0-py3.12.egg-info/entry_points.txt
/home/kanat/ur5_new_ws/install/ur5_control/lib/python3.12/site-packages/ur5_control-0.0.0-py3.12.egg-info/zip-safe
/home/kanat/ur5_new_ws/install/ur5_control/lib/ur5_control/mpc_constrained_control_exe
/home/kanat/ur5_new_ws/install/ur5_control/lib/ur5_control/mpc_control_exe
/home/kanat/ur5_new_ws/install/ur5_control/lib/ur5_control/pd_control_exe
/home/kanat/ur5_new_ws/install/ur5_control/lib/ur5_control/waypoint_publisher_exe
