[0.051s] Invoking command in '/home/kanat/ur5_new_ws/build/moveit_commander_cpp': CMAKE_PREFIX_PATH=${CMAKE_PREFIX_PATH}:/home/kanat/ur5_new_ws/install/ur5_control:/home/kanat/turtlebot3_ws/install/turtlebot3_control:/home/kanat/ros2_udemy_beginner/install/my_ros_services_py:/home/kanat/ros2_udemy_beginner/install/my_pkg_py:/opt/ros/jazzy DEBUGINFOD_URLS=https://debuginfod.ubuntu.com /usr/bin/cmake /home/kanat/ur5_new_ws/src/moveit_commander_cpp -DCMAKE_INSTALL_PREFIX=/home/kanat/ur5_new_ws/install/moveit_commander_cpp
[0.113s] -- Found ament_cmake: 2.5.4 (/opt/ros/jazzy/share/ament_cmake/cmake)
[0.943s] -- Override CMake install command with custom implementation using symlinks instead of copying resources
[0.977s] -- Found rclcpp: 28.1.13 (/opt/ros/jazzy/share/rclcpp/cmake)
[1.110s] -- Found rosidl_generator_c: 4.6.6 (/opt/ros/jazzy/share/rosidl_generator_c/cmake)
[1.146s] -- Found rosidl_generator_cpp: 4.6.6 (/opt/ros/jazzy/share/rosidl_generator_cpp/cmake)
[1.204s] -- Using all available rosidl_typesupport_c: rosidl_typesupport_fastrtps_c;rosidl_typesupport_introspection_c
[1.270s] -- Using all available rosidl_typesupport_cpp: rosidl_typesupport_fastrtps_cpp;rosidl_typesupport_introspection_cpp
[1.554s] -- Found rmw_implementation_cmake: 7.3.2 (/opt/ros/jazzy/share/rmw_implementation_cmake/cmake)
[1.563s] -- Found rmw_fastrtps_cpp: 8.4.3 (/opt/ros/jazzy/share/rmw_fastrtps_cpp/cmake)
[1.852s] -- Using RMW implementation 'rmw_fastrtps_cpp' as default
[2.158s] -- Found moveit_ros_planning_interface: 2.12.3 (/opt/ros/jazzy/share/moveit_ros_planning_interface/cmake)
[2.223s] -- Found Boost: /usr/lib/x86_64-linux-gnu/cmake/Boost-1.83.0/BoostConfig.cmake (found version "1.83.0") found components: date_time filesystem program_options system thread 
[3.561s] -- Found Boost: /usr/lib/x86_64-linux-gnu/cmake/Boost-1.83.0/BoostConfig.cmake (found version "1.83.0") found components: chrono date_time filesystem iostreams program_options regex serialization system thread 
[3.726s] -- Found parameter_traits: 0.5.0 (/opt/ros/jazzy/share/parameter_traits/cmake)
[3.765s] -- Found rclcpp_lifecycle: 28.1.13 (/opt/ros/jazzy/share/rclcpp_lifecycle/cmake)
[3.932s] -- Found Boost: /usr/lib/x86_64-linux-gnu/cmake/Boost-1.83.0/BoostConfig.cmake (found version "1.83.0") found components: filesystem 
[4.152s] -- Ensuring Eigen3 include directory is part of orocos-kdl CMake target
[4.810s] -- Found Boost: /usr/lib/x86_64-linux-gnu/cmake/Boost-1.83.0/BoostConfig.cmake (found version "1.83.0") found components: system filesystem date_time program_options thread chrono 
[5.041s] -- Found Boost: /usr/lib/x86_64-linux-gnu/cmake/Boost-1.83.0/BoostConfig.cmake (found version "1.83.0") found components: thread system filesystem regex date_time program_options 
[5.162s] -- Found Boost: /usr/lib/x86_64-linux-gnu/cmake/Boost-1.83.0/BoostConfig.cmake (found version "1.83.0") found components: system filesystem date_time program_options thread 
[5.343s] -- Found example_interfaces: 0.12.0 (/opt/ros/jazzy/share/example_interfaces/cmake)
[5.457s] -- Found my_interfaces: 0.0.0 (/home/kanat/ros2_udemy_beginner/install/my_interfaces/share/my_interfaces/cmake)
[5.982s] -- Configuring done (5.9s)
[6.109s] -- Generating done (0.1s)
[6.136s] -- Build files have been written to: /home/kanat/ur5_new_ws/build/moveit_commander_cpp
[6.183s] Invoked command in '/home/kanat/ur5_new_ws/build/moveit_commander_cpp' returned '0': CMAKE_PREFIX_PATH=${CMAKE_PREFIX_PATH}:/home/kanat/ur5_new_ws/install/ur5_control:/home/kanat/turtlebot3_ws/install/turtlebot3_control:/home/kanat/ros2_udemy_beginner/install/my_ros_services_py:/home/kanat/ros2_udemy_beginner/install/my_pkg_py:/opt/ros/jazzy DEBUGINFOD_URLS=https://debuginfod.ubuntu.com /usr/bin/cmake /home/kanat/ur5_new_ws/src/moveit_commander_cpp -DCMAKE_INSTALL_PREFIX=/home/kanat/ur5_new_ws/install/moveit_commander_cpp
[6.190s] Invoking command in '/home/kanat/ur5_new_ws/build/moveit_commander_cpp': CMAKE_PREFIX_PATH=${CMAKE_PREFIX_PATH}:/home/kanat/ur5_new_ws/install/ur5_control:/home/kanat/turtlebot3_ws/install/turtlebot3_control:/home/kanat/ros2_udemy_beginner/install/my_ros_services_py:/home/kanat/ros2_udemy_beginner/install/my_pkg_py:/opt/ros/jazzy DEBUGINFOD_URLS=https://debuginfod.ubuntu.com /usr/bin/cmake --build /home/kanat/ur5_new_ws/build/moveit_commander_cpp -- -j20 -l20
[6.464s] [ 50%] [32mBuilding CXX object CMakeFiles/moveit_planning_exe.dir/src/moveit_plan_publisher.cpp.o[0m
[39.267s] [100%] [32m[1mLinking CXX executable moveit_planning_exe[0m
[40.913s] [100%] Built target moveit_planning_exe
[40.956s] Invoked command in '/home/kanat/ur5_new_ws/build/moveit_commander_cpp' returned '0': CMAKE_PREFIX_PATH=${CMAKE_PREFIX_PATH}:/home/kanat/ur5_new_ws/install/ur5_control:/home/kanat/turtlebot3_ws/install/turtlebot3_control:/home/kanat/ros2_udemy_beginner/install/my_ros_services_py:/home/kanat/ros2_udemy_beginner/install/my_pkg_py:/opt/ros/jazzy DEBUGINFOD_URLS=https://debuginfod.ubuntu.com /usr/bin/cmake --build /home/kanat/ur5_new_ws/build/moveit_commander_cpp -- -j20 -l20
[40.994s] Invoking command in '/home/kanat/ur5_new_ws/build/moveit_commander_cpp': CMAKE_PREFIX_PATH=${CMAKE_PREFIX_PATH}:/home/kanat/ur5_new_ws/install/ur5_control:/home/kanat/turtlebot3_ws/install/turtlebot3_control:/home/kanat/ros2_udemy_beginner/install/my_ros_services_py:/home/kanat/ros2_udemy_beginner/install/my_pkg_py:/opt/ros/jazzy DEBUGINFOD_URLS=https://debuginfod.ubuntu.com /usr/bin/cmake --install /home/kanat/ur5_new_ws/build/moveit_commander_cpp
[41.020s] -- Install configuration: ""
[41.022s] -- Execute custom install script
[41.023s] -- Up-to-date symlink: /home/kanat/ur5_new_ws/install/moveit_commander_cpp/lib/moveit_commander_cpp/moveit_planning_exe
[41.024s] -- Up-to-date symlink: /home/kanat/ur5_new_ws/install/moveit_commander_cpp/share/ament_index/resource_index/package_run_dependencies/moveit_commander_cpp
[41.025s] -- Up-to-date symlink: /home/kanat/ur5_new_ws/install/moveit_commander_cpp/share/ament_index/resource_index/parent_prefix_path/moveit_commander_cpp
[41.026s] -- Up-to-date symlink: /home/kanat/ur5_new_ws/install/moveit_commander_cpp/share/moveit_commander_cpp/environment/ament_prefix_path.sh
[41.027s] -- Up-to-date symlink: /home/kanat/ur5_new_ws/install/moveit_commander_cpp/share/moveit_commander_cpp/environment/ament_prefix_path.dsv
[41.028s] -- Up-to-date symlink: /home/kanat/ur5_new_ws/install/moveit_commander_cpp/share/moveit_commander_cpp/environment/path.sh
[41.028s] -- Up-to-date symlink: /home/kanat/ur5_new_ws/install/moveit_commander_cpp/share/moveit_commander_cpp/environment/path.dsv
[41.029s] -- Up-to-date symlink: /home/kanat/ur5_new_ws/install/moveit_commander_cpp/share/moveit_commander_cpp/local_setup.bash
[41.030s] -- Up-to-date symlink: /home/kanat/ur5_new_ws/install/moveit_commander_cpp/share/moveit_commander_cpp/local_setup.sh
[41.031s] -- Up-to-date symlink: /home/kanat/ur5_new_ws/install/moveit_commander_cpp/share/moveit_commander_cpp/local_setup.zsh
[41.032s] -- Up-to-date symlink: /home/kanat/ur5_new_ws/install/moveit_commander_cpp/share/moveit_commander_cpp/local_setup.dsv
[41.032s] -- Symlinking: /home/kanat/ur5_new_ws/install/moveit_commander_cpp/share/moveit_commander_cpp/package.dsv
[41.065s] -- Up-to-date symlink: /home/kanat/ur5_new_ws/install/moveit_commander_cpp/share/ament_index/resource_index/packages/moveit_commander_cpp
[41.066s] -- Up-to-date symlink: /home/kanat/ur5_new_ws/install/moveit_commander_cpp/share/moveit_commander_cpp/cmake/moveit_commander_cppConfig.cmake
[41.066s] -- Up-to-date symlink: /home/kanat/ur5_new_ws/install/moveit_commander_cpp/share/moveit_commander_cpp/cmake/moveit_commander_cppConfig-version.cmake
[41.067s] -- Up-to-date symlink: /home/kanat/ur5_new_ws/install/moveit_commander_cpp/share/moveit_commander_cpp/package.xml
[41.074s] Invoked command in '/home/kanat/ur5_new_ws/build/moveit_commander_cpp' returned '0': CMAKE_PREFIX_PATH=${CMAKE_PREFIX_PATH}:/home/kanat/ur5_new_ws/install/ur5_control:/home/kanat/turtlebot3_ws/install/turtlebot3_control:/home/kanat/ros2_udemy_beginner/install/my_ros_services_py:/home/kanat/ros2_udemy_beginner/install/my_pkg_py:/opt/ros/jazzy DEBUGINFOD_URLS=https://debuginfod.ubuntu.com /usr/bin/cmake --install /home/kanat/ur5_new_ws/build/moveit_commander_cpp
