-- Found ament_cmake: 2.5.4 (/opt/ros/jazzy/share/ament_cmake/cmake)
-- Override CMake install command with custom implementation using symlinks instead of copying resources
-- Found rclcpp: 28.1.13 (/opt/ros/jazzy/share/rclcpp/cmake)
-- Found rosidl_generator_c: 4.6.6 (/opt/ros/jazzy/share/rosidl_generator_c/cmake)
-- Found rosidl_generator_cpp: 4.6.6 (/opt/ros/jazzy/share/rosidl_generator_cpp/cmake)
-- Using all available rosidl_typesupport_c: rosidl_typesupport_fastrtps_c;rosidl_typesupport_introspection_c
-- Using all available rosidl_typesupport_cpp: rosidl_typesupport_fastrtps_cpp;rosidl_typesupport_introspection_cpp
-- Found rmw_implementation_cmake: 7.3.2 (/opt/ros/jazzy/share/rmw_implementation_cmake/cmake)
-- Found rmw_fastrtps_cpp: 8.4.3 (/opt/ros/jazzy/share/rmw_fastrtps_cpp/cmake)
-- Using RMW implementation 'rmw_fastrtps_cpp' as default
-- Found moveit_ros_planning_interface: 2.12.3 (/opt/ros/jazzy/share/moveit_ros_planning_interface/cmake)
-- Found Boost: /usr/lib/x86_64-linux-gnu/cmake/Boost-1.83.0/BoostConfig.cmake (found version "1.83.0") found components: date_time filesystem program_options system thread 
-- Found Boost: /usr/lib/x86_64-linux-gnu/cmake/Boost-1.83.0/BoostConfig.cmake (found version "1.83.0") found components: chrono date_time filesystem iostreams program_options regex serialization system thread 
-- Found parameter_traits: 0.5.0 (/opt/ros/jazzy/share/parameter_traits/cmake)
-- Found rclcpp_lifecycle: 28.1.13 (/opt/ros/jazzy/share/rclcpp_lifecycle/cmake)
-- Found Boost: /usr/lib/x86_64-linux-gnu/cmake/Boost-1.83.0/BoostConfig.cmake (found version "1.83.0") found components: filesystem 
-- Ensuring Eigen3 include directory is part of orocos-kdl CMake target
-- Found Boost: /usr/lib/x86_64-linux-gnu/cmake/Boost-1.83.0/BoostConfig.cmake (found version "1.83.0") found components: system filesystem date_time program_options thread chrono 
-- Found Boost: /usr/lib/x86_64-linux-gnu/cmake/Boost-1.83.0/BoostConfig.cmake (found version "1.83.0") found components: thread system filesystem regex date_time program_options 
-- Found Boost: /usr/lib/x86_64-linux-gnu/cmake/Boost-1.83.0/BoostConfig.cmake (found version "1.83.0") found components: system filesystem date_time program_options thread 
-- Found example_interfaces: 0.12.0 (/opt/ros/jazzy/share/example_interfaces/cmake)
-- Found my_interfaces: 0.0.0 (/home/kanat/ros2_udemy_beginner/install/my_interfaces/share/my_interfaces/cmake)
-- Configuring done (5.6s)
-- Generating done (0.1s)
-- Build files have been written to: /home/kanat/ur5_new_ws/build/moveit_commander_cpp
[ 50%] [32mBuilding CXX object CMakeFiles/moveit_planning_exe.dir/src/moveit_plan_publisher.cpp.o[0m
[100%] [32m[1mLinking CXX executable moveit_planning_exe[0m
[100%] Built target moveit_planning_exe
-- Install configuration: ""
-- Execute custom install script
-- Up-to-date symlink: /home/kanat/ur5_new_ws/install/moveit_commander_cpp/lib/moveit_commander_cpp/moveit_planning_exe
-- Up-to-date symlink: /home/kanat/ur5_new_ws/install/moveit_commander_cpp/share/ament_index/resource_index/package_run_dependencies/moveit_commander_cpp
-- Up-to-date symlink: /home/kanat/ur5_new_ws/install/moveit_commander_cpp/share/ament_index/resource_index/parent_prefix_path/moveit_commander_cpp
-- Up-to-date symlink: /home/kanat/ur5_new_ws/install/moveit_commander_cpp/share/moveit_commander_cpp/environment/ament_prefix_path.sh
-- Up-to-date symlink: /home/kanat/ur5_new_ws/install/moveit_commander_cpp/share/moveit_commander_cpp/environment/ament_prefix_path.dsv
-- Up-to-date symlink: /home/kanat/ur5_new_ws/install/moveit_commander_cpp/share/moveit_commander_cpp/environment/path.sh
-- Up-to-date symlink: /home/kanat/ur5_new_ws/install/moveit_commander_cpp/share/moveit_commander_cpp/environment/path.dsv
-- Up-to-date symlink: /home/kanat/ur5_new_ws/install/moveit_commander_cpp/share/moveit_commander_cpp/local_setup.bash
-- Up-to-date symlink: /home/kanat/ur5_new_ws/install/moveit_commander_cpp/share/moveit_commander_cpp/local_setup.sh
-- Up-to-date symlink: /home/kanat/ur5_new_ws/install/moveit_commander_cpp/share/moveit_commander_cpp/local_setup.zsh
-- Up-to-date symlink: /home/kanat/ur5_new_ws/install/moveit_commander_cpp/share/moveit_commander_cpp/local_setup.dsv
-- Symlinking: /home/kanat/ur5_new_ws/install/moveit_commander_cpp/share/moveit_commander_cpp/package.dsv
-- Up-to-date symlink: /home/kanat/ur5_new_ws/install/moveit_commander_cpp/share/ament_index/resource_index/packages/moveit_commander_cpp
-- Up-to-date symlink: /home/kanat/ur5_new_ws/install/moveit_commander_cpp/share/moveit_commander_cpp/cmake/moveit_commander_cppConfig.cmake
-- Up-to-date symlink: /home/kanat/ur5_new_ws/install/moveit_commander_cpp/share/moveit_commander_cpp/cmake/moveit_commander_cppConfig-version.cmake
-- Up-to-date symlink: /home/kanat/ur5_new_ws/install/moveit_commander_cpp/share/moveit_commander_cpp/package.xml
