[0.080s] Invoking command in '/home/kanat/ur5_new_ws/build/moveit_commander_cpp': CMAKE_PREFIX_PATH=${CMAKE_PREFIX_PATH}:/home/kanat/ur5_new_ws/install/ur5_control:/home/kanat/turtlebot3_ws/install/turtlebot3_control:/home/kanat/ros2_udemy_beginner/install/my_ros_services_py:/home/kanat/ros2_udemy_beginner/install/my_pkg_py:/opt/ros/jazzy DEBUGINFOD_URLS=https://debuginfod.ubuntu.com /usr/bin/cmake --build /home/kanat/ur5_new_ws/build/moveit_commander_cpp -- -j20 -l20
[0.248s] [100%] Built target moveit_planning_exe
[0.534s] Invoked command in '/home/kanat/ur5_new_ws/build/moveit_commander_cpp' returned '0': CMAKE_PREFIX_PATH=${CMAKE_PREFIX_PATH}:/home/kanat/ur5_new_ws/install/ur5_control:/home/kanat/turtlebot3_ws/install/turtlebot3_control:/home/kanat/ros2_udemy_beginner/install/my_ros_services_py:/home/kanat/ros2_udemy_beginner/install/my_pkg_py:/opt/ros/jazzy DEBUGINFOD_URLS=https://debuginfod.ubuntu.com /usr/bin/cmake --build /home/kanat/ur5_new_ws/build/moveit_commander_cpp -- -j20 -l20
[0.536s] Invoking command in '/home/kanat/ur5_new_ws/build/moveit_commander_cpp': CMAKE_PREFIX_PATH=${CMAKE_PREFIX_PATH}:/home/kanat/ur5_new_ws/install/ur5_control:/home/kanat/turtlebot3_ws/install/turtlebot3_control:/home/kanat/ros2_udemy_beginner/install/my_ros_services_py:/home/kanat/ros2_udemy_beginner/install/my_pkg_py:/opt/ros/jazzy DEBUGINFOD_URLS=https://debuginfod.ubuntu.com /usr/bin/cmake --install /home/kanat/ur5_new_ws/build/moveit_commander_cpp
[0.573s] -- Install configuration: ""
[0.573s] -- Execute custom install script
[0.574s] -- Up-to-date symlink: /home/kanat/ur5_new_ws/install/moveit_commander_cpp/lib/moveit_commander_cpp/moveit_planning_exe
[0.574s] -- Up-to-date symlink: /home/kanat/ur5_new_ws/install/moveit_commander_cpp/share/ament_index/resource_index/package_run_dependencies/moveit_commander_cpp
[0.574s] -- Up-to-date symlink: /home/kanat/ur5_new_ws/install/moveit_commander_cpp/share/ament_index/resource_index/parent_prefix_path/moveit_commander_cpp
[0.575s] -- Up-to-date symlink: /home/kanat/ur5_new_ws/install/moveit_commander_cpp/share/moveit_commander_cpp/environment/ament_prefix_path.sh
[0.575s] -- Up-to-date symlink: /home/kanat/ur5_new_ws/install/moveit_commander_cpp/share/moveit_commander_cpp/environment/ament_prefix_path.dsv
[0.575s] -- Up-to-date symlink: /home/kanat/ur5_new_ws/install/moveit_commander_cpp/share/moveit_commander_cpp/environment/path.sh
[0.576s] -- Up-to-date symlink: /home/kanat/ur5_new_ws/install/moveit_commander_cpp/share/moveit_commander_cpp/environment/path.dsv
[0.576s] -- Up-to-date symlink: /home/kanat/ur5_new_ws/install/moveit_commander_cpp/share/moveit_commander_cpp/local_setup.bash
[0.576s] -- Up-to-date symlink: /home/kanat/ur5_new_ws/install/moveit_commander_cpp/share/moveit_commander_cpp/local_setup.sh
[0.576s] -- Up-to-date symlink: /home/kanat/ur5_new_ws/install/moveit_commander_cpp/share/moveit_commander_cpp/local_setup.zsh
[0.577s] -- Up-to-date symlink: /home/kanat/ur5_new_ws/install/moveit_commander_cpp/share/moveit_commander_cpp/local_setup.dsv
[0.577s] -- Symlinking: /home/kanat/ur5_new_ws/install/moveit_commander_cpp/share/moveit_commander_cpp/package.dsv
[0.612s] -- Up-to-date symlink: /home/kanat/ur5_new_ws/install/moveit_commander_cpp/share/ament_index/resource_index/packages/moveit_commander_cpp
[0.612s] -- Up-to-date symlink: /home/kanat/ur5_new_ws/install/moveit_commander_cpp/share/moveit_commander_cpp/cmake/moveit_commander_cppConfig.cmake
[0.612s] -- Up-to-date symlink: /home/kanat/ur5_new_ws/install/moveit_commander_cpp/share/moveit_commander_cpp/cmake/moveit_commander_cppConfig-version.cmake
[0.614s] -- Up-to-date symlink: /home/kanat/ur5_new_ws/install/moveit_commander_cpp/share/moveit_commander_cpp/package.xml
[0.785s] Invoked command in '/home/kanat/ur5_new_ws/build/moveit_commander_cpp' returned '0': CMAKE_PREFIX_PATH=${CMAKE_PREFIX_PATH}:/home/kanat/ur5_new_ws/install/ur5_control:/home/kanat/turtlebot3_ws/install/turtlebot3_control:/home/kanat/ros2_udemy_beginner/install/my_ros_services_py:/home/kanat/ros2_udemy_beginner/install/my_pkg_py:/opt/ros/jazzy DEBUGINFOD_URLS=https://debuginfod.ubuntu.com /usr/bin/cmake --install /home/kanat/ur5_new_ws/build/moveit_commander_cpp
