[2.955s] Invoking command in '/home/kanat/ur5_new_ws/src/ur5_control': DEBUGINFOD_URLS=https://debuginfod.ubuntu.com PYTHONPATH=/home/kanat/ur5_new_ws/build/ur5_control/prefix_override:/usr/lib/python3/dist-packages/colcon_core/task/python/colcon_distutils_commands:/home/kanat/ur5_new_ws/install/ur5_control/lib/python3.12/site-packages:${PYTHONPATH} /usr/bin/python3 -W ignore:setup.py install is deprecated -W ignore:easy_install command is deprecated setup.py egg_info --egg-base ../../build/ur5_control build --build-base /home/kanat/ur5_new_ws/build/ur5_control/build install --record /home/kanat/ur5_new_ws/build/ur5_control/install.log --single-version-externally-managed install_data
[3.869s] running egg_info
[3.937s] writing ../../build/ur5_control/ur5_control.egg-info/PKG-INFO
[3.939s] writing dependency_links to ../../build/ur5_control/ur5_control.egg-info/dependency_links.txt
[3.940s] writing entry points to ../../build/ur5_control/ur5_control.egg-info/entry_points.txt
[3.940s] writing requirements to ../../build/ur5_control/ur5_control.egg-info/requires.txt
[3.941s] writing top-level names to ../../build/ur5_control/ur5_control.egg-info/top_level.txt
[4.089s] reading manifest file '../../build/ur5_control/ur5_control.egg-info/SOURCES.txt'
[4.092s] writing manifest file '../../build/ur5_control/ur5_control.egg-info/SOURCES.txt'
[4.092s] running build
[4.092s] running build_py
[4.093s] copying ur5_control/mpc_ur5.py -> /home/kanat/ur5_new_ws/build/ur5_control/build/lib/ur5_control
[4.094s] copying ur5_control/__init__.py -> /home/kanat/ur5_new_ws/build/ur5_control/build/lib/ur5_control
[4.095s] copying ur5_control/mpc_constrained_ur5.py -> /home/kanat/ur5_new_ws/build/ur5_control/build/lib/ur5_control
[4.095s] copying ur5_control/waypoint_publisher.py -> /home/kanat/ur5_new_ws/build/ur5_control/build/lib/ur5_control
[4.096s] copying ur5_control/pd_ur5.py -> /home/kanat/ur5_new_ws/build/ur5_control/build/lib/ur5_control
[4.097s] running install
[4.113s] running install_lib
[4.189s] running install_data
[4.190s] copying resource/ur5_control -> /home/kanat/ur5_new_ws/install/ur5_control/share/ament_index/resource_index/packages
[4.190s] copying package.xml -> /home/kanat/ur5_new_ws/install/ur5_control/share/ur5_control
[4.191s] running install_egg_info
[4.261s] removing '/home/kanat/ur5_new_ws/install/ur5_control/lib/python3.12/site-packages/ur5_control-0.0.0-py3.12.egg-info' (and everything under it)
[4.262s] Copying ../../build/ur5_control/ur5_control.egg-info to /home/kanat/ur5_new_ws/install/ur5_control/lib/python3.12/site-packages/ur5_control-0.0.0-py3.12.egg-info
[4.264s] running install_scripts
[4.643s] Installing mpc_constrained_control_exe script to /home/kanat/ur5_new_ws/install/ur5_control/lib/ur5_control
[4.643s] Installing mpc_control_exe script to /home/kanat/ur5_new_ws/install/ur5_control/lib/ur5_control
[4.644s] Installing pd_control_exe script to /home/kanat/ur5_new_ws/install/ur5_control/lib/ur5_control
[4.644s] Installing waypoint_publisher_exe script to /home/kanat/ur5_new_ws/install/ur5_control/lib/ur5_control
[4.644s] writing list of installed files to '/home/kanat/ur5_new_ws/build/ur5_control/install.log'
[4.721s] Invoked command in '/home/kanat/ur5_new_ws/src/ur5_control' returned '0': DEBUGINFOD_URLS=https://debuginfod.ubuntu.com PYTHONPATH=/home/kanat/ur5_new_ws/build/ur5_control/prefix_override:/usr/lib/python3/dist-packages/colcon_core/task/python/colcon_distutils_commands:/home/kanat/ur5_new_ws/install/ur5_control/lib/python3.12/site-packages:${PYTHONPATH} /usr/bin/python3 -W ignore:setup.py install is deprecated -W ignore:easy_install command is deprecated setup.py egg_info --egg-base ../../build/ur5_control build --build-base /home/kanat/ur5_new_ws/build/ur5_control/build install --record /home/kanat/ur5_new_ws/build/ur5_control/install.log --single-version-externally-managed install_data
