[0.082s] Invoking command in '/home/kanat/ur5_new_ws/build/ur5_bringup': CMAKE_PREFIX_PATH=${CMAKE_PREFIX_PATH}:/home/kanat/turtlebot3_ws/install/turtlebot3_control:/home/kanat/ros2_udemy_beginner/install/my_ros_services_py:/home/kanat/ros2_udemy_beginner/install/my_pkg_py:/opt/ros/jazzy DEBUGINFOD_URLS=https://debuginfod.ubuntu.com /usr/bin/cmake /home/kanat/ur5_new_ws/src/ur5_bringup -DCMAKE_INSTALL_PREFIX=/home/kanat/ur5_new_ws/install/ur5_bringup
[0.129s] -- Found ament_cmake: 2.5.4 (/opt/ros/jazzy/share/ament_cmake/cmake)
[0.837s] -- Override CMake install command with custom implementation using symlinks instead of copying resources
[1.151s] -- Configuring done (1.0s)
[1.160s] -- Generating done (0.0s)
[1.164s] -- Build files have been written to: /home/kanat/ur5_new_ws/build/ur5_bringup
[1.171s] Invoked command in '/home/kanat/ur5_new_ws/build/ur5_bringup' returned '0': CMAKE_PREFIX_PATH=${CMAKE_PREFIX_PATH}:/home/kanat/turtlebot3_ws/install/turtlebot3_control:/home/kanat/ros2_udemy_beginner/install/my_ros_services_py:/home/kanat/ros2_udemy_beginner/install/my_pkg_py:/opt/ros/jazzy DEBUGINFOD_URLS=https://debuginfod.ubuntu.com /usr/bin/cmake /home/kanat/ur5_new_ws/src/ur5_bringup -DCMAKE_INSTALL_PREFIX=/home/kanat/ur5_new_ws/install/ur5_bringup
[1.179s] Invoking command in '/home/kanat/ur5_new_ws/build/ur5_bringup': CMAKE_PREFIX_PATH=${CMAKE_PREFIX_PATH}:/home/kanat/turtlebot3_ws/install/turtlebot3_control:/home/kanat/ros2_udemy_beginner/install/my_ros_services_py:/home/kanat/ros2_udemy_beginner/install/my_pkg_py:/opt/ros/jazzy DEBUGINFOD_URLS=https://debuginfod.ubuntu.com /usr/bin/cmake --build /home/kanat/ur5_new_ws/build/ur5_bringup -- -j20 -l20
[1.295s] Invoked command in '/home/kanat/ur5_new_ws/build/ur5_bringup' returned '0': CMAKE_PREFIX_PATH=${CMAKE_PREFIX_PATH}:/home/kanat/turtlebot3_ws/install/turtlebot3_control:/home/kanat/ros2_udemy_beginner/install/my_ros_services_py:/home/kanat/ros2_udemy_beginner/install/my_pkg_py:/opt/ros/jazzy DEBUGINFOD_URLS=https://debuginfod.ubuntu.com /usr/bin/cmake --build /home/kanat/ur5_new_ws/build/ur5_bringup -- -j20 -l20
[1.326s] Invoking command in '/home/kanat/ur5_new_ws/build/ur5_bringup': CMAKE_PREFIX_PATH=${CMAKE_PREFIX_PATH}:/home/kanat/turtlebot3_ws/install/turtlebot3_control:/home/kanat/ros2_udemy_beginner/install/my_ros_services_py:/home/kanat/ros2_udemy_beginner/install/my_pkg_py:/opt/ros/jazzy DEBUGINFOD_URLS=https://debuginfod.ubuntu.com /usr/bin/cmake --install /home/kanat/ur5_new_ws/build/ur5_bringup
[1.353s] -- Install configuration: ""
[1.355s] -- Execute custom install script
[1.357s] -- Up-to-date symlink: /home/kanat/ur5_new_ws/install/ur5_bringup/share/ur5_bringup/launch/ur5_gazebo.launch.py
[1.358s] -- Up-to-date symlink: /home/kanat/ur5_new_ws/install/ur5_bringup/share/ur5_bringup/launch/ur5_launch.launch.py
[1.360s] -- Up-to-date symlink: /home/kanat/ur5_new_ws/install/ur5_bringup/share/ur5_bringup/rviz/rviz_default.rviz
[1.361s] -- Up-to-date symlink: /home/kanat/ur5_new_ws/install/ur5_bringup/share/ur5_bringup/config/ros2_controllers.yaml
[1.363s] -- Up-to-date symlink: /home/kanat/ur5_new_ws/install/ur5_bringup/share/ament_index/resource_index/package_run_dependencies/ur5_bringup
[1.364s] -- Up-to-date symlink: /home/kanat/ur5_new_ws/install/ur5_bringup/share/ament_index/resource_index/parent_prefix_path/ur5_bringup
[1.365s] -- Up-to-date symlink: /home/kanat/ur5_new_ws/install/ur5_bringup/share/ur5_bringup/environment/ament_prefix_path.sh
[1.365s] -- Up-to-date symlink: /home/kanat/ur5_new_ws/install/ur5_bringup/share/ur5_bringup/environment/ament_prefix_path.dsv
[1.366s] -- Up-to-date symlink: /home/kanat/ur5_new_ws/install/ur5_bringup/share/ur5_bringup/environment/path.sh
[1.367s] -- Up-to-date symlink: /home/kanat/ur5_new_ws/install/ur5_bringup/share/ur5_bringup/environment/path.dsv
[1.367s] -- Up-to-date symlink: /home/kanat/ur5_new_ws/install/ur5_bringup/share/ur5_bringup/local_setup.bash
[1.368s] -- Up-to-date symlink: /home/kanat/ur5_new_ws/install/ur5_bringup/share/ur5_bringup/local_setup.sh
[1.369s] -- Up-to-date symlink: /home/kanat/ur5_new_ws/install/ur5_bringup/share/ur5_bringup/local_setup.zsh
[1.370s] -- Up-to-date symlink: /home/kanat/ur5_new_ws/install/ur5_bringup/share/ur5_bringup/local_setup.dsv
[1.370s] -- Symlinking: /home/kanat/ur5_new_ws/install/ur5_bringup/share/ur5_bringup/package.dsv
[1.398s] -- Up-to-date symlink: /home/kanat/ur5_new_ws/install/ur5_bringup/share/ament_index/resource_index/packages/ur5_bringup
[1.399s] -- Up-to-date symlink: /home/kanat/ur5_new_ws/install/ur5_bringup/share/ur5_bringup/cmake/ur5_bringupConfig.cmake
[1.399s] -- Up-to-date symlink: /home/kanat/ur5_new_ws/install/ur5_bringup/share/ur5_bringup/cmake/ur5_bringupConfig-version.cmake
[1.400s] -- Up-to-date symlink: /home/kanat/ur5_new_ws/install/ur5_bringup/share/ur5_bringup/package.xml
[1.407s] Invoked command in '/home/kanat/ur5_new_ws/build/ur5_bringup' returned '0': CMAKE_PREFIX_PATH=${CMAKE_PREFIX_PATH}:/home/kanat/turtlebot3_ws/install/turtlebot3_control:/home/kanat/ros2_udemy_beginner/install/my_ros_services_py:/home/kanat/ros2_udemy_beginner/install/my_pkg_py:/opt/ros/jazzy DEBUGINFOD_URLS=https://debuginfod.ubuntu.com /usr/bin/cmake --install /home/kanat/ur5_new_ws/build/ur5_bringup
