[0.126s] DEBUG:colcon:Command line arguments: ['/usr/bin/colcon', 'build', '--symlink-install']
[0.126s] DEBUG:colcon:Parsed command line arguments: Namespace(log_base=None, log_level=None, verb_name='build', build_base='build', install_base='install', merge_install=False, symlink_install=True, test_result_base=None, continue_on_error=False, executor='parallel', parallel_workers=20, event_handlers=None, ignore_user_meta=False, metas=['./colcon.meta'], base_paths=['.'], packages_ignore=None, packages_ignore_regex=None, paths=None, packages_up_to=None, packages_up_to_regex=None, packages_above=None, packages_above_and_dependencies=None, packages_above_depth=None, packages_select_by_dep=None, packages_skip_by_dep=None, packages_skip_up_to=None, packages_select_build_failed=False, packages_skip_build_finished=False, packages_select_test_failures=False, packages_skip_test_passed=False, packages_select=None, packages_skip=None, packages_select_regex=None, packages_skip_regex=None, packages_start=None, packages_end=None, allow_overriding=[], cmake_args=None, cmake_target=None, cmake_target_skip_unavailable=False, cmake_clean_cache=False, cmake_clean_first=False, cmake_force_configure=False, ament_cmake_args=None, catkin_cmake_args=None, catkin_skip_building_tests=False, mixin_files=None, mixin=None, verb_parser=<colcon_mixin.mixin.mixin_argument.MixinArgumentDecorator object at 0x7949879d8d70>, verb_extension=<colcon_core.verb.build.BuildVerb object at 0x7949879093a0>, main=<bound method BuildVerb.main of <colcon_core.verb.build.BuildVerb object at 0x7949879093a0>>, mixin_verb=('build',))
[0.173s] Level 1:colcon.colcon_core.package_discovery:discover_packages(colcon_meta) check parameters
[0.173s] Level 1:colcon.colcon_core.package_discovery:discover_packages(recursive) check parameters
[0.173s] Level 1:colcon.colcon_core.package_discovery:discover_packages(ignore) check parameters
[0.173s] Level 1:colcon.colcon_core.package_discovery:discover_packages(path) check parameters
[0.173s] Level 1:colcon.colcon_core.package_discovery:discover_packages(colcon_meta) discover
[0.173s] Level 1:colcon.colcon_core.package_discovery:discover_packages(recursive) discover
[0.173s] INFO:colcon.colcon_core.package_discovery:Crawling recursively for packages in '/home/kanat/ur5_new_ws'
[0.173s] Level 1:colcon.colcon_core.package_identification:_identify(.) by extensions ['ignore', 'ignore_ament_install']
[0.174s] Level 1:colcon.colcon_core.package_identification:_identify(.) by extension 'ignore'
[0.174s] Level 1:colcon.colcon_core.package_identification:_identify(.) by extension 'ignore_ament_install'
[0.174s] Level 1:colcon.colcon_core.package_identification:_identify(.) by extensions ['colcon_pkg']
[0.174s] Level 1:colcon.colcon_core.package_identification:_identify(.) by extension 'colcon_pkg'
[0.174s] Level 1:colcon.colcon_core.package_identification:_identify(.) by extensions ['colcon_meta']
[0.174s] Level 1:colcon.colcon_core.package_identification:_identify(.) by extension 'colcon_meta'
[0.174s] Level 1:colcon.colcon_core.package_identification:_identify(.) by extensions ['ros']
[0.174s] Level 1:colcon.colcon_core.package_identification:_identify(.) by extension 'ros'
[0.203s] Level 1:colcon.colcon_core.package_identification:_identify(.) by extensions ['cmake', 'python']
[0.203s] Level 1:colcon.colcon_core.package_identification:_identify(.) by extension 'cmake'
[0.203s] Level 1:colcon.colcon_core.package_identification:_identify(.) by extension 'python'
[0.203s] Level 1:colcon.colcon_core.package_identification:_identify(.) by extensions ['python_setup_py']
[0.203s] Level 1:colcon.colcon_core.package_identification:_identify(.) by extension 'python_setup_py'
[0.203s] Level 1:colcon.colcon_core.package_identification:_identify(build) by extensions ['ignore', 'ignore_ament_install']
[0.203s] Level 1:colcon.colcon_core.package_identification:_identify(build) by extension 'ignore'
[0.203s] Level 1:colcon.colcon_core.package_identification:_identify(build) ignored
[0.203s] Level 1:colcon.colcon_core.package_identification:_identify(install) by extensions ['ignore', 'ignore_ament_install']
[0.204s] Level 1:colcon.colcon_core.package_identification:_identify(install) by extension 'ignore'
[0.204s] Level 1:colcon.colcon_core.package_identification:_identify(install) ignored
[0.204s] Level 1:colcon.colcon_core.package_identification:_identify(log) by extensions ['ignore', 'ignore_ament_install']
[0.204s] Level 1:colcon.colcon_core.package_identification:_identify(log) by extension 'ignore'
[0.204s] Level 1:colcon.colcon_core.package_identification:_identify(log) ignored
[0.204s] Level 1:colcon.colcon_core.package_identification:_identify(src) by extensions ['ignore', 'ignore_ament_install']
[0.204s] Level 1:colcon.colcon_core.package_identification:_identify(src) by extension 'ignore'
[0.204s] Level 1:colcon.colcon_core.package_identification:_identify(src) by extension 'ignore_ament_install'
[0.204s] Level 1:colcon.colcon_core.package_identification:_identify(src) by extensions ['colcon_pkg']
[0.204s] Level 1:colcon.colcon_core.package_identification:_identify(src) by extension 'colcon_pkg'
[0.204s] Level 1:colcon.colcon_core.package_identification:_identify(src) by extensions ['colcon_meta']
[0.204s] Level 1:colcon.colcon_core.package_identification:_identify(src) by extension 'colcon_meta'
[0.204s] Level 1:colcon.colcon_core.package_identification:_identify(src) by extensions ['ros']
[0.204s] Level 1:colcon.colcon_core.package_identification:_identify(src) by extension 'ros'
[0.204s] Level 1:colcon.colcon_core.package_identification:_identify(src) by extensions ['cmake', 'python']
[0.204s] Level 1:colcon.colcon_core.package_identification:_identify(src) by extension 'cmake'
[0.204s] Level 1:colcon.colcon_core.package_identification:_identify(src) by extension 'python'
[0.204s] Level 1:colcon.colcon_core.package_identification:_identify(src) by extensions ['python_setup_py']
[0.204s] Level 1:colcon.colcon_core.package_identification:_identify(src) by extension 'python_setup_py'
[0.204s] Level 1:colcon.colcon_core.package_identification:_identify(src/Universal_Robots_ROS2_Description) by extensions ['ignore', 'ignore_ament_install']
[0.205s] Level 1:colcon.colcon_core.package_identification:_identify(src/Universal_Robots_ROS2_Description) by extension 'ignore'
[0.205s] Level 1:colcon.colcon_core.package_identification:_identify(src/Universal_Robots_ROS2_Description) by extension 'ignore_ament_install'
[0.205s] Level 1:colcon.colcon_core.package_identification:_identify(src/Universal_Robots_ROS2_Description) by extensions ['colcon_pkg']
[0.205s] Level 1:colcon.colcon_core.package_identification:_identify(src/Universal_Robots_ROS2_Description) by extension 'colcon_pkg'
[0.205s] Level 1:colcon.colcon_core.package_identification:_identify(src/Universal_Robots_ROS2_Description) by extensions ['colcon_meta']
[0.205s] Level 1:colcon.colcon_core.package_identification:_identify(src/Universal_Robots_ROS2_Description) by extension 'colcon_meta'
[0.205s] Level 1:colcon.colcon_core.package_identification:_identify(src/Universal_Robots_ROS2_Description) by extensions ['ros']
[0.205s] Level 1:colcon.colcon_core.package_identification:_identify(src/Universal_Robots_ROS2_Description) by extension 'ros'
[0.208s] DEBUG:colcon.colcon_core.package_identification:Package 'src/Universal_Robots_ROS2_Description' with type 'ros.ament_cmake' and name 'ur_description'
[0.208s] Level 1:colcon.colcon_core.package_identification:_identify(src/Universal_Robots_ROS2_GZ_Simulation) by extensions ['ignore', 'ignore_ament_install']
[0.208s] Level 1:colcon.colcon_core.package_identification:_identify(src/Universal_Robots_ROS2_GZ_Simulation) by extension 'ignore'
[0.208s] Level 1:colcon.colcon_core.package_identification:_identify(src/Universal_Robots_ROS2_GZ_Simulation) by extension 'ignore_ament_install'
[0.208s] Level 1:colcon.colcon_core.package_identification:_identify(src/Universal_Robots_ROS2_GZ_Simulation) by extensions ['colcon_pkg']
[0.208s] Level 1:colcon.colcon_core.package_identification:_identify(src/Universal_Robots_ROS2_GZ_Simulation) by extension 'colcon_pkg'
[0.208s] Level 1:colcon.colcon_core.package_identification:_identify(src/Universal_Robots_ROS2_GZ_Simulation) by extensions ['colcon_meta']
[0.208s] Level 1:colcon.colcon_core.package_identification:_identify(src/Universal_Robots_ROS2_GZ_Simulation) by extension 'colcon_meta'
[0.208s] Level 1:colcon.colcon_core.package_identification:_identify(src/Universal_Robots_ROS2_GZ_Simulation) by extensions ['ros']
[0.208s] Level 1:colcon.colcon_core.package_identification:_identify(src/Universal_Robots_ROS2_GZ_Simulation) by extension 'ros'
[0.208s] Level 1:colcon.colcon_core.package_identification:_identify(src/Universal_Robots_ROS2_GZ_Simulation) by extensions ['cmake', 'python']
[0.208s] Level 1:colcon.colcon_core.package_identification:_identify(src/Universal_Robots_ROS2_GZ_Simulation) by extension 'cmake'
[0.208s] Level 1:colcon.colcon_core.package_identification:_identify(src/Universal_Robots_ROS2_GZ_Simulation) by extension 'python'
[0.208s] Level 1:colcon.colcon_core.package_identification:_identify(src/Universal_Robots_ROS2_GZ_Simulation) by extensions ['python_setup_py']
[0.208s] Level 1:colcon.colcon_core.package_identification:_identify(src/Universal_Robots_ROS2_GZ_Simulation) by extension 'python_setup_py'
[0.209s] Level 1:colcon.colcon_core.package_identification:_identify(src/Universal_Robots_ROS2_GZ_Simulation/ur_simulation_gz) by extensions ['ignore', 'ignore_ament_install']
[0.209s] Level 1:colcon.colcon_core.package_identification:_identify(src/Universal_Robots_ROS2_GZ_Simulation/ur_simulation_gz) by extension 'ignore'
[0.209s] Level 1:colcon.colcon_core.package_identification:_identify(src/Universal_Robots_ROS2_GZ_Simulation/ur_simulation_gz) by extension 'ignore_ament_install'
[0.209s] Level 1:colcon.colcon_core.package_identification:_identify(src/Universal_Robots_ROS2_GZ_Simulation/ur_simulation_gz) by extensions ['colcon_pkg']
[0.209s] Level 1:colcon.colcon_core.package_identification:_identify(src/Universal_Robots_ROS2_GZ_Simulation/ur_simulation_gz) by extension 'colcon_pkg'
[0.209s] Level 1:colcon.colcon_core.package_identification:_identify(src/Universal_Robots_ROS2_GZ_Simulation/ur_simulation_gz) by extensions ['colcon_meta']
[0.209s] Level 1:colcon.colcon_core.package_identification:_identify(src/Universal_Robots_ROS2_GZ_Simulation/ur_simulation_gz) by extension 'colcon_meta'
[0.209s] Level 1:colcon.colcon_core.package_identification:_identify(src/Universal_Robots_ROS2_GZ_Simulation/ur_simulation_gz) by extensions ['ros']
[0.209s] Level 1:colcon.colcon_core.package_identification:_identify(src/Universal_Robots_ROS2_GZ_Simulation/ur_simulation_gz) by extension 'ros'
[0.210s] DEBUG:colcon.colcon_core.package_identification:Package 'src/Universal_Robots_ROS2_GZ_Simulation/ur_simulation_gz' with type 'ros.ament_cmake' and name 'ur_simulation_gz'
[0.210s] Level 1:colcon.colcon_core.package_identification:_identify(src/ur5_bringup) by extensions ['ignore', 'ignore_ament_install']
[0.210s] Level 1:colcon.colcon_core.package_identification:_identify(src/ur5_bringup) by extension 'ignore'
[0.210s] Level 1:colcon.colcon_core.package_identification:_identify(src/ur5_bringup) by extension 'ignore_ament_install'
[0.210s] Level 1:colcon.colcon_core.package_identification:_identify(src/ur5_bringup) by extensions ['colcon_pkg']
[0.210s] Level 1:colcon.colcon_core.package_identification:_identify(src/ur5_bringup) by extension 'colcon_pkg'
[0.210s] Level 1:colcon.colcon_core.package_identification:_identify(src/ur5_bringup) by extensions ['colcon_meta']
[0.210s] Level 1:colcon.colcon_core.package_identification:_identify(src/ur5_bringup) by extension 'colcon_meta'
[0.210s] Level 1:colcon.colcon_core.package_identification:_identify(src/ur5_bringup) by extensions ['ros']
[0.210s] Level 1:colcon.colcon_core.package_identification:_identify(src/ur5_bringup) by extension 'ros'
[0.211s] DEBUG:colcon.colcon_core.package_identification:Package 'src/ur5_bringup' with type 'ros.ament_cmake' and name 'ur5_bringup'
[0.211s] Level 1:colcon.colcon_core.package_identification:_identify(src/ur5_control) by extensions ['ignore', 'ignore_ament_install']
[0.211s] Level 1:colcon.colcon_core.package_identification:_identify(src/ur5_control) by extension 'ignore'
[0.211s] Level 1:colcon.colcon_core.package_identification:_identify(src/ur5_control) by extension 'ignore_ament_install'
[0.211s] Level 1:colcon.colcon_core.package_identification:_identify(src/ur5_control) by extensions ['colcon_pkg']
[0.211s] Level 1:colcon.colcon_core.package_identification:_identify(src/ur5_control) by extension 'colcon_pkg'
[0.211s] Level 1:colcon.colcon_core.package_identification:_identify(src/ur5_control) by extensions ['colcon_meta']
[0.211s] Level 1:colcon.colcon_core.package_identification:_identify(src/ur5_control) by extension 'colcon_meta'
[0.211s] Level 1:colcon.colcon_core.package_identification:_identify(src/ur5_control) by extensions ['ros']
[0.211s] Level 1:colcon.colcon_core.package_identification:_identify(src/ur5_control) by extension 'ros'
[0.212s] DEBUG:colcon.colcon_core.package_identification:Package 'src/ur5_control' with type 'ros.ament_python' and name 'ur5_control'
[0.212s] Level 1:colcon.colcon_core.package_identification:_identify(src/ur5_moveit_config) by extensions ['ignore', 'ignore_ament_install']
[0.212s] Level 1:colcon.colcon_core.package_identification:_identify(src/ur5_moveit_config) by extension 'ignore'
[0.212s] Level 1:colcon.colcon_core.package_identification:_identify(src/ur5_moveit_config) by extension 'ignore_ament_install'
[0.212s] Level 1:colcon.colcon_core.package_identification:_identify(src/ur5_moveit_config) by extensions ['colcon_pkg']
[0.212s] Level 1:colcon.colcon_core.package_identification:_identify(src/ur5_moveit_config) by extension 'colcon_pkg'
[0.212s] Level 1:colcon.colcon_core.package_identification:_identify(src/ur5_moveit_config) by extensions ['colcon_meta']
[0.212s] Level 1:colcon.colcon_core.package_identification:_identify(src/ur5_moveit_config) by extension 'colcon_meta'
[0.212s] Level 1:colcon.colcon_core.package_identification:_identify(src/ur5_moveit_config) by extensions ['ros']
[0.212s] Level 1:colcon.colcon_core.package_identification:_identify(src/ur5_moveit_config) by extension 'ros'
[0.213s] DEBUG:colcon.colcon_core.package_identification:Package 'src/ur5_moveit_config' with type 'ros.ament_cmake' and name 'ur5_moveit_config'
[0.213s] Level 1:colcon.colcon_core.package_identification:_identify(src/ur_custom_sim) by extensions ['ignore', 'ignore_ament_install']
[0.213s] Level 1:colcon.colcon_core.package_identification:_identify(src/ur_custom_sim) by extension 'ignore'
[0.213s] Level 1:colcon.colcon_core.package_identification:_identify(src/ur_custom_sim) by extension 'ignore_ament_install'
[0.213s] Level 1:colcon.colcon_core.package_identification:_identify(src/ur_custom_sim) by extensions ['colcon_pkg']
[0.213s] Level 1:colcon.colcon_core.package_identification:_identify(src/ur_custom_sim) by extension 'colcon_pkg'
[0.213s] Level 1:colcon.colcon_core.package_identification:_identify(src/ur_custom_sim) by extensions ['colcon_meta']
[0.213s] Level 1:colcon.colcon_core.package_identification:_identify(src/ur_custom_sim) by extension 'colcon_meta'
[0.213s] Level 1:colcon.colcon_core.package_identification:_identify(src/ur_custom_sim) by extensions ['ros']
[0.213s] Level 1:colcon.colcon_core.package_identification:_identify(src/ur_custom_sim) by extension 'ros'
[0.214s] DEBUG:colcon.colcon_core.package_identification:Package 'src/ur_custom_sim' with type 'ros.ament_cmake' and name 'ur_custom_sim'
[0.214s] Level 1:colcon.colcon_core.package_discovery:discover_packages(recursive) using defaults
[0.214s] Level 1:colcon.colcon_core.package_discovery:discover_packages(ignore) discover
[0.214s] Level 1:colcon.colcon_core.package_discovery:discover_packages(ignore) using defaults
[0.214s] Level 1:colcon.colcon_core.package_discovery:discover_packages(path) discover
[0.214s] Level 1:colcon.colcon_core.package_discovery:discover_packages(path) using defaults
[0.237s] Level 1:colcon.colcon_core.package_discovery:discover_packages(prefix_path) check parameters
[0.237s] Level 1:colcon.colcon_core.package_discovery:discover_packages(prefix_path) discover
[0.239s] DEBUG:colcon.colcon_installed_package_information.package_discovery:Found 3 installed packages in /home/kanat/ros2_udemy_beginner/install
[0.240s] DEBUG:colcon.colcon_installed_package_information.package_discovery:Found 4 installed packages in /home/kanat/turtlebot3_ws/install
[0.240s] DEBUG:colcon.colcon_installed_package_information.package_discovery:Found 5 installed packages in /home/kanat/custom_manipulator_ws/install
[0.243s] DEBUG:colcon.colcon_installed_package_information.package_discovery:Found 600 installed packages in /opt/ros/jazzy
[0.244s] Level 1:colcon.colcon_core.package_discovery:discover_packages(prefix_path) using defaults
[0.328s] WARNING:colcon.colcon_core.package_selection:Some selected packages are already built in one or more underlay workspaces:
	'ur_description' is in: /opt/ros/jazzy
If a package in a merged underlay workspace is overridden and it installs headers, then all packages in the overlay must sort their include directories by workspace order. Failure to do so may result in build failures or undefined behavior at run time.
If the overridden package is used by another package in any underlay, then the overriding package in the overlay must be API and ABI compatible or undefined behavior at run time may occur.

If you understand the risks and want to override a package anyways, add the following to the command line:
	--allow-overriding ur_description

This may be promoted to an error in a future release of colcon-override-check.
[0.329s] Level 5:colcon.colcon_core.verb:set package 'ur5_bringup' build argument 'cmake_args' from command line to 'None'
[0.330s] Level 5:colcon.colcon_core.verb:set package 'ur5_bringup' build argument 'cmake_target' from command line to 'None'
[0.330s] Level 5:colcon.colcon_core.verb:set package 'ur5_bringup' build argument 'cmake_target_skip_unavailable' from command line to 'False'
[0.330s] Level 5:colcon.colcon_core.verb:set package 'ur5_bringup' build argument 'cmake_clean_cache' from command line to 'False'
[0.330s] Level 5:colcon.colcon_core.verb:set package 'ur5_bringup' build argument 'cmake_clean_first' from command line to 'False'
[0.330s] Level 5:colcon.colcon_core.verb:set package 'ur5_bringup' build argument 'cmake_force_configure' from command line to 'False'
[0.330s] Level 5:colcon.colcon_core.verb:set package 'ur5_bringup' build argument 'ament_cmake_args' from command line to 'None'
[0.330s] Level 5:colcon.colcon_core.verb:set package 'ur5_bringup' build argument 'catkin_cmake_args' from command line to 'None'
[0.330s] Level 5:colcon.colcon_core.verb:set package 'ur5_bringup' build argument 'catkin_skip_building_tests' from command line to 'False'
[0.330s] DEBUG:colcon.colcon_core.verb:Building package 'ur5_bringup' with the following arguments: {'ament_cmake_args': None, 'build_base': '/home/kanat/ur5_new_ws/build/ur5_bringup', 'catkin_cmake_args': None, 'catkin_skip_building_tests': False, 'cmake_args': None, 'cmake_clean_cache': False, 'cmake_clean_first': False, 'cmake_force_configure': False, 'cmake_target': None, 'cmake_target_skip_unavailable': False, 'install_base': '/home/kanat/ur5_new_ws/install/ur5_bringup', 'merge_install': False, 'path': '/home/kanat/ur5_new_ws/src/ur5_bringup', 'symlink_install': True, 'test_result_base': None}
[0.330s] Level 5:colcon.colcon_core.verb:set package 'ur5_control' build argument 'cmake_args' from command line to 'None'
[0.330s] Level 5:colcon.colcon_core.verb:set package 'ur5_control' build argument 'cmake_target' from command line to 'None'
[0.330s] Level 5:colcon.colcon_core.verb:set package 'ur5_control' build argument 'cmake_target_skip_unavailable' from command line to 'False'
[0.330s] Level 5:colcon.colcon_core.verb:set package 'ur5_control' build argument 'cmake_clean_cache' from command line to 'False'
[0.330s] Level 5:colcon.colcon_core.verb:set package 'ur5_control' build argument 'cmake_clean_first' from command line to 'False'
[0.330s] Level 5:colcon.colcon_core.verb:set package 'ur5_control' build argument 'cmake_force_configure' from command line to 'False'
[0.330s] Level 5:colcon.colcon_core.verb:set package 'ur5_control' build argument 'ament_cmake_args' from command line to 'None'
[0.330s] Level 5:colcon.colcon_core.verb:set package 'ur5_control' build argument 'catkin_cmake_args' from command line to 'None'
[0.330s] Level 5:colcon.colcon_core.verb:set package 'ur5_control' build argument 'catkin_skip_building_tests' from command line to 'False'
[0.330s] DEBUG:colcon.colcon_core.verb:Building package 'ur5_control' with the following arguments: {'ament_cmake_args': None, 'build_base': '/home/kanat/ur5_new_ws/build/ur5_control', 'catkin_cmake_args': None, 'catkin_skip_building_tests': False, 'cmake_args': None, 'cmake_clean_cache': False, 'cmake_clean_first': False, 'cmake_force_configure': False, 'cmake_target': None, 'cmake_target_skip_unavailable': False, 'install_base': '/home/kanat/ur5_new_ws/install/ur5_control', 'merge_install': False, 'path': '/home/kanat/ur5_new_ws/src/ur5_control', 'symlink_install': True, 'test_result_base': None}
[0.331s] Level 5:colcon.colcon_core.verb:set package 'ur_custom_sim' build argument 'cmake_args' from command line to 'None'
[0.331s] Level 5:colcon.colcon_core.verb:set package 'ur_custom_sim' build argument 'cmake_target' from command line to 'None'
[0.331s] Level 5:colcon.colcon_core.verb:set package 'ur_custom_sim' build argument 'cmake_target_skip_unavailable' from command line to 'False'
[0.331s] Level 5:colcon.colcon_core.verb:set package 'ur_custom_sim' build argument 'cmake_clean_cache' from command line to 'False'
[0.331s] Level 5:colcon.colcon_core.verb:set package 'ur_custom_sim' build argument 'cmake_clean_first' from command line to 'False'
[0.331s] Level 5:colcon.colcon_core.verb:set package 'ur_custom_sim' build argument 'cmake_force_configure' from command line to 'False'
[0.331s] Level 5:colcon.colcon_core.verb:set package 'ur_custom_sim' build argument 'ament_cmake_args' from command line to 'None'
[0.331s] Level 5:colcon.colcon_core.verb:set package 'ur_custom_sim' build argument 'catkin_cmake_args' from command line to 'None'
[0.331s] Level 5:colcon.colcon_core.verb:set package 'ur_custom_sim' build argument 'catkin_skip_building_tests' from command line to 'False'
[0.331s] DEBUG:colcon.colcon_core.verb:Building package 'ur_custom_sim' with the following arguments: {'ament_cmake_args': None, 'build_base': '/home/kanat/ur5_new_ws/build/ur_custom_sim', 'catkin_cmake_args': None, 'catkin_skip_building_tests': False, 'cmake_args': None, 'cmake_clean_cache': False, 'cmake_clean_first': False, 'cmake_force_configure': False, 'cmake_target': None, 'cmake_target_skip_unavailable': False, 'install_base': '/home/kanat/ur5_new_ws/install/ur_custom_sim', 'merge_install': False, 'path': '/home/kanat/ur5_new_ws/src/ur_custom_sim', 'symlink_install': True, 'test_result_base': None}
[0.331s] Level 5:colcon.colcon_core.verb:set package 'ur_description' build argument 'cmake_args' from command line to 'None'
[0.331s] Level 5:colcon.colcon_core.verb:set package 'ur_description' build argument 'cmake_target' from command line to 'None'
[0.331s] Level 5:colcon.colcon_core.verb:set package 'ur_description' build argument 'cmake_target_skip_unavailable' from command line to 'False'
[0.331s] Level 5:colcon.colcon_core.verb:set package 'ur_description' build argument 'cmake_clean_cache' from command line to 'False'
[0.331s] Level 5:colcon.colcon_core.verb:set package 'ur_description' build argument 'cmake_clean_first' from command line to 'False'
[0.331s] Level 5:colcon.colcon_core.verb:set package 'ur_description' build argument 'cmake_force_configure' from command line to 'False'
[0.331s] Level 5:colcon.colcon_core.verb:set package 'ur_description' build argument 'ament_cmake_args' from command line to 'None'
[0.331s] Level 5:colcon.colcon_core.verb:set package 'ur_description' build argument 'catkin_cmake_args' from command line to 'None'
[0.331s] Level 5:colcon.colcon_core.verb:set package 'ur_description' build argument 'catkin_skip_building_tests' from command line to 'False'
[0.331s] DEBUG:colcon.colcon_core.verb:Building package 'ur_description' with the following arguments: {'ament_cmake_args': None, 'build_base': '/home/kanat/ur5_new_ws/build/ur_description', 'catkin_cmake_args': None, 'catkin_skip_building_tests': False, 'cmake_args': None, 'cmake_clean_cache': False, 'cmake_clean_first': False, 'cmake_force_configure': False, 'cmake_target': None, 'cmake_target_skip_unavailable': False, 'install_base': '/home/kanat/ur5_new_ws/install/ur_description', 'merge_install': False, 'path': '/home/kanat/ur5_new_ws/src/Universal_Robots_ROS2_Description', 'symlink_install': True, 'test_result_base': None}
[0.331s] Level 5:colcon.colcon_core.verb:set package 'ur5_moveit_config' build argument 'cmake_args' from command line to 'None'
[0.331s] Level 5:colcon.colcon_core.verb:set package 'ur5_moveit_config' build argument 'cmake_target' from command line to 'None'
[0.331s] Level 5:colcon.colcon_core.verb:set package 'ur5_moveit_config' build argument 'cmake_target_skip_unavailable' from command line to 'False'
[0.331s] Level 5:colcon.colcon_core.verb:set package 'ur5_moveit_config' build argument 'cmake_clean_cache' from command line to 'False'
[0.331s] Level 5:colcon.colcon_core.verb:set package 'ur5_moveit_config' build argument 'cmake_clean_first' from command line to 'False'
[0.331s] Level 5:colcon.colcon_core.verb:set package 'ur5_moveit_config' build argument 'cmake_force_configure' from command line to 'False'
[0.331s] Level 5:colcon.colcon_core.verb:set package 'ur5_moveit_config' build argument 'ament_cmake_args' from command line to 'None'
[0.331s] Level 5:colcon.colcon_core.verb:set package 'ur5_moveit_config' build argument 'catkin_cmake_args' from command line to 'None'
[0.332s] Level 5:colcon.colcon_core.verb:set package 'ur5_moveit_config' build argument 'catkin_skip_building_tests' from command line to 'False'
[0.332s] DEBUG:colcon.colcon_core.verb:Building package 'ur5_moveit_config' with the following arguments: {'ament_cmake_args': None, 'build_base': '/home/kanat/ur5_new_ws/build/ur5_moveit_config', 'catkin_cmake_args': None, 'catkin_skip_building_tests': False, 'cmake_args': None, 'cmake_clean_cache': False, 'cmake_clean_first': False, 'cmake_force_configure': False, 'cmake_target': None, 'cmake_target_skip_unavailable': False, 'install_base': '/home/kanat/ur5_new_ws/install/ur5_moveit_config', 'merge_install': False, 'path': '/home/kanat/ur5_new_ws/src/ur5_moveit_config', 'symlink_install': True, 'test_result_base': None}
[0.332s] Level 5:colcon.colcon_core.verb:set package 'ur_simulation_gz' build argument 'cmake_args' from command line to 'None'
[0.332s] Level 5:colcon.colcon_core.verb:set package 'ur_simulation_gz' build argument 'cmake_target' from command line to 'None'
[0.332s] Level 5:colcon.colcon_core.verb:set package 'ur_simulation_gz' build argument 'cmake_target_skip_unavailable' from command line to 'False'
[0.332s] Level 5:colcon.colcon_core.verb:set package 'ur_simulation_gz' build argument 'cmake_clean_cache' from command line to 'False'
[0.332s] Level 5:colcon.colcon_core.verb:set package 'ur_simulation_gz' build argument 'cmake_clean_first' from command line to 'False'
[0.332s] Level 5:colcon.colcon_core.verb:set package 'ur_simulation_gz' build argument 'cmake_force_configure' from command line to 'False'
[0.332s] Level 5:colcon.colcon_core.verb:set package 'ur_simulation_gz' build argument 'ament_cmake_args' from command line to 'None'
[0.332s] Level 5:colcon.colcon_core.verb:set package 'ur_simulation_gz' build argument 'catkin_cmake_args' from command line to 'None'
[0.332s] Level 5:colcon.colcon_core.verb:set package 'ur_simulation_gz' build argument 'catkin_skip_building_tests' from command line to 'False'
[0.332s] DEBUG:colcon.colcon_core.verb:Building package 'ur_simulation_gz' with the following arguments: {'ament_cmake_args': None, 'build_base': '/home/kanat/ur5_new_ws/build/ur_simulation_gz', 'catkin_cmake_args': None, 'catkin_skip_building_tests': False, 'cmake_args': None, 'cmake_clean_cache': False, 'cmake_clean_first': False, 'cmake_force_configure': False, 'cmake_target': None, 'cmake_target_skip_unavailable': False, 'install_base': '/home/kanat/ur5_new_ws/install/ur_simulation_gz', 'merge_install': False, 'path': '/home/kanat/ur5_new_ws/src/Universal_Robots_ROS2_GZ_Simulation/ur_simulation_gz', 'symlink_install': True, 'test_result_base': None}
[0.332s] INFO:colcon.colcon_core.executor:Executing jobs using 'parallel' executor
[0.334s] DEBUG:colcon.colcon_parallel_executor.executor.parallel:run_until_complete
[0.334s] INFO:colcon.colcon_ros.task.ament_cmake.build:Building ROS package in '/home/kanat/ur5_new_ws/src/ur_custom_sim' with build type 'ament_cmake'
[0.334s] INFO:colcon.colcon_cmake.task.cmake.build:Building CMake package in '/home/kanat/ur5_new_ws/src/ur_custom_sim'
[0.337s] INFO:colcon.colcon_core.plugin_system:Skipping extension 'colcon_core.shell.bat': Not used on non-Windows systems
[0.337s] INFO:colcon.colcon_core.shell:Skip shell extension 'powershell' for command environment: Not usable outside of PowerShell
[0.337s] DEBUG:colcon.colcon_core.shell:Skip shell extension 'dsv' for command environment
[0.346s] INFO:colcon.colcon_ros.task.ament_cmake.build:Building ROS package in '/home/kanat/ur5_new_ws/src/Universal_Robots_ROS2_Description' with build type 'ament_cmake'
[0.347s] INFO:colcon.colcon_cmake.task.cmake.build:Building CMake package in '/home/kanat/ur5_new_ws/src/Universal_Robots_ROS2_Description'
[0.347s] INFO:colcon.colcon_core.shell:Skip shell extension 'powershell' for command environment: Not usable outside of PowerShell
[0.347s] DEBUG:colcon.colcon_core.shell:Skip shell extension 'dsv' for command environment
[0.355s] INFO:colcon.colcon_ros.task.ament_cmake.build:Building ROS package in '/home/kanat/ur5_new_ws/src/ur5_bringup' with build type 'ament_cmake'
[0.355s] INFO:colcon.colcon_cmake.task.cmake.build:Building CMake package in '/home/kanat/ur5_new_ws/src/ur5_bringup'
[0.355s] INFO:colcon.colcon_core.shell:Skip shell extension 'powershell' for command environment: Not usable outside of PowerShell
[0.356s] DEBUG:colcon.colcon_core.shell:Skip shell extension 'dsv' for command environment
[0.365s] INFO:colcon.colcon_ros.task.ament_python.build:Building ROS package in '/home/kanat/ur5_new_ws/src/ur5_control' with build type 'ament_python'
[0.365s] Level 1:colcon.colcon_core.shell:create_environment_hook('ur5_control', 'ament_prefix_path')
[0.365s] INFO:colcon.colcon_core.shell:Creating environment hook '/home/kanat/ur5_new_ws/install/ur5_control/share/ur5_control/hook/ament_prefix_path.ps1'
[0.367s] INFO:colcon.colcon_core.shell:Creating environment descriptor '/home/kanat/ur5_new_ws/install/ur5_control/share/ur5_control/hook/ament_prefix_path.dsv'
[0.367s] INFO:colcon.colcon_core.shell:Creating environment hook '/home/kanat/ur5_new_ws/install/ur5_control/share/ur5_control/hook/ament_prefix_path.sh'
[0.368s] INFO:colcon.colcon_core.shell:Skip shell extension 'powershell' for command environment: Not usable outside of PowerShell
[0.368s] DEBUG:colcon.colcon_core.shell:Skip shell extension 'dsv' for command environment
[0.385s] DEBUG:colcon.colcon_core.event_handler.log_command:Invoking command in '/home/kanat/ur5_new_ws/build/ur_custom_sim': CMAKE_PREFIX_PATH=${CMAKE_PREFIX_PATH}:/home/kanat/turtlebot3_ws/install/turtlebot3_control:/home/kanat/ros2_udemy_beginner/install/my_ros_services_py:/home/kanat/ros2_udemy_beginner/install/my_pkg_py:/opt/ros/jazzy DEBUGINFOD_URLS=https://debuginfod.ubuntu.com PS1=(myenv) \[\e]0;\u@\h: \w\a\]${debian_chroot:+($debian_chroot)}\[\033[01;32m\]\u@\h\[\033[00m\]:\[\033[01;34m\]\w\[\033[00m\]\$ VIRTUAL_ENV_PROMPT=(myenv) /usr/bin/cmake /home/kanat/ur5_new_ws/src/ur_custom_sim -DAMENT_CMAKE_SYMLINK_INSTALL=1 -DCMAKE_INSTALL_PREFIX=/home/kanat/ur5_new_ws/install/ur_custom_sim
[0.389s] DEBUG:colcon.colcon_core.event_handler.log_command:Invoking command in '/home/kanat/ur5_new_ws/build/ur_description': CMAKE_PREFIX_PATH=${CMAKE_PREFIX_PATH}:/home/kanat/turtlebot3_ws/install/turtlebot3_control:/home/kanat/ros2_udemy_beginner/install/my_ros_services_py:/home/kanat/ros2_udemy_beginner/install/my_pkg_py:/opt/ros/jazzy DEBUGINFOD_URLS=https://debuginfod.ubuntu.com PS1=(myenv) \[\e]0;\u@\h: \w\a\]${debian_chroot:+($debian_chroot)}\[\033[01;32m\]\u@\h\[\033[00m\]:\[\033[01;34m\]\w\[\033[00m\]\$ VIRTUAL_ENV_PROMPT=(myenv) /usr/bin/cmake /home/kanat/ur5_new_ws/src/Universal_Robots_ROS2_Description -DAMENT_CMAKE_SYMLINK_INSTALL=1 -DCMAKE_INSTALL_PREFIX=/home/kanat/ur5_new_ws/install/ur_description
[0.392s] DEBUG:colcon.colcon_core.event_handler.log_command:Invoking command in '/home/kanat/ur5_new_ws/build/ur5_bringup': CMAKE_PREFIX_PATH=${CMAKE_PREFIX_PATH}:/home/kanat/turtlebot3_ws/install/turtlebot3_control:/home/kanat/ros2_udemy_beginner/install/my_ros_services_py:/home/kanat/ros2_udemy_beginner/install/my_pkg_py:/opt/ros/jazzy DEBUGINFOD_URLS=https://debuginfod.ubuntu.com PS1=(myenv) \[\e]0;\u@\h: \w\a\]${debian_chroot:+($debian_chroot)}\[\033[01;32m\]\u@\h\[\033[00m\]:\[\033[01;34m\]\w\[\033[00m\]\$ VIRTUAL_ENV_PROMPT=(myenv) /usr/bin/cmake /home/kanat/ur5_new_ws/src/ur5_bringup -DAMENT_CMAKE_SYMLINK_INSTALL=1 -DCMAKE_INSTALL_PREFIX=/home/kanat/ur5_new_ws/install/ur5_bringup
[0.914s] INFO:colcon.colcon_core.task.python.build:Building Python package in '/home/kanat/ur5_new_ws/src/ur5_control'
[0.915s] INFO:colcon.colcon_core.shell:Skip shell extension 'powershell' for command environment: Not usable outside of PowerShell
[0.915s] DEBUG:colcon.colcon_core.shell:Skip shell extension 'dsv' for command environment
[1.108s] DEBUG:colcon.colcon_core.event_handler.log_command:Invoked command in '/home/kanat/ur5_new_ws/build/ur5_bringup' returned '0': CMAKE_PREFIX_PATH=${CMAKE_PREFIX_PATH}:/home/kanat/turtlebot3_ws/install/turtlebot3_control:/home/kanat/ros2_udemy_beginner/install/my_ros_services_py:/home/kanat/ros2_udemy_beginner/install/my_pkg_py:/opt/ros/jazzy DEBUGINFOD_URLS=https://debuginfod.ubuntu.com PS1=(myenv) \[\e]0;\u@\h: \w\a\]${debian_chroot:+($debian_chroot)}\[\033[01;32m\]\u@\h\[\033[00m\]:\[\033[01;34m\]\w\[\033[00m\]\$ VIRTUAL_ENV_PROMPT=(myenv) /usr/bin/cmake /home/kanat/ur5_new_ws/src/ur5_bringup -DAMENT_CMAKE_SYMLINK_INSTALL=1 -DCMAKE_INSTALL_PREFIX=/home/kanat/ur5_new_ws/install/ur5_bringup
[1.109s] DEBUG:colcon.colcon_core.event_handler.log_command:Invoking command in '/home/kanat/ur5_new_ws/build/ur5_bringup': CMAKE_PREFIX_PATH=${CMAKE_PREFIX_PATH}:/home/kanat/turtlebot3_ws/install/turtlebot3_control:/home/kanat/ros2_udemy_beginner/install/my_ros_services_py:/home/kanat/ros2_udemy_beginner/install/my_pkg_py:/opt/ros/jazzy DEBUGINFOD_URLS=https://debuginfod.ubuntu.com PS1=(myenv) \[\e]0;\u@\h: \w\a\]${debian_chroot:+($debian_chroot)}\[\033[01;32m\]\u@\h\[\033[00m\]:\[\033[01;34m\]\w\[\033[00m\]\$ VIRTUAL_ENV_PROMPT=(myenv) /usr/bin/cmake --build /home/kanat/ur5_new_ws/build/ur5_bringup -- -j20 -l20
[1.203s] DEBUG:colcon.colcon_core.event_handler.log_command:Invoked command in '/home/kanat/ur5_new_ws/build/ur5_bringup' returned '0': CMAKE_PREFIX_PATH=${CMAKE_PREFIX_PATH}:/home/kanat/turtlebot3_ws/install/turtlebot3_control:/home/kanat/ros2_udemy_beginner/install/my_ros_services_py:/home/kanat/ros2_udemy_beginner/install/my_pkg_py:/opt/ros/jazzy DEBUGINFOD_URLS=https://debuginfod.ubuntu.com PS1=(myenv) \[\e]0;\u@\h: \w\a\]${debian_chroot:+($debian_chroot)}\[\033[01;32m\]\u@\h\[\033[00m\]:\[\033[01;34m\]\w\[\033[00m\]\$ VIRTUAL_ENV_PROMPT=(myenv) /usr/bin/cmake --build /home/kanat/ur5_new_ws/build/ur5_bringup -- -j20 -l20
[1.224s] DEBUG:colcon.colcon_core.event_handler.log_command:Invoking command in '/home/kanat/ur5_new_ws/build/ur5_bringup': CMAKE_PREFIX_PATH=${CMAKE_PREFIX_PATH}:/home/kanat/turtlebot3_ws/install/turtlebot3_control:/home/kanat/ros2_udemy_beginner/install/my_ros_services_py:/home/kanat/ros2_udemy_beginner/install/my_pkg_py:/opt/ros/jazzy DEBUGINFOD_URLS=https://debuginfod.ubuntu.com PS1=(myenv) \[\e]0;\u@\h: \w\a\]${debian_chroot:+($debian_chroot)}\[\033[01;32m\]\u@\h\[\033[00m\]:\[\033[01;34m\]\w\[\033[00m\]\$ VIRTUAL_ENV_PROMPT=(myenv) /usr/bin/cmake --install /home/kanat/ur5_new_ws/build/ur5_bringup
[1.227s] DEBUG:colcon.colcon_core.event_handler.log_command:Invoked command in '/home/kanat/ur5_new_ws/build/ur_description' returned '0': CMAKE_PREFIX_PATH=${CMAKE_PREFIX_PATH}:/home/kanat/turtlebot3_ws/install/turtlebot3_control:/home/kanat/ros2_udemy_beginner/install/my_ros_services_py:/home/kanat/ros2_udemy_beginner/install/my_pkg_py:/opt/ros/jazzy DEBUGINFOD_URLS=https://debuginfod.ubuntu.com PS1=(myenv) \[\e]0;\u@\h: \w\a\]${debian_chroot:+($debian_chroot)}\[\033[01;32m\]\u@\h\[\033[00m\]:\[\033[01;34m\]\w\[\033[00m\]\$ VIRTUAL_ENV_PROMPT=(myenv) /usr/bin/cmake /home/kanat/ur5_new_ws/src/Universal_Robots_ROS2_Description -DAMENT_CMAKE_SYMLINK_INSTALL=1 -DCMAKE_INSTALL_PREFIX=/home/kanat/ur5_new_ws/install/ur_description
[1.230s] DEBUG:colcon.colcon_core.event_handler.log_command:Invoking command in '/home/kanat/ur5_new_ws/build/ur_description': CMAKE_PREFIX_PATH=${CMAKE_PREFIX_PATH}:/home/kanat/turtlebot3_ws/install/turtlebot3_control:/home/kanat/ros2_udemy_beginner/install/my_ros_services_py:/home/kanat/ros2_udemy_beginner/install/my_pkg_py:/opt/ros/jazzy DEBUGINFOD_URLS=https://debuginfod.ubuntu.com PS1=(myenv) \[\e]0;\u@\h: \w\a\]${debian_chroot:+($debian_chroot)}\[\033[01;32m\]\u@\h\[\033[00m\]:\[\033[01;34m\]\w\[\033[00m\]\$ VIRTUAL_ENV_PROMPT=(myenv) /usr/bin/cmake --build /home/kanat/ur5_new_ws/build/ur_description -- -j20 -l20
[1.320s] DEBUG:colcon.colcon_core.event_handler.log_command:Invoked command in '/home/kanat/ur5_new_ws/build/ur_description' returned '0': CMAKE_PREFIX_PATH=${CMAKE_PREFIX_PATH}:/home/kanat/turtlebot3_ws/install/turtlebot3_control:/home/kanat/ros2_udemy_beginner/install/my_ros_services_py:/home/kanat/ros2_udemy_beginner/install/my_pkg_py:/opt/ros/jazzy DEBUGINFOD_URLS=https://debuginfod.ubuntu.com PS1=(myenv) \[\e]0;\u@\h: \w\a\]${debian_chroot:+($debian_chroot)}\[\033[01;32m\]\u@\h\[\033[00m\]:\[\033[01;34m\]\w\[\033[00m\]\$ VIRTUAL_ENV_PROMPT=(myenv) /usr/bin/cmake --build /home/kanat/ur5_new_ws/build/ur_description -- -j20 -l20
[1.322s] DEBUG:colcon.colcon_core.event_handler.log_command:Invoking command in '/home/kanat/ur5_new_ws/build/ur_description': CMAKE_PREFIX_PATH=${CMAKE_PREFIX_PATH}:/home/kanat/turtlebot3_ws/install/turtlebot3_control:/home/kanat/ros2_udemy_beginner/install/my_ros_services_py:/home/kanat/ros2_udemy_beginner/install/my_pkg_py:/opt/ros/jazzy DEBUGINFOD_URLS=https://debuginfod.ubuntu.com PS1=(myenv) \[\e]0;\u@\h: \w\a\]${debian_chroot:+($debian_chroot)}\[\033[01;32m\]\u@\h\[\033[00m\]:\[\033[01;34m\]\w\[\033[00m\]\$ VIRTUAL_ENV_PROMPT=(myenv) /usr/bin/cmake --install /home/kanat/ur5_new_ws/build/ur_description
[1.626s] Level 1:colcon.colcon_core.environment:create_environment_scripts_only(ur5_bringup)
[1.627s] DEBUG:colcon.colcon_core.event_handler.log_command:Invoked command in '/home/kanat/ur5_new_ws/build/ur5_bringup' returned '0': CMAKE_PREFIX_PATH=${CMAKE_PREFIX_PATH}:/home/kanat/turtlebot3_ws/install/turtlebot3_control:/home/kanat/ros2_udemy_beginner/install/my_ros_services_py:/home/kanat/ros2_udemy_beginner/install/my_pkg_py:/opt/ros/jazzy DEBUGINFOD_URLS=https://debuginfod.ubuntu.com PS1=(myenv) \[\e]0;\u@\h: \w\a\]${debian_chroot:+($debian_chroot)}\[\033[01;32m\]\u@\h\[\033[00m\]:\[\033[01;34m\]\w\[\033[00m\]\$ VIRTUAL_ENV_PROMPT=(myenv) /usr/bin/cmake --install /home/kanat/ur5_new_ws/build/ur5_bringup
[1.632s] Level 1:colcon.colcon_core.environment:checking '/home/kanat/ur5_new_ws/install/ur5_bringup' for CMake module files
[1.634s] Level 1:colcon.colcon_core.environment:checking '/home/kanat/ur5_new_ws/install/ur5_bringup' for CMake config files
[1.635s] Level 1:colcon.colcon_core.shell:create_environment_hook('ur5_bringup', 'cmake_prefix_path')
[1.635s] INFO:colcon.colcon_core.shell:Creating environment hook '/home/kanat/ur5_new_ws/install/ur5_bringup/share/ur5_bringup/hook/cmake_prefix_path.ps1'
[1.636s] INFO:colcon.colcon_core.shell:Creating environment descriptor '/home/kanat/ur5_new_ws/install/ur5_bringup/share/ur5_bringup/hook/cmake_prefix_path.dsv'
[1.637s] INFO:colcon.colcon_core.shell:Creating environment hook '/home/kanat/ur5_new_ws/install/ur5_bringup/share/ur5_bringup/hook/cmake_prefix_path.sh'
[1.639s] Level 1:colcon.colcon_core.environment:checking '/home/kanat/ur5_new_ws/install/ur5_bringup/bin'
[1.639s] Level 1:colcon.colcon_core.environment:checking '/home/kanat/ur5_new_ws/install/ur5_bringup/lib/pkgconfig/ur5_bringup.pc'
[1.640s] Level 1:colcon.colcon_core.environment:checking '/home/kanat/ur5_new_ws/install/ur5_bringup/lib/python3.12/site-packages'
[1.641s] Level 1:colcon.colcon_core.environment:checking '/home/kanat/ur5_new_ws/install/ur5_bringup/bin'
[1.642s] INFO:colcon.colcon_core.shell:Creating package script '/home/kanat/ur5_new_ws/install/ur5_bringup/share/ur5_bringup/package.ps1'
[1.644s] INFO:colcon.colcon_core.shell:Creating package descriptor '/home/kanat/ur5_new_ws/install/ur5_bringup/share/ur5_bringup/package.dsv'
[1.646s] INFO:colcon.colcon_core.shell:Creating package script '/home/kanat/ur5_new_ws/install/ur5_bringup/share/ur5_bringup/package.sh'
[1.648s] INFO:colcon.colcon_core.shell:Creating package script '/home/kanat/ur5_new_ws/install/ur5_bringup/share/ur5_bringup/package.bash'
[1.649s] INFO:colcon.colcon_core.shell:Creating package script '/home/kanat/ur5_new_ws/install/ur5_bringup/share/ur5_bringup/package.zsh'
[1.650s] Level 1:colcon.colcon_core.environment:create_file_with_runtime_dependencies(/home/kanat/ur5_new_ws/install/ur5_bringup/share/colcon-core/packages/ur5_bringup)
[1.651s] Level 1:colcon.colcon_core.environment:create_environment_scripts_only(ur5_bringup)
[1.651s] Level 1:colcon.colcon_core.environment:checking '/home/kanat/ur5_new_ws/install/ur5_bringup' for CMake module files
[1.652s] Level 1:colcon.colcon_core.environment:checking '/home/kanat/ur5_new_ws/install/ur5_bringup' for CMake config files
[1.653s] Level 1:colcon.colcon_core.shell:create_environment_hook('ur5_bringup', 'cmake_prefix_path')
[1.653s] INFO:colcon.colcon_core.shell:Creating environment hook '/home/kanat/ur5_new_ws/install/ur5_bringup/share/ur5_bringup/hook/cmake_prefix_path.ps1'
[1.654s] INFO:colcon.colcon_core.shell:Creating environment descriptor '/home/kanat/ur5_new_ws/install/ur5_bringup/share/ur5_bringup/hook/cmake_prefix_path.dsv'
[1.655s] INFO:colcon.colcon_core.shell:Creating environment hook '/home/kanat/ur5_new_ws/install/ur5_bringup/share/ur5_bringup/hook/cmake_prefix_path.sh'
[1.656s] Level 1:colcon.colcon_core.environment:checking '/home/kanat/ur5_new_ws/install/ur5_bringup/bin'
[1.656s] Level 1:colcon.colcon_core.environment:checking '/home/kanat/ur5_new_ws/install/ur5_bringup/lib/pkgconfig/ur5_bringup.pc'
[1.657s] Level 1:colcon.colcon_core.environment:checking '/home/kanat/ur5_new_ws/install/ur5_bringup/lib/python3.12/site-packages'
[1.657s] Level 1:colcon.colcon_core.environment:checking '/home/kanat/ur5_new_ws/install/ur5_bringup/bin'
[1.658s] INFO:colcon.colcon_core.shell:Creating package script '/home/kanat/ur5_new_ws/install/ur5_bringup/share/ur5_bringup/package.ps1'
[1.659s] INFO:colcon.colcon_core.shell:Creating package descriptor '/home/kanat/ur5_new_ws/install/ur5_bringup/share/ur5_bringup/package.dsv'
[1.660s] INFO:colcon.colcon_core.shell:Creating package script '/home/kanat/ur5_new_ws/install/ur5_bringup/share/ur5_bringup/package.sh'
[1.661s] INFO:colcon.colcon_core.shell:Creating package script '/home/kanat/ur5_new_ws/install/ur5_bringup/share/ur5_bringup/package.bash'
[1.662s] INFO:colcon.colcon_core.shell:Creating package script '/home/kanat/ur5_new_ws/install/ur5_bringup/share/ur5_bringup/package.zsh'
[1.663s] Level 1:colcon.colcon_core.environment:create_file_with_runtime_dependencies(/home/kanat/ur5_new_ws/install/ur5_bringup/share/colcon-core/packages/ur5_bringup)
[1.913s] DEBUG:colcon.colcon_core.event_handler.log_command:Invoked command in '/home/kanat/ur5_new_ws/build/ur_custom_sim' returned '0': CMAKE_PREFIX_PATH=${CMAKE_PREFIX_PATH}:/home/kanat/turtlebot3_ws/install/turtlebot3_control:/home/kanat/ros2_udemy_beginner/install/my_ros_services_py:/home/kanat/ros2_udemy_beginner/install/my_pkg_py:/opt/ros/jazzy DEBUGINFOD_URLS=https://debuginfod.ubuntu.com PS1=(myenv) \[\e]0;\u@\h: \w\a\]${debian_chroot:+($debian_chroot)}\[\033[01;32m\]\u@\h\[\033[00m\]:\[\033[01;34m\]\w\[\033[00m\]\$ VIRTUAL_ENV_PROMPT=(myenv) /usr/bin/cmake /home/kanat/ur5_new_ws/src/ur_custom_sim -DAMENT_CMAKE_SYMLINK_INSTALL=1 -DCMAKE_INSTALL_PREFIX=/home/kanat/ur5_new_ws/install/ur_custom_sim
[1.915s] DEBUG:colcon.colcon_core.event_handler.log_command:Invoking command in '/home/kanat/ur5_new_ws/build/ur_custom_sim': CMAKE_PREFIX_PATH=${CMAKE_PREFIX_PATH}:/home/kanat/turtlebot3_ws/install/turtlebot3_control:/home/kanat/ros2_udemy_beginner/install/my_ros_services_py:/home/kanat/ros2_udemy_beginner/install/my_pkg_py:/opt/ros/jazzy DEBUGINFOD_URLS=https://debuginfod.ubuntu.com PS1=(myenv) \[\e]0;\u@\h: \w\a\]${debian_chroot:+($debian_chroot)}\[\033[01;32m\]\u@\h\[\033[00m\]:\[\033[01;34m\]\w\[\033[00m\]\$ VIRTUAL_ENV_PROMPT=(myenv) /usr/bin/cmake --build /home/kanat/ur5_new_ws/build/ur_custom_sim -- -j20 -l20
[2.015s] DEBUG:colcon.colcon_core.event_handler.log_command:Invoked command in '/home/kanat/ur5_new_ws/build/ur_custom_sim' returned '0': CMAKE_PREFIX_PATH=${CMAKE_PREFIX_PATH}:/home/kanat/turtlebot3_ws/install/turtlebot3_control:/home/kanat/ros2_udemy_beginner/install/my_ros_services_py:/home/kanat/ros2_udemy_beginner/install/my_pkg_py:/opt/ros/jazzy DEBUGINFOD_URLS=https://debuginfod.ubuntu.com PS1=(myenv) \[\e]0;\u@\h: \w\a\]${debian_chroot:+($debian_chroot)}\[\033[01;32m\]\u@\h\[\033[00m\]:\[\033[01;34m\]\w\[\033[00m\]\$ VIRTUAL_ENV_PROMPT=(myenv) /usr/bin/cmake --build /home/kanat/ur5_new_ws/build/ur_custom_sim -- -j20 -l20
[2.019s] DEBUG:colcon.colcon_core.event_handler.log_command:Invoking command in '/home/kanat/ur5_new_ws/build/ur_custom_sim': CMAKE_PREFIX_PATH=${CMAKE_PREFIX_PATH}:/home/kanat/turtlebot3_ws/install/turtlebot3_control:/home/kanat/ros2_udemy_beginner/install/my_ros_services_py:/home/kanat/ros2_udemy_beginner/install/my_pkg_py:/opt/ros/jazzy DEBUGINFOD_URLS=https://debuginfod.ubuntu.com PS1=(myenv) \[\e]0;\u@\h: \w\a\]${debian_chroot:+($debian_chroot)}\[\033[01;32m\]\u@\h\[\033[00m\]:\[\033[01;34m\]\w\[\033[00m\]\$ VIRTUAL_ENV_PROMPT=(myenv) /usr/bin/cmake --install /home/kanat/ur5_new_ws/build/ur_custom_sim
[2.355s] DEBUG:colcon.colcon_core.event_handler.log_command:Invoking command in '/home/kanat/ur5_new_ws/build/ur5_control': DEBUGINFOD_URLS=https://debuginfod.ubuntu.com PS1=(myenv) \[\e]0;\u@\h: \w\a\]${debian_chroot:+($debian_chroot)}\[\033[01;32m\]\u@\h\[\033[00m\]:\[\033[01;34m\]\w\[\033[00m\]\$ PYTHONPATH=/home/kanat/ur5_new_ws/build/ur5_control/prefix_override:/usr/lib/python3/dist-packages/colcon_core/task/python/colcon_distutils_commands:/home/kanat/ur5_new_ws/install/ur5_control/lib/python3.12/site-packages:${PYTHONPATH} VIRTUAL_ENV_PROMPT=(myenv) /usr/bin/python3 -W ignore:setup.py install is deprecated -W ignore:easy_install command is deprecated setup.py develop --editable --build-directory /home/kanat/ur5_new_ws/build/ur5_control/build --no-deps symlink_data
[2.580s] Level 1:colcon.colcon_core.environment:create_environment_scripts_only(ur_custom_sim)
[2.581s] Level 1:colcon.colcon_core.environment:checking '/home/kanat/ur5_new_ws/install/ur_custom_sim' for CMake module files
[2.582s] DEBUG:colcon.colcon_core.event_handler.log_command:Invoked command in '/home/kanat/ur5_new_ws/build/ur_custom_sim' returned '0': CMAKE_PREFIX_PATH=${CMAKE_PREFIX_PATH}:/home/kanat/turtlebot3_ws/install/turtlebot3_control:/home/kanat/ros2_udemy_beginner/install/my_ros_services_py:/home/kanat/ros2_udemy_beginner/install/my_pkg_py:/opt/ros/jazzy DEBUGINFOD_URLS=https://debuginfod.ubuntu.com PS1=(myenv) \[\e]0;\u@\h: \w\a\]${debian_chroot:+($debian_chroot)}\[\033[01;32m\]\u@\h\[\033[00m\]:\[\033[01;34m\]\w\[\033[00m\]\$ VIRTUAL_ENV_PROMPT=(myenv) /usr/bin/cmake --install /home/kanat/ur5_new_ws/build/ur_custom_sim
[2.583s] Level 1:colcon.colcon_core.environment:checking '/home/kanat/ur5_new_ws/install/ur_custom_sim' for CMake config files
[2.584s] Level 1:colcon.colcon_core.shell:create_environment_hook('ur_custom_sim', 'cmake_prefix_path')
[2.585s] INFO:colcon.colcon_core.shell:Creating environment hook '/home/kanat/ur5_new_ws/install/ur_custom_sim/share/ur_custom_sim/hook/cmake_prefix_path.ps1'
[2.586s] INFO:colcon.colcon_core.shell:Creating environment descriptor '/home/kanat/ur5_new_ws/install/ur_custom_sim/share/ur_custom_sim/hook/cmake_prefix_path.dsv'
[2.587s] INFO:colcon.colcon_core.shell:Creating environment hook '/home/kanat/ur5_new_ws/install/ur_custom_sim/share/ur_custom_sim/hook/cmake_prefix_path.sh'
[2.588s] Level 1:colcon.colcon_core.environment:checking '/home/kanat/ur5_new_ws/install/ur_custom_sim/bin'
[2.588s] Level 1:colcon.colcon_core.environment:checking '/home/kanat/ur5_new_ws/install/ur_custom_sim/lib/pkgconfig/ur_custom_sim.pc'
[2.588s] Level 1:colcon.colcon_core.environment:checking '/home/kanat/ur5_new_ws/install/ur_custom_sim/lib/python3.12/site-packages'
[2.589s] Level 1:colcon.colcon_core.environment:checking '/home/kanat/ur5_new_ws/install/ur_custom_sim/bin'
[2.589s] INFO:colcon.colcon_core.shell:Creating package script '/home/kanat/ur5_new_ws/install/ur_custom_sim/share/ur_custom_sim/package.ps1'
[2.590s] INFO:colcon.colcon_core.shell:Creating package descriptor '/home/kanat/ur5_new_ws/install/ur_custom_sim/share/ur_custom_sim/package.dsv'
[2.591s] INFO:colcon.colcon_core.shell:Creating package script '/home/kanat/ur5_new_ws/install/ur_custom_sim/share/ur_custom_sim/package.sh'
[2.592s] INFO:colcon.colcon_core.shell:Creating package script '/home/kanat/ur5_new_ws/install/ur_custom_sim/share/ur_custom_sim/package.bash'
[2.592s] INFO:colcon.colcon_core.shell:Creating package script '/home/kanat/ur5_new_ws/install/ur_custom_sim/share/ur_custom_sim/package.zsh'
[2.592s] Level 1:colcon.colcon_core.environment:create_file_with_runtime_dependencies(/home/kanat/ur5_new_ws/install/ur_custom_sim/share/colcon-core/packages/ur_custom_sim)
[2.593s] Level 1:colcon.colcon_core.environment:create_environment_scripts_only(ur_custom_sim)
[2.594s] Level 1:colcon.colcon_core.environment:checking '/home/kanat/ur5_new_ws/install/ur_custom_sim' for CMake module files
[2.595s] Level 1:colcon.colcon_core.environment:checking '/home/kanat/ur5_new_ws/install/ur_custom_sim' for CMake config files
[2.596s] Level 1:colcon.colcon_core.shell:create_environment_hook('ur_custom_sim', 'cmake_prefix_path')
[2.596s] INFO:colcon.colcon_core.shell:Creating environment hook '/home/kanat/ur5_new_ws/install/ur_custom_sim/share/ur_custom_sim/hook/cmake_prefix_path.ps1'
[2.597s] INFO:colcon.colcon_core.shell:Creating environment descriptor '/home/kanat/ur5_new_ws/install/ur_custom_sim/share/ur_custom_sim/hook/cmake_prefix_path.dsv'
[2.598s] INFO:colcon.colcon_core.shell:Creating environment hook '/home/kanat/ur5_new_ws/install/ur_custom_sim/share/ur_custom_sim/hook/cmake_prefix_path.sh'
[2.599s] Level 1:colcon.colcon_core.environment:checking '/home/kanat/ur5_new_ws/install/ur_custom_sim/bin'
[2.599s] Level 1:colcon.colcon_core.environment:checking '/home/kanat/ur5_new_ws/install/ur_custom_sim/lib/pkgconfig/ur_custom_sim.pc'
[2.600s] Level 1:colcon.colcon_core.environment:checking '/home/kanat/ur5_new_ws/install/ur_custom_sim/lib/python3.12/site-packages'
[2.600s] Level 1:colcon.colcon_core.environment:checking '/home/kanat/ur5_new_ws/install/ur_custom_sim/bin'
[2.601s] INFO:colcon.colcon_core.shell:Creating package script '/home/kanat/ur5_new_ws/install/ur_custom_sim/share/ur_custom_sim/package.ps1'
[2.602s] INFO:colcon.colcon_core.shell:Creating package descriptor '/home/kanat/ur5_new_ws/install/ur_custom_sim/share/ur_custom_sim/package.dsv'
[2.602s] INFO:colcon.colcon_core.shell:Creating package script '/home/kanat/ur5_new_ws/install/ur_custom_sim/share/ur_custom_sim/package.sh'
[2.603s] INFO:colcon.colcon_core.shell:Creating package script '/home/kanat/ur5_new_ws/install/ur_custom_sim/share/ur_custom_sim/package.bash'
[2.604s] INFO:colcon.colcon_core.shell:Creating package script '/home/kanat/ur5_new_ws/install/ur_custom_sim/share/ur_custom_sim/package.zsh'
[2.604s] Level 1:colcon.colcon_core.environment:create_file_with_runtime_dependencies(/home/kanat/ur5_new_ws/install/ur_custom_sim/share/colcon-core/packages/ur_custom_sim)
[2.605s] INFO:colcon.colcon_ros.task.ament_cmake.build:Building ROS package in '/home/kanat/ur5_new_ws/src/ur5_moveit_config' with build type 'ament_cmake'
[2.605s] INFO:colcon.colcon_cmake.task.cmake.build:Building CMake package in '/home/kanat/ur5_new_ws/src/ur5_moveit_config'
[2.605s] INFO:colcon.colcon_core.shell:Skip shell extension 'powershell' for command environment: Not usable outside of PowerShell
[2.606s] DEBUG:colcon.colcon_core.shell:Skip shell extension 'dsv' for command environment
[2.631s] DEBUG:colcon.colcon_core.event_handler.log_command:Invoking command in '/home/kanat/ur5_new_ws/build/ur5_moveit_config': AMENT_PREFIX_PATH=/home/kanat/ur5_new_ws/install/ur_custom_sim:${AMENT_PREFIX_PATH} CMAKE_PREFIX_PATH=/home/kanat/ur5_new_ws/install/ur_custom_sim:/home/kanat/turtlebot3_ws/install/turtlebot3_simulations:/home/kanat/turtlebot3_ws/install/turtlebot3_gazebo:/home/kanat/turtlebot3_ws/install/turtlebot3_fake_node:/home/kanat/custom_manipulator_ws/install/custom_manipulator_bringup:/home/kanat/custom_manipulator_ws/install/custom_manipulator_moveit_config:/home/kanat/custom_manipulator_ws/install/custom_manipulator_description:/home/kanat/custom_manipulator_ws/install/custom_manipulator_commander_cpp:/home/kanat/custom_manipulator_ws/install/custom_interfaces:/home/kanat/ros2_udemy_beginner/install/my_interfaces:/opt/ros/jazzy/opt/gz_sim_vendor:/opt/ros/jazzy/opt/gz_sensors_vendor:/opt/ros/jazzy/opt/gz_physics_vendor:/opt/ros/jazzy/opt/sdformat_vendor:/opt/ros/jazzy/opt/gz_gui_vendor:/opt/ros/jazzy/opt/gz_transport_vendor:/opt/ros/jazzy/opt/gz_rendering_vendor:/opt/ros/jazzy/opt/gz_plugin_vendor:/opt/ros/jazzy/opt/gz_fuel_tools_vendor:/opt/ros/jazzy/opt/gz_msgs_vendor:/opt/ros/jazzy/opt/gz_common_vendor:/opt/ros/jazzy/opt/gz_math_vendor:/opt/ros/jazzy/opt/gz_utils_vendor:/opt/ros/jazzy/opt/gz_tools_vendor:/opt/ros/jazzy/opt/gz_ogre_next_vendor:/opt/ros/jazzy/opt/gz_dartsim_vendor:/opt/ros/jazzy/opt/gz_cmake_vendor:/home/kanat/turtlebot3_ws/install/turtlebot3_control:/home/kanat/ros2_udemy_beginner/install/my_ros_services_py:/home/kanat/ros2_udemy_beginner/install/my_pkg_py:/opt/ros/jazzy DEBUGINFOD_URLS=https://debuginfod.ubuntu.com PS1=(myenv) \[\e]0;\u@\h: \w\a\]${debian_chroot:+($debian_chroot)}\[\033[01;32m\]\u@\h\[\033[00m\]:\[\033[01;34m\]\w\[\033[00m\]\$ VIRTUAL_ENV_PROMPT=(myenv) /usr/bin/cmake /home/kanat/ur5_new_ws/src/ur5_moveit_config -DAMENT_CMAKE_SYMLINK_INSTALL=1 -DCMAKE_INSTALL_PREFIX=/home/kanat/ur5_new_ws/install/ur5_moveit_config
[3.856s] Level 1:colcon.colcon_core.shell:create_environment_hook('ur5_control', 'pythonpath_develop')
[3.856s] INFO:colcon.colcon_core.shell:Creating environment hook '/home/kanat/ur5_new_ws/build/ur5_control/share/ur5_control/hook/pythonpath_develop.ps1'
[3.857s] DEBUG:colcon.colcon_core.event_handler.log_command:Invoked command in '/home/kanat/ur5_new_ws/build/ur5_control' returned '0': DEBUGINFOD_URLS=https://debuginfod.ubuntu.com PS1=(myenv) \[\e]0;\u@\h: \w\a\]${debian_chroot:+($debian_chroot)}\[\033[01;32m\]\u@\h\[\033[00m\]:\[\033[01;34m\]\w\[\033[00m\]\$ PYTHONPATH=/home/kanat/ur5_new_ws/build/ur5_control/prefix_override:/usr/lib/python3/dist-packages/colcon_core/task/python/colcon_distutils_commands:/home/kanat/ur5_new_ws/install/ur5_control/lib/python3.12/site-packages:${PYTHONPATH} VIRTUAL_ENV_PROMPT=(myenv) /usr/bin/python3 -W ignore:setup.py install is deprecated -W ignore:easy_install command is deprecated setup.py develop --editable --build-directory /home/kanat/ur5_new_ws/build/ur5_control/build --no-deps symlink_data
[3.858s] INFO:colcon.colcon_core.shell:Creating environment descriptor '/home/kanat/ur5_new_ws/build/ur5_control/share/ur5_control/hook/pythonpath_develop.dsv'
[3.859s] INFO:colcon.colcon_core.shell:Creating environment hook '/home/kanat/ur5_new_ws/build/ur5_control/share/ur5_control/hook/pythonpath_develop.sh'
[3.860s] Level 1:colcon.colcon_core.environment:checking '/home/kanat/ur5_new_ws/install/ur5_control' for CMake module files
[3.861s] Level 1:colcon.colcon_core.environment:checking '/home/kanat/ur5_new_ws/install/ur5_control' for CMake config files
[3.862s] Level 1:colcon.colcon_core.environment:checking '/home/kanat/ur5_new_ws/install/ur5_control/lib'
[3.862s] Level 1:colcon.colcon_core.environment:checking '/home/kanat/ur5_new_ws/install/ur5_control/bin'
[3.862s] Level 1:colcon.colcon_core.environment:checking '/home/kanat/ur5_new_ws/install/ur5_control/lib/pkgconfig/ur5_control.pc'
[3.863s] Level 1:colcon.colcon_core.environment:checking '/home/kanat/ur5_new_ws/install/ur5_control/lib/python3.12/site-packages'
[3.863s] Level 1:colcon.colcon_core.shell:create_environment_hook('ur5_control', 'pythonpath')
[3.863s] INFO:colcon.colcon_core.shell:Creating environment hook '/home/kanat/ur5_new_ws/install/ur5_control/share/ur5_control/hook/pythonpath.ps1'
[3.864s] INFO:colcon.colcon_core.shell:Creating environment descriptor '/home/kanat/ur5_new_ws/install/ur5_control/share/ur5_control/hook/pythonpath.dsv'
[3.865s] INFO:colcon.colcon_core.shell:Creating environment hook '/home/kanat/ur5_new_ws/install/ur5_control/share/ur5_control/hook/pythonpath.sh'
[3.866s] Level 1:colcon.colcon_core.environment:checking '/home/kanat/ur5_new_ws/install/ur5_control/bin'
[3.866s] Level 1:colcon.colcon_core.environment:create_environment_scripts_only(ur5_control)
[3.867s] INFO:colcon.colcon_core.shell:Creating package script '/home/kanat/ur5_new_ws/install/ur5_control/share/ur5_control/package.ps1'
[3.868s] INFO:colcon.colcon_core.shell:Creating package descriptor '/home/kanat/ur5_new_ws/install/ur5_control/share/ur5_control/package.dsv'
[3.869s] INFO:colcon.colcon_core.shell:Creating package script '/home/kanat/ur5_new_ws/install/ur5_control/share/ur5_control/package.sh'
[3.870s] INFO:colcon.colcon_core.shell:Creating package script '/home/kanat/ur5_new_ws/install/ur5_control/share/ur5_control/package.bash'
[3.871s] INFO:colcon.colcon_core.shell:Creating package script '/home/kanat/ur5_new_ws/install/ur5_control/share/ur5_control/package.zsh'
[3.871s] Level 1:colcon.colcon_core.environment:create_file_with_runtime_dependencies(/home/kanat/ur5_new_ws/install/ur5_control/share/colcon-core/packages/ur5_control)
[4.112s] DEBUG:colcon.colcon_core.event_handler.log_command:Invoked command in '/home/kanat/ur5_new_ws/build/ur5_moveit_config' returned '0': AMENT_PREFIX_PATH=/home/kanat/ur5_new_ws/install/ur_custom_sim:${AMENT_PREFIX_PATH} CMAKE_PREFIX_PATH=/home/kanat/ur5_new_ws/install/ur_custom_sim:/home/kanat/turtlebot3_ws/install/turtlebot3_simulations:/home/kanat/turtlebot3_ws/install/turtlebot3_gazebo:/home/kanat/turtlebot3_ws/install/turtlebot3_fake_node:/home/kanat/custom_manipulator_ws/install/custom_manipulator_bringup:/home/kanat/custom_manipulator_ws/install/custom_manipulator_moveit_config:/home/kanat/custom_manipulator_ws/install/custom_manipulator_description:/home/kanat/custom_manipulator_ws/install/custom_manipulator_commander_cpp:/home/kanat/custom_manipulator_ws/install/custom_interfaces:/home/kanat/ros2_udemy_beginner/install/my_interfaces:/opt/ros/jazzy/opt/gz_sim_vendor:/opt/ros/jazzy/opt/gz_sensors_vendor:/opt/ros/jazzy/opt/gz_physics_vendor:/opt/ros/jazzy/opt/sdformat_vendor:/opt/ros/jazzy/opt/gz_gui_vendor:/opt/ros/jazzy/opt/gz_transport_vendor:/opt/ros/jazzy/opt/gz_rendering_vendor:/opt/ros/jazzy/opt/gz_plugin_vendor:/opt/ros/jazzy/opt/gz_fuel_tools_vendor:/opt/ros/jazzy/opt/gz_msgs_vendor:/opt/ros/jazzy/opt/gz_common_vendor:/opt/ros/jazzy/opt/gz_math_vendor:/opt/ros/jazzy/opt/gz_utils_vendor:/opt/ros/jazzy/opt/gz_tools_vendor:/opt/ros/jazzy/opt/gz_ogre_next_vendor:/opt/ros/jazzy/opt/gz_dartsim_vendor:/opt/ros/jazzy/opt/gz_cmake_vendor:/home/kanat/turtlebot3_ws/install/turtlebot3_control:/home/kanat/ros2_udemy_beginner/install/my_ros_services_py:/home/kanat/ros2_udemy_beginner/install/my_pkg_py:/opt/ros/jazzy DEBUGINFOD_URLS=https://debuginfod.ubuntu.com PS1=(myenv) \[\e]0;\u@\h: \w\a\]${debian_chroot:+($debian_chroot)}\[\033[01;32m\]\u@\h\[\033[00m\]:\[\033[01;34m\]\w\[\033[00m\]\$ VIRTUAL_ENV_PROMPT=(myenv) /usr/bin/cmake /home/kanat/ur5_new_ws/src/ur5_moveit_config -DAMENT_CMAKE_SYMLINK_INSTALL=1 -DCMAKE_INSTALL_PREFIX=/home/kanat/ur5_new_ws/install/ur5_moveit_config
[4.114s] DEBUG:colcon.colcon_core.event_handler.log_command:Invoking command in '/home/kanat/ur5_new_ws/build/ur5_moveit_config': AMENT_PREFIX_PATH=/home/kanat/ur5_new_ws/install/ur_custom_sim:${AMENT_PREFIX_PATH} CMAKE_PREFIX_PATH=/home/kanat/ur5_new_ws/install/ur_custom_sim:/home/kanat/turtlebot3_ws/install/turtlebot3_simulations:/home/kanat/turtlebot3_ws/install/turtlebot3_gazebo:/home/kanat/turtlebot3_ws/install/turtlebot3_fake_node:/home/kanat/custom_manipulator_ws/install/custom_manipulator_bringup:/home/kanat/custom_manipulator_ws/install/custom_manipulator_moveit_config:/home/kanat/custom_manipulator_ws/install/custom_manipulator_description:/home/kanat/custom_manipulator_ws/install/custom_manipulator_commander_cpp:/home/kanat/custom_manipulator_ws/install/custom_interfaces:/home/kanat/ros2_udemy_beginner/install/my_interfaces:/opt/ros/jazzy/opt/gz_sim_vendor:/opt/ros/jazzy/opt/gz_sensors_vendor:/opt/ros/jazzy/opt/gz_physics_vendor:/opt/ros/jazzy/opt/sdformat_vendor:/opt/ros/jazzy/opt/gz_gui_vendor:/opt/ros/jazzy/opt/gz_transport_vendor:/opt/ros/jazzy/opt/gz_rendering_vendor:/opt/ros/jazzy/opt/gz_plugin_vendor:/opt/ros/jazzy/opt/gz_fuel_tools_vendor:/opt/ros/jazzy/opt/gz_msgs_vendor:/opt/ros/jazzy/opt/gz_common_vendor:/opt/ros/jazzy/opt/gz_math_vendor:/opt/ros/jazzy/opt/gz_utils_vendor:/opt/ros/jazzy/opt/gz_tools_vendor:/opt/ros/jazzy/opt/gz_ogre_next_vendor:/opt/ros/jazzy/opt/gz_dartsim_vendor:/opt/ros/jazzy/opt/gz_cmake_vendor:/home/kanat/turtlebot3_ws/install/turtlebot3_control:/home/kanat/ros2_udemy_beginner/install/my_ros_services_py:/home/kanat/ros2_udemy_beginner/install/my_pkg_py:/opt/ros/jazzy DEBUGINFOD_URLS=https://debuginfod.ubuntu.com PS1=(myenv) \[\e]0;\u@\h: \w\a\]${debian_chroot:+($debian_chroot)}\[\033[01;32m\]\u@\h\[\033[00m\]:\[\033[01;34m\]\w\[\033[00m\]\$ VIRTUAL_ENV_PROMPT=(myenv) /usr/bin/cmake --build /home/kanat/ur5_new_ws/build/ur5_moveit_config -- -j20 -l20
[4.181s] DEBUG:colcon.colcon_core.event_handler.log_command:Invoked command in '/home/kanat/ur5_new_ws/build/ur5_moveit_config' returned '0': AMENT_PREFIX_PATH=/home/kanat/ur5_new_ws/install/ur_custom_sim:${AMENT_PREFIX_PATH} CMAKE_PREFIX_PATH=/home/kanat/ur5_new_ws/install/ur_custom_sim:/home/kanat/turtlebot3_ws/install/turtlebot3_simulations:/home/kanat/turtlebot3_ws/install/turtlebot3_gazebo:/home/kanat/turtlebot3_ws/install/turtlebot3_fake_node:/home/kanat/custom_manipulator_ws/install/custom_manipulator_bringup:/home/kanat/custom_manipulator_ws/install/custom_manipulator_moveit_config:/home/kanat/custom_manipulator_ws/install/custom_manipulator_description:/home/kanat/custom_manipulator_ws/install/custom_manipulator_commander_cpp:/home/kanat/custom_manipulator_ws/install/custom_interfaces:/home/kanat/ros2_udemy_beginner/install/my_interfaces:/opt/ros/jazzy/opt/gz_sim_vendor:/opt/ros/jazzy/opt/gz_sensors_vendor:/opt/ros/jazzy/opt/gz_physics_vendor:/opt/ros/jazzy/opt/sdformat_vendor:/opt/ros/jazzy/opt/gz_gui_vendor:/opt/ros/jazzy/opt/gz_transport_vendor:/opt/ros/jazzy/opt/gz_rendering_vendor:/opt/ros/jazzy/opt/gz_plugin_vendor:/opt/ros/jazzy/opt/gz_fuel_tools_vendor:/opt/ros/jazzy/opt/gz_msgs_vendor:/opt/ros/jazzy/opt/gz_common_vendor:/opt/ros/jazzy/opt/gz_math_vendor:/opt/ros/jazzy/opt/gz_utils_vendor:/opt/ros/jazzy/opt/gz_tools_vendor:/opt/ros/jazzy/opt/gz_ogre_next_vendor:/opt/ros/jazzy/opt/gz_dartsim_vendor:/opt/ros/jazzy/opt/gz_cmake_vendor:/home/kanat/turtlebot3_ws/install/turtlebot3_control:/home/kanat/ros2_udemy_beginner/install/my_ros_services_py:/home/kanat/ros2_udemy_beginner/install/my_pkg_py:/opt/ros/jazzy DEBUGINFOD_URLS=https://debuginfod.ubuntu.com PS1=(myenv) \[\e]0;\u@\h: \w\a\]${debian_chroot:+($debian_chroot)}\[\033[01;32m\]\u@\h\[\033[00m\]:\[\033[01;34m\]\w\[\033[00m\]\$ VIRTUAL_ENV_PROMPT=(myenv) /usr/bin/cmake --build /home/kanat/ur5_new_ws/build/ur5_moveit_config -- -j20 -l20
[4.183s] DEBUG:colcon.colcon_core.event_handler.log_command:Invoking command in '/home/kanat/ur5_new_ws/build/ur5_moveit_config': AMENT_PREFIX_PATH=/home/kanat/ur5_new_ws/install/ur_custom_sim:${AMENT_PREFIX_PATH} CMAKE_PREFIX_PATH=/home/kanat/ur5_new_ws/install/ur_custom_sim:/home/kanat/turtlebot3_ws/install/turtlebot3_simulations:/home/kanat/turtlebot3_ws/install/turtlebot3_gazebo:/home/kanat/turtlebot3_ws/install/turtlebot3_fake_node:/home/kanat/custom_manipulator_ws/install/custom_manipulator_bringup:/home/kanat/custom_manipulator_ws/install/custom_manipulator_moveit_config:/home/kanat/custom_manipulator_ws/install/custom_manipulator_description:/home/kanat/custom_manipulator_ws/install/custom_manipulator_commander_cpp:/home/kanat/custom_manipulator_ws/install/custom_interfaces:/home/kanat/ros2_udemy_beginner/install/my_interfaces:/opt/ros/jazzy/opt/gz_sim_vendor:/opt/ros/jazzy/opt/gz_sensors_vendor:/opt/ros/jazzy/opt/gz_physics_vendor:/opt/ros/jazzy/opt/sdformat_vendor:/opt/ros/jazzy/opt/gz_gui_vendor:/opt/ros/jazzy/opt/gz_transport_vendor:/opt/ros/jazzy/opt/gz_rendering_vendor:/opt/ros/jazzy/opt/gz_plugin_vendor:/opt/ros/jazzy/opt/gz_fuel_tools_vendor:/opt/ros/jazzy/opt/gz_msgs_vendor:/opt/ros/jazzy/opt/gz_common_vendor:/opt/ros/jazzy/opt/gz_math_vendor:/opt/ros/jazzy/opt/gz_utils_vendor:/opt/ros/jazzy/opt/gz_tools_vendor:/opt/ros/jazzy/opt/gz_ogre_next_vendor:/opt/ros/jazzy/opt/gz_dartsim_vendor:/opt/ros/jazzy/opt/gz_cmake_vendor:/home/kanat/turtlebot3_ws/install/turtlebot3_control:/home/kanat/ros2_udemy_beginner/install/my_ros_services_py:/home/kanat/ros2_udemy_beginner/install/my_pkg_py:/opt/ros/jazzy DEBUGINFOD_URLS=https://debuginfod.ubuntu.com PS1=(myenv) \[\e]0;\u@\h: \w\a\]${debian_chroot:+($debian_chroot)}\[\033[01;32m\]\u@\h\[\033[00m\]:\[\033[01;34m\]\w\[\033[00m\]\$ VIRTUAL_ENV_PROMPT=(myenv) /usr/bin/cmake --install /home/kanat/ur5_new_ws/build/ur5_moveit_config
[4.765s] Level 1:colcon.colcon_core.environment:create_environment_scripts_only(ur5_moveit_config)
[4.766s] Level 1:colcon.colcon_core.environment:checking '/home/kanat/ur5_new_ws/install/ur5_moveit_config' for CMake module files
[4.767s] DEBUG:colcon.colcon_core.event_handler.log_command:Invoked command in '/home/kanat/ur5_new_ws/build/ur5_moveit_config' returned '0': AMENT_PREFIX_PATH=/home/kanat/ur5_new_ws/install/ur_custom_sim:${AMENT_PREFIX_PATH} CMAKE_PREFIX_PATH=/home/kanat/ur5_new_ws/install/ur_custom_sim:/home/kanat/turtlebot3_ws/install/turtlebot3_simulations:/home/kanat/turtlebot3_ws/install/turtlebot3_gazebo:/home/kanat/turtlebot3_ws/install/turtlebot3_fake_node:/home/kanat/custom_manipulator_ws/install/custom_manipulator_bringup:/home/kanat/custom_manipulator_ws/install/custom_manipulator_moveit_config:/home/kanat/custom_manipulator_ws/install/custom_manipulator_description:/home/kanat/custom_manipulator_ws/install/custom_manipulator_commander_cpp:/home/kanat/custom_manipulator_ws/install/custom_interfaces:/home/kanat/ros2_udemy_beginner/install/my_interfaces:/opt/ros/jazzy/opt/gz_sim_vendor:/opt/ros/jazzy/opt/gz_sensors_vendor:/opt/ros/jazzy/opt/gz_physics_vendor:/opt/ros/jazzy/opt/sdformat_vendor:/opt/ros/jazzy/opt/gz_gui_vendor:/opt/ros/jazzy/opt/gz_transport_vendor:/opt/ros/jazzy/opt/gz_rendering_vendor:/opt/ros/jazzy/opt/gz_plugin_vendor:/opt/ros/jazzy/opt/gz_fuel_tools_vendor:/opt/ros/jazzy/opt/gz_msgs_vendor:/opt/ros/jazzy/opt/gz_common_vendor:/opt/ros/jazzy/opt/gz_math_vendor:/opt/ros/jazzy/opt/gz_utils_vendor:/opt/ros/jazzy/opt/gz_tools_vendor:/opt/ros/jazzy/opt/gz_ogre_next_vendor:/opt/ros/jazzy/opt/gz_dartsim_vendor:/opt/ros/jazzy/opt/gz_cmake_vendor:/home/kanat/turtlebot3_ws/install/turtlebot3_control:/home/kanat/ros2_udemy_beginner/install/my_ros_services_py:/home/kanat/ros2_udemy_beginner/install/my_pkg_py:/opt/ros/jazzy DEBUGINFOD_URLS=https://debuginfod.ubuntu.com PS1=(myenv) \[\e]0;\u@\h: \w\a\]${debian_chroot:+($debian_chroot)}\[\033[01;32m\]\u@\h\[\033[00m\]:\[\033[01;34m\]\w\[\033[00m\]\$ VIRTUAL_ENV_PROMPT=(myenv) /usr/bin/cmake --install /home/kanat/ur5_new_ws/build/ur5_moveit_config
[4.768s] Level 1:colcon.colcon_core.environment:checking '/home/kanat/ur5_new_ws/install/ur5_moveit_config' for CMake config files
[4.768s] Level 1:colcon.colcon_core.shell:create_environment_hook('ur5_moveit_config', 'cmake_prefix_path')
[4.769s] INFO:colcon.colcon_core.shell:Creating environment hook '/home/kanat/ur5_new_ws/install/ur5_moveit_config/share/ur5_moveit_config/hook/cmake_prefix_path.ps1'
[4.770s] INFO:colcon.colcon_core.shell:Creating environment descriptor '/home/kanat/ur5_new_ws/install/ur5_moveit_config/share/ur5_moveit_config/hook/cmake_prefix_path.dsv'
[4.770s] INFO:colcon.colcon_core.shell:Creating environment hook '/home/kanat/ur5_new_ws/install/ur5_moveit_config/share/ur5_moveit_config/hook/cmake_prefix_path.sh'
[4.771s] Level 1:colcon.colcon_core.environment:checking '/home/kanat/ur5_new_ws/install/ur5_moveit_config/bin'
[4.771s] Level 1:colcon.colcon_core.environment:checking '/home/kanat/ur5_new_ws/install/ur5_moveit_config/lib/pkgconfig/ur5_moveit_config.pc'
[4.771s] Level 1:colcon.colcon_core.environment:checking '/home/kanat/ur5_new_ws/install/ur5_moveit_config/lib/python3.12/site-packages'
[4.772s] Level 1:colcon.colcon_core.environment:checking '/home/kanat/ur5_new_ws/install/ur5_moveit_config/bin'
[4.772s] INFO:colcon.colcon_core.shell:Creating package script '/home/kanat/ur5_new_ws/install/ur5_moveit_config/share/ur5_moveit_config/package.ps1'
[4.773s] INFO:colcon.colcon_core.shell:Creating package descriptor '/home/kanat/ur5_new_ws/install/ur5_moveit_config/share/ur5_moveit_config/package.dsv'
[4.774s] INFO:colcon.colcon_core.shell:Creating package script '/home/kanat/ur5_new_ws/install/ur5_moveit_config/share/ur5_moveit_config/package.sh'
[4.774s] INFO:colcon.colcon_core.shell:Creating package script '/home/kanat/ur5_new_ws/install/ur5_moveit_config/share/ur5_moveit_config/package.bash'
[4.775s] INFO:colcon.colcon_core.shell:Creating package script '/home/kanat/ur5_new_ws/install/ur5_moveit_config/share/ur5_moveit_config/package.zsh'
[4.775s] Level 1:colcon.colcon_core.environment:create_file_with_runtime_dependencies(/home/kanat/ur5_new_ws/install/ur5_moveit_config/share/colcon-core/packages/ur5_moveit_config)
[4.776s] Level 1:colcon.colcon_core.environment:create_environment_scripts_only(ur5_moveit_config)
[4.776s] Level 1:colcon.colcon_core.environment:checking '/home/kanat/ur5_new_ws/install/ur5_moveit_config' for CMake module files
[4.777s] Level 1:colcon.colcon_core.environment:checking '/home/kanat/ur5_new_ws/install/ur5_moveit_config' for CMake config files
[4.777s] Level 1:colcon.colcon_core.shell:create_environment_hook('ur5_moveit_config', 'cmake_prefix_path')
[4.778s] INFO:colcon.colcon_core.shell:Creating environment hook '/home/kanat/ur5_new_ws/install/ur5_moveit_config/share/ur5_moveit_config/hook/cmake_prefix_path.ps1'
[4.778s] INFO:colcon.colcon_core.shell:Creating environment descriptor '/home/kanat/ur5_new_ws/install/ur5_moveit_config/share/ur5_moveit_config/hook/cmake_prefix_path.dsv'
[4.779s] INFO:colcon.colcon_core.shell:Creating environment hook '/home/kanat/ur5_new_ws/install/ur5_moveit_config/share/ur5_moveit_config/hook/cmake_prefix_path.sh'
[4.780s] Level 1:colcon.colcon_core.environment:checking '/home/kanat/ur5_new_ws/install/ur5_moveit_config/bin'
[4.780s] Level 1:colcon.colcon_core.environment:checking '/home/kanat/ur5_new_ws/install/ur5_moveit_config/lib/pkgconfig/ur5_moveit_config.pc'
[4.780s] Level 1:colcon.colcon_core.environment:checking '/home/kanat/ur5_new_ws/install/ur5_moveit_config/lib/python3.12/site-packages'
[4.781s] Level 1:colcon.colcon_core.environment:checking '/home/kanat/ur5_new_ws/install/ur5_moveit_config/bin'
[4.781s] INFO:colcon.colcon_core.shell:Creating package script '/home/kanat/ur5_new_ws/install/ur5_moveit_config/share/ur5_moveit_config/package.ps1'
[4.782s] INFO:colcon.colcon_core.shell:Creating package descriptor '/home/kanat/ur5_new_ws/install/ur5_moveit_config/share/ur5_moveit_config/package.dsv'
[4.783s] INFO:colcon.colcon_core.shell:Creating package script '/home/kanat/ur5_new_ws/install/ur5_moveit_config/share/ur5_moveit_config/package.sh'
[4.784s] INFO:colcon.colcon_core.shell:Creating package script '/home/kanat/ur5_new_ws/install/ur5_moveit_config/share/ur5_moveit_config/package.bash'
[4.784s] INFO:colcon.colcon_core.shell:Creating package script '/home/kanat/ur5_new_ws/install/ur5_moveit_config/share/ur5_moveit_config/package.zsh'
[4.785s] Level 1:colcon.colcon_core.environment:create_file_with_runtime_dependencies(/home/kanat/ur5_new_ws/install/ur5_moveit_config/share/colcon-core/packages/ur5_moveit_config)
[5.213s] Level 1:colcon.colcon_core.environment:create_environment_scripts_only(ur_description)
[5.213s] Level 1:colcon.colcon_core.environment:checking '/home/kanat/ur5_new_ws/install/ur_description' for CMake module files
[5.214s] DEBUG:colcon.colcon_core.event_handler.log_command:Invoked command in '/home/kanat/ur5_new_ws/build/ur_description' returned '0': CMAKE_PREFIX_PATH=${CMAKE_PREFIX_PATH}:/home/kanat/turtlebot3_ws/install/turtlebot3_control:/home/kanat/ros2_udemy_beginner/install/my_ros_services_py:/home/kanat/ros2_udemy_beginner/install/my_pkg_py:/opt/ros/jazzy DEBUGINFOD_URLS=https://debuginfod.ubuntu.com PS1=(myenv) \[\e]0;\u@\h: \w\a\]${debian_chroot:+($debian_chroot)}\[\033[01;32m\]\u@\h\[\033[00m\]:\[\033[01;34m\]\w\[\033[00m\]\$ VIRTUAL_ENV_PROMPT=(myenv) /usr/bin/cmake --install /home/kanat/ur5_new_ws/build/ur_description
[5.214s] Level 1:colcon.colcon_core.environment:checking '/home/kanat/ur5_new_ws/install/ur_description' for CMake config files
[5.217s] Level 1:colcon.colcon_core.shell:create_environment_hook('ur_description', 'cmake_prefix_path')
[5.217s] INFO:colcon.colcon_core.shell:Creating environment hook '/home/kanat/ur5_new_ws/install/ur_description/share/ur_description/hook/cmake_prefix_path.ps1'
[5.217s] INFO:colcon.colcon_core.shell:Creating environment descriptor '/home/kanat/ur5_new_ws/install/ur_description/share/ur_description/hook/cmake_prefix_path.dsv'
[5.218s] INFO:colcon.colcon_core.shell:Creating environment hook '/home/kanat/ur5_new_ws/install/ur_description/share/ur_description/hook/cmake_prefix_path.sh'
[5.218s] Level 1:colcon.colcon_core.environment:checking '/home/kanat/ur5_new_ws/install/ur_description/bin'
[5.219s] Level 1:colcon.colcon_core.environment:checking '/home/kanat/ur5_new_ws/install/ur_description/lib/pkgconfig/ur_description.pc'
[5.219s] Level 1:colcon.colcon_core.environment:checking '/home/kanat/ur5_new_ws/install/ur_description/lib/python3.12/site-packages'
[5.219s] Level 1:colcon.colcon_core.environment:checking '/home/kanat/ur5_new_ws/install/ur_description/bin'
[5.220s] INFO:colcon.colcon_core.shell:Creating package script '/home/kanat/ur5_new_ws/install/ur_description/share/ur_description/package.ps1'
[5.220s] INFO:colcon.colcon_core.shell:Creating package descriptor '/home/kanat/ur5_new_ws/install/ur_description/share/ur_description/package.dsv'
[5.221s] INFO:colcon.colcon_core.shell:Creating package script '/home/kanat/ur5_new_ws/install/ur_description/share/ur_description/package.sh'
[5.221s] INFO:colcon.colcon_core.shell:Creating package script '/home/kanat/ur5_new_ws/install/ur_description/share/ur_description/package.bash'
[5.222s] INFO:colcon.colcon_core.shell:Creating package script '/home/kanat/ur5_new_ws/install/ur_description/share/ur_description/package.zsh'
[5.222s] Level 1:colcon.colcon_core.environment:create_file_with_runtime_dependencies(/home/kanat/ur5_new_ws/install/ur_description/share/colcon-core/packages/ur_description)
[5.222s] Level 1:colcon.colcon_core.environment:create_environment_scripts_only(ur_description)
[5.223s] Level 1:colcon.colcon_core.environment:checking '/home/kanat/ur5_new_ws/install/ur_description' for CMake module files
[5.223s] Level 1:colcon.colcon_core.environment:checking '/home/kanat/ur5_new_ws/install/ur_description' for CMake config files
[5.225s] Level 1:colcon.colcon_core.shell:create_environment_hook('ur_description', 'cmake_prefix_path')
[5.225s] INFO:colcon.colcon_core.shell:Creating environment hook '/home/kanat/ur5_new_ws/install/ur_description/share/ur_description/hook/cmake_prefix_path.ps1'
[5.226s] INFO:colcon.colcon_core.shell:Creating environment descriptor '/home/kanat/ur5_new_ws/install/ur_description/share/ur_description/hook/cmake_prefix_path.dsv'
[5.226s] INFO:colcon.colcon_core.shell:Creating environment hook '/home/kanat/ur5_new_ws/install/ur_description/share/ur_description/hook/cmake_prefix_path.sh'
[5.227s] Level 1:colcon.colcon_core.environment:checking '/home/kanat/ur5_new_ws/install/ur_description/bin'
[5.227s] Level 1:colcon.colcon_core.environment:checking '/home/kanat/ur5_new_ws/install/ur_description/lib/pkgconfig/ur_description.pc'
[5.227s] Level 1:colcon.colcon_core.environment:checking '/home/kanat/ur5_new_ws/install/ur_description/lib/python3.12/site-packages'
[5.228s] Level 1:colcon.colcon_core.environment:checking '/home/kanat/ur5_new_ws/install/ur_description/bin'
[5.228s] INFO:colcon.colcon_core.shell:Creating package script '/home/kanat/ur5_new_ws/install/ur_description/share/ur_description/package.ps1'
[5.228s] INFO:colcon.colcon_core.shell:Creating package descriptor '/home/kanat/ur5_new_ws/install/ur_description/share/ur_description/package.dsv'
[5.229s] INFO:colcon.colcon_core.shell:Creating package script '/home/kanat/ur5_new_ws/install/ur_description/share/ur_description/package.sh'
[5.229s] INFO:colcon.colcon_core.shell:Creating package script '/home/kanat/ur5_new_ws/install/ur_description/share/ur_description/package.bash'
[5.230s] INFO:colcon.colcon_core.shell:Creating package script '/home/kanat/ur5_new_ws/install/ur_description/share/ur_description/package.zsh'
[5.230s] Level 1:colcon.colcon_core.environment:create_file_with_runtime_dependencies(/home/kanat/ur5_new_ws/install/ur_description/share/colcon-core/packages/ur_description)
[5.230s] INFO:colcon.colcon_ros.task.ament_cmake.build:Building ROS package in '/home/kanat/ur5_new_ws/src/Universal_Robots_ROS2_GZ_Simulation/ur_simulation_gz' with build type 'ament_cmake'
[5.231s] INFO:colcon.colcon_cmake.task.cmake.build:Building CMake package in '/home/kanat/ur5_new_ws/src/Universal_Robots_ROS2_GZ_Simulation/ur_simulation_gz'
[5.231s] INFO:colcon.colcon_core.shell:Skip shell extension 'powershell' for command environment: Not usable outside of PowerShell
[5.231s] DEBUG:colcon.colcon_core.shell:Skip shell extension 'dsv' for command environment
[5.248s] DEBUG:colcon.colcon_core.event_handler.log_command:Invoking command in '/home/kanat/ur5_new_ws/build/ur_simulation_gz': AMENT_PREFIX_PATH=/home/kanat/ur5_new_ws/install/ur_description:${AMENT_PREFIX_PATH} CMAKE_PREFIX_PATH=/home/kanat/ur5_new_ws/install/ur_description:/home/kanat/turtlebot3_ws/install/turtlebot3_simulations:/home/kanat/turtlebot3_ws/install/turtlebot3_gazebo:/home/kanat/turtlebot3_ws/install/turtlebot3_fake_node:/home/kanat/custom_manipulator_ws/install/custom_manipulator_bringup:/home/kanat/custom_manipulator_ws/install/custom_manipulator_moveit_config:/home/kanat/custom_manipulator_ws/install/custom_manipulator_description:/home/kanat/custom_manipulator_ws/install/custom_manipulator_commander_cpp:/home/kanat/custom_manipulator_ws/install/custom_interfaces:/home/kanat/ros2_udemy_beginner/install/my_interfaces:/opt/ros/jazzy/opt/gz_sim_vendor:/opt/ros/jazzy/opt/gz_sensors_vendor:/opt/ros/jazzy/opt/gz_physics_vendor:/opt/ros/jazzy/opt/sdformat_vendor:/opt/ros/jazzy/opt/gz_gui_vendor:/opt/ros/jazzy/opt/gz_transport_vendor:/opt/ros/jazzy/opt/gz_rendering_vendor:/opt/ros/jazzy/opt/gz_plugin_vendor:/opt/ros/jazzy/opt/gz_fuel_tools_vendor:/opt/ros/jazzy/opt/gz_msgs_vendor:/opt/ros/jazzy/opt/gz_common_vendor:/opt/ros/jazzy/opt/gz_math_vendor:/opt/ros/jazzy/opt/gz_utils_vendor:/opt/ros/jazzy/opt/gz_tools_vendor:/opt/ros/jazzy/opt/gz_ogre_next_vendor:/opt/ros/jazzy/opt/gz_dartsim_vendor:/opt/ros/jazzy/opt/gz_cmake_vendor:/home/kanat/turtlebot3_ws/install/turtlebot3_control:/home/kanat/ros2_udemy_beginner/install/my_ros_services_py:/home/kanat/ros2_udemy_beginner/install/my_pkg_py:/opt/ros/jazzy DEBUGINFOD_URLS=https://debuginfod.ubuntu.com PS1=(myenv) \[\e]0;\u@\h: \w\a\]${debian_chroot:+($debian_chroot)}\[\033[01;32m\]\u@\h\[\033[00m\]:\[\033[01;34m\]\w\[\033[00m\]\$ VIRTUAL_ENV_PROMPT=(myenv) /usr/bin/cmake /home/kanat/ur5_new_ws/src/Universal_Robots_ROS2_GZ_Simulation/ur_simulation_gz -DAMENT_CMAKE_SYMLINK_INSTALL=1 -DCMAKE_INSTALL_PREFIX=/home/kanat/ur5_new_ws/install/ur_simulation_gz
[6.468s] DEBUG:colcon.colcon_core.event_handler.log_command:Invoked command in '/home/kanat/ur5_new_ws/build/ur_simulation_gz' returned '0': AMENT_PREFIX_PATH=/home/kanat/ur5_new_ws/install/ur_description:${AMENT_PREFIX_PATH} CMAKE_PREFIX_PATH=/home/kanat/ur5_new_ws/install/ur_description:/home/kanat/turtlebot3_ws/install/turtlebot3_simulations:/home/kanat/turtlebot3_ws/install/turtlebot3_gazebo:/home/kanat/turtlebot3_ws/install/turtlebot3_fake_node:/home/kanat/custom_manipulator_ws/install/custom_manipulator_bringup:/home/kanat/custom_manipulator_ws/install/custom_manipulator_moveit_config:/home/kanat/custom_manipulator_ws/install/custom_manipulator_description:/home/kanat/custom_manipulator_ws/install/custom_manipulator_commander_cpp:/home/kanat/custom_manipulator_ws/install/custom_interfaces:/home/kanat/ros2_udemy_beginner/install/my_interfaces:/opt/ros/jazzy/opt/gz_sim_vendor:/opt/ros/jazzy/opt/gz_sensors_vendor:/opt/ros/jazzy/opt/gz_physics_vendor:/opt/ros/jazzy/opt/sdformat_vendor:/opt/ros/jazzy/opt/gz_gui_vendor:/opt/ros/jazzy/opt/gz_transport_vendor:/opt/ros/jazzy/opt/gz_rendering_vendor:/opt/ros/jazzy/opt/gz_plugin_vendor:/opt/ros/jazzy/opt/gz_fuel_tools_vendor:/opt/ros/jazzy/opt/gz_msgs_vendor:/opt/ros/jazzy/opt/gz_common_vendor:/opt/ros/jazzy/opt/gz_math_vendor:/opt/ros/jazzy/opt/gz_utils_vendor:/opt/ros/jazzy/opt/gz_tools_vendor:/opt/ros/jazzy/opt/gz_ogre_next_vendor:/opt/ros/jazzy/opt/gz_dartsim_vendor:/opt/ros/jazzy/opt/gz_cmake_vendor:/home/kanat/turtlebot3_ws/install/turtlebot3_control:/home/kanat/ros2_udemy_beginner/install/my_ros_services_py:/home/kanat/ros2_udemy_beginner/install/my_pkg_py:/opt/ros/jazzy DEBUGINFOD_URLS=https://debuginfod.ubuntu.com PS1=(myenv) \[\e]0;\u@\h: \w\a\]${debian_chroot:+($debian_chroot)}\[\033[01;32m\]\u@\h\[\033[00m\]:\[\033[01;34m\]\w\[\033[00m\]\$ VIRTUAL_ENV_PROMPT=(myenv) /usr/bin/cmake /home/kanat/ur5_new_ws/src/Universal_Robots_ROS2_GZ_Simulation/ur_simulation_gz -DAMENT_CMAKE_SYMLINK_INSTALL=1 -DCMAKE_INSTALL_PREFIX=/home/kanat/ur5_new_ws/install/ur_simulation_gz
[6.469s] DEBUG:colcon.colcon_core.event_handler.log_command:Invoking command in '/home/kanat/ur5_new_ws/build/ur_simulation_gz': AMENT_PREFIX_PATH=/home/kanat/ur5_new_ws/install/ur_description:${AMENT_PREFIX_PATH} CMAKE_PREFIX_PATH=/home/kanat/ur5_new_ws/install/ur_description:/home/kanat/turtlebot3_ws/install/turtlebot3_simulations:/home/kanat/turtlebot3_ws/install/turtlebot3_gazebo:/home/kanat/turtlebot3_ws/install/turtlebot3_fake_node:/home/kanat/custom_manipulator_ws/install/custom_manipulator_bringup:/home/kanat/custom_manipulator_ws/install/custom_manipulator_moveit_config:/home/kanat/custom_manipulator_ws/install/custom_manipulator_description:/home/kanat/custom_manipulator_ws/install/custom_manipulator_commander_cpp:/home/kanat/custom_manipulator_ws/install/custom_interfaces:/home/kanat/ros2_udemy_beginner/install/my_interfaces:/opt/ros/jazzy/opt/gz_sim_vendor:/opt/ros/jazzy/opt/gz_sensors_vendor:/opt/ros/jazzy/opt/gz_physics_vendor:/opt/ros/jazzy/opt/sdformat_vendor:/opt/ros/jazzy/opt/gz_gui_vendor:/opt/ros/jazzy/opt/gz_transport_vendor:/opt/ros/jazzy/opt/gz_rendering_vendor:/opt/ros/jazzy/opt/gz_plugin_vendor:/opt/ros/jazzy/opt/gz_fuel_tools_vendor:/opt/ros/jazzy/opt/gz_msgs_vendor:/opt/ros/jazzy/opt/gz_common_vendor:/opt/ros/jazzy/opt/gz_math_vendor:/opt/ros/jazzy/opt/gz_utils_vendor:/opt/ros/jazzy/opt/gz_tools_vendor:/opt/ros/jazzy/opt/gz_ogre_next_vendor:/opt/ros/jazzy/opt/gz_dartsim_vendor:/opt/ros/jazzy/opt/gz_cmake_vendor:/home/kanat/turtlebot3_ws/install/turtlebot3_control:/home/kanat/ros2_udemy_beginner/install/my_ros_services_py:/home/kanat/ros2_udemy_beginner/install/my_pkg_py:/opt/ros/jazzy DEBUGINFOD_URLS=https://debuginfod.ubuntu.com PS1=(myenv) \[\e]0;\u@\h: \w\a\]${debian_chroot:+($debian_chroot)}\[\033[01;32m\]\u@\h\[\033[00m\]:\[\033[01;34m\]\w\[\033[00m\]\$ VIRTUAL_ENV_PROMPT=(myenv) /usr/bin/cmake --build /home/kanat/ur5_new_ws/build/ur_simulation_gz -- -j20 -l20
[6.530s] DEBUG:colcon.colcon_core.event_handler.log_command:Invoked command in '/home/kanat/ur5_new_ws/build/ur_simulation_gz' returned '0': AMENT_PREFIX_PATH=/home/kanat/ur5_new_ws/install/ur_description:${AMENT_PREFIX_PATH} CMAKE_PREFIX_PATH=/home/kanat/ur5_new_ws/install/ur_description:/home/kanat/turtlebot3_ws/install/turtlebot3_simulations:/home/kanat/turtlebot3_ws/install/turtlebot3_gazebo:/home/kanat/turtlebot3_ws/install/turtlebot3_fake_node:/home/kanat/custom_manipulator_ws/install/custom_manipulator_bringup:/home/kanat/custom_manipulator_ws/install/custom_manipulator_moveit_config:/home/kanat/custom_manipulator_ws/install/custom_manipulator_description:/home/kanat/custom_manipulator_ws/install/custom_manipulator_commander_cpp:/home/kanat/custom_manipulator_ws/install/custom_interfaces:/home/kanat/ros2_udemy_beginner/install/my_interfaces:/opt/ros/jazzy/opt/gz_sim_vendor:/opt/ros/jazzy/opt/gz_sensors_vendor:/opt/ros/jazzy/opt/gz_physics_vendor:/opt/ros/jazzy/opt/sdformat_vendor:/opt/ros/jazzy/opt/gz_gui_vendor:/opt/ros/jazzy/opt/gz_transport_vendor:/opt/ros/jazzy/opt/gz_rendering_vendor:/opt/ros/jazzy/opt/gz_plugin_vendor:/opt/ros/jazzy/opt/gz_fuel_tools_vendor:/opt/ros/jazzy/opt/gz_msgs_vendor:/opt/ros/jazzy/opt/gz_common_vendor:/opt/ros/jazzy/opt/gz_math_vendor:/opt/ros/jazzy/opt/gz_utils_vendor:/opt/ros/jazzy/opt/gz_tools_vendor:/opt/ros/jazzy/opt/gz_ogre_next_vendor:/opt/ros/jazzy/opt/gz_dartsim_vendor:/opt/ros/jazzy/opt/gz_cmake_vendor:/home/kanat/turtlebot3_ws/install/turtlebot3_control:/home/kanat/ros2_udemy_beginner/install/my_ros_services_py:/home/kanat/ros2_udemy_beginner/install/my_pkg_py:/opt/ros/jazzy DEBUGINFOD_URLS=https://debuginfod.ubuntu.com PS1=(myenv) \[\e]0;\u@\h: \w\a\]${debian_chroot:+($debian_chroot)}\[\033[01;32m\]\u@\h\[\033[00m\]:\[\033[01;34m\]\w\[\033[00m\]\$ VIRTUAL_ENV_PROMPT=(myenv) /usr/bin/cmake --build /home/kanat/ur5_new_ws/build/ur_simulation_gz -- -j20 -l20
[6.531s] DEBUG:colcon.colcon_core.event_handler.log_command:Invoking command in '/home/kanat/ur5_new_ws/build/ur_simulation_gz': AMENT_PREFIX_PATH=/home/kanat/ur5_new_ws/install/ur_description:${AMENT_PREFIX_PATH} CMAKE_PREFIX_PATH=/home/kanat/ur5_new_ws/install/ur_description:/home/kanat/turtlebot3_ws/install/turtlebot3_simulations:/home/kanat/turtlebot3_ws/install/turtlebot3_gazebo:/home/kanat/turtlebot3_ws/install/turtlebot3_fake_node:/home/kanat/custom_manipulator_ws/install/custom_manipulator_bringup:/home/kanat/custom_manipulator_ws/install/custom_manipulator_moveit_config:/home/kanat/custom_manipulator_ws/install/custom_manipulator_description:/home/kanat/custom_manipulator_ws/install/custom_manipulator_commander_cpp:/home/kanat/custom_manipulator_ws/install/custom_interfaces:/home/kanat/ros2_udemy_beginner/install/my_interfaces:/opt/ros/jazzy/opt/gz_sim_vendor:/opt/ros/jazzy/opt/gz_sensors_vendor:/opt/ros/jazzy/opt/gz_physics_vendor:/opt/ros/jazzy/opt/sdformat_vendor:/opt/ros/jazzy/opt/gz_gui_vendor:/opt/ros/jazzy/opt/gz_transport_vendor:/opt/ros/jazzy/opt/gz_rendering_vendor:/opt/ros/jazzy/opt/gz_plugin_vendor:/opt/ros/jazzy/opt/gz_fuel_tools_vendor:/opt/ros/jazzy/opt/gz_msgs_vendor:/opt/ros/jazzy/opt/gz_common_vendor:/opt/ros/jazzy/opt/gz_math_vendor:/opt/ros/jazzy/opt/gz_utils_vendor:/opt/ros/jazzy/opt/gz_tools_vendor:/opt/ros/jazzy/opt/gz_ogre_next_vendor:/opt/ros/jazzy/opt/gz_dartsim_vendor:/opt/ros/jazzy/opt/gz_cmake_vendor:/home/kanat/turtlebot3_ws/install/turtlebot3_control:/home/kanat/ros2_udemy_beginner/install/my_ros_services_py:/home/kanat/ros2_udemy_beginner/install/my_pkg_py:/opt/ros/jazzy DEBUGINFOD_URLS=https://debuginfod.ubuntu.com PS1=(myenv) \[\e]0;\u@\h: \w\a\]${debian_chroot:+($debian_chroot)}\[\033[01;32m\]\u@\h\[\033[00m\]:\[\033[01;34m\]\w\[\033[00m\]\$ VIRTUAL_ENV_PROMPT=(myenv) /usr/bin/cmake --install /home/kanat/ur5_new_ws/build/ur_simulation_gz
[6.805s] Level 1:colcon.colcon_core.environment:create_environment_scripts_only(ur_simulation_gz)
[6.805s] Level 1:colcon.colcon_core.environment:checking '/home/kanat/ur5_new_ws/install/ur_simulation_gz' for CMake module files
[6.806s] DEBUG:colcon.colcon_core.event_handler.log_command:Invoked command in '/home/kanat/ur5_new_ws/build/ur_simulation_gz' returned '0': AMENT_PREFIX_PATH=/home/kanat/ur5_new_ws/install/ur_description:${AMENT_PREFIX_PATH} CMAKE_PREFIX_PATH=/home/kanat/ur5_new_ws/install/ur_description:/home/kanat/turtlebot3_ws/install/turtlebot3_simulations:/home/kanat/turtlebot3_ws/install/turtlebot3_gazebo:/home/kanat/turtlebot3_ws/install/turtlebot3_fake_node:/home/kanat/custom_manipulator_ws/install/custom_manipulator_bringup:/home/kanat/custom_manipulator_ws/install/custom_manipulator_moveit_config:/home/kanat/custom_manipulator_ws/install/custom_manipulator_description:/home/kanat/custom_manipulator_ws/install/custom_manipulator_commander_cpp:/home/kanat/custom_manipulator_ws/install/custom_interfaces:/home/kanat/ros2_udemy_beginner/install/my_interfaces:/opt/ros/jazzy/opt/gz_sim_vendor:/opt/ros/jazzy/opt/gz_sensors_vendor:/opt/ros/jazzy/opt/gz_physics_vendor:/opt/ros/jazzy/opt/sdformat_vendor:/opt/ros/jazzy/opt/gz_gui_vendor:/opt/ros/jazzy/opt/gz_transport_vendor:/opt/ros/jazzy/opt/gz_rendering_vendor:/opt/ros/jazzy/opt/gz_plugin_vendor:/opt/ros/jazzy/opt/gz_fuel_tools_vendor:/opt/ros/jazzy/opt/gz_msgs_vendor:/opt/ros/jazzy/opt/gz_common_vendor:/opt/ros/jazzy/opt/gz_math_vendor:/opt/ros/jazzy/opt/gz_utils_vendor:/opt/ros/jazzy/opt/gz_tools_vendor:/opt/ros/jazzy/opt/gz_ogre_next_vendor:/opt/ros/jazzy/opt/gz_dartsim_vendor:/opt/ros/jazzy/opt/gz_cmake_vendor:/home/kanat/turtlebot3_ws/install/turtlebot3_control:/home/kanat/ros2_udemy_beginner/install/my_ros_services_py:/home/kanat/ros2_udemy_beginner/install/my_pkg_py:/opt/ros/jazzy DEBUGINFOD_URLS=https://debuginfod.ubuntu.com PS1=(myenv) \[\e]0;\u@\h: \w\a\]${debian_chroot:+($debian_chroot)}\[\033[01;32m\]\u@\h\[\033[00m\]:\[\033[01;34m\]\w\[\033[00m\]\$ VIRTUAL_ENV_PROMPT=(myenv) /usr/bin/cmake --install /home/kanat/ur5_new_ws/build/ur_simulation_gz
[6.806s] Level 1:colcon.colcon_core.environment:checking '/home/kanat/ur5_new_ws/install/ur_simulation_gz' for CMake config files
[6.806s] Level 1:colcon.colcon_core.shell:create_environment_hook('ur_simulation_gz', 'cmake_prefix_path')
[6.807s] INFO:colcon.colcon_core.shell:Creating environment hook '/home/kanat/ur5_new_ws/install/ur_simulation_gz/share/ur_simulation_gz/hook/cmake_prefix_path.ps1'
[6.807s] INFO:colcon.colcon_core.shell:Creating environment descriptor '/home/kanat/ur5_new_ws/install/ur_simulation_gz/share/ur_simulation_gz/hook/cmake_prefix_path.dsv'
[6.807s] INFO:colcon.colcon_core.shell:Creating environment hook '/home/kanat/ur5_new_ws/install/ur_simulation_gz/share/ur_simulation_gz/hook/cmake_prefix_path.sh'
[6.808s] Level 1:colcon.colcon_core.environment:checking '/home/kanat/ur5_new_ws/install/ur_simulation_gz/bin'
[6.808s] Level 1:colcon.colcon_core.environment:checking '/home/kanat/ur5_new_ws/install/ur_simulation_gz/lib/pkgconfig/ur_simulation_gz.pc'
[6.809s] Level 1:colcon.colcon_core.environment:checking '/home/kanat/ur5_new_ws/install/ur_simulation_gz/lib/python3.12/site-packages'
[6.809s] Level 1:colcon.colcon_core.environment:checking '/home/kanat/ur5_new_ws/install/ur_simulation_gz/bin'
[6.809s] INFO:colcon.colcon_core.shell:Creating package script '/home/kanat/ur5_new_ws/install/ur_simulation_gz/share/ur_simulation_gz/package.ps1'
[6.810s] INFO:colcon.colcon_core.shell:Creating package descriptor '/home/kanat/ur5_new_ws/install/ur_simulation_gz/share/ur_simulation_gz/package.dsv'
[6.810s] INFO:colcon.colcon_core.shell:Creating package script '/home/kanat/ur5_new_ws/install/ur_simulation_gz/share/ur_simulation_gz/package.sh'
[6.810s] INFO:colcon.colcon_core.shell:Creating package script '/home/kanat/ur5_new_ws/install/ur_simulation_gz/share/ur_simulation_gz/package.bash'
[6.811s] INFO:colcon.colcon_core.shell:Creating package script '/home/kanat/ur5_new_ws/install/ur_simulation_gz/share/ur_simulation_gz/package.zsh'
[6.811s] Level 1:colcon.colcon_core.environment:create_file_with_runtime_dependencies(/home/kanat/ur5_new_ws/install/ur_simulation_gz/share/colcon-core/packages/ur_simulation_gz)
[6.812s] Level 1:colcon.colcon_core.environment:create_environment_scripts_only(ur_simulation_gz)
[6.812s] Level 1:colcon.colcon_core.environment:checking '/home/kanat/ur5_new_ws/install/ur_simulation_gz' for CMake module files
[6.812s] Level 1:colcon.colcon_core.environment:checking '/home/kanat/ur5_new_ws/install/ur_simulation_gz' for CMake config files
[6.813s] Level 1:colcon.colcon_core.shell:create_environment_hook('ur_simulation_gz', 'cmake_prefix_path')
[6.813s] INFO:colcon.colcon_core.shell:Creating environment hook '/home/kanat/ur5_new_ws/install/ur_simulation_gz/share/ur_simulation_gz/hook/cmake_prefix_path.ps1'
[6.813s] INFO:colcon.colcon_core.shell:Creating environment descriptor '/home/kanat/ur5_new_ws/install/ur_simulation_gz/share/ur_simulation_gz/hook/cmake_prefix_path.dsv'
[6.814s] INFO:colcon.colcon_core.shell:Creating environment hook '/home/kanat/ur5_new_ws/install/ur_simulation_gz/share/ur_simulation_gz/hook/cmake_prefix_path.sh'
[6.814s] Level 1:colcon.colcon_core.environment:checking '/home/kanat/ur5_new_ws/install/ur_simulation_gz/bin'
[6.814s] Level 1:colcon.colcon_core.environment:checking '/home/kanat/ur5_new_ws/install/ur_simulation_gz/lib/pkgconfig/ur_simulation_gz.pc'
[6.815s] Level 1:colcon.colcon_core.environment:checking '/home/kanat/ur5_new_ws/install/ur_simulation_gz/lib/python3.12/site-packages'
[6.815s] Level 1:colcon.colcon_core.environment:checking '/home/kanat/ur5_new_ws/install/ur_simulation_gz/bin'
[6.815s] INFO:colcon.colcon_core.shell:Creating package script '/home/kanat/ur5_new_ws/install/ur_simulation_gz/share/ur_simulation_gz/package.ps1'
[6.816s] INFO:colcon.colcon_core.shell:Creating package descriptor '/home/kanat/ur5_new_ws/install/ur_simulation_gz/share/ur_simulation_gz/package.dsv'
[6.816s] INFO:colcon.colcon_core.shell:Creating package script '/home/kanat/ur5_new_ws/install/ur_simulation_gz/share/ur_simulation_gz/package.sh'
[6.817s] INFO:colcon.colcon_core.shell:Creating package script '/home/kanat/ur5_new_ws/install/ur_simulation_gz/share/ur_simulation_gz/package.bash'
[6.817s] INFO:colcon.colcon_core.shell:Creating package script '/home/kanat/ur5_new_ws/install/ur_simulation_gz/share/ur_simulation_gz/package.zsh'
[6.817s] Level 1:colcon.colcon_core.environment:create_file_with_runtime_dependencies(/home/kanat/ur5_new_ws/install/ur_simulation_gz/share/colcon-core/packages/ur_simulation_gz)
[6.818s] DEBUG:colcon.colcon_parallel_executor.executor.parallel:closing loop
[6.818s] DEBUG:colcon.colcon_parallel_executor.executor.parallel:loop closed
[6.818s] DEBUG:colcon.colcon_parallel_executor.executor.parallel:run_until_complete finished with '0'
[6.818s] DEBUG:colcon.colcon_core.event_reactor:joining thread
[6.826s] INFO:colcon.colcon_core.plugin_system:Skipping extension 'colcon_notification.desktop_notification.terminal_notifier': Not used on non-Darwin systems
[6.826s] INFO:colcon.colcon_core.plugin_system:Skipping extension 'colcon_notification.desktop_notification.win32': Not used on non-Windows systems
[6.826s] INFO:colcon.colcon_notification.desktop_notification:Sending desktop notification using 'notify2'
[6.851s] DEBUG:colcon.colcon_core.event_reactor:joined thread
[6.851s] INFO:colcon.colcon_core.shell:Creating prefix script '/home/kanat/ur5_new_ws/install/local_setup.ps1'
[6.852s] INFO:colcon.colcon_core.shell:Creating prefix util module '/home/kanat/ur5_new_ws/install/_local_setup_util_ps1.py'
[6.854s] INFO:colcon.colcon_core.shell:Creating prefix chain script '/home/kanat/ur5_new_ws/install/setup.ps1'
[6.855s] INFO:colcon.colcon_core.shell:Creating prefix script '/home/kanat/ur5_new_ws/install/local_setup.sh'
[6.856s] INFO:colcon.colcon_core.shell:Creating prefix util module '/home/kanat/ur5_new_ws/install/_local_setup_util_sh.py'
[6.857s] INFO:colcon.colcon_core.shell:Creating prefix chain script '/home/kanat/ur5_new_ws/install/setup.sh'
[6.859s] INFO:colcon.colcon_core.shell:Creating prefix script '/home/kanat/ur5_new_ws/install/local_setup.bash'
[6.860s] INFO:colcon.colcon_core.shell:Creating prefix chain script '/home/kanat/ur5_new_ws/install/setup.bash'
[6.862s] INFO:colcon.colcon_core.shell:Creating prefix script '/home/kanat/ur5_new_ws/install/local_setup.zsh'
[6.863s] INFO:colcon.colcon_core.shell:Creating prefix chain script '/home/kanat/ur5_new_ws/install/setup.zsh'
