[3.932s] Invoking command in '/home/kanat/ur5_new_ws/build/ur5_control': DEBUGINFOD_URLS=https://debuginfod.ubuntu.com PS1=(myenv) \[\e]0;\u@\h: \w\a\]${debian_chroot:+($debian_chroot)}\[\033[01;32m\]\u@\h\[\033[00m\]:\[\033[01;34m\]\w\[\033[00m\]\$ PYTHONPATH=/home/kanat/ur5_new_ws/build/ur5_control/prefix_override:/usr/lib/python3/dist-packages/colcon_core/task/python/colcon_distutils_commands:/home/kanat/ur5_new_ws/install/ur5_control/lib/python3.12/site-packages:${PYTHONPATH} VIRTUAL_ENV_PROMPT=(myenv) /usr/bin/python3 -W ignore:setup.py install is deprecated -W ignore:easy_install command is deprecated setup.py develop --uninstall --editable --build-directory /home/kanat/ur5_new_ws/build/ur5_control/build
[5.464s] running develop
[6.606s] Removing /home/kanat/ur5_new_ws/install/ur5_control/lib/python3.12/site-packages/ur5-control.egg-link (link to .)
[6.735s] Invoked command in '/home/kanat/ur5_new_ws/build/ur5_control' returned '0': DEBUGINFOD_URLS=https://debuginfod.ubuntu.com PS1=(myenv) \[\e]0;\u@\h: \w\a\]${debian_chroot:+($debian_chroot)}\[\033[01;32m\]\u@\h\[\033[00m\]:\[\033[01;34m\]\w\[\033[00m\]\$ PYTHONPATH=/home/kanat/ur5_new_ws/build/ur5_control/prefix_override:/usr/lib/python3/dist-packages/colcon_core/task/python/colcon_distutils_commands:/home/kanat/ur5_new_ws/install/ur5_control/lib/python3.12/site-packages:${PYTHONPATH} VIRTUAL_ENV_PROMPT=(myenv) /usr/bin/python3 -W ignore:setup.py install is deprecated -W ignore:easy_install command is deprecated setup.py develop --uninstall --editable --build-directory /home/kanat/ur5_new_ws/build/ur5_control/build
[6.740s] Invoking command in '/home/kanat/ur5_new_ws/src/ur5_control': DEBUGINFOD_URLS=https://debuginfod.ubuntu.com PS1=(myenv) \[\e]0;\u@\h: \w\a\]${debian_chroot:+($debian_chroot)}\[\033[01;32m\]\u@\h\[\033[00m\]:\[\033[01;34m\]\w\[\033[00m\]\$ PYTHONPATH=/home/kanat/ur5_new_ws/build/ur5_control/prefix_override:/usr/lib/python3/dist-packages/colcon_core/task/python/colcon_distutils_commands:/home/kanat/ur5_new_ws/install/ur5_control/lib/python3.12/site-packages:${PYTHONPATH} VIRTUAL_ENV_PROMPT=(myenv) /usr/bin/python3 -W ignore:setup.py install is deprecated -W ignore:easy_install command is deprecated setup.py egg_info --egg-base ../../build/ur5_control build --build-base /home/kanat/ur5_new_ws/build/ur5_control/build install --record /home/kanat/ur5_new_ws/build/ur5_control/install.log --single-version-externally-managed install_data --force
[8.169s] running egg_info
[8.296s] writing ../../build/ur5_control/ur5_control.egg-info/PKG-INFO
[8.298s] writing dependency_links to ../../build/ur5_control/ur5_control.egg-info/dependency_links.txt
[8.299s] writing entry points to ../../build/ur5_control/ur5_control.egg-info/entry_points.txt
[8.299s] writing requirements to ../../build/ur5_control/ur5_control.egg-info/requires.txt
[8.300s] writing top-level names to ../../build/ur5_control/ur5_control.egg-info/top_level.txt
[8.528s] reading manifest file '../../build/ur5_control/ur5_control.egg-info/SOURCES.txt'
[8.532s] writing manifest file '../../build/ur5_control/ur5_control.egg-info/SOURCES.txt'
[8.533s] running build
[8.533s] running build_py
[8.534s] creating /home/kanat/ur5_new_ws/build/ur5_control/build/lib/ur5_control
[8.534s] copying ur5_control/mpc_ur5.py -> /home/kanat/ur5_new_ws/build/ur5_control/build/lib/ur5_control
[8.534s] copying ur5_control/__init__.py -> /home/kanat/ur5_new_ws/build/ur5_control/build/lib/ur5_control
[8.535s] copying ur5_control/pd_ur5.py -> /home/kanat/ur5_new_ws/build/ur5_control/build/lib/ur5_control
[8.535s] running install
[8.560s] running install_lib
[8.664s] creating /home/kanat/ur5_new_ws/install/ur5_control/lib/python3.12/site-packages/ur5_control
[8.664s] copying /home/kanat/ur5_new_ws/build/ur5_control/build/lib/ur5_control/mpc_ur5.py -> /home/kanat/ur5_new_ws/install/ur5_control/lib/python3.12/site-packages/ur5_control
[8.664s] copying /home/kanat/ur5_new_ws/build/ur5_control/build/lib/ur5_control/__init__.py -> /home/kanat/ur5_new_ws/install/ur5_control/lib/python3.12/site-packages/ur5_control
[8.665s] copying /home/kanat/ur5_new_ws/build/ur5_control/build/lib/ur5_control/pd_ur5.py -> /home/kanat/ur5_new_ws/install/ur5_control/lib/python3.12/site-packages/ur5_control
[8.667s] byte-compiling /home/kanat/ur5_new_ws/install/ur5_control/lib/python3.12/site-packages/ur5_control/mpc_ur5.py to mpc_ur5.cpython-312.pyc
[8.670s] byte-compiling /home/kanat/ur5_new_ws/install/ur5_control/lib/python3.12/site-packages/ur5_control/__init__.py to __init__.cpython-312.pyc
[8.671s] byte-compiling /home/kanat/ur5_new_ws/install/ur5_control/lib/python3.12/site-packages/ur5_control/pd_ur5.py to pd_ur5.cpython-312.pyc
[8.673s] running install_data
[8.675s] copying resource/ur5_control -> /home/kanat/ur5_new_ws/install/ur5_control/share/ament_index/resource_index/packages
[8.676s] copying package.xml -> /home/kanat/ur5_new_ws/install/ur5_control/share/ur5_control
[8.676s] running install_egg_info
[8.783s] Copying ../../build/ur5_control/ur5_control.egg-info to /home/kanat/ur5_new_ws/install/ur5_control/lib/python3.12/site-packages/ur5_control-0.0.0-py3.12.egg-info
[8.786s] running install_scripts
[9.370s] Installing mpc_control_exe script to /home/kanat/ur5_new_ws/install/ur5_control/lib/ur5_control
[9.371s] Installing pd_control_exe script to /home/kanat/ur5_new_ws/install/ur5_control/lib/ur5_control
[9.372s] writing list of installed files to '/home/kanat/ur5_new_ws/build/ur5_control/install.log'
[9.474s] Invoked command in '/home/kanat/ur5_new_ws/src/ur5_control' returned '0': DEBUGINFOD_URLS=https://debuginfod.ubuntu.com PS1=(myenv) \[\e]0;\u@\h: \w\a\]${debian_chroot:+($debian_chroot)}\[\033[01;32m\]\u@\h\[\033[00m\]:\[\033[01;34m\]\w\[\033[00m\]\$ PYTHONPATH=/home/kanat/ur5_new_ws/build/ur5_control/prefix_override:/usr/lib/python3/dist-packages/colcon_core/task/python/colcon_distutils_commands:/home/kanat/ur5_new_ws/install/ur5_control/lib/python3.12/site-packages:${PYTHONPATH} VIRTUAL_ENV_PROMPT=(myenv) /usr/bin/python3 -W ignore:setup.py install is deprecated -W ignore:easy_install command is deprecated setup.py egg_info --egg-base ../../build/ur5_control build --build-base /home/kanat/ur5_new_ws/build/ur5_control/build install --record /home/kanat/ur5_new_ws/build/ur5_control/install.log --single-version-externally-managed install_data --force
