-- Found ament_cmake: 2.5.4 (/opt/ros/jazzy/share/ament_cmake/cmake)
-- Override CMake install command with custom implementation using symlinks instead of copying resources
-- Found xacro: 2.1.1 (/opt/ros/jazzy/share/xacro/cmake)
-- Found rclcpp: 28.1.13 (/opt/ros/jazzy/share/rclcpp/cmake)
-- Found rosidl_generator_c: 4.6.6 (/opt/ros/jazzy/share/rosidl_generator_c/cmake)
-- Found rosidl_generator_cpp: 4.6.6 (/opt/ros/jazzy/share/rosidl_generator_cpp/cmake)
-- Using all available rosidl_typesupport_c: rosidl_typesupport_fastrtps_c;rosidl_typesupport_introspection_c
-- Using all available rosidl_typesupport_cpp: rosidl_typesupport_fastrtps_cpp;rosidl_typesupport_introspection_cpp
-- Found rmw_implementation_cmake: 7.3.2 (/opt/ros/jazzy/share/rmw_implementation_cmake/cmake)
-- Found rmw_fastrtps_cpp: 8.4.3 (/opt/ros/jazzy/share/rmw_fastrtps_cpp/cmake)
-- Using RMW implementation 'rmw_fastrtps_cpp' as default
-- Found std_msgs: 5.3.6 (/opt/ros/jazzy/share/std_msgs/cmake)
-- Found trajectory_msgs: 5.3.6 (/opt/ros/jazzy/share/trajectory_msgs/cmake)
-- Found ament_lint_auto: 0.17.3 (/opt/ros/jazzy/share/ament_lint_auto/cmake)
-- Added test 'flake8' to check Python code syntax and style conventions
-- Configured 'flake8' exclude dirs and/or files: 
-- Added test 'lint_cmake' to check CMake code style
-- Added test 'pep257' to check Python code against some of the docstring style conventions in PEP 257
-- Added test 'xmllint' to check XML markup files
-- Configuring done (1.4s)
-- Generating done (0.0s)
-- Build files have been written to: /home/kanat/ur5_new_ws/build/ur_custom_sim
-- Install configuration: ""
-- Execute custom install script
-- Up-to-date symlink: /home/kanat/ur5_new_ws/install/ur_custom_sim/share/ur_custom_sim/launch/spawn_ur5_camera.launch.py
-- Symlinking: /home/kanat/ur5_new_ws/install/ur_custom_sim/share/ur_custom_sim/launch/spawn_ur5_camera_gripper.launch.py
-- Up-to-date symlink: /home/kanat/ur5_new_ws/install/ur_custom_sim/share/ur_custom_sim/launch/spawn_ur5_camera_moveit.launch.py
-- Up-to-date symlink: /home/kanat/ur5_new_ws/install/ur_custom_sim/share/ur_custom_sim/launch/view_ur5_camera.launch.py
-- Up-to-date symlink: /home/kanat/ur5_new_ws/install/ur_custom_sim/share/ur_custom_sim/launch/view_ur5_camera_gripper.launch.py
-- Up-to-date symlink: /home/kanat/ur5_new_ws/install/ur_custom_sim/share/ur_custom_sim/urdf/2f_85.ros2_control.xacro
-- Up-to-date symlink: /home/kanat/ur5_new_ws/install/ur_custom_sim/share/ur_custom_sim/urdf/camera.xacro
-- Up-to-date symlink: /home/kanat/ur5_new_ws/install/ur_custom_sim/share/ur_custom_sim/urdf/robotiq_2f_85_macro.xacro
-- Up-to-date symlink: /home/kanat/ur5_new_ws/install/ur_custom_sim/share/ur_custom_sim/urdf/ur5.ros2_control.xacro
-- Up-to-date symlink: /home/kanat/ur5_new_ws/install/ur_custom_sim/share/ur_custom_sim/urdf/ur5_camera.urdf.xacro
-- Up-to-date symlink: /home/kanat/ur5_new_ws/install/ur_custom_sim/share/ur_custom_sim/urdf/ur5_camera_gripper.urdf.xacro
-- Up-to-date symlink: /home/kanat/ur5_new_ws/install/ur_custom_sim/share/ur_custom_sim/urdf/ur5_macro.xacro
-- Up-to-date symlink: /home/kanat/ur5_new_ws/install/ur_custom_sim/share/ur_custom_sim/meshes/sensors/camera/kinetic.dae
-- Up-to-date symlink: /home/kanat/ur5_new_ws/install/ur_custom_sim/share/ur_custom_sim/meshes/sensors/camera/kinetic.png
-- Up-to-date symlink: /home/kanat/ur5_new_ws/install/ur_custom_sim/share/ur_custom_sim/meshes/sensors/camera/kinetic.stl
-- Up-to-date symlink: /home/kanat/ur5_new_ws/install/ur_custom_sim/share/ur_custom_sim/config/initial_positions.yaml
-- Up-to-date symlink: /home/kanat/ur5_new_ws/install/ur_custom_sim/share/ur_custom_sim/config/ur5_controllers.yaml
-- Up-to-date symlink: /home/kanat/ur5_new_ws/install/ur_custom_sim/share/ur_custom_sim/config/ur5_controllers_gripper.yaml
-- Up-to-date symlink: /home/kanat/ur5_new_ws/install/ur_custom_sim/share/ur_custom_sim/rviz/view_rviz.rviz
-- Up-to-date symlink: /home/kanat/ur5_new_ws/install/ur_custom_sim/share/ament_index/resource_index/package_run_dependencies/ur_custom_sim
-- Up-to-date symlink: /home/kanat/ur5_new_ws/install/ur_custom_sim/share/ament_index/resource_index/parent_prefix_path/ur_custom_sim
-- Up-to-date symlink: /home/kanat/ur5_new_ws/install/ur_custom_sim/share/ur_custom_sim/environment/ament_prefix_path.sh
-- Up-to-date symlink: /home/kanat/ur5_new_ws/install/ur_custom_sim/share/ur_custom_sim/environment/ament_prefix_path.dsv
-- Up-to-date symlink: /home/kanat/ur5_new_ws/install/ur_custom_sim/share/ur_custom_sim/environment/path.sh
-- Up-to-date symlink: /home/kanat/ur5_new_ws/install/ur_custom_sim/share/ur_custom_sim/environment/path.dsv
-- Up-to-date symlink: /home/kanat/ur5_new_ws/install/ur_custom_sim/share/ur_custom_sim/local_setup.bash
-- Up-to-date symlink: /home/kanat/ur5_new_ws/install/ur_custom_sim/share/ur_custom_sim/local_setup.sh
-- Up-to-date symlink: /home/kanat/ur5_new_ws/install/ur_custom_sim/share/ur_custom_sim/local_setup.zsh
-- Up-to-date symlink: /home/kanat/ur5_new_ws/install/ur_custom_sim/share/ur_custom_sim/local_setup.dsv
-- Symlinking: /home/kanat/ur5_new_ws/install/ur_custom_sim/share/ur_custom_sim/package.dsv
-- Up-to-date symlink: /home/kanat/ur5_new_ws/install/ur_custom_sim/share/ament_index/resource_index/packages/ur_custom_sim
-- Up-to-date symlink: /home/kanat/ur5_new_ws/install/ur_custom_sim/share/ur_custom_sim/cmake/ur_custom_simConfig.cmake
-- Up-to-date symlink: /home/kanat/ur5_new_ws/install/ur_custom_sim/share/ur_custom_sim/cmake/ur_custom_simConfig-version.cmake
-- Up-to-date symlink: /home/kanat/ur5_new_ws/install/ur_custom_sim/share/ur_custom_sim/package.xml
