[0.062s] Invoking command in '/home/kanat/ur5_new_ws/build/ur5_bringup': CMAKE_PREFIX_PATH=${CMAKE_PREFIX_PATH}:/home/kanat/ur5_new_ws/install/ur5_control:/home/kanat/turtlebot3_ws/install/turtlebot3_control:/home/kanat/ros2_udemy_beginner/install/my_ros_services_py:/home/kanat/ros2_udemy_beginner/install/my_pkg_py:/opt/ros/jazzy DEBUGINFOD_URLS=https://debuginfod.ubuntu.com /usr/bin/cmake --build /home/kanat/ur5_new_ws/build/ur5_bringup -- -j20 -l20
[0.491s] Invoked command in '/home/kanat/ur5_new_ws/build/ur5_bringup' returned '0': CMAKE_PREFIX_PATH=${CMAKE_PREFIX_PATH}:/home/kanat/ur5_new_ws/install/ur5_control:/home/kanat/turtlebot3_ws/install/turtlebot3_control:/home/kanat/ros2_udemy_beginner/install/my_ros_services_py:/home/kanat/ros2_udemy_beginner/install/my_pkg_py:/opt/ros/jazzy DEBUGINFOD_URLS=https://debuginfod.ubuntu.com /usr/bin/cmake --build /home/kanat/ur5_new_ws/build/ur5_bringup -- -j20 -l20
[0.493s] Invoking command in '/home/kanat/ur5_new_ws/build/ur5_bringup': CMAKE_PREFIX_PATH=${CMAKE_PREFIX_PATH}:/home/kanat/ur5_new_ws/install/ur5_control:/home/kanat/turtlebot3_ws/install/turtlebot3_control:/home/kanat/ros2_udemy_beginner/install/my_ros_services_py:/home/kanat/ros2_udemy_beginner/install/my_pkg_py:/opt/ros/jazzy DEBUGINFOD_URLS=https://debuginfod.ubuntu.com /usr/bin/cmake --install /home/kanat/ur5_new_ws/build/ur5_bringup
[0.521s] -- Install configuration: ""
[0.521s] -- Execute custom install script
[0.530s] -- Up-to-date symlink: /home/kanat/ur5_new_ws/install/ur5_bringup/share/ur5_bringup/launch/ur5_gazebo.launch.py
[0.553s] -- Up-to-date symlink: /home/kanat/ur5_new_ws/install/ur5_bringup/share/ur5_bringup/launch/ur5_launch.launch.py
[0.554s] -- Up-to-date symlink: /home/kanat/ur5_new_ws/install/ur5_bringup/share/ur5_bringup/rviz/rviz_default.rviz
[0.558s] -- Up-to-date symlink: /home/kanat/ur5_new_ws/install/ur5_bringup/share/ur5_bringup/config/ros2_controllers.yaml
[0.560s] -- Up-to-date symlink: /home/kanat/ur5_new_ws/install/ur5_bringup/share/ament_index/resource_index/package_run_dependencies/ur5_bringup
[0.562s] -- Up-to-date symlink: /home/kanat/ur5_new_ws/install/ur5_bringup/share/ament_index/resource_index/parent_prefix_path/ur5_bringup
[0.562s] -- Up-to-date symlink: /home/kanat/ur5_new_ws/install/ur5_bringup/share/ur5_bringup/environment/ament_prefix_path.sh
[0.562s] -- Up-to-date symlink: /home/kanat/ur5_new_ws/install/ur5_bringup/share/ur5_bringup/environment/ament_prefix_path.dsv
[0.562s] -- Up-to-date symlink: /home/kanat/ur5_new_ws/install/ur5_bringup/share/ur5_bringup/environment/path.sh
[0.562s] -- Up-to-date symlink: /home/kanat/ur5_new_ws/install/ur5_bringup/share/ur5_bringup/environment/path.dsv
[0.567s] -- Up-to-date symlink: /home/kanat/ur5_new_ws/install/ur5_bringup/share/ur5_bringup/local_setup.bash
[0.567s] -- Up-to-date symlink: /home/kanat/ur5_new_ws/install/ur5_bringup/share/ur5_bringup/local_setup.sh
[0.567s] -- Up-to-date symlink: /home/kanat/ur5_new_ws/install/ur5_bringup/share/ur5_bringup/local_setup.zsh
[0.567s] -- Up-to-date symlink: /home/kanat/ur5_new_ws/install/ur5_bringup/share/ur5_bringup/local_setup.dsv
[0.567s] -- Symlinking: /home/kanat/ur5_new_ws/install/ur5_bringup/share/ur5_bringup/package.dsv
[0.588s] -- Up-to-date symlink: /home/kanat/ur5_new_ws/install/ur5_bringup/share/ament_index/resource_index/packages/ur5_bringup
[0.588s] -- Up-to-date symlink: /home/kanat/ur5_new_ws/install/ur5_bringup/share/ur5_bringup/cmake/ur5_bringupConfig.cmake
[0.588s] -- Up-to-date symlink: /home/kanat/ur5_new_ws/install/ur5_bringup/share/ur5_bringup/cmake/ur5_bringupConfig-version.cmake
[0.589s] -- Up-to-date symlink: /home/kanat/ur5_new_ws/install/ur5_bringup/share/ur5_bringup/package.xml
[0.643s] Invoked command in '/home/kanat/ur5_new_ws/build/ur5_bringup' returned '0': CMAKE_PREFIX_PATH=${CMAKE_PREFIX_PATH}:/home/kanat/ur5_new_ws/install/ur5_control:/home/kanat/turtlebot3_ws/install/turtlebot3_control:/home/kanat/ros2_udemy_beginner/install/my_ros_services_py:/home/kanat/ros2_udemy_beginner/install/my_pkg_py:/opt/ros/jazzy DEBUGINFOD_URLS=https://debuginfod.ubuntu.com /usr/bin/cmake --install /home/kanat/ur5_new_ws/build/ur5_bringup
