[0.104s] Invoking command in '/home/kanat/ur5_new_ws/build/ur_description': CMAKE_PREFIX_PATH=${CMAKE_PREFIX_PATH}:/home/kanat/turtlebot3_ws/install/turtlebot3_control:/home/kanat/ros2_udemy_beginner/install/my_ros_services_py:/home/kanat/ros2_udemy_beginner/install/my_pkg_py:/opt/ros/jazzy DEBUGINFOD_URLS=https://debuginfod.ubuntu.com /usr/bin/cmake --build /home/kanat/ur5_new_ws/build/ur_description -- -j20 -l20
[0.759s] Invoked command in '/home/kanat/ur5_new_ws/build/ur_description' returned '0': CMAKE_PREFIX_PATH=${CMAKE_PREFIX_PATH}:/home/kanat/turtlebot3_ws/install/turtlebot3_control:/home/kanat/ros2_udemy_beginner/install/my_ros_services_py:/home/kanat/ros2_udemy_beginner/install/my_pkg_py:/opt/ros/jazzy DEBUGINFOD_URLS=https://debuginfod.ubuntu.com /usr/bin/cmake --build /home/kanat/ur5_new_ws/build/ur_description -- -j20 -l20
[0.762s] Invoking command in '/home/kanat/ur5_new_ws/build/ur_description': CMAKE_PREFIX_PATH=${CMAKE_PREFIX_PATH}:/home/kanat/turtlebot3_ws/install/turtlebot3_control:/home/kanat/ros2_udemy_beginner/install/my_ros_services_py:/home/kanat/ros2_udemy_beginner/install/my_pkg_py:/opt/ros/jazzy DEBUGINFOD_URLS=https://debuginfod.ubuntu.com /usr/bin/cmake --install /home/kanat/ur5_new_ws/build/ur_description
[0.783s] -- Install configuration: ""
[0.788s] -- Execute custom install script
[0.789s] -- Up-to-date symlink: /home/kanat/ur5_new_ws/install/ur_description/share/ur_description/config/initial_positions.yaml
[0.790s] -- Up-to-date symlink: /home/kanat/ur5_new_ws/install/ur_description/share/ur_description/config/ur10/default_kinematics.yaml
[0.791s] -- Up-to-date symlink: /home/kanat/ur5_new_ws/install/ur_description/share/ur_description/config/ur10/joint_limits.yaml
[0.792s] -- Up-to-date symlink: /home/kanat/ur5_new_ws/install/ur_description/share/ur_description/config/ur10/physical_parameters.yaml
[0.792s] -- Up-to-date symlink: /home/kanat/ur5_new_ws/install/ur_description/share/ur_description/config/ur10/visual_parameters.yaml
[0.793s] -- Up-to-date symlink: /home/kanat/ur5_new_ws/install/ur_description/share/ur_description/config/ur10e/default_kinematics.yaml
[0.793s] -- Up-to-date symlink: /home/kanat/ur5_new_ws/install/ur_description/share/ur_description/config/ur10e/joint_limits.yaml
[0.795s] -- Up-to-date symlink: /home/kanat/ur5_new_ws/install/ur_description/share/ur_description/config/ur10e/physical_parameters.yaml
[0.795s] -- Up-to-date symlink: /home/kanat/ur5_new_ws/install/ur_description/share/ur_description/config/ur10e/visual_parameters.yaml
[0.796s] -- Up-to-date symlink: /home/kanat/ur5_new_ws/install/ur_description/share/ur_description/config/ur12e/default_kinematics.yaml
[0.796s] -- Up-to-date symlink: /home/kanat/ur5_new_ws/install/ur_description/share/ur_description/config/ur12e/joint_limits.yaml
[0.796s] -- Up-to-date symlink: /home/kanat/ur5_new_ws/install/ur_description/share/ur_description/config/ur12e/physical_parameters.yaml
[0.797s] -- Up-to-date symlink: /home/kanat/ur5_new_ws/install/ur_description/share/ur_description/config/ur12e/visual_parameters.yaml
[0.797s] -- Up-to-date symlink: /home/kanat/ur5_new_ws/install/ur_description/share/ur_description/config/ur15/default_kinematics.yaml
[0.797s] -- Up-to-date symlink: /home/kanat/ur5_new_ws/install/ur_description/share/ur_description/config/ur15/joint_limits.yaml
[0.797s] -- Up-to-date symlink: /home/kanat/ur5_new_ws/install/ur_description/share/ur_description/config/ur15/physical_parameters.yaml
[0.798s] -- Up-to-date symlink: /home/kanat/ur5_new_ws/install/ur_description/share/ur_description/config/ur15/visual_parameters.yaml
[0.799s] -- Up-to-date symlink: /home/kanat/ur5_new_ws/install/ur_description/share/ur_description/config/ur16e/default_kinematics.yaml
[0.799s] -- Up-to-date symlink: /home/kanat/ur5_new_ws/install/ur_description/share/ur_description/config/ur16e/joint_limits.yaml
[0.799s] -- Up-to-date symlink: /home/kanat/ur5_new_ws/install/ur_description/share/ur_description/config/ur16e/physical_parameters.yaml
[0.799s] -- Up-to-date symlink: /home/kanat/ur5_new_ws/install/ur_description/share/ur_description/config/ur16e/visual_parameters.yaml
[0.800s] -- Up-to-date symlink: /home/kanat/ur5_new_ws/install/ur_description/share/ur_description/config/ur18/default_kinematics.yaml
[0.801s] -- Up-to-date symlink: /home/kanat/ur5_new_ws/install/ur_description/share/ur_description/config/ur18/joint_limits.yaml
[0.802s] -- Up-to-date symlink: /home/kanat/ur5_new_ws/install/ur_description/share/ur_description/config/ur18/physical_parameters.yaml
[0.802s] -- Up-to-date symlink: /home/kanat/ur5_new_ws/install/ur_description/share/ur_description/config/ur18/visual_parameters.yaml
[0.803s] -- Up-to-date symlink: /home/kanat/ur5_new_ws/install/ur_description/share/ur_description/config/ur20/default_kinematics.yaml
[0.803s] -- Up-to-date symlink: /home/kanat/ur5_new_ws/install/ur_description/share/ur_description/config/ur20/joint_limits.yaml
[0.803s] -- Up-to-date symlink: /home/kanat/ur5_new_ws/install/ur_description/share/ur_description/config/ur20/physical_parameters.yaml
[0.804s] -- Up-to-date symlink: /home/kanat/ur5_new_ws/install/ur_description/share/ur_description/config/ur20/visual_parameters.yaml
[0.805s] -- Up-to-date symlink: /home/kanat/ur5_new_ws/install/ur_description/share/ur_description/config/ur3/default_kinematics.yaml
[0.805s] -- Up-to-date symlink: /home/kanat/ur5_new_ws/install/ur_description/share/ur_description/config/ur3/joint_limits.yaml
[0.805s] -- Up-to-date symlink: /home/kanat/ur5_new_ws/install/ur_description/share/ur_description/config/ur3/physical_parameters.yaml
[0.809s] -- Up-to-date symlink: /home/kanat/ur5_new_ws/install/ur_description/share/ur_description/config/ur3/visual_parameters.yaml
[0.810s] -- Up-to-date symlink: /home/kanat/ur5_new_ws/install/ur_description/share/ur_description/config/ur30/default_kinematics.yaml
[0.812s] -- Up-to-date symlink: /home/kanat/ur5_new_ws/install/ur_description/share/ur_description/config/ur30/joint_limits.yaml
[0.814s] -- Up-to-date symlink: /home/kanat/ur5_new_ws/install/ur_description/share/ur_description/config/ur30/physical_parameters.yaml
[0.814s] -- Up-to-date symlink: /home/kanat/ur5_new_ws/install/ur_description/share/ur_description/config/ur30/visual_parameters.yaml
[0.817s] -- Up-to-date symlink: /home/kanat/ur5_new_ws/install/ur_description/share/ur_description/config/ur3e/default_kinematics.yaml
[0.818s] -- Up-to-date symlink: /home/kanat/ur5_new_ws/install/ur_description/share/ur_description/config/ur3e/joint_limits.yaml
[0.818s] -- Up-to-date symlink: /home/kanat/ur5_new_ws/install/ur_description/share/ur_description/config/ur3e/physical_parameters.yaml
[0.818s] -- Up-to-date symlink: /home/kanat/ur5_new_ws/install/ur_description/share/ur_description/config/ur3e/visual_parameters.yaml
[0.819s] -- Up-to-date symlink: /home/kanat/ur5_new_ws/install/ur_description/share/ur_description/config/ur5/default_kinematics.yaml
[0.819s] -- Up-to-date symlink: /home/kanat/ur5_new_ws/install/ur_description/share/ur_description/config/ur5/joint_limits.yaml
[0.819s] -- Up-to-date symlink: /home/kanat/ur5_new_ws/install/ur_description/share/ur_description/config/ur5/physical_parameters.yaml
[0.820s] -- Up-to-date symlink: /home/kanat/ur5_new_ws/install/ur_description/share/ur_description/config/ur5/visual_parameters.yaml
[0.820s] -- Up-to-date symlink: /home/kanat/ur5_new_ws/install/ur_description/share/ur_description/config/ur5e/default_kinematics.yaml
[0.821s] -- Up-to-date symlink: /home/kanat/ur5_new_ws/install/ur_description/share/ur_description/config/ur5e/joint_limits.yaml
[0.821s] -- Up-to-date symlink: /home/kanat/ur5_new_ws/install/ur_description/share/ur_description/config/ur5e/physical_parameters.yaml
[0.821s] -- Up-to-date symlink: /home/kanat/ur5_new_ws/install/ur_description/share/ur_description/config/ur5e/visual_parameters.yaml
[0.821s] -- Up-to-date symlink: /home/kanat/ur5_new_ws/install/ur_description/share/ur_description/config/ur7e/default_kinematics.yaml
[0.821s] -- Up-to-date symlink: /home/kanat/ur5_new_ws/install/ur_description/share/ur_description/config/ur7e/joint_limits.yaml
[0.821s] -- Up-to-date symlink: /home/kanat/ur5_new_ws/install/ur_description/share/ur_description/config/ur7e/physical_parameters.yaml
[0.823s] -- Up-to-date symlink: /home/kanat/ur5_new_ws/install/ur_description/share/ur_description/config/ur7e/visual_parameters.yaml
[0.829s] -- Up-to-date symlink: /home/kanat/ur5_new_ws/install/ur_description/share/ur_description/config/ur8long/default_kinematics.yaml
[0.829s] -- Up-to-date symlink: /home/kanat/ur5_new_ws/install/ur_description/share/ur_description/config/ur8long/joint_limits.yaml
[0.848s] -- Up-to-date symlink: /home/kanat/ur5_new_ws/install/ur_description/share/ur_description/config/ur8long/physical_parameters.yaml
[0.848s] -- Up-to-date symlink: /home/kanat/ur5_new_ws/install/ur_description/share/ur_description/config/ur8long/visual_parameters.yaml
[0.848s] -- Up-to-date symlink: /home/kanat/ur5_new_ws/install/ur_description/share/ur_description/launch/view_ur.launch.py
[0.850s] -- Up-to-date symlink: /home/kanat/ur5_new_ws/install/ur_description/share/ur_description/meshes/ur10/collision/base.stl
[0.850s] -- Up-to-date symlink: /home/kanat/ur5_new_ws/install/ur_description/share/ur_description/meshes/ur10/collision/forearm.stl
[0.850s] -- Up-to-date symlink: /home/kanat/ur5_new_ws/install/ur_description/share/ur_description/meshes/ur10/collision/shoulder.stl
[0.851s] -- Up-to-date symlink: /home/kanat/ur5_new_ws/install/ur_description/share/ur_description/meshes/ur10/collision/upperarm.stl
[0.851s] -- Up-to-date symlink: /home/kanat/ur5_new_ws/install/ur_description/share/ur_description/meshes/ur10/collision/wrist1.stl
[0.851s] -- Up-to-date symlink: /home/kanat/ur5_new_ws/install/ur_description/share/ur_description/meshes/ur10/collision/wrist2.stl
[0.851s] -- Up-to-date symlink: /home/kanat/ur5_new_ws/install/ur_description/share/ur_description/meshes/ur10/collision/wrist3.stl
[0.851s] -- Up-to-date symlink: /home/kanat/ur5_new_ws/install/ur_description/share/ur_description/meshes/ur10/visual/base.dae
[0.851s] -- Up-to-date symlink: /home/kanat/ur5_new_ws/install/ur_description/share/ur_description/meshes/ur10/visual/forearm.dae
[0.851s] -- Up-to-date symlink: /home/kanat/ur5_new_ws/install/ur_description/share/ur_description/meshes/ur10/visual/shoulder.dae
[0.852s] -- Up-to-date symlink: /home/kanat/ur5_new_ws/install/ur_description/share/ur_description/meshes/ur10/visual/upperarm.dae
[0.852s] -- Up-to-date symlink: /home/kanat/ur5_new_ws/install/ur_description/share/ur_description/meshes/ur10/visual/wrist1.dae
[0.852s] -- Up-to-date symlink: /home/kanat/ur5_new_ws/install/ur_description/share/ur_description/meshes/ur10/visual/wrist2.dae
[0.852s] -- Up-to-date symlink: /home/kanat/ur5_new_ws/install/ur_description/share/ur_description/meshes/ur10/visual/wrist3.dae
[0.852s] -- Up-to-date symlink: /home/kanat/ur5_new_ws/install/ur_description/share/ur_description/meshes/ur10e/collision/base.stl
[0.852s] -- Up-to-date symlink: /home/kanat/ur5_new_ws/install/ur_description/share/ur_description/meshes/ur10e/collision/forearm.stl
[0.852s] -- Up-to-date symlink: /home/kanat/ur5_new_ws/install/ur_description/share/ur_description/meshes/ur10e/collision/shoulder.stl
[0.853s] -- Up-to-date symlink: /home/kanat/ur5_new_ws/install/ur_description/share/ur_description/meshes/ur10e/collision/upperarm.stl
[0.853s] -- Up-to-date symlink: /home/kanat/ur5_new_ws/install/ur_description/share/ur_description/meshes/ur10e/collision/wrist1.stl
[0.853s] -- Up-to-date symlink: /home/kanat/ur5_new_ws/install/ur_description/share/ur_description/meshes/ur10e/collision/wrist2.stl
[0.853s] -- Up-to-date symlink: /home/kanat/ur5_new_ws/install/ur_description/share/ur_description/meshes/ur10e/collision/wrist3.stl
[0.853s] -- Up-to-date symlink: /home/kanat/ur5_new_ws/install/ur_description/share/ur_description/meshes/ur10e/visual/base.dae
[0.853s] -- Up-to-date symlink: /home/kanat/ur5_new_ws/install/ur_description/share/ur_description/meshes/ur10e/visual/forearm.dae
[0.853s] -- Up-to-date symlink: /home/kanat/ur5_new_ws/install/ur_description/share/ur_description/meshes/ur10e/visual/shoulder.dae
[0.853s] -- Up-to-date symlink: /home/kanat/ur5_new_ws/install/ur_description/share/ur_description/meshes/ur10e/visual/upperarm.dae
[0.854s] -- Up-to-date symlink: /home/kanat/ur5_new_ws/install/ur_description/share/ur_description/meshes/ur10e/visual/wrist1.dae
[0.854s] -- Up-to-date symlink: /home/kanat/ur5_new_ws/install/ur_description/share/ur_description/meshes/ur10e/visual/wrist2.dae
[0.854s] -- Up-to-date symlink: /home/kanat/ur5_new_ws/install/ur_description/share/ur_description/meshes/ur10e/visual/wrist3.dae
[0.854s] -- Up-to-date symlink: /home/kanat/ur5_new_ws/install/ur_description/share/ur_description/meshes/ur15/LICENSE.txt
[0.854s] -- Up-to-date symlink: /home/kanat/ur5_new_ws/install/ur_description/share/ur_description/meshes/ur15/collision/base.stl
[0.855s] -- Up-to-date symlink: /home/kanat/ur5_new_ws/install/ur_description/share/ur_description/meshes/ur15/collision/forearm.stl
[0.855s] -- Up-to-date symlink: /home/kanat/ur5_new_ws/install/ur_description/share/ur_description/meshes/ur15/collision/shoulder.stl
[0.855s] -- Up-to-date symlink: /home/kanat/ur5_new_ws/install/ur_description/share/ur_description/meshes/ur15/collision/upperarm.stl
[0.855s] -- Up-to-date symlink: /home/kanat/ur5_new_ws/install/ur_description/share/ur_description/meshes/ur15/collision/wrist1.stl
[0.855s] -- Up-to-date symlink: /home/kanat/ur5_new_ws/install/ur_description/share/ur_description/meshes/ur15/collision/wrist2.stl
[0.856s] -- Up-to-date symlink: /home/kanat/ur5_new_ws/install/ur_description/share/ur_description/meshes/ur15/collision/wrist3.stl
[0.856s] -- Up-to-date symlink: /home/kanat/ur5_new_ws/install/ur_description/share/ur_description/meshes/ur15/visual/UR15_DIFF_8bit_2K.jpg
[0.856s] -- Up-to-date symlink: /home/kanat/ur5_new_ws/install/ur_description/share/ur_description/meshes/ur15/visual/base.dae
[0.857s] -- Up-to-date symlink: /home/kanat/ur5_new_ws/install/ur_description/share/ur_description/meshes/ur15/visual/forearm.dae
[0.857s] -- Up-to-date symlink: /home/kanat/ur5_new_ws/install/ur_description/share/ur_description/meshes/ur15/visual/shoulder.dae
[0.857s] -- Up-to-date symlink: /home/kanat/ur5_new_ws/install/ur_description/share/ur_description/meshes/ur15/visual/upperarm.dae
[0.857s] -- Up-to-date symlink: /home/kanat/ur5_new_ws/install/ur_description/share/ur_description/meshes/ur15/visual/wrist1.dae
[0.858s] -- Up-to-date symlink: /home/kanat/ur5_new_ws/install/ur_description/share/ur_description/meshes/ur15/visual/wrist2.dae
[0.858s] -- Up-to-date symlink: /home/kanat/ur5_new_ws/install/ur_description/share/ur_description/meshes/ur15/visual/wrist3.dae
[0.858s] -- Up-to-date symlink: /home/kanat/ur5_new_ws/install/ur_description/share/ur_description/meshes/ur16e/collision/forearm.stl
[0.859s] -- Up-to-date symlink: /home/kanat/ur5_new_ws/install/ur_description/share/ur_description/meshes/ur16e/collision/upperarm.stl
[0.859s] -- Up-to-date symlink: /home/kanat/ur5_new_ws/install/ur_description/share/ur_description/meshes/ur16e/visual/forearm.dae
[0.859s] -- Up-to-date symlink: /home/kanat/ur5_new_ws/install/ur_description/share/ur_description/meshes/ur16e/visual/upperarm.dae
[0.860s] -- Up-to-date symlink: /home/kanat/ur5_new_ws/install/ur_description/share/ur_description/meshes/ur18/LICENSE.txt
[0.863s] -- Up-to-date symlink: /home/kanat/ur5_new_ws/install/ur_description/share/ur_description/meshes/ur18/collision/forearm.stl
[0.864s] -- Up-to-date symlink: /home/kanat/ur5_new_ws/install/ur_description/share/ur_description/meshes/ur18/collision/upperarm.stl
[0.864s] -- Up-to-date symlink: /home/kanat/ur5_new_ws/install/ur_description/share/ur_description/meshes/ur18/visual/UR18_DIFF_8bit_2K.jpg
[0.864s] -- Up-to-date symlink: /home/kanat/ur5_new_ws/install/ur_description/share/ur_description/meshes/ur18/visual/forearm.dae
[0.864s] -- Up-to-date symlink: /home/kanat/ur5_new_ws/install/ur_description/share/ur_description/meshes/ur18/visual/upperarm.dae
[0.864s] -- Up-to-date symlink: /home/kanat/ur5_new_ws/install/ur_description/share/ur_description/meshes/ur20/LICENSE.txt
[0.865s] -- Up-to-date symlink: /home/kanat/ur5_new_ws/install/ur_description/share/ur_description/meshes/ur20/collision/base.stl
[0.865s] -- Up-to-date symlink: /home/kanat/ur5_new_ws/install/ur_description/share/ur_description/meshes/ur20/collision/forearm.stl
[0.865s] -- Up-to-date symlink: /home/kanat/ur5_new_ws/install/ur_description/share/ur_description/meshes/ur20/collision/shoulder.stl
[0.865s] -- Up-to-date symlink: /home/kanat/ur5_new_ws/install/ur_description/share/ur_description/meshes/ur20/collision/upperarm.stl
[0.865s] -- Up-to-date symlink: /home/kanat/ur5_new_ws/install/ur_description/share/ur_description/meshes/ur20/collision/wrist1.stl
[0.865s] -- Up-to-date symlink: /home/kanat/ur5_new_ws/install/ur_description/share/ur_description/meshes/ur20/collision/wrist2.stl
[0.865s] -- Up-to-date symlink: /home/kanat/ur5_new_ws/install/ur_description/share/ur_description/meshes/ur20/collision/wrist3.stl
[0.866s] -- Up-to-date symlink: /home/kanat/ur5_new_ws/install/ur_description/share/ur_description/meshes/ur20/visual/UR20_DIFF_8bit_2K.png
[0.866s] -- Up-to-date symlink: /home/kanat/ur5_new_ws/install/ur_description/share/ur_description/meshes/ur20/visual/base.dae
[0.866s] -- Up-to-date symlink: /home/kanat/ur5_new_ws/install/ur_description/share/ur_description/meshes/ur20/visual/forearm.dae
[0.866s] -- Up-to-date symlink: /home/kanat/ur5_new_ws/install/ur_description/share/ur_description/meshes/ur20/visual/shoulder.dae
[0.866s] -- Up-to-date symlink: /home/kanat/ur5_new_ws/install/ur_description/share/ur_description/meshes/ur20/visual/upperarm.dae
[0.866s] -- Up-to-date symlink: /home/kanat/ur5_new_ws/install/ur_description/share/ur_description/meshes/ur20/visual/wrist1.dae
[0.866s] -- Up-to-date symlink: /home/kanat/ur5_new_ws/install/ur_description/share/ur_description/meshes/ur20/visual/wrist2.dae
[0.866s] -- Up-to-date symlink: /home/kanat/ur5_new_ws/install/ur_description/share/ur_description/meshes/ur20/visual/wrist3.dae
[0.867s] -- Up-to-date symlink: /home/kanat/ur5_new_ws/install/ur_description/share/ur_description/meshes/ur3/collision/base.stl
[0.867s] -- Up-to-date symlink: /home/kanat/ur5_new_ws/install/ur_description/share/ur_description/meshes/ur3/collision/forearm.stl
[0.867s] -- Up-to-date symlink: /home/kanat/ur5_new_ws/install/ur_description/share/ur_description/meshes/ur3/collision/shoulder.stl
[0.867s] -- Up-to-date symlink: /home/kanat/ur5_new_ws/install/ur_description/share/ur_description/meshes/ur3/collision/upperarm.stl
[0.867s] -- Up-to-date symlink: /home/kanat/ur5_new_ws/install/ur_description/share/ur_description/meshes/ur3/collision/wrist1.stl
[0.867s] -- Up-to-date symlink: /home/kanat/ur5_new_ws/install/ur_description/share/ur_description/meshes/ur3/collision/wrist2.stl
[0.867s] -- Up-to-date symlink: /home/kanat/ur5_new_ws/install/ur_description/share/ur_description/meshes/ur3/collision/wrist3.stl
[0.868s] -- Up-to-date symlink: /home/kanat/ur5_new_ws/install/ur_description/share/ur_description/meshes/ur3/visual/base.dae
[0.868s] -- Up-to-date symlink: /home/kanat/ur5_new_ws/install/ur_description/share/ur_description/meshes/ur3/visual/forearm.dae
[0.868s] -- Up-to-date symlink: /home/kanat/ur5_new_ws/install/ur_description/share/ur_description/meshes/ur3/visual/shoulder.dae
[0.868s] -- Up-to-date symlink: /home/kanat/ur5_new_ws/install/ur_description/share/ur_description/meshes/ur3/visual/upperarm.dae
[0.868s] -- Up-to-date symlink: /home/kanat/ur5_new_ws/install/ur_description/share/ur_description/meshes/ur3/visual/wrist1.dae
[0.868s] -- Up-to-date symlink: /home/kanat/ur5_new_ws/install/ur_description/share/ur_description/meshes/ur3/visual/wrist2.dae
[0.868s] -- Up-to-date symlink: /home/kanat/ur5_new_ws/install/ur_description/share/ur_description/meshes/ur3/visual/wrist3.dae
[0.869s] -- Up-to-date symlink: /home/kanat/ur5_new_ws/install/ur_description/share/ur_description/meshes/ur30/LICENSE.txt
[0.869s] -- Up-to-date symlink: /home/kanat/ur5_new_ws/install/ur_description/share/ur_description/meshes/ur30/collision/forearm.stl
[0.869s] -- Up-to-date symlink: /home/kanat/ur5_new_ws/install/ur_description/share/ur_description/meshes/ur30/collision/upperarm.stl
[0.869s] -- Up-to-date symlink: /home/kanat/ur5_new_ws/install/ur_description/share/ur_description/meshes/ur30/visual/UR30_DIFF_8bit_2K.png
[0.869s] -- Up-to-date symlink: /home/kanat/ur5_new_ws/install/ur_description/share/ur_description/meshes/ur30/visual/forearm.dae
[0.869s] -- Up-to-date symlink: /home/kanat/ur5_new_ws/install/ur_description/share/ur_description/meshes/ur30/visual/upperarm.dae
[0.869s] -- Up-to-date symlink: /home/kanat/ur5_new_ws/install/ur_description/share/ur_description/meshes/ur3e/collision/base.stl
[0.869s] -- Up-to-date symlink: /home/kanat/ur5_new_ws/install/ur_description/share/ur_description/meshes/ur3e/collision/forearm.stl
[0.870s] -- Up-to-date symlink: /home/kanat/ur5_new_ws/install/ur_description/share/ur_description/meshes/ur3e/collision/shoulder.stl
[0.870s] -- Up-to-date symlink: /home/kanat/ur5_new_ws/install/ur_description/share/ur_description/meshes/ur3e/collision/upperarm.stl
[0.870s] -- Up-to-date symlink: /home/kanat/ur5_new_ws/install/ur_description/share/ur_description/meshes/ur3e/collision/wrist1.stl
[0.870s] -- Up-to-date symlink: /home/kanat/ur5_new_ws/install/ur_description/share/ur_description/meshes/ur3e/collision/wrist2.stl
[0.870s] -- Up-to-date symlink: /home/kanat/ur5_new_ws/install/ur_description/share/ur_description/meshes/ur3e/collision/wrist3.stl
[0.870s] -- Up-to-date symlink: /home/kanat/ur5_new_ws/install/ur_description/share/ur_description/meshes/ur3e/visual/base.dae
[0.870s] -- Up-to-date symlink: /home/kanat/ur5_new_ws/install/ur_description/share/ur_description/meshes/ur3e/visual/forearm.dae
[0.871s] -- Up-to-date symlink: /home/kanat/ur5_new_ws/install/ur_description/share/ur_description/meshes/ur3e/visual/shoulder.dae
[0.871s] -- Up-to-date symlink: /home/kanat/ur5_new_ws/install/ur_description/share/ur_description/meshes/ur3e/visual/upperarm.dae
[0.871s] -- Up-to-date symlink: /home/kanat/ur5_new_ws/install/ur_description/share/ur_description/meshes/ur3e/visual/wrist1.dae
[0.871s] -- Up-to-date symlink: /home/kanat/ur5_new_ws/install/ur_description/share/ur_description/meshes/ur3e/visual/wrist2.dae
[0.871s] -- Up-to-date symlink: /home/kanat/ur5_new_ws/install/ur_description/share/ur_description/meshes/ur3e/visual/wrist3.dae
[0.871s] -- Up-to-date symlink: /home/kanat/ur5_new_ws/install/ur_description/share/ur_description/meshes/ur5/collision/base.stl
[0.871s] -- Up-to-date symlink: /home/kanat/ur5_new_ws/install/ur_description/share/ur_description/meshes/ur5/collision/forearm.stl
[0.871s] -- Up-to-date symlink: /home/kanat/ur5_new_ws/install/ur_description/share/ur_description/meshes/ur5/collision/shoulder.stl
[0.872s] -- Up-to-date symlink: /home/kanat/ur5_new_ws/install/ur_description/share/ur_description/meshes/ur5/collision/upperarm.stl
[0.872s] -- Up-to-date symlink: /home/kanat/ur5_new_ws/install/ur_description/share/ur_description/meshes/ur5/collision/wrist1.stl
[0.872s] -- Up-to-date symlink: /home/kanat/ur5_new_ws/install/ur_description/share/ur_description/meshes/ur5/collision/wrist2.stl
[0.872s] -- Up-to-date symlink: /home/kanat/ur5_new_ws/install/ur_description/share/ur_description/meshes/ur5/collision/wrist3.stl
[0.872s] -- Up-to-date symlink: /home/kanat/ur5_new_ws/install/ur_description/share/ur_description/meshes/ur5/visual/base.dae
[0.872s] -- Up-to-date symlink: /home/kanat/ur5_new_ws/install/ur_description/share/ur_description/meshes/ur5/visual/forearm.dae
[0.872s] -- Up-to-date symlink: /home/kanat/ur5_new_ws/install/ur_description/share/ur_description/meshes/ur5/visual/shoulder.dae
[0.872s] -- Up-to-date symlink: /home/kanat/ur5_new_ws/install/ur_description/share/ur_description/meshes/ur5/visual/upperarm.dae
[0.873s] -- Up-to-date symlink: /home/kanat/ur5_new_ws/install/ur_description/share/ur_description/meshes/ur5/visual/wrist1.dae
[0.873s] -- Up-to-date symlink: /home/kanat/ur5_new_ws/install/ur_description/share/ur_description/meshes/ur5/visual/wrist2.dae
[0.873s] -- Up-to-date symlink: /home/kanat/ur5_new_ws/install/ur_description/share/ur_description/meshes/ur5/visual/wrist3.dae
[0.873s] -- Up-to-date symlink: /home/kanat/ur5_new_ws/install/ur_description/share/ur_description/meshes/ur5e/collision/base.stl
[0.873s] -- Up-to-date symlink: /home/kanat/ur5_new_ws/install/ur_description/share/ur_description/meshes/ur5e/collision/forearm.stl
[0.874s] -- Up-to-date symlink: /home/kanat/ur5_new_ws/install/ur_description/share/ur_description/meshes/ur5e/collision/shoulder.stl
[0.874s] -- Up-to-date symlink: /home/kanat/ur5_new_ws/install/ur_description/share/ur_description/meshes/ur5e/collision/upperarm.stl
[0.874s] -- Up-to-date symlink: /home/kanat/ur5_new_ws/install/ur_description/share/ur_description/meshes/ur5e/collision/wrist1.stl
[0.874s] -- Up-to-date symlink: /home/kanat/ur5_new_ws/install/ur_description/share/ur_description/meshes/ur5e/collision/wrist2.stl
[0.874s] -- Up-to-date symlink: /home/kanat/ur5_new_ws/install/ur_description/share/ur_description/meshes/ur5e/collision/wrist3.stl
[0.875s] -- Up-to-date symlink: /home/kanat/ur5_new_ws/install/ur_description/share/ur_description/meshes/ur5e/visual/base.dae
[0.875s] -- Up-to-date symlink: /home/kanat/ur5_new_ws/install/ur_description/share/ur_description/meshes/ur5e/visual/forearm.dae
[0.875s] -- Up-to-date symlink: /home/kanat/ur5_new_ws/install/ur_description/share/ur_description/meshes/ur5e/visual/shoulder.dae
[0.875s] -- Up-to-date symlink: /home/kanat/ur5_new_ws/install/ur_description/share/ur_description/meshes/ur5e/visual/upperarm.dae
[0.875s] -- Up-to-date symlink: /home/kanat/ur5_new_ws/install/ur_description/share/ur_description/meshes/ur5e/visual/wrist1.dae
[0.875s] -- Up-to-date symlink: /home/kanat/ur5_new_ws/install/ur_description/share/ur_description/meshes/ur5e/visual/wrist2.dae
[0.875s] -- Up-to-date symlink: /home/kanat/ur5_new_ws/install/ur_description/share/ur_description/meshes/ur5e/visual/wrist3.dae
[0.875s] -- Up-to-date symlink: /home/kanat/ur5_new_ws/install/ur_description/share/ur_description/meshes/ur8long/LICENSE.txt
[0.876s] -- Up-to-date symlink: /home/kanat/ur5_new_ws/install/ur_description/share/ur_description/meshes/ur8long/collision/forearm.stl
[0.876s] -- Up-to-date symlink: /home/kanat/ur5_new_ws/install/ur_description/share/ur_description/meshes/ur8long/collision/upperarm.stl
[0.876s] -- Up-to-date symlink: /home/kanat/ur5_new_ws/install/ur_description/share/ur_description/meshes/ur8long/visual/UR8Long_DIFF_8bit_2K.jpg
[0.876s] -- Up-to-date symlink: /home/kanat/ur5_new_ws/install/ur_description/share/ur_description/meshes/ur8long/visual/forearm.dae
[0.876s] -- Up-to-date symlink: /home/kanat/ur5_new_ws/install/ur_description/share/ur_description/meshes/ur8long/visual/upperarm.dae
[0.876s] -- Up-to-date symlink: /home/kanat/ur5_new_ws/install/ur_description/share/ur_description/rviz/view_robot.rviz
[0.876s] -- Up-to-date symlink: /home/kanat/ur5_new_ws/install/ur_description/share/ur_description/urdf/inc/ur_common.xacro
[0.877s] -- Up-to-date symlink: /home/kanat/ur5_new_ws/install/ur_description/share/ur_description/urdf/inc/ur_joint_control.xacro
[0.877s] -- Up-to-date symlink: /home/kanat/ur5_new_ws/install/ur_description/share/ur_description/urdf/inc/ur_sensors.xacro
[0.877s] -- Up-to-date symlink: /home/kanat/ur5_new_ws/install/ur_description/share/ur_description/urdf/inc/ur_transmissions.xacro
[0.877s] -- Up-to-date symlink: /home/kanat/ur5_new_ws/install/ur_description/share/ur_description/urdf/ros2_control_mock_hardware.xacro
[0.877s] -- Up-to-date symlink: /home/kanat/ur5_new_ws/install/ur_description/share/ur_description/urdf/ur.urdf.xacro
[0.877s] -- Up-to-date symlink: /home/kanat/ur5_new_ws/install/ur_description/share/ur_description/urdf/ur_macro.xacro
[0.877s] -- Up-to-date symlink: /home/kanat/ur5_new_ws/install/ur_description/share/ur_description/urdf/ur_mocked.urdf.xacro
[0.878s] -- Up-to-date symlink: /home/kanat/ur5_new_ws/install/ur_description/share/ur_description/test/test_ur_urdf_xacro.py
[0.878s] -- Up-to-date symlink: /home/kanat/ur5_new_ws/install/ur_description/share/ur_description/test/test_view_ur_launch.py
[0.878s] -- Up-to-date symlink: /home/kanat/ur5_new_ws/install/ur_description/share/ament_index/resource_index/package_run_dependencies/ur_description
[0.878s] -- Up-to-date symlink: /home/kanat/ur5_new_ws/install/ur_description/share/ament_index/resource_index/parent_prefix_path/ur_description
[0.878s] -- Up-to-date symlink: /home/kanat/ur5_new_ws/install/ur_description/share/ur_description/environment/ament_prefix_path.sh
[0.878s] -- Up-to-date symlink: /home/kanat/ur5_new_ws/install/ur_description/share/ur_description/environment/ament_prefix_path.dsv
[0.878s] -- Up-to-date symlink: /home/kanat/ur5_new_ws/install/ur_description/share/ur_description/environment/path.sh
[0.879s] -- Up-to-date symlink: /home/kanat/ur5_new_ws/install/ur_description/share/ur_description/environment/path.dsv
[0.879s] -- Up-to-date symlink: /home/kanat/ur5_new_ws/install/ur_description/share/ur_description/local_setup.bash
[0.879s] -- Up-to-date symlink: /home/kanat/ur5_new_ws/install/ur_description/share/ur_description/local_setup.sh
[0.879s] -- Up-to-date symlink: /home/kanat/ur5_new_ws/install/ur_description/share/ur_description/local_setup.zsh
[0.879s] -- Up-to-date symlink: /home/kanat/ur5_new_ws/install/ur_description/share/ur_description/local_setup.dsv
[0.879s] -- Symlinking: /home/kanat/ur5_new_ws/install/ur_description/share/ur_description/package.dsv
[0.879s] -- Up-to-date symlink: /home/kanat/ur5_new_ws/install/ur_description/share/ament_index/resource_index/packages/ur_description
[0.879s] -- Up-to-date symlink: /home/kanat/ur5_new_ws/install/ur_description/share/ur_description/cmake/ur_descriptionConfig.cmake
[0.880s] -- Up-to-date symlink: /home/kanat/ur5_new_ws/install/ur_description/share/ur_description/cmake/ur_descriptionConfig-version.cmake
[0.880s] -- Up-to-date symlink: /home/kanat/ur5_new_ws/install/ur_description/share/ur_description/package.xml
[0.954s] Invoked command in '/home/kanat/ur5_new_ws/build/ur_description' returned '0': CMAKE_PREFIX_PATH=${CMAKE_PREFIX_PATH}:/home/kanat/turtlebot3_ws/install/turtlebot3_control:/home/kanat/ros2_udemy_beginner/install/my_ros_services_py:/home/kanat/ros2_udemy_beginner/install/my_pkg_py:/opt/ros/jazzy DEBUGINFOD_URLS=https://debuginfod.ubuntu.com /usr/bin/cmake --install /home/kanat/ur5_new_ws/build/ur_description
