[3.529s] Invoking command in '/home/kanat/ur5_new_ws/build/ur5_control': DEBUGINFOD_URLS=https://debuginfod.ubuntu.com PS1=(myenv) \[\e]0;\u@\h: \w\a\]${debian_chroot:+($debian_chroot)}\[\033[01;32m\]\u@\h\[\033[00m\]:\[\033[01;34m\]\w\[\033[00m\]\$ PYTHONPATH=/home/kanat/ur5_new_ws/build/ur5_control/prefix_override:/usr/lib/python3/dist-packages/colcon_core/task/python/colcon_distutils_commands:/home/kanat/ur5_new_ws/install/ur5_control/lib/python3.12/site-packages:${PYTHONPATH} VIRTUAL_ENV_PROMPT=(myenv) /usr/bin/python3 -W ignore:setup.py install is deprecated -W ignore:easy_install command is deprecated setup.py develop --editable --build-directory /home/kanat/ur5_new_ws/build/ur5_control/build --no-deps symlink_data
[4.995s] running develop
[6.001s] running egg_info
[6.091s] writing ur5_control.egg-info/PKG-INFO
[6.092s] writing dependency_links to ur5_control.egg-info/dependency_links.txt
[6.093s] writing entry points to ur5_control.egg-info/entry_points.txt
[6.094s] writing requirements to ur5_control.egg-info/requires.txt
[6.095s] writing top-level names to ur5_control.egg-info/top_level.txt
[6.297s] reading manifest file 'ur5_control.egg-info/SOURCES.txt'
[6.301s] writing manifest file 'ur5_control.egg-info/SOURCES.txt'
[6.401s] running build_ext
[6.401s] Creating /home/kanat/ur5_new_ws/install/ur5_control/lib/python3.12/site-packages/ur5-control.egg-link (link to .)
[6.403s] Installing mpc_constrained_control_exe script to /home/kanat/ur5_new_ws/install/ur5_control/lib/ur5_control
[6.404s] Installing mpc_control_exe script to /home/kanat/ur5_new_ws/install/ur5_control/lib/ur5_control
[6.405s] Installing pd_control_exe script to /home/kanat/ur5_new_ws/install/ur5_control/lib/ur5_control
[6.406s] Installing waypoint_publisher_exe script to /home/kanat/ur5_new_ws/install/ur5_control/lib/ur5_control
[6.406s] 
[6.406s] Installed /home/kanat/ur5_new_ws/build/ur5_control
[6.407s] running symlink_data
[6.531s] Invoked command in '/home/kanat/ur5_new_ws/build/ur5_control' returned '0': DEBUGINFOD_URLS=https://debuginfod.ubuntu.com PS1=(myenv) \[\e]0;\u@\h: \w\a\]${debian_chroot:+($debian_chroot)}\[\033[01;32m\]\u@\h\[\033[00m\]:\[\033[01;34m\]\w\[\033[00m\]\$ PYTHONPATH=/home/kanat/ur5_new_ws/build/ur5_control/prefix_override:/usr/lib/python3/dist-packages/colcon_core/task/python/colcon_distutils_commands:/home/kanat/ur5_new_ws/install/ur5_control/lib/python3.12/site-packages:${PYTHONPATH} VIRTUAL_ENV_PROMPT=(myenv) /usr/bin/python3 -W ignore:setup.py install is deprecated -W ignore:easy_install command is deprecated setup.py develop --editable --build-directory /home/kanat/ur5_new_ws/build/ur5_control/build --no-deps symlink_data
