[3.900s] Invoking command in '/home/kanat/ur5_new_ws/build/ur5_control': DEBUGINFOD_URLS=https://debuginfod.ubuntu.com PYTHONPATH=/home/kanat/ur5_new_ws/build/ur5_control/prefix_override:/usr/lib/python3/dist-packages/colcon_core/task/python/colcon_distutils_commands:/home/kanat/ur5_new_ws/install/ur5_control/lib/python3.12/site-packages:${PYTHONPATH} /usr/bin/python3 -W ignore:setup.py install is deprecated -W ignore:easy_install command is deprecated setup.py develop --uninstall --editable --build-directory /home/kanat/ur5_new_ws/build/ur5_control/build
[5.433s] running develop
[6.641s] Removing /home/kanat/ur5_new_ws/install/ur5_control/lib/python3.12/site-packages/ur5-control.egg-link (link to .)
[6.777s] Invoked command in '/home/kanat/ur5_new_ws/build/ur5_control' returned '0': DEBUGINFOD_URLS=https://debuginfod.ubuntu.com PYTHONPATH=/home/kanat/ur5_new_ws/build/ur5_control/prefix_override:/usr/lib/python3/dist-packages/colcon_core/task/python/colcon_distutils_commands:/home/kanat/ur5_new_ws/install/ur5_control/lib/python3.12/site-packages:${PYTHONPATH} /usr/bin/python3 -W ignore:setup.py install is deprecated -W ignore:easy_install command is deprecated setup.py develop --uninstall --editable --build-directory /home/kanat/ur5_new_ws/build/ur5_control/build
[6.781s] Invoking command in '/home/kanat/ur5_new_ws/src/ur5_control': DEBUGINFOD_URLS=https://debuginfod.ubuntu.com PYTHONPATH=/home/kanat/ur5_new_ws/build/ur5_control/prefix_override:/usr/lib/python3/dist-packages/colcon_core/task/python/colcon_distutils_commands:/home/kanat/ur5_new_ws/install/ur5_control/lib/python3.12/site-packages:${PYTHONPATH} /usr/bin/python3 -W ignore:setup.py install is deprecated -W ignore:easy_install command is deprecated setup.py egg_info --egg-base ../../build/ur5_control build --build-base /home/kanat/ur5_new_ws/build/ur5_control/build install --record /home/kanat/ur5_new_ws/build/ur5_control/install.log --single-version-externally-managed install_data --force
[8.278s] running egg_info
[8.385s] writing ../../build/ur5_control/ur5_control.egg-info/PKG-INFO
[8.388s] writing dependency_links to ../../build/ur5_control/ur5_control.egg-info/dependency_links.txt
[8.389s] writing entry points to ../../build/ur5_control/ur5_control.egg-info/entry_points.txt
[8.390s] writing requirements to ../../build/ur5_control/ur5_control.egg-info/requires.txt
[8.391s] writing top-level names to ../../build/ur5_control/ur5_control.egg-info/top_level.txt
[8.610s] reading manifest file '../../build/ur5_control/ur5_control.egg-info/SOURCES.txt'
[8.616s] writing manifest file '../../build/ur5_control/ur5_control.egg-info/SOURCES.txt'
[8.616s] running build
[8.617s] running build_py
[8.626s] copying ur5_control/mpc_ur5.py -> /home/kanat/ur5_new_ws/build/ur5_control/build/lib/ur5_control
[8.627s] copying ur5_control/__init__.py -> /home/kanat/ur5_new_ws/build/ur5_control/build/lib/ur5_control
[8.628s] copying ur5_control/mpc_constrained_ur5.py -> /home/kanat/ur5_new_ws/build/ur5_control/build/lib/ur5_control
[8.628s] copying ur5_control/waypoint_publisher.py -> /home/kanat/ur5_new_ws/build/ur5_control/build/lib/ur5_control
[8.629s] copying ur5_control/pd_ur5.py -> /home/kanat/ur5_new_ws/build/ur5_control/build/lib/ur5_control
[8.630s] running install
[8.652s] running install_lib
[8.763s] creating /home/kanat/ur5_new_ws/install/ur5_control/lib/python3.12/site-packages/ur5_control
[8.764s] copying /home/kanat/ur5_new_ws/build/ur5_control/build/lib/ur5_control/mpc_ur5.py -> /home/kanat/ur5_new_ws/install/ur5_control/lib/python3.12/site-packages/ur5_control
[8.765s] copying /home/kanat/ur5_new_ws/build/ur5_control/build/lib/ur5_control/__init__.py -> /home/kanat/ur5_new_ws/install/ur5_control/lib/python3.12/site-packages/ur5_control
[8.765s] copying /home/kanat/ur5_new_ws/build/ur5_control/build/lib/ur5_control/mpc_constrained_ur5.py -> /home/kanat/ur5_new_ws/install/ur5_control/lib/python3.12/site-packages/ur5_control
[8.766s] copying /home/kanat/ur5_new_ws/build/ur5_control/build/lib/ur5_control/waypoint_publisher.py -> /home/kanat/ur5_new_ws/install/ur5_control/lib/python3.12/site-packages/ur5_control
[8.767s] copying /home/kanat/ur5_new_ws/build/ur5_control/build/lib/ur5_control/pd_ur5.py -> /home/kanat/ur5_new_ws/install/ur5_control/lib/python3.12/site-packages/ur5_control
[8.769s] byte-compiling /home/kanat/ur5_new_ws/install/ur5_control/lib/python3.12/site-packages/ur5_control/mpc_ur5.py to mpc_ur5.cpython-312.pyc
[8.774s] byte-compiling /home/kanat/ur5_new_ws/install/ur5_control/lib/python3.12/site-packages/ur5_control/__init__.py to __init__.cpython-312.pyc
[8.774s] byte-compiling /home/kanat/ur5_new_ws/install/ur5_control/lib/python3.12/site-packages/ur5_control/mpc_constrained_ur5.py to mpc_constrained_ur5.cpython-312.pyc
[8.778s] byte-compiling /home/kanat/ur5_new_ws/install/ur5_control/lib/python3.12/site-packages/ur5_control/waypoint_publisher.py to waypoint_publisher.cpython-312.pyc
[8.781s] byte-compiling /home/kanat/ur5_new_ws/install/ur5_control/lib/python3.12/site-packages/ur5_control/pd_ur5.py to pd_ur5.cpython-312.pyc
[8.786s] running install_data
[8.787s] copying resource/ur5_control -> /home/kanat/ur5_new_ws/install/ur5_control/share/ament_index/resource_index/packages
[8.787s] copying package.xml -> /home/kanat/ur5_new_ws/install/ur5_control/share/ur5_control
[8.788s] running install_egg_info
[8.901s] Copying ../../build/ur5_control/ur5_control.egg-info to /home/kanat/ur5_new_ws/install/ur5_control/lib/python3.12/site-packages/ur5_control-0.0.0-py3.12.egg-info
[8.912s] running install_scripts
[9.607s] Installing mpc_constrained_control_exe script to /home/kanat/ur5_new_ws/install/ur5_control/lib/ur5_control
[9.608s] Installing mpc_control_exe script to /home/kanat/ur5_new_ws/install/ur5_control/lib/ur5_control
[9.608s] Installing pd_control_exe script to /home/kanat/ur5_new_ws/install/ur5_control/lib/ur5_control
[9.610s] Installing waypoint_publisher_exe script to /home/kanat/ur5_new_ws/install/ur5_control/lib/ur5_control
[9.610s] writing list of installed files to '/home/kanat/ur5_new_ws/build/ur5_control/install.log'
[9.722s] Invoked command in '/home/kanat/ur5_new_ws/src/ur5_control' returned '0': DEBUGINFOD_URLS=https://debuginfod.ubuntu.com PYTHONPATH=/home/kanat/ur5_new_ws/build/ur5_control/prefix_override:/usr/lib/python3/dist-packages/colcon_core/task/python/colcon_distutils_commands:/home/kanat/ur5_new_ws/install/ur5_control/lib/python3.12/site-packages:${PYTHONPATH} /usr/bin/python3 -W ignore:setup.py install is deprecated -W ignore:easy_install command is deprecated setup.py egg_info --egg-base ../../build/ur5_control build --build-base /home/kanat/ur5_new_ws/build/ur5_control/build install --record /home/kanat/ur5_new_ws/build/ur5_control/install.log --single-version-externally-managed install_data --force
