[3.611s] Invoking command in '/home/kanat/ur5_new_ws/build/ur5_control': DEBUGINFOD_URLS=https://debuginfod.ubuntu.com PYTHONPATH=/home/kanat/ur5_new_ws/build/ur5_control/prefix_override:/usr/lib/python3/dist-packages/colcon_core/task/python/colcon_distutils_commands:/home/kanat/ur5_new_ws/install/ur5_control/lib/python3.12/site-packages:${PYTHONPATH} /usr/bin/python3 -W ignore:setup.py install is deprecated -W ignore:easy_install command is deprecated setup.py develop --editable --build-directory /home/kanat/ur5_new_ws/build/ur5_control/build --no-deps symlink_data --force
[5.070s] running develop
[6.106s] running egg_info
[6.223s] writing ur5_control.egg-info/PKG-INFO
[6.224s] writing dependency_links to ur5_control.egg-info/dependency_links.txt
[6.224s] writing entry points to ur5_control.egg-info/entry_points.txt
[6.225s] writing requirements to ur5_control.egg-info/requires.txt
[6.225s] writing top-level names to ur5_control.egg-info/top_level.txt
[6.440s] reading manifest file 'ur5_control.egg-info/SOURCES.txt'
[6.443s] writing manifest file 'ur5_control.egg-info/SOURCES.txt'
[6.561s] running build_ext
[6.561s] Creating /home/kanat/ur5_new_ws/install/ur5_control/lib/python3.12/site-packages/ur5-control.egg-link (link to .)
[6.564s] Installing mpc_constrained_control_exe script to /home/kanat/ur5_new_ws/install/ur5_control/lib/ur5_control
[6.565s] Installing mpc_control_exe script to /home/kanat/ur5_new_ws/install/ur5_control/lib/ur5_control
[6.565s] Installing pd_control_exe script to /home/kanat/ur5_new_ws/install/ur5_control/lib/ur5_control
[6.566s] Installing waypoint_publisher_exe script to /home/kanat/ur5_new_ws/install/ur5_control/lib/ur5_control
[6.566s] 
[6.566s] Installed /home/kanat/ur5_new_ws/build/ur5_control
[6.567s] running symlink_data
[6.567s] symbolically linking /home/kanat/ur5_new_ws/build/ur5_control/resource/ur5_control -> /home/kanat/ur5_new_ws/install/ur5_control/share/ament_index/resource_index/packages
[6.568s] symbolically linking /home/kanat/ur5_new_ws/build/ur5_control/package.xml -> /home/kanat/ur5_new_ws/install/ur5_control/share/ur5_control
[6.699s] Invoked command in '/home/kanat/ur5_new_ws/build/ur5_control' returned '0': DEBUGINFOD_URLS=https://debuginfod.ubuntu.com PYTHONPATH=/home/kanat/ur5_new_ws/build/ur5_control/prefix_override:/usr/lib/python3/dist-packages/colcon_core/task/python/colcon_distutils_commands:/home/kanat/ur5_new_ws/install/ur5_control/lib/python3.12/site-packages:${PYTHONPATH} /usr/bin/python3 -W ignore:setup.py install is deprecated -W ignore:easy_install command is deprecated setup.py develop --editable --build-directory /home/kanat/ur5_new_ws/build/ur5_control/build --no-deps symlink_data --force
