[0.081s] Invoking command in '/home/kanat/ur5_new_ws/build/moveit_commander_cpp': CMAKE_PREFIX_PATH=${CMAKE_PREFIX_PATH}:/home/kanat/ur5_new_ws/install/ur5_control:/home/kanat/turtlebot3_ws/install/turtlebot3_control:/home/kanat/ros2_udemy_beginner/install/my_ros_services_py:/home/kanat/ros2_udemy_beginner/install/my_pkg_py:/opt/ros/jazzy DEBUGINFOD_URLS=https://debuginfod.ubuntu.com /usr/bin/cmake --build /home/kanat/ur5_new_ws/build/moveit_commander_cpp -- -j20 -l20
[0.243s] [100%] Built target moveit_planning_exe
[0.503s] Invoked command in '/home/kanat/ur5_new_ws/build/moveit_commander_cpp' returned '0': CMAKE_PREFIX_PATH=${CMAKE_PREFIX_PATH}:/home/kanat/ur5_new_ws/install/ur5_control:/home/kanat/turtlebot3_ws/install/turtlebot3_control:/home/kanat/ros2_udemy_beginner/install/my_ros_services_py:/home/kanat/ros2_udemy_beginner/install/my_pkg_py:/opt/ros/jazzy DEBUGINFOD_URLS=https://debuginfod.ubuntu.com /usr/bin/cmake --build /home/kanat/ur5_new_ws/build/moveit_commander_cpp -- -j20 -l20
[0.518s] Invoking command in '/home/kanat/ur5_new_ws/build/moveit_commander_cpp': CMAKE_PREFIX_PATH=${CMAKE_PREFIX_PATH}:/home/kanat/ur5_new_ws/install/ur5_control:/home/kanat/turtlebot3_ws/install/turtlebot3_control:/home/kanat/ros2_udemy_beginner/install/my_ros_services_py:/home/kanat/ros2_udemy_beginner/install/my_pkg_py:/opt/ros/jazzy DEBUGINFOD_URLS=https://debuginfod.ubuntu.com /usr/bin/cmake --install /home/kanat/ur5_new_ws/build/moveit_commander_cpp
[0.533s] -- Install configuration: ""
[0.533s] -- Execute custom install script
[0.533s] -- Up-to-date symlink: /home/kanat/ur5_new_ws/install/moveit_commander_cpp/lib/moveit_commander_cpp/moveit_planning_exe
[0.534s] -- Up-to-date symlink: /home/kanat/ur5_new_ws/install/moveit_commander_cpp/share/ament_index/resource_index/package_run_dependencies/moveit_commander_cpp
[0.534s] -- Up-to-date symlink: /home/kanat/ur5_new_ws/install/moveit_commander_cpp/share/ament_index/resource_index/parent_prefix_path/moveit_commander_cpp
[0.534s] -- Up-to-date symlink: /home/kanat/ur5_new_ws/install/moveit_commander_cpp/share/moveit_commander_cpp/environment/ament_prefix_path.sh
[0.534s] -- Up-to-date symlink: /home/kanat/ur5_new_ws/install/moveit_commander_cpp/share/moveit_commander_cpp/environment/ament_prefix_path.dsv
[0.535s] -- Up-to-date symlink: /home/kanat/ur5_new_ws/install/moveit_commander_cpp/share/moveit_commander_cpp/environment/path.sh
[0.535s] -- Up-to-date symlink: /home/kanat/ur5_new_ws/install/moveit_commander_cpp/share/moveit_commander_cpp/environment/path.dsv
[0.535s] -- Up-to-date symlink: /home/kanat/ur5_new_ws/install/moveit_commander_cpp/share/moveit_commander_cpp/local_setup.bash
[0.536s] -- Up-to-date symlink: /home/kanat/ur5_new_ws/install/moveit_commander_cpp/share/moveit_commander_cpp/local_setup.sh
[0.538s] -- Up-to-date symlink: /home/kanat/ur5_new_ws/install/moveit_commander_cpp/share/moveit_commander_cpp/local_setup.zsh
[0.539s] -- Up-to-date symlink: /home/kanat/ur5_new_ws/install/moveit_commander_cpp/share/moveit_commander_cpp/local_setup.dsv
[0.539s] -- Symlinking: /home/kanat/ur5_new_ws/install/moveit_commander_cpp/share/moveit_commander_cpp/package.dsv
[0.588s] -- Up-to-date symlink: /home/kanat/ur5_new_ws/install/moveit_commander_cpp/share/ament_index/resource_index/packages/moveit_commander_cpp
[0.591s] -- Up-to-date symlink: /home/kanat/ur5_new_ws/install/moveit_commander_cpp/share/moveit_commander_cpp/cmake/moveit_commander_cppConfig.cmake
[0.596s] -- Up-to-date symlink: /home/kanat/ur5_new_ws/install/moveit_commander_cpp/share/moveit_commander_cpp/cmake/moveit_commander_cppConfig-version.cmake
[0.596s] -- Up-to-date symlink: /home/kanat/ur5_new_ws/install/moveit_commander_cpp/share/moveit_commander_cpp/package.xml
[0.666s] Invoked command in '/home/kanat/ur5_new_ws/build/moveit_commander_cpp' returned '0': CMAKE_PREFIX_PATH=${CMAKE_PREFIX_PATH}:/home/kanat/ur5_new_ws/install/ur5_control:/home/kanat/turtlebot3_ws/install/turtlebot3_control:/home/kanat/ros2_udemy_beginner/install/my_ros_services_py:/home/kanat/ros2_udemy_beginner/install/my_pkg_py:/opt/ros/jazzy DEBUGINFOD_URLS=https://debuginfod.ubuntu.com /usr/bin/cmake --install /home/kanat/ur5_new_ws/build/moveit_commander_cpp
