[0.077s] Invoking command in '/home/kanat/ur5_new_ws/build/robotiq_controllers': CMAKE_PREFIX_PATH=${CMAKE_PREFIX_PATH}:/home/kanat/ur5_new_ws/install/ur5_control:/home/kanat/turtlebot3_ws/install/turtlebot3_control:/home/kanat/ros2_udemy_beginner/install/my_ros_services_py:/home/kanat/ros2_udemy_beginner/install/my_pkg_py:/opt/ros/jazzy DEBUGINFOD_URLS=https://debuginfod.ubuntu.com /usr/bin/cmake --build /home/kanat/ur5_new_ws/build/robotiq_controllers -- -j20 -l20
[0.238s] [100%] Built target robotiq_controllers
[0.641s] Invoked command in '/home/kanat/ur5_new_ws/build/robotiq_controllers' returned '0': CMAKE_PREFIX_PATH=${CMAKE_PREFIX_PATH}:/home/kanat/ur5_new_ws/install/ur5_control:/home/kanat/turtlebot3_ws/install/turtlebot3_control:/home/kanat/ros2_udemy_beginner/install/my_ros_services_py:/home/kanat/ros2_udemy_beginner/install/my_pkg_py:/opt/ros/jazzy DEBUGINFOD_URLS=https://debuginfod.ubuntu.com /usr/bin/cmake --build /home/kanat/ur5_new_ws/build/robotiq_controllers -- -j20 -l20
[0.643s] Invoking command in '/home/kanat/ur5_new_ws/build/robotiq_controllers': CMAKE_PREFIX_PATH=${CMAKE_PREFIX_PATH}:/home/kanat/ur5_new_ws/install/ur5_control:/home/kanat/turtlebot3_ws/install/turtlebot3_control:/home/kanat/ros2_udemy_beginner/install/my_ros_services_py:/home/kanat/ros2_udemy_beginner/install/my_pkg_py:/opt/ros/jazzy DEBUGINFOD_URLS=https://debuginfod.ubuntu.com /usr/bin/cmake --install /home/kanat/ur5_new_ws/build/robotiq_controllers
[0.666s] -- Install configuration: ""
[0.683s] -- Up-to-date: /home/kanat/ur5_new_ws/install/robotiq_controllers/share/robotiq_controllers/controller_plugins.xml
[0.683s] -- Up-to-date: /home/kanat/ur5_new_ws/install/robotiq_controllers/lib/librobotiq_controllers.so
[0.683s] -- Up-to-date: /home/kanat/ur5_new_ws/install/robotiq_controllers/include
[0.683s] -- Up-to-date: /home/kanat/ur5_new_ws/install/robotiq_controllers/include/robotiq_controllers
[0.683s] -- Up-to-date: /home/kanat/ur5_new_ws/install/robotiq_controllers/include/robotiq_controllers/robotiq_activation_controller.hpp
[0.683s] -- Up-to-date: /home/kanat/ur5_new_ws/install/robotiq_controllers/share/robotiq_controllers/environment/library_path.sh
[0.684s] -- Up-to-date: /home/kanat/ur5_new_ws/install/robotiq_controllers/share/robotiq_controllers/environment/library_path.dsv
[0.684s] -- Up-to-date: /home/kanat/ur5_new_ws/install/robotiq_controllers/share/ament_index/resource_index/package_run_dependencies/robotiq_controllers
[0.684s] -- Up-to-date: /home/kanat/ur5_new_ws/install/robotiq_controllers/share/ament_index/resource_index/parent_prefix_path/robotiq_controllers
[0.684s] -- Up-to-date: /home/kanat/ur5_new_ws/install/robotiq_controllers/share/robotiq_controllers/environment/ament_prefix_path.sh
[0.684s] -- Up-to-date: /home/kanat/ur5_new_ws/install/robotiq_controllers/share/robotiq_controllers/environment/ament_prefix_path.dsv
[0.684s] -- Up-to-date: /home/kanat/ur5_new_ws/install/robotiq_controllers/share/robotiq_controllers/environment/path.sh
[0.685s] -- Up-to-date: /home/kanat/ur5_new_ws/install/robotiq_controllers/share/robotiq_controllers/environment/path.dsv
[0.685s] -- Up-to-date: /home/kanat/ur5_new_ws/install/robotiq_controllers/share/robotiq_controllers/local_setup.bash
[0.685s] -- Up-to-date: /home/kanat/ur5_new_ws/install/robotiq_controllers/share/robotiq_controllers/local_setup.sh
[0.685s] -- Up-to-date: /home/kanat/ur5_new_ws/install/robotiq_controllers/share/robotiq_controllers/local_setup.zsh
[0.685s] -- Up-to-date: /home/kanat/ur5_new_ws/install/robotiq_controllers/share/robotiq_controllers/local_setup.dsv
[0.685s] -- Installing: /home/kanat/ur5_new_ws/install/robotiq_controllers/share/robotiq_controllers/package.dsv
[0.685s] -- Up-to-date: /home/kanat/ur5_new_ws/install/robotiq_controllers/share/ament_index/resource_index/packages/robotiq_controllers
[0.686s] -- Up-to-date: /home/kanat/ur5_new_ws/install/robotiq_controllers/share/ament_index/resource_index/controller_interface__pluginlib__plugin/robotiq_controllers
[0.686s] -- Up-to-date: /home/kanat/ur5_new_ws/install/robotiq_controllers/share/robotiq_controllers/cmake/export_robotiq_controllersExport.cmake
[0.686s] -- Up-to-date: /home/kanat/ur5_new_ws/install/robotiq_controllers/share/robotiq_controllers/cmake/export_robotiq_controllersExport-noconfig.cmake
[0.686s] -- Up-to-date: /home/kanat/ur5_new_ws/install/robotiq_controllers/share/robotiq_controllers/cmake/ament_cmake_export_include_directories-extras.cmake
[0.686s] -- Up-to-date: /home/kanat/ur5_new_ws/install/robotiq_controllers/share/robotiq_controllers/cmake/ament_cmake_export_libraries-extras.cmake
[0.686s] -- Up-to-date: /home/kanat/ur5_new_ws/install/robotiq_controllers/share/robotiq_controllers/cmake/ament_cmake_export_targets-extras.cmake
[0.687s] -- Up-to-date: /home/kanat/ur5_new_ws/install/robotiq_controllers/share/robotiq_controllers/cmake/ament_cmake_export_dependencies-extras.cmake
[0.687s] -- Up-to-date: /home/kanat/ur5_new_ws/install/robotiq_controllers/share/robotiq_controllers/cmake/robotiq_controllersConfig.cmake
[0.687s] -- Up-to-date: /home/kanat/ur5_new_ws/install/robotiq_controllers/share/robotiq_controllers/cmake/robotiq_controllersConfig-version.cmake
[0.687s] -- Up-to-date: /home/kanat/ur5_new_ws/install/robotiq_controllers/share/robotiq_controllers/package.xml
[0.696s] Invoked command in '/home/kanat/ur5_new_ws/build/robotiq_controllers' returned '0': CMAKE_PREFIX_PATH=${CMAKE_PREFIX_PATH}:/home/kanat/ur5_new_ws/install/ur5_control:/home/kanat/turtlebot3_ws/install/turtlebot3_control:/home/kanat/ros2_udemy_beginner/install/my_ros_services_py:/home/kanat/ros2_udemy_beginner/install/my_pkg_py:/opt/ros/jazzy DEBUGINFOD_URLS=https://debuginfod.ubuntu.com /usr/bin/cmake --install /home/kanat/ur5_new_ws/build/robotiq_controllers
