[1.421s] Invoking command in '/home/kanat/ur5_new_ws/src/ur5_control': DEBUGINFOD_URLS=https://debuginfod.ubuntu.com PS1=(myenv) \[\e]0;\u@\h: \w\a\]${debian_chroot:+($debian_chroot)}\[\033[01;32m\]\u@\h\[\033[00m\]:\[\033[01;34m\]\w\[\033[00m\]\$ PYTHONPATH=/home/kanat/ur5_new_ws/build/ur5_control/prefix_override:/usr/lib/python3/dist-packages/colcon_core/task/python/colcon_distutils_commands:/home/kanat/ur5_new_ws/install/ur5_control/lib/python3.12/site-packages:${PYTHONPATH} VIRTUAL_ENV_PROMPT=(myenv) /usr/bin/python3 -W ignore:setup.py install is deprecated -W ignore:easy_install command is deprecated setup.py egg_info --egg-base ../../build/ur5_control build --build-base /home/kanat/ur5_new_ws/build/ur5_control/build install --record /home/kanat/ur5_new_ws/build/ur5_control/install.log --single-version-externally-managed install_data
[2.095s] running egg_info
[2.144s] writing ../../build/ur5_control/ur5_control.egg-info/PKG-INFO
[2.145s] writing dependency_links to ../../build/ur5_control/ur5_control.egg-info/dependency_links.txt
[2.146s] writing entry points to ../../build/ur5_control/ur5_control.egg-info/entry_points.txt
[2.146s] writing requirements to ../../build/ur5_control/ur5_control.egg-info/requires.txt
[2.147s] writing top-level names to ../../build/ur5_control/ur5_control.egg-info/top_level.txt
[2.260s] reading manifest file '../../build/ur5_control/ur5_control.egg-info/SOURCES.txt'
[2.262s] writing manifest file '../../build/ur5_control/ur5_control.egg-info/SOURCES.txt'
[2.262s] running build
[2.263s] running build_py
[2.263s] copying ur5_control/mpc_ur5.py -> /home/kanat/ur5_new_ws/build/ur5_control/build/lib/ur5_control
[2.263s] copying ur5_control/__init__.py -> /home/kanat/ur5_new_ws/build/ur5_control/build/lib/ur5_control
[2.263s] copying ur5_control/pd_ur5.py -> /home/kanat/ur5_new_ws/build/ur5_control/build/lib/ur5_control
[2.264s] running install
[2.273s] running install_lib
[2.326s] running install_data
[2.326s] copying resource/ur5_control -> /home/kanat/ur5_new_ws/install/ur5_control/share/ament_index/resource_index/packages
[2.327s] copying package.xml -> /home/kanat/ur5_new_ws/install/ur5_control/share/ur5_control
[2.327s] running install_egg_info
[2.379s] removing '/home/kanat/ur5_new_ws/install/ur5_control/lib/python3.12/site-packages/ur5_control-0.0.0-py3.12.egg-info' (and everything under it)
[2.379s] Copying ../../build/ur5_control/ur5_control.egg-info to /home/kanat/ur5_new_ws/install/ur5_control/lib/python3.12/site-packages/ur5_control-0.0.0-py3.12.egg-info
[2.381s] running install_scripts
[2.643s] Installing mpc_control_exe script to /home/kanat/ur5_new_ws/install/ur5_control/lib/ur5_control
[2.644s] Installing pd_control_exe script to /home/kanat/ur5_new_ws/install/ur5_control/lib/ur5_control
[2.644s] writing list of installed files to '/home/kanat/ur5_new_ws/build/ur5_control/install.log'
[2.687s] Invoked command in '/home/kanat/ur5_new_ws/src/ur5_control' returned '0': DEBUGINFOD_URLS=https://debuginfod.ubuntu.com PS1=(myenv) \[\e]0;\u@\h: \w\a\]${debian_chroot:+($debian_chroot)}\[\033[01;32m\]\u@\h\[\033[00m\]:\[\033[01;34m\]\w\[\033[00m\]\$ PYTHONPATH=/home/kanat/ur5_new_ws/build/ur5_control/prefix_override:/usr/lib/python3/dist-packages/colcon_core/task/python/colcon_distutils_commands:/home/kanat/ur5_new_ws/install/ur5_control/lib/python3.12/site-packages:${PYTHONPATH} VIRTUAL_ENV_PROMPT=(myenv) /usr/bin/python3 -W ignore:setup.py install is deprecated -W ignore:easy_install command is deprecated setup.py egg_info --egg-base ../../build/ur5_control build --build-base /home/kanat/ur5_new_ws/build/ur5_control/build install --record /home/kanat/ur5_new_ws/build/ur5_control/install.log --single-version-externally-managed install_data
