[0.124s] DEBUG:colcon:Command line arguments: ['/usr/bin/colcon', 'build', '--packages-select', 'ur_custom_sim', 'ur5_control', '--symlink-install']
[0.124s] DEBUG:colcon:Parsed command line arguments: Namespace(log_base=None, log_level=None, verb_name='build', build_base='build', install_base='install', merge_install=False, symlink_install=True, test_result_base=None, continue_on_error=False, executor='parallel', parallel_workers=20, event_handlers=None, ignore_user_meta=False, metas=['./colcon.meta'], base_paths=['.'], packages_ignore=None, packages_ignore_regex=None, paths=None, packages_up_to=None, packages_up_to_regex=None, packages_above=None, packages_above_and_dependencies=None, packages_above_depth=None, packages_select_by_dep=None, packages_skip_by_dep=None, packages_skip_up_to=None, packages_select_build_failed=False, packages_skip_build_finished=False, packages_select_test_failures=False, packages_skip_test_passed=False, packages_select=['ur_custom_sim', 'ur5_control'], packages_skip=None, packages_select_regex=None, packages_skip_regex=None, packages_start=None, packages_end=None, allow_overriding=[], cmake_args=None, cmake_target=None, cmake_target_skip_unavailable=False, cmake_clean_cache=False, cmake_clean_first=False, cmake_force_configure=False, ament_cmake_args=None, catkin_cmake_args=None, catkin_skip_building_tests=False, mixin_files=None, mixin=None, verb_parser=<colcon_mixin.mixin.mixin_argument.MixinArgumentDecorator object at 0x7da9837e7050>, verb_extension=<colcon_core.verb.build.BuildVerb object at 0x7da98370f890>, main=<bound method BuildVerb.main of <colcon_core.verb.build.BuildVerb object at 0x7da98370f890>>, mixin_verb=('build',))
[0.167s] Level 1:colcon.colcon_core.package_discovery:discover_packages(colcon_meta) check parameters
[0.167s] Level 1:colcon.colcon_core.package_discovery:discover_packages(recursive) check parameters
[0.167s] Level 1:colcon.colcon_core.package_discovery:discover_packages(ignore) check parameters
[0.167s] Level 1:colcon.colcon_core.package_discovery:discover_packages(path) check parameters
[0.167s] Level 1:colcon.colcon_core.package_discovery:discover_packages(colcon_meta) discover
[0.167s] Level 1:colcon.colcon_core.package_discovery:discover_packages(recursive) discover
[0.167s] INFO:colcon.colcon_core.package_discovery:Crawling recursively for packages in '/home/kanat/ur5_new_ws'
[0.167s] Level 1:colcon.colcon_core.package_identification:_identify(.) by extensions ['ignore', 'ignore_ament_install']
[0.167s] Level 1:colcon.colcon_core.package_identification:_identify(.) by extension 'ignore'
[0.167s] Level 1:colcon.colcon_core.package_identification:_identify(.) by extension 'ignore_ament_install'
[0.167s] Level 1:colcon.colcon_core.package_identification:_identify(.) by extensions ['colcon_pkg']
[0.167s] Level 1:colcon.colcon_core.package_identification:_identify(.) by extension 'colcon_pkg'
[0.167s] Level 1:colcon.colcon_core.package_identification:_identify(.) by extensions ['colcon_meta']
[0.167s] Level 1:colcon.colcon_core.package_identification:_identify(.) by extension 'colcon_meta'
[0.167s] Level 1:colcon.colcon_core.package_identification:_identify(.) by extensions ['ros']
[0.167s] Level 1:colcon.colcon_core.package_identification:_identify(.) by extension 'ros'
[0.195s] Level 1:colcon.colcon_core.package_identification:_identify(.) by extensions ['cmake', 'python']
[0.195s] Level 1:colcon.colcon_core.package_identification:_identify(.) by extension 'cmake'
[0.195s] Level 1:colcon.colcon_core.package_identification:_identify(.) by extension 'python'
[0.195s] Level 1:colcon.colcon_core.package_identification:_identify(.) by extensions ['python_setup_py']
[0.195s] Level 1:colcon.colcon_core.package_identification:_identify(.) by extension 'python_setup_py'
[0.195s] Level 1:colcon.colcon_core.package_identification:_identify(build) by extensions ['ignore', 'ignore_ament_install']
[0.195s] Level 1:colcon.colcon_core.package_identification:_identify(build) by extension 'ignore'
[0.195s] Level 1:colcon.colcon_core.package_identification:_identify(build) ignored
[0.195s] Level 1:colcon.colcon_core.package_identification:_identify(install) by extensions ['ignore', 'ignore_ament_install']
[0.196s] Level 1:colcon.colcon_core.package_identification:_identify(install) by extension 'ignore'
[0.196s] Level 1:colcon.colcon_core.package_identification:_identify(install) ignored
[0.196s] Level 1:colcon.colcon_core.package_identification:_identify(log) by extensions ['ignore', 'ignore_ament_install']
[0.196s] Level 1:colcon.colcon_core.package_identification:_identify(log) by extension 'ignore'
[0.196s] Level 1:colcon.colcon_core.package_identification:_identify(log) ignored
[0.196s] Level 1:colcon.colcon_core.package_identification:_identify(src) by extensions ['ignore', 'ignore_ament_install']
[0.196s] Level 1:colcon.colcon_core.package_identification:_identify(src) by extension 'ignore'
[0.196s] Level 1:colcon.colcon_core.package_identification:_identify(src) by extension 'ignore_ament_install'
[0.196s] Level 1:colcon.colcon_core.package_identification:_identify(src) by extensions ['colcon_pkg']
[0.196s] Level 1:colcon.colcon_core.package_identification:_identify(src) by extension 'colcon_pkg'
[0.196s] Level 1:colcon.colcon_core.package_identification:_identify(src) by extensions ['colcon_meta']
[0.196s] Level 1:colcon.colcon_core.package_identification:_identify(src) by extension 'colcon_meta'
[0.196s] Level 1:colcon.colcon_core.package_identification:_identify(src) by extensions ['ros']
[0.196s] Level 1:colcon.colcon_core.package_identification:_identify(src) by extension 'ros'
[0.196s] Level 1:colcon.colcon_core.package_identification:_identify(src) by extensions ['cmake', 'python']
[0.196s] Level 1:colcon.colcon_core.package_identification:_identify(src) by extension 'cmake'
[0.196s] Level 1:colcon.colcon_core.package_identification:_identify(src) by extension 'python'
[0.196s] Level 1:colcon.colcon_core.package_identification:_identify(src) by extensions ['python_setup_py']
[0.196s] Level 1:colcon.colcon_core.package_identification:_identify(src) by extension 'python_setup_py'
[0.196s] Level 1:colcon.colcon_core.package_identification:_identify(src/Universal_Robots_ROS2_Description) by extensions ['ignore', 'ignore_ament_install']
[0.197s] Level 1:colcon.colcon_core.package_identification:_identify(src/Universal_Robots_ROS2_Description) by extension 'ignore'
[0.197s] Level 1:colcon.colcon_core.package_identification:_identify(src/Universal_Robots_ROS2_Description) by extension 'ignore_ament_install'
[0.197s] Level 1:colcon.colcon_core.package_identification:_identify(src/Universal_Robots_ROS2_Description) by extensions ['colcon_pkg']
[0.197s] Level 1:colcon.colcon_core.package_identification:_identify(src/Universal_Robots_ROS2_Description) by extension 'colcon_pkg'
[0.197s] Level 1:colcon.colcon_core.package_identification:_identify(src/Universal_Robots_ROS2_Description) by extensions ['colcon_meta']
[0.197s] Level 1:colcon.colcon_core.package_identification:_identify(src/Universal_Robots_ROS2_Description) by extension 'colcon_meta'
[0.197s] Level 1:colcon.colcon_core.package_identification:_identify(src/Universal_Robots_ROS2_Description) by extensions ['ros']
[0.197s] Level 1:colcon.colcon_core.package_identification:_identify(src/Universal_Robots_ROS2_Description) by extension 'ros'
[0.200s] DEBUG:colcon.colcon_core.package_identification:Package 'src/Universal_Robots_ROS2_Description' with type 'ros.ament_cmake' and name 'ur_description'
[0.200s] Level 1:colcon.colcon_core.package_identification:_identify(src/Universal_Robots_ROS2_GZ_Simulation) by extensions ['ignore', 'ignore_ament_install']
[0.200s] Level 1:colcon.colcon_core.package_identification:_identify(src/Universal_Robots_ROS2_GZ_Simulation) by extension 'ignore'
[0.200s] Level 1:colcon.colcon_core.package_identification:_identify(src/Universal_Robots_ROS2_GZ_Simulation) by extension 'ignore_ament_install'
[0.200s] Level 1:colcon.colcon_core.package_identification:_identify(src/Universal_Robots_ROS2_GZ_Simulation) by extensions ['colcon_pkg']
[0.200s] Level 1:colcon.colcon_core.package_identification:_identify(src/Universal_Robots_ROS2_GZ_Simulation) by extension 'colcon_pkg'
[0.200s] Level 1:colcon.colcon_core.package_identification:_identify(src/Universal_Robots_ROS2_GZ_Simulation) by extensions ['colcon_meta']
[0.200s] Level 1:colcon.colcon_core.package_identification:_identify(src/Universal_Robots_ROS2_GZ_Simulation) by extension 'colcon_meta'
[0.200s] Level 1:colcon.colcon_core.package_identification:_identify(src/Universal_Robots_ROS2_GZ_Simulation) by extensions ['ros']
[0.200s] Level 1:colcon.colcon_core.package_identification:_identify(src/Universal_Robots_ROS2_GZ_Simulation) by extension 'ros'
[0.200s] Level 1:colcon.colcon_core.package_identification:_identify(src/Universal_Robots_ROS2_GZ_Simulation) by extensions ['cmake', 'python']
[0.200s] Level 1:colcon.colcon_core.package_identification:_identify(src/Universal_Robots_ROS2_GZ_Simulation) by extension 'cmake'
[0.200s] Level 1:colcon.colcon_core.package_identification:_identify(src/Universal_Robots_ROS2_GZ_Simulation) by extension 'python'
[0.200s] Level 1:colcon.colcon_core.package_identification:_identify(src/Universal_Robots_ROS2_GZ_Simulation) by extensions ['python_setup_py']
[0.200s] Level 1:colcon.colcon_core.package_identification:_identify(src/Universal_Robots_ROS2_GZ_Simulation) by extension 'python_setup_py'
[0.201s] Level 1:colcon.colcon_core.package_identification:_identify(src/Universal_Robots_ROS2_GZ_Simulation/ur_simulation_gz) by extensions ['ignore', 'ignore_ament_install']
[0.201s] Level 1:colcon.colcon_core.package_identification:_identify(src/Universal_Robots_ROS2_GZ_Simulation/ur_simulation_gz) by extension 'ignore'
[0.201s] Level 1:colcon.colcon_core.package_identification:_identify(src/Universal_Robots_ROS2_GZ_Simulation/ur_simulation_gz) by extension 'ignore_ament_install'
[0.201s] Level 1:colcon.colcon_core.package_identification:_identify(src/Universal_Robots_ROS2_GZ_Simulation/ur_simulation_gz) by extensions ['colcon_pkg']
[0.201s] Level 1:colcon.colcon_core.package_identification:_identify(src/Universal_Robots_ROS2_GZ_Simulation/ur_simulation_gz) by extension 'colcon_pkg'
[0.201s] Level 1:colcon.colcon_core.package_identification:_identify(src/Universal_Robots_ROS2_GZ_Simulation/ur_simulation_gz) by extensions ['colcon_meta']
[0.201s] Level 1:colcon.colcon_core.package_identification:_identify(src/Universal_Robots_ROS2_GZ_Simulation/ur_simulation_gz) by extension 'colcon_meta'
[0.201s] Level 1:colcon.colcon_core.package_identification:_identify(src/Universal_Robots_ROS2_GZ_Simulation/ur_simulation_gz) by extensions ['ros']
[0.201s] Level 1:colcon.colcon_core.package_identification:_identify(src/Universal_Robots_ROS2_GZ_Simulation/ur_simulation_gz) by extension 'ros'
[0.202s] DEBUG:colcon.colcon_core.package_identification:Package 'src/Universal_Robots_ROS2_GZ_Simulation/ur_simulation_gz' with type 'ros.ament_cmake' and name 'ur_simulation_gz'
[0.202s] Level 1:colcon.colcon_core.package_identification:_identify(src/moveit_commander_cpp) by extensions ['ignore', 'ignore_ament_install']
[0.202s] Level 1:colcon.colcon_core.package_identification:_identify(src/moveit_commander_cpp) by extension 'ignore'
[0.202s] Level 1:colcon.colcon_core.package_identification:_identify(src/moveit_commander_cpp) by extension 'ignore_ament_install'
[0.202s] Level 1:colcon.colcon_core.package_identification:_identify(src/moveit_commander_cpp) by extensions ['colcon_pkg']
[0.202s] Level 1:colcon.colcon_core.package_identification:_identify(src/moveit_commander_cpp) by extension 'colcon_pkg'
[0.202s] Level 1:colcon.colcon_core.package_identification:_identify(src/moveit_commander_cpp) by extensions ['colcon_meta']
[0.202s] Level 1:colcon.colcon_core.package_identification:_identify(src/moveit_commander_cpp) by extension 'colcon_meta'
[0.202s] Level 1:colcon.colcon_core.package_identification:_identify(src/moveit_commander_cpp) by extensions ['ros']
[0.202s] Level 1:colcon.colcon_core.package_identification:_identify(src/moveit_commander_cpp) by extension 'ros'
[0.203s] DEBUG:colcon.colcon_core.package_identification:Package 'src/moveit_commander_cpp' with type 'ros.ament_cmake' and name 'moveit_commander_cpp'
[0.203s] Level 1:colcon.colcon_core.package_identification:_identify(src/ur5_bringup) by extensions ['ignore', 'ignore_ament_install']
[0.203s] Level 1:colcon.colcon_core.package_identification:_identify(src/ur5_bringup) by extension 'ignore'
[0.203s] Level 1:colcon.colcon_core.package_identification:_identify(src/ur5_bringup) by extension 'ignore_ament_install'
[0.203s] Level 1:colcon.colcon_core.package_identification:_identify(src/ur5_bringup) by extensions ['colcon_pkg']
[0.203s] Level 1:colcon.colcon_core.package_identification:_identify(src/ur5_bringup) by extension 'colcon_pkg'
[0.203s] Level 1:colcon.colcon_core.package_identification:_identify(src/ur5_bringup) by extensions ['colcon_meta']
[0.203s] Level 1:colcon.colcon_core.package_identification:_identify(src/ur5_bringup) by extension 'colcon_meta'
[0.203s] Level 1:colcon.colcon_core.package_identification:_identify(src/ur5_bringup) by extensions ['ros']
[0.203s] Level 1:colcon.colcon_core.package_identification:_identify(src/ur5_bringup) by extension 'ros'
[0.204s] DEBUG:colcon.colcon_core.package_identification:Package 'src/ur5_bringup' with type 'ros.ament_cmake' and name 'ur5_bringup'
[0.204s] Level 1:colcon.colcon_core.package_identification:_identify(src/ur5_control) by extensions ['ignore', 'ignore_ament_install']
[0.204s] Level 1:colcon.colcon_core.package_identification:_identify(src/ur5_control) by extension 'ignore'
[0.204s] Level 1:colcon.colcon_core.package_identification:_identify(src/ur5_control) by extension 'ignore_ament_install'
[0.204s] Level 1:colcon.colcon_core.package_identification:_identify(src/ur5_control) by extensions ['colcon_pkg']
[0.204s] Level 1:colcon.colcon_core.package_identification:_identify(src/ur5_control) by extension 'colcon_pkg'
[0.204s] Level 1:colcon.colcon_core.package_identification:_identify(src/ur5_control) by extensions ['colcon_meta']
[0.204s] Level 1:colcon.colcon_core.package_identification:_identify(src/ur5_control) by extension 'colcon_meta'
[0.204s] Level 1:colcon.colcon_core.package_identification:_identify(src/ur5_control) by extensions ['ros']
[0.204s] Level 1:colcon.colcon_core.package_identification:_identify(src/ur5_control) by extension 'ros'
[0.205s] DEBUG:colcon.colcon_core.package_identification:Package 'src/ur5_control' with type 'ros.ament_python' and name 'ur5_control'
[0.205s] Level 1:colcon.colcon_core.package_identification:_identify(src/ur5_moveit_config) by extensions ['ignore', 'ignore_ament_install']
[0.205s] Level 1:colcon.colcon_core.package_identification:_identify(src/ur5_moveit_config) by extension 'ignore'
[0.205s] Level 1:colcon.colcon_core.package_identification:_identify(src/ur5_moveit_config) by extension 'ignore_ament_install'
[0.205s] Level 1:colcon.colcon_core.package_identification:_identify(src/ur5_moveit_config) by extensions ['colcon_pkg']
[0.205s] Level 1:colcon.colcon_core.package_identification:_identify(src/ur5_moveit_config) by extension 'colcon_pkg'
[0.205s] Level 1:colcon.colcon_core.package_identification:_identify(src/ur5_moveit_config) by extensions ['colcon_meta']
[0.205s] Level 1:colcon.colcon_core.package_identification:_identify(src/ur5_moveit_config) by extension 'colcon_meta'
[0.205s] Level 1:colcon.colcon_core.package_identification:_identify(src/ur5_moveit_config) by extensions ['ros']
[0.205s] Level 1:colcon.colcon_core.package_identification:_identify(src/ur5_moveit_config) by extension 'ros'
[0.206s] DEBUG:colcon.colcon_core.package_identification:Package 'src/ur5_moveit_config' with type 'ros.ament_cmake' and name 'ur5_moveit_config'
[0.206s] Level 1:colcon.colcon_core.package_identification:_identify(src/ur_custom_sim) by extensions ['ignore', 'ignore_ament_install']
[0.206s] Level 1:colcon.colcon_core.package_identification:_identify(src/ur_custom_sim) by extension 'ignore'
[0.206s] Level 1:colcon.colcon_core.package_identification:_identify(src/ur_custom_sim) by extension 'ignore_ament_install'
[0.206s] Level 1:colcon.colcon_core.package_identification:_identify(src/ur_custom_sim) by extensions ['colcon_pkg']
[0.206s] Level 1:colcon.colcon_core.package_identification:_identify(src/ur_custom_sim) by extension 'colcon_pkg'
[0.206s] Level 1:colcon.colcon_core.package_identification:_identify(src/ur_custom_sim) by extensions ['colcon_meta']
[0.206s] Level 1:colcon.colcon_core.package_identification:_identify(src/ur_custom_sim) by extension 'colcon_meta'
[0.206s] Level 1:colcon.colcon_core.package_identification:_identify(src/ur_custom_sim) by extensions ['ros']
[0.206s] Level 1:colcon.colcon_core.package_identification:_identify(src/ur_custom_sim) by extension 'ros'
[0.207s] DEBUG:colcon.colcon_core.package_identification:Package 'src/ur_custom_sim' with type 'ros.ament_cmake' and name 'ur_custom_sim'
[0.207s] Level 1:colcon.colcon_core.package_discovery:discover_packages(recursive) using defaults
[0.207s] Level 1:colcon.colcon_core.package_discovery:discover_packages(ignore) discover
[0.207s] Level 1:colcon.colcon_core.package_discovery:discover_packages(ignore) using defaults
[0.207s] Level 1:colcon.colcon_core.package_discovery:discover_packages(path) discover
[0.207s] Level 1:colcon.colcon_core.package_discovery:discover_packages(path) using defaults
[0.227s] INFO:colcon.colcon_core.package_selection:Skipping not selected package 'moveit_commander_cpp' in 'src/moveit_commander_cpp'
[0.227s] INFO:colcon.colcon_core.package_selection:Skipping not selected package 'ur5_bringup' in 'src/ur5_bringup'
[0.227s] INFO:colcon.colcon_core.package_selection:Skipping not selected package 'ur_description' in 'src/Universal_Robots_ROS2_Description'
[0.227s] INFO:colcon.colcon_core.package_selection:Skipping not selected package 'ur5_moveit_config' in 'src/ur5_moveit_config'
[0.227s] INFO:colcon.colcon_core.package_selection:Skipping not selected package 'ur_simulation_gz' in 'src/Universal_Robots_ROS2_GZ_Simulation/ur_simulation_gz'
[0.228s] Level 1:colcon.colcon_core.package_discovery:discover_packages(prefix_path) check parameters
[0.228s] Level 1:colcon.colcon_core.package_discovery:discover_packages(prefix_path) discover
[0.230s] DEBUG:colcon.colcon_installed_package_information.package_discovery:Found 7 installed packages in /home/kanat/ur5_new_ws/install
[0.230s] DEBUG:colcon.colcon_installed_package_information.package_discovery:Found 3 installed packages in /home/kanat/ros2_udemy_beginner/install
[0.231s] DEBUG:colcon.colcon_installed_package_information.package_discovery:Found 4 installed packages in /home/kanat/turtlebot3_ws/install
[0.231s] DEBUG:colcon.colcon_installed_package_information.package_discovery:Found 5 installed packages in /home/kanat/custom_manipulator_ws/install
[0.234s] DEBUG:colcon.colcon_installed_package_information.package_discovery:Found 600 installed packages in /opt/ros/jazzy
[0.235s] Level 1:colcon.colcon_core.package_discovery:discover_packages(prefix_path) using defaults
[0.317s] WARNING:colcon.colcon_core.package_selection:Some selected packages are already built in one or more underlay workspaces:
	'ur_custom_sim' is in: /home/kanat/ur5_new_ws/install/ur_custom_sim
If a package in a merged underlay workspace is overridden and it installs headers, then all packages in the overlay must sort their include directories by workspace order. Failure to do so may result in build failures or undefined behavior at run time.
If the overridden package is used by another package in any underlay, then the overriding package in the overlay must be API and ABI compatible or undefined behavior at run time may occur.

If you understand the risks and want to override a package anyways, add the following to the command line:
	--allow-overriding ur_custom_sim

This may be promoted to an error in a future release of colcon-override-check.
[0.318s] Level 5:colcon.colcon_core.verb:set package 'ur5_control' build argument 'cmake_args' from command line to 'None'
[0.318s] Level 5:colcon.colcon_core.verb:set package 'ur5_control' build argument 'cmake_target' from command line to 'None'
[0.318s] Level 5:colcon.colcon_core.verb:set package 'ur5_control' build argument 'cmake_target_skip_unavailable' from command line to 'False'
[0.318s] Level 5:colcon.colcon_core.verb:set package 'ur5_control' build argument 'cmake_clean_cache' from command line to 'False'
[0.318s] Level 5:colcon.colcon_core.verb:set package 'ur5_control' build argument 'cmake_clean_first' from command line to 'False'
[0.318s] Level 5:colcon.colcon_core.verb:set package 'ur5_control' build argument 'cmake_force_configure' from command line to 'False'
[0.318s] Level 5:colcon.colcon_core.verb:set package 'ur5_control' build argument 'ament_cmake_args' from command line to 'None'
[0.318s] Level 5:colcon.colcon_core.verb:set package 'ur5_control' build argument 'catkin_cmake_args' from command line to 'None'
[0.318s] Level 5:colcon.colcon_core.verb:set package 'ur5_control' build argument 'catkin_skip_building_tests' from command line to 'False'
[0.318s] DEBUG:colcon.colcon_core.verb:Building package 'ur5_control' with the following arguments: {'ament_cmake_args': None, 'build_base': '/home/kanat/ur5_new_ws/build/ur5_control', 'catkin_cmake_args': None, 'catkin_skip_building_tests': False, 'cmake_args': None, 'cmake_clean_cache': False, 'cmake_clean_first': False, 'cmake_force_configure': False, 'cmake_target': None, 'cmake_target_skip_unavailable': False, 'install_base': '/home/kanat/ur5_new_ws/install/ur5_control', 'merge_install': False, 'path': '/home/kanat/ur5_new_ws/src/ur5_control', 'symlink_install': True, 'test_result_base': None}
[0.318s] Level 5:colcon.colcon_core.verb:set package 'ur_custom_sim' build argument 'cmake_args' from command line to 'None'
[0.318s] Level 5:colcon.colcon_core.verb:set package 'ur_custom_sim' build argument 'cmake_target' from command line to 'None'
[0.318s] Level 5:colcon.colcon_core.verb:set package 'ur_custom_sim' build argument 'cmake_target_skip_unavailable' from command line to 'False'
[0.318s] Level 5:colcon.colcon_core.verb:set package 'ur_custom_sim' build argument 'cmake_clean_cache' from command line to 'False'
[0.318s] Level 5:colcon.colcon_core.verb:set package 'ur_custom_sim' build argument 'cmake_clean_first' from command line to 'False'
[0.318s] Level 5:colcon.colcon_core.verb:set package 'ur_custom_sim' build argument 'cmake_force_configure' from command line to 'False'
[0.318s] Level 5:colcon.colcon_core.verb:set package 'ur_custom_sim' build argument 'ament_cmake_args' from command line to 'None'
[0.318s] Level 5:colcon.colcon_core.verb:set package 'ur_custom_sim' build argument 'catkin_cmake_args' from command line to 'None'
[0.318s] Level 5:colcon.colcon_core.verb:set package 'ur_custom_sim' build argument 'catkin_skip_building_tests' from command line to 'False'
[0.318s] DEBUG:colcon.colcon_core.verb:Building package 'ur_custom_sim' with the following arguments: {'ament_cmake_args': None, 'build_base': '/home/kanat/ur5_new_ws/build/ur_custom_sim', 'catkin_cmake_args': None, 'catkin_skip_building_tests': False, 'cmake_args': None, 'cmake_clean_cache': False, 'cmake_clean_first': False, 'cmake_force_configure': False, 'cmake_target': None, 'cmake_target_skip_unavailable': False, 'install_base': '/home/kanat/ur5_new_ws/install/ur_custom_sim', 'merge_install': False, 'path': '/home/kanat/ur5_new_ws/src/ur_custom_sim', 'symlink_install': True, 'test_result_base': None}
[0.318s] INFO:colcon.colcon_core.executor:Executing jobs using 'parallel' executor
[0.320s] DEBUG:colcon.colcon_parallel_executor.executor.parallel:run_until_complete
[0.320s] INFO:colcon.colcon_ros.task.ament_python.build:Building ROS package in '/home/kanat/ur5_new_ws/src/ur5_control' with build type 'ament_python'
[0.320s] Level 1:colcon.colcon_core.shell:create_environment_hook('ur5_control', 'ament_prefix_path')
[0.323s] INFO:colcon.colcon_core.plugin_system:Skipping extension 'colcon_core.shell.bat': Not used on non-Windows systems
[0.323s] INFO:colcon.colcon_core.shell:Creating environment hook '/home/kanat/ur5_new_ws/install/ur5_control/share/ur5_control/hook/ament_prefix_path.ps1'
[0.324s] INFO:colcon.colcon_core.shell:Creating environment descriptor '/home/kanat/ur5_new_ws/install/ur5_control/share/ur5_control/hook/ament_prefix_path.dsv'
[0.324s] INFO:colcon.colcon_core.shell:Creating environment hook '/home/kanat/ur5_new_ws/install/ur5_control/share/ur5_control/hook/ament_prefix_path.sh'
[0.325s] INFO:colcon.colcon_core.shell:Skip shell extension 'powershell' for command environment: Not usable outside of PowerShell
[0.325s] DEBUG:colcon.colcon_core.shell:Skip shell extension 'dsv' for command environment
[0.333s] INFO:colcon.colcon_ros.task.ament_cmake.build:Building ROS package in '/home/kanat/ur5_new_ws/src/ur_custom_sim' with build type 'ament_cmake'
[0.334s] INFO:colcon.colcon_cmake.task.cmake.build:Building CMake package in '/home/kanat/ur5_new_ws/src/ur_custom_sim'
[0.334s] INFO:colcon.colcon_core.shell:Skip shell extension 'powershell' for command environment: Not usable outside of PowerShell
[0.334s] DEBUG:colcon.colcon_core.shell:Skip shell extension 'dsv' for command environment
[0.655s] INFO:colcon.colcon_core.task.python.build:Building Python package in '/home/kanat/ur5_new_ws/src/ur5_control'
[0.655s] INFO:colcon.colcon_core.shell:Skip shell extension 'powershell' for command environment: Not usable outside of PowerShell
[0.655s] DEBUG:colcon.colcon_core.shell:Skip shell extension 'dsv' for command environment
[0.667s] DEBUG:colcon.colcon_core.event_handler.log_command:Invoking command in '/home/kanat/ur5_new_ws/build/ur_custom_sim': CMAKE_PREFIX_PATH=${CMAKE_PREFIX_PATH}:/home/kanat/ur5_new_ws/install/ur5_control:/home/kanat/turtlebot3_ws/install/turtlebot3_control:/home/kanat/ros2_udemy_beginner/install/my_ros_services_py:/home/kanat/ros2_udemy_beginner/install/my_pkg_py:/opt/ros/jazzy DEBUGINFOD_URLS=https://debuginfod.ubuntu.com /usr/bin/cmake --build /home/kanat/ur5_new_ws/build/ur_custom_sim -- -j20 -l20
[0.737s] DEBUG:colcon.colcon_core.event_handler.log_command:Invoked command in '/home/kanat/ur5_new_ws/build/ur_custom_sim' returned '0': CMAKE_PREFIX_PATH=${CMAKE_PREFIX_PATH}:/home/kanat/ur5_new_ws/install/ur5_control:/home/kanat/turtlebot3_ws/install/turtlebot3_control:/home/kanat/ros2_udemy_beginner/install/my_ros_services_py:/home/kanat/ros2_udemy_beginner/install/my_pkg_py:/opt/ros/jazzy DEBUGINFOD_URLS=https://debuginfod.ubuntu.com /usr/bin/cmake --build /home/kanat/ur5_new_ws/build/ur_custom_sim -- -j20 -l20
[0.755s] DEBUG:colcon.colcon_core.event_handler.log_command:Invoking command in '/home/kanat/ur5_new_ws/build/ur_custom_sim': CMAKE_PREFIX_PATH=${CMAKE_PREFIX_PATH}:/home/kanat/ur5_new_ws/install/ur5_control:/home/kanat/turtlebot3_ws/install/turtlebot3_control:/home/kanat/ros2_udemy_beginner/install/my_ros_services_py:/home/kanat/ros2_udemy_beginner/install/my_pkg_py:/opt/ros/jazzy DEBUGINFOD_URLS=https://debuginfod.ubuntu.com /usr/bin/cmake --install /home/kanat/ur5_new_ws/build/ur_custom_sim
[0.794s] Level 1:colcon.colcon_core.environment:create_environment_scripts_only(ur_custom_sim)
[0.795s] DEBUG:colcon.colcon_core.event_handler.log_command:Invoked command in '/home/kanat/ur5_new_ws/build/ur_custom_sim' returned '0': CMAKE_PREFIX_PATH=${CMAKE_PREFIX_PATH}:/home/kanat/ur5_new_ws/install/ur5_control:/home/kanat/turtlebot3_ws/install/turtlebot3_control:/home/kanat/ros2_udemy_beginner/install/my_ros_services_py:/home/kanat/ros2_udemy_beginner/install/my_pkg_py:/opt/ros/jazzy DEBUGINFOD_URLS=https://debuginfod.ubuntu.com /usr/bin/cmake --install /home/kanat/ur5_new_ws/build/ur_custom_sim
[0.799s] Level 1:colcon.colcon_core.environment:checking '/home/kanat/ur5_new_ws/install/ur_custom_sim' for CMake module files
[0.800s] Level 1:colcon.colcon_core.environment:checking '/home/kanat/ur5_new_ws/install/ur_custom_sim' for CMake config files
[0.801s] Level 1:colcon.colcon_core.shell:create_environment_hook('ur_custom_sim', 'cmake_prefix_path')
[0.801s] INFO:colcon.colcon_core.shell:Creating environment hook '/home/kanat/ur5_new_ws/install/ur_custom_sim/share/ur_custom_sim/hook/cmake_prefix_path.ps1'
[0.802s] INFO:colcon.colcon_core.shell:Creating environment descriptor '/home/kanat/ur5_new_ws/install/ur_custom_sim/share/ur_custom_sim/hook/cmake_prefix_path.dsv'
[0.802s] INFO:colcon.colcon_core.shell:Creating environment hook '/home/kanat/ur5_new_ws/install/ur_custom_sim/share/ur_custom_sim/hook/cmake_prefix_path.sh'
[0.803s] Level 1:colcon.colcon_core.environment:checking '/home/kanat/ur5_new_ws/install/ur_custom_sim/bin'
[0.803s] Level 1:colcon.colcon_core.environment:checking '/home/kanat/ur5_new_ws/install/ur_custom_sim/lib/pkgconfig/ur_custom_sim.pc'
[0.804s] Level 1:colcon.colcon_core.environment:checking '/home/kanat/ur5_new_ws/install/ur_custom_sim/lib/python3.12/site-packages'
[0.804s] Level 1:colcon.colcon_core.environment:checking '/home/kanat/ur5_new_ws/install/ur_custom_sim/bin'
[0.805s] INFO:colcon.colcon_core.shell:Creating package script '/home/kanat/ur5_new_ws/install/ur_custom_sim/share/ur_custom_sim/package.ps1'
[0.806s] INFO:colcon.colcon_core.shell:Creating package descriptor '/home/kanat/ur5_new_ws/install/ur_custom_sim/share/ur_custom_sim/package.dsv'
[0.806s] INFO:colcon.colcon_core.shell:Creating package script '/home/kanat/ur5_new_ws/install/ur_custom_sim/share/ur_custom_sim/package.sh'
[0.807s] INFO:colcon.colcon_core.shell:Creating package script '/home/kanat/ur5_new_ws/install/ur_custom_sim/share/ur_custom_sim/package.bash'
[0.808s] INFO:colcon.colcon_core.shell:Creating package script '/home/kanat/ur5_new_ws/install/ur_custom_sim/share/ur_custom_sim/package.zsh'
[0.809s] Level 1:colcon.colcon_core.environment:create_file_with_runtime_dependencies(/home/kanat/ur5_new_ws/install/ur_custom_sim/share/colcon-core/packages/ur_custom_sim)
[0.810s] Level 1:colcon.colcon_core.environment:create_environment_scripts_only(ur_custom_sim)
[0.810s] Level 1:colcon.colcon_core.environment:checking '/home/kanat/ur5_new_ws/install/ur_custom_sim' for CMake module files
[0.811s] Level 1:colcon.colcon_core.environment:checking '/home/kanat/ur5_new_ws/install/ur_custom_sim' for CMake config files
[0.811s] Level 1:colcon.colcon_core.shell:create_environment_hook('ur_custom_sim', 'cmake_prefix_path')
[0.811s] INFO:colcon.colcon_core.shell:Creating environment hook '/home/kanat/ur5_new_ws/install/ur_custom_sim/share/ur_custom_sim/hook/cmake_prefix_path.ps1'
[0.812s] INFO:colcon.colcon_core.shell:Creating environment descriptor '/home/kanat/ur5_new_ws/install/ur_custom_sim/share/ur_custom_sim/hook/cmake_prefix_path.dsv'
[0.812s] INFO:colcon.colcon_core.shell:Creating environment hook '/home/kanat/ur5_new_ws/install/ur_custom_sim/share/ur_custom_sim/hook/cmake_prefix_path.sh'
[0.813s] Level 1:colcon.colcon_core.environment:checking '/home/kanat/ur5_new_ws/install/ur_custom_sim/bin'
[0.813s] Level 1:colcon.colcon_core.environment:checking '/home/kanat/ur5_new_ws/install/ur_custom_sim/lib/pkgconfig/ur_custom_sim.pc'
[0.814s] Level 1:colcon.colcon_core.environment:checking '/home/kanat/ur5_new_ws/install/ur_custom_sim/lib/python3.12/site-packages'
[0.814s] Level 1:colcon.colcon_core.environment:checking '/home/kanat/ur5_new_ws/install/ur_custom_sim/bin'
[0.814s] INFO:colcon.colcon_core.shell:Creating package script '/home/kanat/ur5_new_ws/install/ur_custom_sim/share/ur_custom_sim/package.ps1'
[0.815s] INFO:colcon.colcon_core.shell:Creating package descriptor '/home/kanat/ur5_new_ws/install/ur_custom_sim/share/ur_custom_sim/package.dsv'
[0.816s] INFO:colcon.colcon_core.shell:Creating package script '/home/kanat/ur5_new_ws/install/ur_custom_sim/share/ur_custom_sim/package.sh'
[0.816s] INFO:colcon.colcon_core.shell:Creating package script '/home/kanat/ur5_new_ws/install/ur_custom_sim/share/ur_custom_sim/package.bash'
[0.817s] INFO:colcon.colcon_core.shell:Creating package script '/home/kanat/ur5_new_ws/install/ur_custom_sim/share/ur_custom_sim/package.zsh'
[0.817s] Level 1:colcon.colcon_core.environment:create_file_with_runtime_dependencies(/home/kanat/ur5_new_ws/install/ur_custom_sim/share/colcon-core/packages/ur_custom_sim)
[1.427s] DEBUG:colcon.colcon_core.event_handler.log_command:Invoking command in '/home/kanat/ur5_new_ws/build/ur5_control': DEBUGINFOD_URLS=https://debuginfod.ubuntu.com PYTHONPATH=/home/kanat/ur5_new_ws/build/ur5_control/prefix_override:/usr/lib/python3/dist-packages/colcon_core/task/python/colcon_distutils_commands:/home/kanat/ur5_new_ws/install/ur5_control/lib/python3.12/site-packages:${PYTHONPATH} /usr/bin/python3 -W ignore:setup.py install is deprecated -W ignore:easy_install command is deprecated setup.py develop --editable --build-directory /home/kanat/ur5_new_ws/build/ur5_control/build --no-deps symlink_data
[2.315s] Level 1:colcon.colcon_core.shell:create_environment_hook('ur5_control', 'pythonpath_develop')
[2.315s] INFO:colcon.colcon_core.shell:Creating environment hook '/home/kanat/ur5_new_ws/build/ur5_control/share/ur5_control/hook/pythonpath_develop.ps1'
[2.316s] DEBUG:colcon.colcon_core.event_handler.log_command:Invoked command in '/home/kanat/ur5_new_ws/build/ur5_control' returned '0': DEBUGINFOD_URLS=https://debuginfod.ubuntu.com PYTHONPATH=/home/kanat/ur5_new_ws/build/ur5_control/prefix_override:/usr/lib/python3/dist-packages/colcon_core/task/python/colcon_distutils_commands:/home/kanat/ur5_new_ws/install/ur5_control/lib/python3.12/site-packages:${PYTHONPATH} /usr/bin/python3 -W ignore:setup.py install is deprecated -W ignore:easy_install command is deprecated setup.py develop --editable --build-directory /home/kanat/ur5_new_ws/build/ur5_control/build --no-deps symlink_data
[2.317s] INFO:colcon.colcon_core.shell:Creating environment descriptor '/home/kanat/ur5_new_ws/build/ur5_control/share/ur5_control/hook/pythonpath_develop.dsv'
[2.317s] INFO:colcon.colcon_core.shell:Creating environment hook '/home/kanat/ur5_new_ws/build/ur5_control/share/ur5_control/hook/pythonpath_develop.sh'
[2.318s] Level 1:colcon.colcon_core.environment:checking '/home/kanat/ur5_new_ws/install/ur5_control' for CMake module files
[2.318s] Level 1:colcon.colcon_core.environment:checking '/home/kanat/ur5_new_ws/install/ur5_control' for CMake config files
[2.319s] Level 1:colcon.colcon_core.environment:checking '/home/kanat/ur5_new_ws/install/ur5_control/lib'
[2.319s] Level 1:colcon.colcon_core.environment:checking '/home/kanat/ur5_new_ws/install/ur5_control/bin'
[2.319s] Level 1:colcon.colcon_core.environment:checking '/home/kanat/ur5_new_ws/install/ur5_control/lib/pkgconfig/ur5_control.pc'
[2.319s] Level 1:colcon.colcon_core.environment:checking '/home/kanat/ur5_new_ws/install/ur5_control/lib/python3.12/site-packages'
[2.319s] Level 1:colcon.colcon_core.shell:create_environment_hook('ur5_control', 'pythonpath')
[2.320s] INFO:colcon.colcon_core.shell:Creating environment hook '/home/kanat/ur5_new_ws/install/ur5_control/share/ur5_control/hook/pythonpath.ps1'
[2.320s] INFO:colcon.colcon_core.shell:Creating environment descriptor '/home/kanat/ur5_new_ws/install/ur5_control/share/ur5_control/hook/pythonpath.dsv'
[2.320s] INFO:colcon.colcon_core.shell:Creating environment hook '/home/kanat/ur5_new_ws/install/ur5_control/share/ur5_control/hook/pythonpath.sh'
[2.321s] Level 1:colcon.colcon_core.environment:checking '/home/kanat/ur5_new_ws/install/ur5_control/bin'
[2.321s] Level 1:colcon.colcon_core.environment:create_environment_scripts_only(ur5_control)
[2.322s] INFO:colcon.colcon_core.shell:Creating package script '/home/kanat/ur5_new_ws/install/ur5_control/share/ur5_control/package.ps1'
[2.322s] INFO:colcon.colcon_core.shell:Creating package descriptor '/home/kanat/ur5_new_ws/install/ur5_control/share/ur5_control/package.dsv'
[2.323s] INFO:colcon.colcon_core.shell:Creating package script '/home/kanat/ur5_new_ws/install/ur5_control/share/ur5_control/package.sh'
[2.323s] INFO:colcon.colcon_core.shell:Creating package script '/home/kanat/ur5_new_ws/install/ur5_control/share/ur5_control/package.bash'
[2.323s] INFO:colcon.colcon_core.shell:Creating package script '/home/kanat/ur5_new_ws/install/ur5_control/share/ur5_control/package.zsh'
[2.324s] Level 1:colcon.colcon_core.environment:create_file_with_runtime_dependencies(/home/kanat/ur5_new_ws/install/ur5_control/share/colcon-core/packages/ur5_control)
[2.324s] DEBUG:colcon.colcon_parallel_executor.executor.parallel:closing loop
[2.324s] DEBUG:colcon.colcon_parallel_executor.executor.parallel:loop closed
[2.324s] DEBUG:colcon.colcon_parallel_executor.executor.parallel:run_until_complete finished with '0'
[2.324s] DEBUG:colcon.colcon_core.event_reactor:joining thread
[2.332s] INFO:colcon.colcon_core.plugin_system:Skipping extension 'colcon_notification.desktop_notification.terminal_notifier': Not used on non-Darwin systems
[2.332s] INFO:colcon.colcon_core.plugin_system:Skipping extension 'colcon_notification.desktop_notification.win32': Not used on non-Windows systems
[2.332s] INFO:colcon.colcon_notification.desktop_notification:Sending desktop notification using 'notify2'
[2.364s] DEBUG:colcon.colcon_core.event_reactor:joined thread
[2.365s] INFO:colcon.colcon_core.shell:Creating prefix script '/home/kanat/ur5_new_ws/install/local_setup.ps1'
[2.366s] INFO:colcon.colcon_core.shell:Creating prefix util module '/home/kanat/ur5_new_ws/install/_local_setup_util_ps1.py'
[2.368s] INFO:colcon.colcon_core.shell:Creating prefix chain script '/home/kanat/ur5_new_ws/install/setup.ps1'
[2.370s] INFO:colcon.colcon_core.shell:Creating prefix script '/home/kanat/ur5_new_ws/install/local_setup.sh'
[2.371s] INFO:colcon.colcon_core.shell:Creating prefix util module '/home/kanat/ur5_new_ws/install/_local_setup_util_sh.py'
[2.371s] INFO:colcon.colcon_core.shell:Creating prefix chain script '/home/kanat/ur5_new_ws/install/setup.sh'
[2.374s] INFO:colcon.colcon_core.shell:Creating prefix script '/home/kanat/ur5_new_ws/install/local_setup.bash'
[2.375s] INFO:colcon.colcon_core.shell:Creating prefix chain script '/home/kanat/ur5_new_ws/install/setup.bash'
[2.377s] INFO:colcon.colcon_core.shell:Creating prefix script '/home/kanat/ur5_new_ws/install/local_setup.zsh'
[2.377s] INFO:colcon.colcon_core.shell:Creating prefix chain script '/home/kanat/ur5_new_ws/install/setup.zsh'
