[0.016s] Invoking command in '/home/kanat/ur5_new_ws/build/ur_simulation_gz': AMENT_PREFIX_PATH=/home/kanat/ur5_new_ws/install/ur_description:${AMENT_PREFIX_PATH} CMAKE_PREFIX_PATH=/home/kanat/ur5_new_ws/install/ur_description:/home/kanat/turtlebot3_ws/install/turtlebot3_simulations:/home/kanat/turtlebot3_ws/install/turtlebot3_gazebo:/home/kanat/turtlebot3_ws/install/turtlebot3_fake_node:/home/kanat/custom_manipulator_ws/install/custom_manipulator_bringup:/home/kanat/custom_manipulator_ws/install/custom_manipulator_moveit_config:/home/kanat/custom_manipulator_ws/install/custom_manipulator_description:/home/kanat/custom_manipulator_ws/install/custom_manipulator_commander_cpp:/home/kanat/custom_manipulator_ws/install/custom_interfaces:/home/kanat/ros2_udemy_beginner/install/my_interfaces:/opt/ros/jazzy/opt/gz_sim_vendor:/opt/ros/jazzy/opt/gz_sensors_vendor:/opt/ros/jazzy/opt/gz_physics_vendor:/opt/ros/jazzy/opt/sdformat_vendor:/opt/ros/jazzy/opt/gz_gui_vendor:/opt/ros/jazzy/opt/gz_transport_vendor:/opt/ros/jazzy/opt/gz_rendering_vendor:/opt/ros/jazzy/opt/gz_plugin_vendor:/opt/ros/jazzy/opt/gz_fuel_tools_vendor:/opt/ros/jazzy/opt/gz_msgs_vendor:/opt/ros/jazzy/opt/gz_common_vendor:/opt/ros/jazzy/opt/gz_math_vendor:/opt/ros/jazzy/opt/gz_utils_vendor:/opt/ros/jazzy/opt/gz_tools_vendor:/opt/ros/jazzy/opt/gz_ogre_next_vendor:/opt/ros/jazzy/opt/gz_dartsim_vendor:/opt/ros/jazzy/opt/gz_cmake_vendor:/home/kanat/turtlebot3_ws/install/turtlebot3_control:/home/kanat/ros2_udemy_beginner/install/my_ros_services_py:/home/kanat/ros2_udemy_beginner/install/my_pkg_py:/opt/ros/jazzy DEBUGINFOD_URLS=https://debuginfod.ubuntu.com PS1=(myenv) \[\e]0;\u@\h: \w\a\]${debian_chroot:+($debian_chroot)}\[\033[01;32m\]\u@\h\[\033[00m\]:\[\033[01;34m\]\w\[\033[00m\]\$ VIRTUAL_ENV_PROMPT=(myenv) /usr/bin/cmake /home/kanat/ur5_new_ws/src/Universal_Robots_ROS2_GZ_Simulation/ur_simulation_gz -DAMENT_CMAKE_SYMLINK_INSTALL=1 -DCMAKE_INSTALL_PREFIX=/home/kanat/ur5_new_ws/install/ur_simulation_gz
[0.111s] -- The C compiler identification is GNU 13.3.0
[0.189s] -- The CXX compiler identification is GNU 13.3.0
[0.210s] -- Detecting C compiler ABI info
[0.343s] -- Detecting C compiler ABI info - done
[0.356s] -- Check for working C compiler: /usr/bin/cc - skipped
[0.356s] -- Detecting C compile features
[0.357s] -- Detecting C compile features - done
[0.372s] -- Detecting CXX compiler ABI info
[0.518s] -- Detecting CXX compiler ABI info - done
[0.535s] -- Check for working CXX compiler: /usr/bin/c++ - skipped
[0.535s] -- Detecting CXX compile features
[0.536s] -- Detecting CXX compile features - done
[0.543s] -- Found ament_cmake: 2.5.4 (/opt/ros/jazzy/share/ament_cmake/cmake)
[0.719s] -- Found Python3: /home/kanat/myenv/bin/python3 (found version "3.12.3") found components: Interpreter 
[0.816s] -- Override CMake install command with custom implementation using symlinks instead of copying resources
[0.897s] -- Found launch_testing_ament_cmake: 3.4.9 (/opt/ros/jazzy/share/launch_testing_ament_cmake/cmake)
[0.902s] -- Found python_cmake_module: 0.11.1 (/opt/ros/jazzy/share/python_cmake_module/cmake)
[1.071s] -- Found PythonExtra: /home/kanat/myenv/bin/python3  
[1.077s] -- Found ament_cmake_pytest: 2.5.4 (/opt/ros/jazzy/share/ament_cmake_pytest/cmake)
[1.107s] [33mCMake Warning at /opt/ros/jazzy/share/ament_cmake_pytest/cmake/ament_add_pytest_test.cmake:82 (message):
[1.107s]   The Python module 'pytest' was not found, pytests cannot be run.  On Linux,
[1.107s]   install the 'python3-pytest' package.  On other platforms, install 'pytest'
[1.108s]   using pip.
[1.108s] Call Stack (most recent call first):
[1.108s]   CMakeLists.txt:27 (ament_add_pytest_test)
[1.108s] 
[1.108s] [0m
[1.225s] -- Configuring done (1.2s)
[1.227s] -- Generating done (0.0s)
[1.229s] -- Build files have been written to: /home/kanat/ur5_new_ws/build/ur_simulation_gz
[1.236s] Invoked command in '/home/kanat/ur5_new_ws/build/ur_simulation_gz' returned '0': AMENT_PREFIX_PATH=/home/kanat/ur5_new_ws/install/ur_description:${AMENT_PREFIX_PATH} CMAKE_PREFIX_PATH=/home/kanat/ur5_new_ws/install/ur_description:/home/kanat/turtlebot3_ws/install/turtlebot3_simulations:/home/kanat/turtlebot3_ws/install/turtlebot3_gazebo:/home/kanat/turtlebot3_ws/install/turtlebot3_fake_node:/home/kanat/custom_manipulator_ws/install/custom_manipulator_bringup:/home/kanat/custom_manipulator_ws/install/custom_manipulator_moveit_config:/home/kanat/custom_manipulator_ws/install/custom_manipulator_description:/home/kanat/custom_manipulator_ws/install/custom_manipulator_commander_cpp:/home/kanat/custom_manipulator_ws/install/custom_interfaces:/home/kanat/ros2_udemy_beginner/install/my_interfaces:/opt/ros/jazzy/opt/gz_sim_vendor:/opt/ros/jazzy/opt/gz_sensors_vendor:/opt/ros/jazzy/opt/gz_physics_vendor:/opt/ros/jazzy/opt/sdformat_vendor:/opt/ros/jazzy/opt/gz_gui_vendor:/opt/ros/jazzy/opt/gz_transport_vendor:/opt/ros/jazzy/opt/gz_rendering_vendor:/opt/ros/jazzy/opt/gz_plugin_vendor:/opt/ros/jazzy/opt/gz_fuel_tools_vendor:/opt/ros/jazzy/opt/gz_msgs_vendor:/opt/ros/jazzy/opt/gz_common_vendor:/opt/ros/jazzy/opt/gz_math_vendor:/opt/ros/jazzy/opt/gz_utils_vendor:/opt/ros/jazzy/opt/gz_tools_vendor:/opt/ros/jazzy/opt/gz_ogre_next_vendor:/opt/ros/jazzy/opt/gz_dartsim_vendor:/opt/ros/jazzy/opt/gz_cmake_vendor:/home/kanat/turtlebot3_ws/install/turtlebot3_control:/home/kanat/ros2_udemy_beginner/install/my_ros_services_py:/home/kanat/ros2_udemy_beginner/install/my_pkg_py:/opt/ros/jazzy DEBUGINFOD_URLS=https://debuginfod.ubuntu.com PS1=(myenv) \[\e]0;\u@\h: \w\a\]${debian_chroot:+($debian_chroot)}\[\033[01;32m\]\u@\h\[\033[00m\]:\[\033[01;34m\]\w\[\033[00m\]\$ VIRTUAL_ENV_PROMPT=(myenv) /usr/bin/cmake /home/kanat/ur5_new_ws/src/Universal_Robots_ROS2_GZ_Simulation/ur_simulation_gz -DAMENT_CMAKE_SYMLINK_INSTALL=1 -DCMAKE_INSTALL_PREFIX=/home/kanat/ur5_new_ws/install/ur_simulation_gz
[1.238s] Invoking command in '/home/kanat/ur5_new_ws/build/ur_simulation_gz': AMENT_PREFIX_PATH=/home/kanat/ur5_new_ws/install/ur_description:${AMENT_PREFIX_PATH} CMAKE_PREFIX_PATH=/home/kanat/ur5_new_ws/install/ur_description:/home/kanat/turtlebot3_ws/install/turtlebot3_simulations:/home/kanat/turtlebot3_ws/install/turtlebot3_gazebo:/home/kanat/turtlebot3_ws/install/turtlebot3_fake_node:/home/kanat/custom_manipulator_ws/install/custom_manipulator_bringup:/home/kanat/custom_manipulator_ws/install/custom_manipulator_moveit_config:/home/kanat/custom_manipulator_ws/install/custom_manipulator_description:/home/kanat/custom_manipulator_ws/install/custom_manipulator_commander_cpp:/home/kanat/custom_manipulator_ws/install/custom_interfaces:/home/kanat/ros2_udemy_beginner/install/my_interfaces:/opt/ros/jazzy/opt/gz_sim_vendor:/opt/ros/jazzy/opt/gz_sensors_vendor:/opt/ros/jazzy/opt/gz_physics_vendor:/opt/ros/jazzy/opt/sdformat_vendor:/opt/ros/jazzy/opt/gz_gui_vendor:/opt/ros/jazzy/opt/gz_transport_vendor:/opt/ros/jazzy/opt/gz_rendering_vendor:/opt/ros/jazzy/opt/gz_plugin_vendor:/opt/ros/jazzy/opt/gz_fuel_tools_vendor:/opt/ros/jazzy/opt/gz_msgs_vendor:/opt/ros/jazzy/opt/gz_common_vendor:/opt/ros/jazzy/opt/gz_math_vendor:/opt/ros/jazzy/opt/gz_utils_vendor:/opt/ros/jazzy/opt/gz_tools_vendor:/opt/ros/jazzy/opt/gz_ogre_next_vendor:/opt/ros/jazzy/opt/gz_dartsim_vendor:/opt/ros/jazzy/opt/gz_cmake_vendor:/home/kanat/turtlebot3_ws/install/turtlebot3_control:/home/kanat/ros2_udemy_beginner/install/my_ros_services_py:/home/kanat/ros2_udemy_beginner/install/my_pkg_py:/opt/ros/jazzy DEBUGINFOD_URLS=https://debuginfod.ubuntu.com PS1=(myenv) \[\e]0;\u@\h: \w\a\]${debian_chroot:+($debian_chroot)}\[\033[01;32m\]\u@\h\[\033[00m\]:\[\033[01;34m\]\w\[\033[00m\]\$ VIRTUAL_ENV_PROMPT=(myenv) /usr/bin/cmake --build /home/kanat/ur5_new_ws/build/ur_simulation_gz -- -j20 -l20
[1.298s] Invoked command in '/home/kanat/ur5_new_ws/build/ur_simulation_gz' returned '0': AMENT_PREFIX_PATH=/home/kanat/ur5_new_ws/install/ur_description:${AMENT_PREFIX_PATH} CMAKE_PREFIX_PATH=/home/kanat/ur5_new_ws/install/ur_description:/home/kanat/turtlebot3_ws/install/turtlebot3_simulations:/home/kanat/turtlebot3_ws/install/turtlebot3_gazebo:/home/kanat/turtlebot3_ws/install/turtlebot3_fake_node:/home/kanat/custom_manipulator_ws/install/custom_manipulator_bringup:/home/kanat/custom_manipulator_ws/install/custom_manipulator_moveit_config:/home/kanat/custom_manipulator_ws/install/custom_manipulator_description:/home/kanat/custom_manipulator_ws/install/custom_manipulator_commander_cpp:/home/kanat/custom_manipulator_ws/install/custom_interfaces:/home/kanat/ros2_udemy_beginner/install/my_interfaces:/opt/ros/jazzy/opt/gz_sim_vendor:/opt/ros/jazzy/opt/gz_sensors_vendor:/opt/ros/jazzy/opt/gz_physics_vendor:/opt/ros/jazzy/opt/sdformat_vendor:/opt/ros/jazzy/opt/gz_gui_vendor:/opt/ros/jazzy/opt/gz_transport_vendor:/opt/ros/jazzy/opt/gz_rendering_vendor:/opt/ros/jazzy/opt/gz_plugin_vendor:/opt/ros/jazzy/opt/gz_fuel_tools_vendor:/opt/ros/jazzy/opt/gz_msgs_vendor:/opt/ros/jazzy/opt/gz_common_vendor:/opt/ros/jazzy/opt/gz_math_vendor:/opt/ros/jazzy/opt/gz_utils_vendor:/opt/ros/jazzy/opt/gz_tools_vendor:/opt/ros/jazzy/opt/gz_ogre_next_vendor:/opt/ros/jazzy/opt/gz_dartsim_vendor:/opt/ros/jazzy/opt/gz_cmake_vendor:/home/kanat/turtlebot3_ws/install/turtlebot3_control:/home/kanat/ros2_udemy_beginner/install/my_ros_services_py:/home/kanat/ros2_udemy_beginner/install/my_pkg_py:/opt/ros/jazzy DEBUGINFOD_URLS=https://debuginfod.ubuntu.com PS1=(myenv) \[\e]0;\u@\h: \w\a\]${debian_chroot:+($debian_chroot)}\[\033[01;32m\]\u@\h\[\033[00m\]:\[\033[01;34m\]\w\[\033[00m\]\$ VIRTUAL_ENV_PROMPT=(myenv) /usr/bin/cmake --build /home/kanat/ur5_new_ws/build/ur_simulation_gz -- -j20 -l20
[1.300s] Invoking command in '/home/kanat/ur5_new_ws/build/ur_simulation_gz': AMENT_PREFIX_PATH=/home/kanat/ur5_new_ws/install/ur_description:${AMENT_PREFIX_PATH} CMAKE_PREFIX_PATH=/home/kanat/ur5_new_ws/install/ur_description:/home/kanat/turtlebot3_ws/install/turtlebot3_simulations:/home/kanat/turtlebot3_ws/install/turtlebot3_gazebo:/home/kanat/turtlebot3_ws/install/turtlebot3_fake_node:/home/kanat/custom_manipulator_ws/install/custom_manipulator_bringup:/home/kanat/custom_manipulator_ws/install/custom_manipulator_moveit_config:/home/kanat/custom_manipulator_ws/install/custom_manipulator_description:/home/kanat/custom_manipulator_ws/install/custom_manipulator_commander_cpp:/home/kanat/custom_manipulator_ws/install/custom_interfaces:/home/kanat/ros2_udemy_beginner/install/my_interfaces:/opt/ros/jazzy/opt/gz_sim_vendor:/opt/ros/jazzy/opt/gz_sensors_vendor:/opt/ros/jazzy/opt/gz_physics_vendor:/opt/ros/jazzy/opt/sdformat_vendor:/opt/ros/jazzy/opt/gz_gui_vendor:/opt/ros/jazzy/opt/gz_transport_vendor:/opt/ros/jazzy/opt/gz_rendering_vendor:/opt/ros/jazzy/opt/gz_plugin_vendor:/opt/ros/jazzy/opt/gz_fuel_tools_vendor:/opt/ros/jazzy/opt/gz_msgs_vendor:/opt/ros/jazzy/opt/gz_common_vendor:/opt/ros/jazzy/opt/gz_math_vendor:/opt/ros/jazzy/opt/gz_utils_vendor:/opt/ros/jazzy/opt/gz_tools_vendor:/opt/ros/jazzy/opt/gz_ogre_next_vendor:/opt/ros/jazzy/opt/gz_dartsim_vendor:/opt/ros/jazzy/opt/gz_cmake_vendor:/home/kanat/turtlebot3_ws/install/turtlebot3_control:/home/kanat/ros2_udemy_beginner/install/my_ros_services_py:/home/kanat/ros2_udemy_beginner/install/my_pkg_py:/opt/ros/jazzy DEBUGINFOD_URLS=https://debuginfod.ubuntu.com PS1=(myenv) \[\e]0;\u@\h: \w\a\]${debian_chroot:+($debian_chroot)}\[\033[01;32m\]\u@\h\[\033[00m\]:\[\033[01;34m\]\w\[\033[00m\]\$ VIRTUAL_ENV_PROMPT=(myenv) /usr/bin/cmake --install /home/kanat/ur5_new_ws/build/ur_simulation_gz
[1.312s] -- Install configuration: ""
[1.312s] -- Execute custom install script
[1.313s] -- Symlinking: /home/kanat/ur5_new_ws/install/ur_simulation_gz/share/ur_simulation_gz/config/ur_controllers.yaml
[1.328s] -- Symlinking: /home/kanat/ur5_new_ws/install/ur_simulation_gz/share/ur_simulation_gz/launch/ur_sim_control.launch.py
[1.343s] -- Symlinking: /home/kanat/ur5_new_ws/install/ur_simulation_gz/share/ur_simulation_gz/launch/ur_sim_moveit.launch.py
[1.355s] -- Symlinking: /home/kanat/ur5_new_ws/install/ur_simulation_gz/share/ur_simulation_gz/urdf/ur_gz.ros2_control.xacro
[1.367s] -- Symlinking: /home/kanat/ur5_new_ws/install/ur_simulation_gz/share/ur_simulation_gz/urdf/ur_gz.urdf.xacro
[1.381s] -- Symlinking: /home/kanat/ur5_new_ws/install/ur_simulation_gz/share/ament_index/resource_index/package_run_dependencies/ur_simulation_gz
[1.392s] -- Symlinking: /home/kanat/ur5_new_ws/install/ur_simulation_gz/share/ament_index/resource_index/parent_prefix_path/ur_simulation_gz
[1.406s] -- Symlinking: /home/kanat/ur5_new_ws/install/ur_simulation_gz/share/ur_simulation_gz/environment/ament_prefix_path.sh
[1.417s] -- Symlinking: /home/kanat/ur5_new_ws/install/ur_simulation_gz/share/ur_simulation_gz/environment/ament_prefix_path.dsv
[1.430s] -- Symlinking: /home/kanat/ur5_new_ws/install/ur_simulation_gz/share/ur_simulation_gz/environment/path.sh
[1.446s] -- Symlinking: /home/kanat/ur5_new_ws/install/ur_simulation_gz/share/ur_simulation_gz/environment/path.dsv
[1.459s] -- Symlinking: /home/kanat/ur5_new_ws/install/ur_simulation_gz/share/ur_simulation_gz/local_setup.bash
[1.471s] -- Symlinking: /home/kanat/ur5_new_ws/install/ur_simulation_gz/share/ur_simulation_gz/local_setup.sh
[1.485s] -- Symlinking: /home/kanat/ur5_new_ws/install/ur_simulation_gz/share/ur_simulation_gz/local_setup.zsh
[1.497s] -- Symlinking: /home/kanat/ur5_new_ws/install/ur_simulation_gz/share/ur_simulation_gz/local_setup.dsv
[1.510s] -- Symlinking: /home/kanat/ur5_new_ws/install/ur_simulation_gz/share/ur_simulation_gz/package.dsv
[1.520s] -- Symlinking: /home/kanat/ur5_new_ws/install/ur_simulation_gz/share/ament_index/resource_index/packages/ur_simulation_gz
[1.534s] -- Symlinking: /home/kanat/ur5_new_ws/install/ur_simulation_gz/share/ur_simulation_gz/cmake/ur_simulation_gzConfig.cmake
[1.548s] -- Symlinking: /home/kanat/ur5_new_ws/install/ur_simulation_gz/share/ur_simulation_gz/cmake/ur_simulation_gzConfig-version.cmake
[1.560s] -- Symlinking: /home/kanat/ur5_new_ws/install/ur_simulation_gz/share/ur_simulation_gz/package.xml
[1.574s] Invoked command in '/home/kanat/ur5_new_ws/build/ur_simulation_gz' returned '0': AMENT_PREFIX_PATH=/home/kanat/ur5_new_ws/install/ur_description:${AMENT_PREFIX_PATH} CMAKE_PREFIX_PATH=/home/kanat/ur5_new_ws/install/ur_description:/home/kanat/turtlebot3_ws/install/turtlebot3_simulations:/home/kanat/turtlebot3_ws/install/turtlebot3_gazebo:/home/kanat/turtlebot3_ws/install/turtlebot3_fake_node:/home/kanat/custom_manipulator_ws/install/custom_manipulator_bringup:/home/kanat/custom_manipulator_ws/install/custom_manipulator_moveit_config:/home/kanat/custom_manipulator_ws/install/custom_manipulator_description:/home/kanat/custom_manipulator_ws/install/custom_manipulator_commander_cpp:/home/kanat/custom_manipulator_ws/install/custom_interfaces:/home/kanat/ros2_udemy_beginner/install/my_interfaces:/opt/ros/jazzy/opt/gz_sim_vendor:/opt/ros/jazzy/opt/gz_sensors_vendor:/opt/ros/jazzy/opt/gz_physics_vendor:/opt/ros/jazzy/opt/sdformat_vendor:/opt/ros/jazzy/opt/gz_gui_vendor:/opt/ros/jazzy/opt/gz_transport_vendor:/opt/ros/jazzy/opt/gz_rendering_vendor:/opt/ros/jazzy/opt/gz_plugin_vendor:/opt/ros/jazzy/opt/gz_fuel_tools_vendor:/opt/ros/jazzy/opt/gz_msgs_vendor:/opt/ros/jazzy/opt/gz_common_vendor:/opt/ros/jazzy/opt/gz_math_vendor:/opt/ros/jazzy/opt/gz_utils_vendor:/opt/ros/jazzy/opt/gz_tools_vendor:/opt/ros/jazzy/opt/gz_ogre_next_vendor:/opt/ros/jazzy/opt/gz_dartsim_vendor:/opt/ros/jazzy/opt/gz_cmake_vendor:/home/kanat/turtlebot3_ws/install/turtlebot3_control:/home/kanat/ros2_udemy_beginner/install/my_ros_services_py:/home/kanat/ros2_udemy_beginner/install/my_pkg_py:/opt/ros/jazzy DEBUGINFOD_URLS=https://debuginfod.ubuntu.com PS1=(myenv) \[\e]0;\u@\h: \w\a\]${debian_chroot:+($debian_chroot)}\[\033[01;32m\]\u@\h\[\033[00m\]:\[\033[01;34m\]\w\[\033[00m\]\$ VIRTUAL_ENV_PROMPT=(myenv) /usr/bin/cmake --install /home/kanat/ur5_new_ws/build/ur_simulation_gz
