[1.129s] Invoking command in '/home/kanat/ur5_new_ws/build/ur5_control': DEBUGINFOD_URLS=https://debuginfod.ubuntu.com PYTHONPATH=/home/kanat/ur5_new_ws/build/ur5_control/prefix_override:/usr/lib/python3/dist-packages/colcon_core/task/python/colcon_distutils_commands:/home/kanat/ur5_new_ws/install/ur5_control/lib/python3.12/site-packages:${PYTHONPATH} /usr/bin/python3 -W ignore:setup.py install is deprecated -W ignore:easy_install command is deprecated setup.py develop --editable --build-directory /home/kanat/ur5_new_ws/build/ur5_control/build --no-deps symlink_data
[1.588s] running develop
[1.904s] running egg_info
[1.935s] writing ur5_control.egg-info/PKG-INFO
[1.935s] writing dependency_links to ur5_control.egg-info/dependency_links.txt
[1.935s] writing entry points to ur5_control.egg-info/entry_points.txt
[1.936s] writing requirements to ur5_control.egg-info/requires.txt
[1.936s] writing top-level names to ur5_control.egg-info/top_level.txt
[1.995s] reading manifest file 'ur5_control.egg-info/SOURCES.txt'
[1.997s] writing manifest file 'ur5_control.egg-info/SOURCES.txt'
[2.028s] running build_ext
[2.028s] Creating /home/kanat/ur5_new_ws/install/ur5_control/lib/python3.12/site-packages/ur5-control.egg-link (link to .)
[2.029s] Installing mpc_constrained_control_exe script to /home/kanat/ur5_new_ws/install/ur5_control/lib/ur5_control
[2.029s] Installing mpc_control_exe script to /home/kanat/ur5_new_ws/install/ur5_control/lib/ur5_control
[2.029s] Installing pd_control_exe script to /home/kanat/ur5_new_ws/install/ur5_control/lib/ur5_control
[2.029s] Installing waypoint_publisher_exe script to /home/kanat/ur5_new_ws/install/ur5_control/lib/ur5_control
[2.030s] 
[2.030s] Installed /home/kanat/ur5_new_ws/build/ur5_control
[2.030s] running symlink_data
[2.070s] Invoked command in '/home/kanat/ur5_new_ws/build/ur5_control' returned '0': DEBUGINFOD_URLS=https://debuginfod.ubuntu.com PYTHONPATH=/home/kanat/ur5_new_ws/build/ur5_control/prefix_override:/usr/lib/python3/dist-packages/colcon_core/task/python/colcon_distutils_commands:/home/kanat/ur5_new_ws/install/ur5_control/lib/python3.12/site-packages:${PYTHONPATH} /usr/bin/python3 -W ignore:setup.py install is deprecated -W ignore:easy_install command is deprecated setup.py develop --editable --build-directory /home/kanat/ur5_new_ws/build/ur5_control/build --no-deps symlink_data
