[0.083s] Invoking command in '/home/kanat/ur5_new_ws/build/moveit_commander_cpp': CMAKE_PREFIX_PATH=${CMAKE_PREFIX_PATH}:/home/kanat/ur5_new_ws/install/ur5_control:/home/kanat/turtlebot3_ws/install/turtlebot3_control:/home/kanat/ros2_udemy_beginner/install/my_ros_services_py:/home/kanat/ros2_udemy_beginner/install/my_pkg_py:/opt/ros/jazzy DEBUGINFOD_URLS=https://debuginfod.ubuntu.com /usr/bin/cmake --build /home/kanat/ur5_new_ws/build/moveit_commander_cpp -- -j20 -l20
[0.257s] [100%] Built target moveit_planning_exe
[0.526s] Invoked command in '/home/kanat/ur5_new_ws/build/moveit_commander_cpp' returned '0': CMAKE_PREFIX_PATH=${CMAKE_PREFIX_PATH}:/home/kanat/ur5_new_ws/install/ur5_control:/home/kanat/turtlebot3_ws/install/turtlebot3_control:/home/kanat/ros2_udemy_beginner/install/my_ros_services_py:/home/kanat/ros2_udemy_beginner/install/my_pkg_py:/opt/ros/jazzy DEBUGINFOD_URLS=https://debuginfod.ubuntu.com /usr/bin/cmake --build /home/kanat/ur5_new_ws/build/moveit_commander_cpp -- -j20 -l20
[0.528s] Invoking command in '/home/kanat/ur5_new_ws/build/moveit_commander_cpp': CMAKE_PREFIX_PATH=${CMAKE_PREFIX_PATH}:/home/kanat/ur5_new_ws/install/ur5_control:/home/kanat/turtlebot3_ws/install/turtlebot3_control:/home/kanat/ros2_udemy_beginner/install/my_ros_services_py:/home/kanat/ros2_udemy_beginner/install/my_pkg_py:/opt/ros/jazzy DEBUGINFOD_URLS=https://debuginfod.ubuntu.com /usr/bin/cmake --install /home/kanat/ur5_new_ws/build/moveit_commander_cpp
[0.543s] -- Install configuration: ""
[0.547s] -- Execute custom install script
[0.548s] -- Up-to-date symlink: /home/kanat/ur5_new_ws/install/moveit_commander_cpp/lib/moveit_commander_cpp/moveit_planning_exe
[0.549s] -- Up-to-date symlink: /home/kanat/ur5_new_ws/install/moveit_commander_cpp/share/ament_index/resource_index/package_run_dependencies/moveit_commander_cpp
[0.549s] -- Up-to-date symlink: /home/kanat/ur5_new_ws/install/moveit_commander_cpp/share/ament_index/resource_index/parent_prefix_path/moveit_commander_cpp
[0.549s] -- Up-to-date symlink: /home/kanat/ur5_new_ws/install/moveit_commander_cpp/share/moveit_commander_cpp/environment/ament_prefix_path.sh
[0.550s] -- Up-to-date symlink: /home/kanat/ur5_new_ws/install/moveit_commander_cpp/share/moveit_commander_cpp/environment/ament_prefix_path.dsv
[0.555s] -- Up-to-date symlink: /home/kanat/ur5_new_ws/install/moveit_commander_cpp/share/moveit_commander_cpp/environment/path.sh
[0.556s] -- Up-to-date symlink: /home/kanat/ur5_new_ws/install/moveit_commander_cpp/share/moveit_commander_cpp/environment/path.dsv
[0.556s] -- Up-to-date symlink: /home/kanat/ur5_new_ws/install/moveit_commander_cpp/share/moveit_commander_cpp/local_setup.bash
[0.556s] -- Up-to-date symlink: /home/kanat/ur5_new_ws/install/moveit_commander_cpp/share/moveit_commander_cpp/local_setup.sh
[0.556s] -- Up-to-date symlink: /home/kanat/ur5_new_ws/install/moveit_commander_cpp/share/moveit_commander_cpp/local_setup.zsh
[0.556s] -- Up-to-date symlink: /home/kanat/ur5_new_ws/install/moveit_commander_cpp/share/moveit_commander_cpp/local_setup.dsv
[0.557s] -- Symlinking: /home/kanat/ur5_new_ws/install/moveit_commander_cpp/share/moveit_commander_cpp/package.dsv
[0.603s] -- Up-to-date symlink: /home/kanat/ur5_new_ws/install/moveit_commander_cpp/share/ament_index/resource_index/packages/moveit_commander_cpp
[0.604s] -- Up-to-date symlink: /home/kanat/ur5_new_ws/install/moveit_commander_cpp/share/moveit_commander_cpp/cmake/moveit_commander_cppConfig.cmake
[0.604s] -- Up-to-date symlink: /home/kanat/ur5_new_ws/install/moveit_commander_cpp/share/moveit_commander_cpp/cmake/moveit_commander_cppConfig-version.cmake
[0.606s] -- Up-to-date symlink: /home/kanat/ur5_new_ws/install/moveit_commander_cpp/share/moveit_commander_cpp/package.xml
[0.671s] Invoked command in '/home/kanat/ur5_new_ws/build/moveit_commander_cpp' returned '0': CMAKE_PREFIX_PATH=${CMAKE_PREFIX_PATH}:/home/kanat/ur5_new_ws/install/ur5_control:/home/kanat/turtlebot3_ws/install/turtlebot3_control:/home/kanat/ros2_udemy_beginner/install/my_ros_services_py:/home/kanat/ros2_udemy_beginner/install/my_pkg_py:/opt/ros/jazzy DEBUGINFOD_URLS=https://debuginfod.ubuntu.com /usr/bin/cmake --install /home/kanat/ur5_new_ws/build/moveit_commander_cpp
