[0.477s] DEBUG:colcon:Command line arguments: ['/usr/bin/colcon', 'build', '--packages-select', 'ur5_control']
[0.477s] DEBUG:colcon:Parsed command line arguments: Namespace(log_base=None, log_level=None, verb_name='build', build_base='build', install_base='install', merge_install=False, symlink_install=False, test_result_base=None, continue_on_error=False, executor='parallel', parallel_workers=20, event_handlers=None, ignore_user_meta=False, metas=['./colcon.meta'], base_paths=['.'], packages_ignore=None, packages_ignore_regex=None, paths=None, packages_up_to=None, packages_up_to_regex=None, packages_above=None, packages_above_and_dependencies=None, packages_above_depth=None, packages_select_by_dep=None, packages_skip_by_dep=None, packages_skip_up_to=None, packages_select_build_failed=False, packages_skip_build_finished=False, packages_select_test_failures=False, packages_skip_test_passed=False, packages_select=['ur5_control'], packages_skip=None, packages_select_regex=None, packages_skip_regex=None, packages_start=None, packages_end=None, allow_overriding=[], cmake_args=None, cmake_target=None, cmake_target_skip_unavailable=False, cmake_clean_cache=False, cmake_clean_first=False, cmake_force_configure=False, ament_cmake_args=None, catkin_cmake_args=None, catkin_skip_building_tests=False, mixin_files=None, mixin=None, verb_parser=<colcon_mixin.mixin.mixin_argument.MixinArgumentDecorator object at 0x70db5618f230>, verb_extension=<colcon_core.verb.build.BuildVerb object at 0x70db560af200>, main=<bound method BuildVerb.main of <colcon_core.verb.build.BuildVerb object at 0x70db560af200>>, mixin_verb=('build',))
[0.617s] Level 1:colcon.colcon_core.package_discovery:discover_packages(colcon_meta) check parameters
[0.618s] Level 1:colcon.colcon_core.package_discovery:discover_packages(recursive) check parameters
[0.618s] Level 1:colcon.colcon_core.package_discovery:discover_packages(ignore) check parameters
[0.618s] Level 1:colcon.colcon_core.package_discovery:discover_packages(path) check parameters
[0.618s] Level 1:colcon.colcon_core.package_discovery:discover_packages(colcon_meta) discover
[0.618s] Level 1:colcon.colcon_core.package_discovery:discover_packages(recursive) discover
[0.618s] INFO:colcon.colcon_core.package_discovery:Crawling recursively for packages in '/home/kanat/ur5_new_ws'
[0.619s] Level 1:colcon.colcon_core.package_identification:_identify(.) by extensions ['ignore', 'ignore_ament_install']
[0.619s] Level 1:colcon.colcon_core.package_identification:_identify(.) by extension 'ignore'
[0.619s] Level 1:colcon.colcon_core.package_identification:_identify(.) by extension 'ignore_ament_install'
[0.619s] Level 1:colcon.colcon_core.package_identification:_identify(.) by extensions ['colcon_pkg']
[0.619s] Level 1:colcon.colcon_core.package_identification:_identify(.) by extension 'colcon_pkg'
[0.620s] Level 1:colcon.colcon_core.package_identification:_identify(.) by extensions ['colcon_meta']
[0.620s] Level 1:colcon.colcon_core.package_identification:_identify(.) by extension 'colcon_meta'
[0.620s] Level 1:colcon.colcon_core.package_identification:_identify(.) by extensions ['ros']
[0.620s] Level 1:colcon.colcon_core.package_identification:_identify(.) by extension 'ros'
[0.719s] Level 1:colcon.colcon_core.package_identification:_identify(.) by extensions ['cmake', 'python']
[0.719s] Level 1:colcon.colcon_core.package_identification:_identify(.) by extension 'cmake'
[0.719s] Level 1:colcon.colcon_core.package_identification:_identify(.) by extension 'python'
[0.719s] Level 1:colcon.colcon_core.package_identification:_identify(.) by extensions ['python_setup_py']
[0.719s] Level 1:colcon.colcon_core.package_identification:_identify(.) by extension 'python_setup_py'
[0.720s] Level 1:colcon.colcon_core.package_identification:_identify(build) by extensions ['ignore', 'ignore_ament_install']
[0.721s] Level 1:colcon.colcon_core.package_identification:_identify(build) by extension 'ignore'
[0.722s] Level 1:colcon.colcon_core.package_identification:_identify(build) ignored
[0.722s] Level 1:colcon.colcon_core.package_identification:_identify(install) by extensions ['ignore', 'ignore_ament_install']
[0.723s] Level 1:colcon.colcon_core.package_identification:_identify(install) by extension 'ignore'
[0.724s] Level 1:colcon.colcon_core.package_identification:_identify(install) ignored
[0.724s] Level 1:colcon.colcon_core.package_identification:_identify(log) by extensions ['ignore', 'ignore_ament_install']
[0.724s] Level 1:colcon.colcon_core.package_identification:_identify(log) by extension 'ignore'
[0.724s] Level 1:colcon.colcon_core.package_identification:_identify(log) ignored
[0.725s] Level 1:colcon.colcon_core.package_identification:_identify(src) by extensions ['ignore', 'ignore_ament_install']
[0.725s] Level 1:colcon.colcon_core.package_identification:_identify(src) by extension 'ignore'
[0.725s] Level 1:colcon.colcon_core.package_identification:_identify(src) by extension 'ignore_ament_install'
[0.725s] Level 1:colcon.colcon_core.package_identification:_identify(src) by extensions ['colcon_pkg']
[0.725s] Level 1:colcon.colcon_core.package_identification:_identify(src) by extension 'colcon_pkg'
[0.725s] Level 1:colcon.colcon_core.package_identification:_identify(src) by extensions ['colcon_meta']
[0.725s] Level 1:colcon.colcon_core.package_identification:_identify(src) by extension 'colcon_meta'
[0.725s] Level 1:colcon.colcon_core.package_identification:_identify(src) by extensions ['ros']
[0.726s] Level 1:colcon.colcon_core.package_identification:_identify(src) by extension 'ros'
[0.726s] Level 1:colcon.colcon_core.package_identification:_identify(src) by extensions ['cmake', 'python']
[0.726s] Level 1:colcon.colcon_core.package_identification:_identify(src) by extension 'cmake'
[0.726s] Level 1:colcon.colcon_core.package_identification:_identify(src) by extension 'python'
[0.726s] Level 1:colcon.colcon_core.package_identification:_identify(src) by extensions ['python_setup_py']
[0.726s] Level 1:colcon.colcon_core.package_identification:_identify(src) by extension 'python_setup_py'
[0.727s] Level 1:colcon.colcon_core.package_identification:_identify(src/Universal_Robots_ROS2_Description) by extensions ['ignore', 'ignore_ament_install']
[0.727s] Level 1:colcon.colcon_core.package_identification:_identify(src/Universal_Robots_ROS2_Description) by extension 'ignore'
[0.727s] Level 1:colcon.colcon_core.package_identification:_identify(src/Universal_Robots_ROS2_Description) by extension 'ignore_ament_install'
[0.727s] Level 1:colcon.colcon_core.package_identification:_identify(src/Universal_Robots_ROS2_Description) by extensions ['colcon_pkg']
[0.727s] Level 1:colcon.colcon_core.package_identification:_identify(src/Universal_Robots_ROS2_Description) by extension 'colcon_pkg'
[0.727s] Level 1:colcon.colcon_core.package_identification:_identify(src/Universal_Robots_ROS2_Description) by extensions ['colcon_meta']
[0.727s] Level 1:colcon.colcon_core.package_identification:_identify(src/Universal_Robots_ROS2_Description) by extension 'colcon_meta'
[0.727s] Level 1:colcon.colcon_core.package_identification:_identify(src/Universal_Robots_ROS2_Description) by extensions ['ros']
[0.728s] Level 1:colcon.colcon_core.package_identification:_identify(src/Universal_Robots_ROS2_Description) by extension 'ros'
[0.737s] DEBUG:colcon.colcon_core.package_identification:Package 'src/Universal_Robots_ROS2_Description' with type 'ros.ament_cmake' and name 'ur_description'
[0.737s] Level 1:colcon.colcon_core.package_identification:_identify(src/Universal_Robots_ROS2_GZ_Simulation) by extensions ['ignore', 'ignore_ament_install']
[0.738s] Level 1:colcon.colcon_core.package_identification:_identify(src/Universal_Robots_ROS2_GZ_Simulation) by extension 'ignore'
[0.738s] Level 1:colcon.colcon_core.package_identification:_identify(src/Universal_Robots_ROS2_GZ_Simulation) by extension 'ignore_ament_install'
[0.738s] Level 1:colcon.colcon_core.package_identification:_identify(src/Universal_Robots_ROS2_GZ_Simulation) by extensions ['colcon_pkg']
[0.738s] Level 1:colcon.colcon_core.package_identification:_identify(src/Universal_Robots_ROS2_GZ_Simulation) by extension 'colcon_pkg'
[0.739s] Level 1:colcon.colcon_core.package_identification:_identify(src/Universal_Robots_ROS2_GZ_Simulation) by extensions ['colcon_meta']
[0.739s] Level 1:colcon.colcon_core.package_identification:_identify(src/Universal_Robots_ROS2_GZ_Simulation) by extension 'colcon_meta'
[0.739s] Level 1:colcon.colcon_core.package_identification:_identify(src/Universal_Robots_ROS2_GZ_Simulation) by extensions ['ros']
[0.739s] Level 1:colcon.colcon_core.package_identification:_identify(src/Universal_Robots_ROS2_GZ_Simulation) by extension 'ros'
[0.739s] Level 1:colcon.colcon_core.package_identification:_identify(src/Universal_Robots_ROS2_GZ_Simulation) by extensions ['cmake', 'python']
[0.739s] Level 1:colcon.colcon_core.package_identification:_identify(src/Universal_Robots_ROS2_GZ_Simulation) by extension 'cmake'
[0.739s] Level 1:colcon.colcon_core.package_identification:_identify(src/Universal_Robots_ROS2_GZ_Simulation) by extension 'python'
[0.739s] Level 1:colcon.colcon_core.package_identification:_identify(src/Universal_Robots_ROS2_GZ_Simulation) by extensions ['python_setup_py']
[0.739s] Level 1:colcon.colcon_core.package_identification:_identify(src/Universal_Robots_ROS2_GZ_Simulation) by extension 'python_setup_py'
[0.740s] Level 1:colcon.colcon_core.package_identification:_identify(src/Universal_Robots_ROS2_GZ_Simulation/ur_simulation_gz) by extensions ['ignore', 'ignore_ament_install']
[0.740s] Level 1:colcon.colcon_core.package_identification:_identify(src/Universal_Robots_ROS2_GZ_Simulation/ur_simulation_gz) by extension 'ignore'
[0.740s] Level 1:colcon.colcon_core.package_identification:_identify(src/Universal_Robots_ROS2_GZ_Simulation/ur_simulation_gz) by extension 'ignore_ament_install'
[0.740s] Level 1:colcon.colcon_core.package_identification:_identify(src/Universal_Robots_ROS2_GZ_Simulation/ur_simulation_gz) by extensions ['colcon_pkg']
[0.740s] Level 1:colcon.colcon_core.package_identification:_identify(src/Universal_Robots_ROS2_GZ_Simulation/ur_simulation_gz) by extension 'colcon_pkg'
[0.740s] Level 1:colcon.colcon_core.package_identification:_identify(src/Universal_Robots_ROS2_GZ_Simulation/ur_simulation_gz) by extensions ['colcon_meta']
[0.740s] Level 1:colcon.colcon_core.package_identification:_identify(src/Universal_Robots_ROS2_GZ_Simulation/ur_simulation_gz) by extension 'colcon_meta'
[0.741s] Level 1:colcon.colcon_core.package_identification:_identify(src/Universal_Robots_ROS2_GZ_Simulation/ur_simulation_gz) by extensions ['ros']
[0.741s] Level 1:colcon.colcon_core.package_identification:_identify(src/Universal_Robots_ROS2_GZ_Simulation/ur_simulation_gz) by extension 'ros'
[0.743s] DEBUG:colcon.colcon_core.package_identification:Package 'src/Universal_Robots_ROS2_GZ_Simulation/ur_simulation_gz' with type 'ros.ament_cmake' and name 'ur_simulation_gz'
[0.743s] Level 1:colcon.colcon_core.package_identification:_identify(src/ur5_bringup) by extensions ['ignore', 'ignore_ament_install']
[0.744s] Level 1:colcon.colcon_core.package_identification:_identify(src/ur5_bringup) by extension 'ignore'
[0.744s] Level 1:colcon.colcon_core.package_identification:_identify(src/ur5_bringup) by extension 'ignore_ament_install'
[0.744s] Level 1:colcon.colcon_core.package_identification:_identify(src/ur5_bringup) by extensions ['colcon_pkg']
[0.744s] Level 1:colcon.colcon_core.package_identification:_identify(src/ur5_bringup) by extension 'colcon_pkg'
[0.744s] Level 1:colcon.colcon_core.package_identification:_identify(src/ur5_bringup) by extensions ['colcon_meta']
[0.744s] Level 1:colcon.colcon_core.package_identification:_identify(src/ur5_bringup) by extension 'colcon_meta'
[0.744s] Level 1:colcon.colcon_core.package_identification:_identify(src/ur5_bringup) by extensions ['ros']
[0.744s] Level 1:colcon.colcon_core.package_identification:_identify(src/ur5_bringup) by extension 'ros'
[0.746s] DEBUG:colcon.colcon_core.package_identification:Package 'src/ur5_bringup' with type 'ros.ament_cmake' and name 'ur5_bringup'
[0.746s] Level 1:colcon.colcon_core.package_identification:_identify(src/ur5_control) by extensions ['ignore', 'ignore_ament_install']
[0.747s] Level 1:colcon.colcon_core.package_identification:_identify(src/ur5_control) by extension 'ignore'
[0.747s] Level 1:colcon.colcon_core.package_identification:_identify(src/ur5_control) by extension 'ignore_ament_install'
[0.747s] Level 1:colcon.colcon_core.package_identification:_identify(src/ur5_control) by extensions ['colcon_pkg']
[0.747s] Level 1:colcon.colcon_core.package_identification:_identify(src/ur5_control) by extension 'colcon_pkg'
[0.747s] Level 1:colcon.colcon_core.package_identification:_identify(src/ur5_control) by extensions ['colcon_meta']
[0.747s] Level 1:colcon.colcon_core.package_identification:_identify(src/ur5_control) by extension 'colcon_meta'
[0.748s] Level 1:colcon.colcon_core.package_identification:_identify(src/ur5_control) by extensions ['ros']
[0.748s] Level 1:colcon.colcon_core.package_identification:_identify(src/ur5_control) by extension 'ros'
[0.750s] DEBUG:colcon.colcon_core.package_identification:Package 'src/ur5_control' with type 'ros.ament_python' and name 'ur5_control'
[0.750s] Level 1:colcon.colcon_core.package_identification:_identify(src/ur5_moveit_config) by extensions ['ignore', 'ignore_ament_install']
[0.751s] Level 1:colcon.colcon_core.package_identification:_identify(src/ur5_moveit_config) by extension 'ignore'
[0.751s] Level 1:colcon.colcon_core.package_identification:_identify(src/ur5_moveit_config) by extension 'ignore_ament_install'
[0.751s] Level 1:colcon.colcon_core.package_identification:_identify(src/ur5_moveit_config) by extensions ['colcon_pkg']
[0.751s] Level 1:colcon.colcon_core.package_identification:_identify(src/ur5_moveit_config) by extension 'colcon_pkg'
[0.751s] Level 1:colcon.colcon_core.package_identification:_identify(src/ur5_moveit_config) by extensions ['colcon_meta']
[0.751s] Level 1:colcon.colcon_core.package_identification:_identify(src/ur5_moveit_config) by extension 'colcon_meta'
[0.751s] Level 1:colcon.colcon_core.package_identification:_identify(src/ur5_moveit_config) by extensions ['ros']
[0.751s] Level 1:colcon.colcon_core.package_identification:_identify(src/ur5_moveit_config) by extension 'ros'
[0.754s] DEBUG:colcon.colcon_core.package_identification:Package 'src/ur5_moveit_config' with type 'ros.ament_cmake' and name 'ur5_moveit_config'
[0.754s] Level 1:colcon.colcon_core.package_identification:_identify(src/ur_custom_sim) by extensions ['ignore', 'ignore_ament_install']
[0.754s] Level 1:colcon.colcon_core.package_identification:_identify(src/ur_custom_sim) by extension 'ignore'
[0.755s] Level 1:colcon.colcon_core.package_identification:_identify(src/ur_custom_sim) by extension 'ignore_ament_install'
[0.755s] Level 1:colcon.colcon_core.package_identification:_identify(src/ur_custom_sim) by extensions ['colcon_pkg']
[0.755s] Level 1:colcon.colcon_core.package_identification:_identify(src/ur_custom_sim) by extension 'colcon_pkg'
[0.755s] Level 1:colcon.colcon_core.package_identification:_identify(src/ur_custom_sim) by extensions ['colcon_meta']
[0.755s] Level 1:colcon.colcon_core.package_identification:_identify(src/ur_custom_sim) by extension 'colcon_meta'
[0.755s] Level 1:colcon.colcon_core.package_identification:_identify(src/ur_custom_sim) by extensions ['ros']
[0.755s] Level 1:colcon.colcon_core.package_identification:_identify(src/ur_custom_sim) by extension 'ros'
[0.757s] DEBUG:colcon.colcon_core.package_identification:Package 'src/ur_custom_sim' with type 'ros.ament_cmake' and name 'ur_custom_sim'
[0.757s] Level 1:colcon.colcon_core.package_discovery:discover_packages(recursive) using defaults
[0.758s] Level 1:colcon.colcon_core.package_discovery:discover_packages(ignore) discover
[0.758s] Level 1:colcon.colcon_core.package_discovery:discover_packages(ignore) using defaults
[0.758s] Level 1:colcon.colcon_core.package_discovery:discover_packages(path) discover
[0.758s] Level 1:colcon.colcon_core.package_discovery:discover_packages(path) using defaults
[0.827s] INFO:colcon.colcon_core.package_selection:Skipping not selected package 'ur5_bringup' in 'src/ur5_bringup'
[0.827s] INFO:colcon.colcon_core.package_selection:Skipping not selected package 'ur_custom_sim' in 'src/ur_custom_sim'
[0.827s] INFO:colcon.colcon_core.package_selection:Skipping not selected package 'ur_description' in 'src/Universal_Robots_ROS2_Description'
[0.828s] INFO:colcon.colcon_core.package_selection:Skipping not selected package 'ur5_moveit_config' in 'src/ur5_moveit_config'
[0.828s] INFO:colcon.colcon_core.package_selection:Skipping not selected package 'ur_simulation_gz' in 'src/Universal_Robots_ROS2_GZ_Simulation/ur_simulation_gz'
[0.829s] Level 1:colcon.colcon_core.package_discovery:discover_packages(prefix_path) check parameters
[0.829s] Level 1:colcon.colcon_core.package_discovery:discover_packages(prefix_path) discover
[0.839s] DEBUG:colcon.colcon_installed_package_information.package_discovery:Found 6 installed packages in /home/kanat/ur5_new_ws/install
[0.841s] DEBUG:colcon.colcon_installed_package_information.package_discovery:Found 3 installed packages in /home/kanat/ros2_udemy_beginner/install
[0.842s] DEBUG:colcon.colcon_installed_package_information.package_discovery:Found 4 installed packages in /home/kanat/turtlebot3_ws/install
[0.843s] DEBUG:colcon.colcon_installed_package_information.package_discovery:Found 5 installed packages in /home/kanat/custom_manipulator_ws/install
[0.853s] DEBUG:colcon.colcon_installed_package_information.package_discovery:Found 600 installed packages in /opt/ros/jazzy
[0.858s] Level 1:colcon.colcon_core.package_discovery:discover_packages(prefix_path) using defaults
[1.169s] Level 5:colcon.colcon_core.verb:set package 'ur5_control' build argument 'cmake_args' from command line to 'None'
[1.170s] Level 5:colcon.colcon_core.verb:set package 'ur5_control' build argument 'cmake_target' from command line to 'None'
[1.170s] Level 5:colcon.colcon_core.verb:set package 'ur5_control' build argument 'cmake_target_skip_unavailable' from command line to 'False'
[1.170s] Level 5:colcon.colcon_core.verb:set package 'ur5_control' build argument 'cmake_clean_cache' from command line to 'False'
[1.170s] Level 5:colcon.colcon_core.verb:set package 'ur5_control' build argument 'cmake_clean_first' from command line to 'False'
[1.170s] Level 5:colcon.colcon_core.verb:set package 'ur5_control' build argument 'cmake_force_configure' from command line to 'False'
[1.170s] Level 5:colcon.colcon_core.verb:set package 'ur5_control' build argument 'ament_cmake_args' from command line to 'None'
[1.170s] Level 5:colcon.colcon_core.verb:set package 'ur5_control' build argument 'catkin_cmake_args' from command line to 'None'
[1.170s] Level 5:colcon.colcon_core.verb:set package 'ur5_control' build argument 'catkin_skip_building_tests' from command line to 'False'
[1.170s] DEBUG:colcon.colcon_core.verb:Building package 'ur5_control' with the following arguments: {'ament_cmake_args': None, 'build_base': '/home/kanat/ur5_new_ws/build/ur5_control', 'catkin_cmake_args': None, 'catkin_skip_building_tests': False, 'cmake_args': None, 'cmake_clean_cache': False, 'cmake_clean_first': False, 'cmake_force_configure': False, 'cmake_target': None, 'cmake_target_skip_unavailable': False, 'install_base': '/home/kanat/ur5_new_ws/install/ur5_control', 'merge_install': False, 'path': '/home/kanat/ur5_new_ws/src/ur5_control', 'symlink_install': False, 'test_result_base': None}
[1.171s] INFO:colcon.colcon_core.executor:Executing jobs using 'parallel' executor
[1.175s] DEBUG:colcon.colcon_parallel_executor.executor.parallel:run_until_complete
[1.175s] INFO:colcon.colcon_ros.task.ament_python.build:Building ROS package in '/home/kanat/ur5_new_ws/src/ur5_control' with build type 'ament_python'
[1.176s] Level 1:colcon.colcon_core.shell:create_environment_hook('ur5_control', 'ament_prefix_path')
[1.182s] INFO:colcon.colcon_core.plugin_system:Skipping extension 'colcon_core.shell.bat': Not used on non-Windows systems
[1.184s] INFO:colcon.colcon_core.shell:Creating environment hook '/home/kanat/ur5_new_ws/install/ur5_control/share/ur5_control/hook/ament_prefix_path.ps1'
[1.187s] INFO:colcon.colcon_core.shell:Creating environment descriptor '/home/kanat/ur5_new_ws/install/ur5_control/share/ur5_control/hook/ament_prefix_path.dsv'
[1.189s] INFO:colcon.colcon_core.shell:Creating environment hook '/home/kanat/ur5_new_ws/install/ur5_control/share/ur5_control/hook/ament_prefix_path.sh'
[1.191s] INFO:colcon.colcon_core.shell:Skip shell extension 'powershell' for command environment: Not usable outside of PowerShell
[1.191s] DEBUG:colcon.colcon_core.shell:Skip shell extension 'dsv' for command environment
[2.267s] INFO:colcon.colcon_core.task.python.build:Building Python package in '/home/kanat/ur5_new_ws/src/ur5_control'
[2.267s] INFO:colcon.colcon_core.shell:Skip shell extension 'powershell' for command environment: Not usable outside of PowerShell
[2.268s] DEBUG:colcon.colcon_core.shell:Skip shell extension 'dsv' for command environment
[4.732s] DEBUG:colcon.colcon_core.event_handler.log_command:Invoking command in '/home/kanat/ur5_new_ws/src/ur5_control': DEBUGINFOD_URLS=https://debuginfod.ubuntu.com PS1=(myenv) \[\e]0;\u@\h: \w\a\]${debian_chroot:+($debian_chroot)}\[\033[01;32m\]\u@\h\[\033[00m\]:\[\033[01;34m\]\w\[\033[00m\]\$ PYTHONPATH=/home/kanat/ur5_new_ws/build/ur5_control/prefix_override:/usr/lib/python3/dist-packages/colcon_core/task/python/colcon_distutils_commands:/home/kanat/ur5_new_ws/install/ur5_control/lib/python3.12/site-packages:${PYTHONPATH} VIRTUAL_ENV_PROMPT=(myenv) /usr/bin/python3 -W ignore:setup.py install is deprecated -W ignore:easy_install command is deprecated setup.py egg_info --egg-base ../../build/ur5_control build --build-base /home/kanat/ur5_new_ws/build/ur5_control/build install --record /home/kanat/ur5_new_ws/build/ur5_control/install.log --single-version-externally-managed install_data
[7.386s] DEBUG:colcon.colcon_core.event_handler.log_command:Invoked command in '/home/kanat/ur5_new_ws/src/ur5_control' returned '0': DEBUGINFOD_URLS=https://debuginfod.ubuntu.com PS1=(myenv) \[\e]0;\u@\h: \w\a\]${debian_chroot:+($debian_chroot)}\[\033[01;32m\]\u@\h\[\033[00m\]:\[\033[01;34m\]\w\[\033[00m\]\$ PYTHONPATH=/home/kanat/ur5_new_ws/build/ur5_control/prefix_override:/usr/lib/python3/dist-packages/colcon_core/task/python/colcon_distutils_commands:/home/kanat/ur5_new_ws/install/ur5_control/lib/python3.12/site-packages:${PYTHONPATH} VIRTUAL_ENV_PROMPT=(myenv) /usr/bin/python3 -W ignore:setup.py install is deprecated -W ignore:easy_install command is deprecated setup.py egg_info --egg-base ../../build/ur5_control build --build-base /home/kanat/ur5_new_ws/build/ur5_control/build install --record /home/kanat/ur5_new_ws/build/ur5_control/install.log --single-version-externally-managed install_data
[7.393s] Level 1:colcon.colcon_core.environment:checking '/home/kanat/ur5_new_ws/install/ur5_control' for CMake module files
[7.395s] Level 1:colcon.colcon_core.environment:checking '/home/kanat/ur5_new_ws/install/ur5_control' for CMake config files
[7.397s] Level 1:colcon.colcon_core.environment:checking '/home/kanat/ur5_new_ws/install/ur5_control/lib'
[7.397s] Level 1:colcon.colcon_core.environment:checking '/home/kanat/ur5_new_ws/install/ur5_control/bin'
[7.398s] Level 1:colcon.colcon_core.environment:checking '/home/kanat/ur5_new_ws/install/ur5_control/lib/pkgconfig/ur5_control.pc'
[7.398s] Level 1:colcon.colcon_core.environment:checking '/home/kanat/ur5_new_ws/install/ur5_control/lib/python3.12/site-packages'
[7.399s] Level 1:colcon.colcon_core.shell:create_environment_hook('ur5_control', 'pythonpath')
[7.399s] INFO:colcon.colcon_core.shell:Creating environment hook '/home/kanat/ur5_new_ws/install/ur5_control/share/ur5_control/hook/pythonpath.ps1'
[7.402s] INFO:colcon.colcon_core.shell:Creating environment descriptor '/home/kanat/ur5_new_ws/install/ur5_control/share/ur5_control/hook/pythonpath.dsv'
[7.403s] INFO:colcon.colcon_core.shell:Creating environment hook '/home/kanat/ur5_new_ws/install/ur5_control/share/ur5_control/hook/pythonpath.sh'
[7.406s] Level 1:colcon.colcon_core.environment:checking '/home/kanat/ur5_new_ws/install/ur5_control/bin'
[7.406s] Level 1:colcon.colcon_core.environment:create_environment_scripts_only(ur5_control)
[7.407s] INFO:colcon.colcon_core.shell:Creating package script '/home/kanat/ur5_new_ws/install/ur5_control/share/ur5_control/package.ps1'
[7.410s] INFO:colcon.colcon_core.shell:Creating package descriptor '/home/kanat/ur5_new_ws/install/ur5_control/share/ur5_control/package.dsv'
[7.411s] INFO:colcon.colcon_core.shell:Creating package script '/home/kanat/ur5_new_ws/install/ur5_control/share/ur5_control/package.sh'
[7.415s] INFO:colcon.colcon_core.shell:Creating package script '/home/kanat/ur5_new_ws/install/ur5_control/share/ur5_control/package.bash'
[7.417s] INFO:colcon.colcon_core.shell:Creating package script '/home/kanat/ur5_new_ws/install/ur5_control/share/ur5_control/package.zsh'
[7.419s] Level 1:colcon.colcon_core.environment:create_file_with_runtime_dependencies(/home/kanat/ur5_new_ws/install/ur5_control/share/colcon-core/packages/ur5_control)
[7.420s] DEBUG:colcon.colcon_parallel_executor.executor.parallel:closing loop
[7.421s] DEBUG:colcon.colcon_parallel_executor.executor.parallel:loop closed
[7.422s] DEBUG:colcon.colcon_parallel_executor.executor.parallel:run_until_complete finished with '0'
[7.422s] DEBUG:colcon.colcon_core.event_reactor:joining thread
[7.439s] INFO:colcon.colcon_core.plugin_system:Skipping extension 'colcon_notification.desktop_notification.terminal_notifier': Not used on non-Darwin systems
[7.439s] INFO:colcon.colcon_core.plugin_system:Skipping extension 'colcon_notification.desktop_notification.win32': Not used on non-Windows systems
[7.440s] INFO:colcon.colcon_notification.desktop_notification:Sending desktop notification using 'notify2'
[7.498s] DEBUG:colcon.colcon_core.event_reactor:joined thread
[7.499s] INFO:colcon.colcon_core.shell:Creating prefix script '/home/kanat/ur5_new_ws/install/local_setup.ps1'
[7.503s] INFO:colcon.colcon_core.shell:Creating prefix util module '/home/kanat/ur5_new_ws/install/_local_setup_util_ps1.py'
[7.507s] INFO:colcon.colcon_core.shell:Creating prefix chain script '/home/kanat/ur5_new_ws/install/setup.ps1'
[7.512s] INFO:colcon.colcon_core.shell:Creating prefix script '/home/kanat/ur5_new_ws/install/local_setup.sh'
[7.513s] INFO:colcon.colcon_core.shell:Creating prefix util module '/home/kanat/ur5_new_ws/install/_local_setup_util_sh.py'
[7.515s] INFO:colcon.colcon_core.shell:Creating prefix chain script '/home/kanat/ur5_new_ws/install/setup.sh'
[7.520s] INFO:colcon.colcon_core.shell:Creating prefix script '/home/kanat/ur5_new_ws/install/local_setup.bash'
[7.521s] INFO:colcon.colcon_core.shell:Creating prefix chain script '/home/kanat/ur5_new_ws/install/setup.bash'
[7.526s] INFO:colcon.colcon_core.shell:Creating prefix script '/home/kanat/ur5_new_ws/install/local_setup.zsh'
[7.528s] INFO:colcon.colcon_core.shell:Creating prefix chain script '/home/kanat/ur5_new_ws/install/setup.zsh'
