running egg_info
writing ../../build/ur5_control/ur5_control.egg-info/PKG-INFO
writing dependency_links to ../../build/ur5_control/ur5_control.egg-info/dependency_links.txt
writing entry points to ../../build/ur5_control/ur5_control.egg-info/entry_points.txt
writing requirements to ../../build/ur5_control/ur5_control.egg-info/requires.txt
writing top-level names to ../../build/ur5_control/ur5_control.egg-info/top_level.txt
reading manifest file '../../build/ur5_control/ur5_control.egg-info/SOURCES.txt'
writing manifest file '../../build/ur5_control/ur5_control.egg-info/SOURCES.txt'
running build
running build_py
copying ur5_control/mpc_ur5.py -> /home/kanat/ur5_new_ws/build/ur5_control/build/lib/ur5_control
copying ur5_control/__init__.py -> /home/kanat/ur5_new_ws/build/ur5_control/build/lib/ur5_control
copying ur5_control/pd_ur5.py -> /home/kanat/ur5_new_ws/build/ur5_control/build/lib/ur5_control
running install
running install_lib
copying /home/kanat/ur5_new_ws/build/ur5_control/build/lib/ur5_control/pd_ur5.py -> /home/kanat/ur5_new_ws/install/ur5_control/lib/python3.12/site-packages/ur5_control
byte-compiling /home/kanat/ur5_new_ws/install/ur5_control/lib/python3.12/site-packages/ur5_control/pd_ur5.py to pd_ur5.cpython-312.pyc
running install_data
copying resource/ur5_control -> /home/kanat/ur5_new_ws/install/ur5_control/share/ament_index/resource_index/packages
copying package.xml -> /home/kanat/ur5_new_ws/install/ur5_control/share/ur5_control
running install_egg_info
removing '/home/kanat/ur5_new_ws/install/ur5_control/lib/python3.12/site-packages/ur5_control-0.0.0-py3.12.egg-info' (and everything under it)
Copying ../../build/ur5_control/ur5_control.egg-info to /home/kanat/ur5_new_ws/install/ur5_control/lib/python3.12/site-packages/ur5_control-0.0.0-py3.12.egg-info
running install_scripts
Installing mpc_control_exe script to /home/kanat/ur5_new_ws/install/ur5_control/lib/ur5_control
Installing pd_control_exe script to /home/kanat/ur5_new_ws/install/ur5_control/lib/ur5_control
writing list of installed files to '/home/kanat/ur5_new_ws/build/ur5_control/install.log'
