[3.555s] Invoking command in '/home/kanat/ur5_new_ws/src/ur5_control': DEBUGINFOD_URLS=https://debuginfod.ubuntu.com PS1=(myenv) \[\e]0;\u@\h: \w\a\]${debian_chroot:+($debian_chroot)}\[\033[01;32m\]\u@\h\[\033[00m\]:\[\033[01;34m\]\w\[\033[00m\]\$ PYTHONPATH=/home/kanat/ur5_new_ws/build/ur5_control/prefix_override:/usr/lib/python3/dist-packages/colcon_core/task/python/colcon_distutils_commands:/home/kanat/ur5_new_ws/install/ur5_control/lib/python3.12/site-packages:${PYTHONPATH} VIRTUAL_ENV_PROMPT=(myenv) /usr/bin/python3 -W ignore:setup.py install is deprecated -W ignore:easy_install command is deprecated setup.py egg_info --egg-base ../../build/ur5_control build --build-base /home/kanat/ur5_new_ws/build/ur5_control/build install --record /home/kanat/ur5_new_ws/build/ur5_control/install.log --single-version-externally-managed install_data
[4.927s] running egg_info
[5.038s] writing ../../build/ur5_control/ur5_control.egg-info/PKG-INFO
[5.040s] writing dependency_links to ../../build/ur5_control/ur5_control.egg-info/dependency_links.txt
[5.041s] writing entry points to ../../build/ur5_control/ur5_control.egg-info/entry_points.txt
[5.042s] writing requirements to ../../build/ur5_control/ur5_control.egg-info/requires.txt
[5.042s] writing top-level names to ../../build/ur5_control/ur5_control.egg-info/top_level.txt
[5.261s] reading manifest file '../../build/ur5_control/ur5_control.egg-info/SOURCES.txt'
[5.265s] writing manifest file '../../build/ur5_control/ur5_control.egg-info/SOURCES.txt'
[5.266s] running build
[5.266s] running build_py
[5.266s] copying ur5_control/mpc_ur5.py -> /home/kanat/ur5_new_ws/build/ur5_control/build/lib/ur5_control
[5.267s] copying ur5_control/__init__.py -> /home/kanat/ur5_new_ws/build/ur5_control/build/lib/ur5_control
[5.267s] copying ur5_control/pd_ur5.py -> /home/kanat/ur5_new_ws/build/ur5_control/build/lib/ur5_control
[5.268s] running install
[5.289s] running install_lib
[5.394s] copying /home/kanat/ur5_new_ws/build/ur5_control/build/lib/ur5_control/pd_ur5.py -> /home/kanat/ur5_new_ws/install/ur5_control/lib/python3.12/site-packages/ur5_control
[5.397s] byte-compiling /home/kanat/ur5_new_ws/install/ur5_control/lib/python3.12/site-packages/ur5_control/pd_ur5.py to pd_ur5.cpython-312.pyc
[5.400s] running install_data
[5.400s] copying resource/ur5_control -> /home/kanat/ur5_new_ws/install/ur5_control/share/ament_index/resource_index/packages
[5.401s] copying package.xml -> /home/kanat/ur5_new_ws/install/ur5_control/share/ur5_control
[5.401s] running install_egg_info
[5.517s] removing '/home/kanat/ur5_new_ws/install/ur5_control/lib/python3.12/site-packages/ur5_control-0.0.0-py3.12.egg-info' (and everything under it)
[5.517s] Copying ../../build/ur5_control/ur5_control.egg-info to /home/kanat/ur5_new_ws/install/ur5_control/lib/python3.12/site-packages/ur5_control-0.0.0-py3.12.egg-info
[5.519s] running install_scripts
[6.098s] Installing mpc_control_exe script to /home/kanat/ur5_new_ws/install/ur5_control/lib/ur5_control
[6.098s] Installing pd_control_exe script to /home/kanat/ur5_new_ws/install/ur5_control/lib/ur5_control
[6.099s] writing list of installed files to '/home/kanat/ur5_new_ws/build/ur5_control/install.log'
[6.209s] Invoked command in '/home/kanat/ur5_new_ws/src/ur5_control' returned '0': DEBUGINFOD_URLS=https://debuginfod.ubuntu.com PS1=(myenv) \[\e]0;\u@\h: \w\a\]${debian_chroot:+($debian_chroot)}\[\033[01;32m\]\u@\h\[\033[00m\]:\[\033[01;34m\]\w\[\033[00m\]\$ PYTHONPATH=/home/kanat/ur5_new_ws/build/ur5_control/prefix_override:/usr/lib/python3/dist-packages/colcon_core/task/python/colcon_distutils_commands:/home/kanat/ur5_new_ws/install/ur5_control/lib/python3.12/site-packages:${PYTHONPATH} VIRTUAL_ENV_PROMPT=(myenv) /usr/bin/python3 -W ignore:setup.py install is deprecated -W ignore:easy_install command is deprecated setup.py egg_info --egg-base ../../build/ur5_control build --build-base /home/kanat/ur5_new_ws/build/ur5_control/build install --record /home/kanat/ur5_new_ws/build/ur5_control/install.log --single-version-externally-managed install_data
