[3.950s] Invoking command in '/home/kanat/ur5_new_ws/src/ur5_control': DEBUGINFOD_URLS=https://debuginfod.ubuntu.com PYTHONPATH=/home/kanat/ur5_new_ws/build/ur5_control/prefix_override:/usr/lib/python3/dist-packages/colcon_core/task/python/colcon_distutils_commands:/home/kanat/ur5_new_ws/install/ur5_control/lib/python3.12/site-packages:${PYTHONPATH} /usr/bin/python3 -W ignore:setup.py install is deprecated -W ignore:easy_install command is deprecated setup.py egg_info --egg-base ../../build/ur5_control build --build-base /home/kanat/ur5_new_ws/build/ur5_control/build install --record /home/kanat/ur5_new_ws/build/ur5_control/install.log --single-version-externally-managed install_data
[5.481s] running egg_info
[5.607s] writing ../../build/ur5_control/ur5_control.egg-info/PKG-INFO
[5.610s] writing dependency_links to ../../build/ur5_control/ur5_control.egg-info/dependency_links.txt
[5.611s] writing entry points to ../../build/ur5_control/ur5_control.egg-info/entry_points.txt
[5.612s] writing requirements to ../../build/ur5_control/ur5_control.egg-info/requires.txt
[5.613s] writing top-level names to ../../build/ur5_control/ur5_control.egg-info/top_level.txt
[5.852s] reading manifest file '../../build/ur5_control/ur5_control.egg-info/SOURCES.txt'
[5.857s] writing manifest file '../../build/ur5_control/ur5_control.egg-info/SOURCES.txt'
[5.857s] running build
[5.858s] running build_py
[5.858s] copying ur5_control/mpc_ur5.py -> /home/kanat/ur5_new_ws/build/ur5_control/build/lib/ur5_control
[5.859s] copying ur5_control/__init__.py -> /home/kanat/ur5_new_ws/build/ur5_control/build/lib/ur5_control
[5.860s] copying ur5_control/mpc_constrained_ur5.py -> /home/kanat/ur5_new_ws/build/ur5_control/build/lib/ur5_control
[5.860s] copying ur5_control/waypoint_publisher.py -> /home/kanat/ur5_new_ws/build/ur5_control/build/lib/ur5_control
[5.860s] copying ur5_control/pd_ur5.py -> /home/kanat/ur5_new_ws/build/ur5_control/build/lib/ur5_control
[5.861s] running install
[5.883s] running install_lib
[6.003s] copying /home/kanat/ur5_new_ws/build/ur5_control/build/lib/ur5_control/pd_ur5.py -> /home/kanat/ur5_new_ws/install/ur5_control/lib/python3.12/site-packages/ur5_control
[6.006s] byte-compiling /home/kanat/ur5_new_ws/install/ur5_control/lib/python3.12/site-packages/ur5_control/pd_ur5.py to pd_ur5.cpython-312.pyc
[6.013s] running install_data
[6.014s] copying resource/ur5_control -> /home/kanat/ur5_new_ws/install/ur5_control/share/ament_index/resource_index/packages
[6.016s] copying package.xml -> /home/kanat/ur5_new_ws/install/ur5_control/share/ur5_control
[6.016s] running install_egg_info
[6.133s] removing '/home/kanat/ur5_new_ws/install/ur5_control/lib/python3.12/site-packages/ur5_control-0.0.0-py3.12.egg-info' (and everything under it)
[6.133s] Copying ../../build/ur5_control/ur5_control.egg-info to /home/kanat/ur5_new_ws/install/ur5_control/lib/python3.12/site-packages/ur5_control-0.0.0-py3.12.egg-info
[6.136s] running install_scripts
[6.813s] Installing mpc_constrained_control_exe script to /home/kanat/ur5_new_ws/install/ur5_control/lib/ur5_control
[6.814s] Installing mpc_control_exe script to /home/kanat/ur5_new_ws/install/ur5_control/lib/ur5_control
[6.814s] Installing pd_control_exe script to /home/kanat/ur5_new_ws/install/ur5_control/lib/ur5_control
[6.815s] Installing waypoint_publisher_exe script to /home/kanat/ur5_new_ws/install/ur5_control/lib/ur5_control
[6.815s] writing list of installed files to '/home/kanat/ur5_new_ws/build/ur5_control/install.log'
[6.919s] Invoked command in '/home/kanat/ur5_new_ws/src/ur5_control' returned '0': DEBUGINFOD_URLS=https://debuginfod.ubuntu.com PYTHONPATH=/home/kanat/ur5_new_ws/build/ur5_control/prefix_override:/usr/lib/python3/dist-packages/colcon_core/task/python/colcon_distutils_commands:/home/kanat/ur5_new_ws/install/ur5_control/lib/python3.12/site-packages:${PYTHONPATH} /usr/bin/python3 -W ignore:setup.py install is deprecated -W ignore:easy_install command is deprecated setup.py egg_info --egg-base ../../build/ur5_control build --build-base /home/kanat/ur5_new_ws/build/ur5_control/build install --record /home/kanat/ur5_new_ws/build/ur5_control/install.log --single-version-externally-managed install_data
