[0.064s] Invoking command in '/home/kanat/ur5_new_ws/build/robotiq_description': CMAKE_PREFIX_PATH=${CMAKE_PREFIX_PATH}:/home/kanat/ur5_new_ws/install/ur5_control:/home/kanat/turtlebot3_ws/install/turtlebot3_control:/home/kanat/ros2_udemy_beginner/install/my_ros_services_py:/home/kanat/ros2_udemy_beginner/install/my_pkg_py:/opt/ros/jazzy DEBUGINFOD_URLS=https://debuginfod.ubuntu.com /usr/bin/cmake --build /home/kanat/ur5_new_ws/build/robotiq_description -- -j20 -l20
[0.505s] Invoked command in '/home/kanat/ur5_new_ws/build/robotiq_description' returned '0': CMAKE_PREFIX_PATH=${CMAKE_PREFIX_PATH}:/home/kanat/ur5_new_ws/install/ur5_control:/home/kanat/turtlebot3_ws/install/turtlebot3_control:/home/kanat/ros2_udemy_beginner/install/my_ros_services_py:/home/kanat/ros2_udemy_beginner/install/my_pkg_py:/opt/ros/jazzy DEBUGINFOD_URLS=https://debuginfod.ubuntu.com /usr/bin/cmake --build /home/kanat/ur5_new_ws/build/robotiq_description -- -j20 -l20
[0.506s] Invoking command in '/home/kanat/ur5_new_ws/build/robotiq_description': CMAKE_PREFIX_PATH=${CMAKE_PREFIX_PATH}:/home/kanat/ur5_new_ws/install/ur5_control:/home/kanat/turtlebot3_ws/install/turtlebot3_control:/home/kanat/ros2_udemy_beginner/install/my_ros_services_py:/home/kanat/ros2_udemy_beginner/install/my_pkg_py:/opt/ros/jazzy DEBUGINFOD_URLS=https://debuginfod.ubuntu.com /usr/bin/cmake --install /home/kanat/ur5_new_ws/build/robotiq_description
[0.534s] -- Install configuration: ""
[0.537s] -- Up-to-date: /home/kanat/ur5_new_ws/install/robotiq_description/share/robotiq_description/config
[0.538s] -- Up-to-date: /home/kanat/ur5_new_ws/install/robotiq_description/share/robotiq_description/config/robotiq_controllers.yaml
[0.538s] -- Up-to-date: /home/kanat/ur5_new_ws/install/robotiq_description/share/robotiq_description/config/robotiq_hand_e_controllers.yaml
[0.538s] -- Up-to-date: /home/kanat/ur5_new_ws/install/robotiq_description/share/robotiq_description/launch
[0.538s] -- Up-to-date: /home/kanat/ur5_new_ws/install/robotiq_description/share/robotiq_description/launch/hand-e_control.launch.xml
[0.539s] -- Up-to-date: /home/kanat/ur5_new_ws/install/robotiq_description/share/robotiq_description/launch/view_gripper.launch.py
[0.539s] -- Up-to-date: /home/kanat/ur5_new_ws/install/robotiq_description/share/robotiq_description/launch/robotiq_control.launch.py
[0.539s] -- Up-to-date: /home/kanat/ur5_new_ws/install/robotiq_description/share/robotiq_description/launch/view_hand-e.launch.xml
[0.540s] -- Up-to-date: /home/kanat/ur5_new_ws/install/robotiq_description/share/robotiq_description/meshes
[0.540s] -- Up-to-date: /home/kanat/ur5_new_ws/install/robotiq_description/share/robotiq_description/meshes/collision
[0.541s] -- Up-to-date: /home/kanat/ur5_new_ws/install/robotiq_description/share/robotiq_description/meshes/collision/2f_85
[0.541s] -- Up-to-date: /home/kanat/ur5_new_ws/install/robotiq_description/share/robotiq_description/meshes/collision/2f_85/robotiq_base.stl
[0.541s] -- Up-to-date: /home/kanat/ur5_new_ws/install/robotiq_description/share/robotiq_description/meshes/collision/2f_85/right_finger_tip.stl
[0.543s] -- Up-to-date: /home/kanat/ur5_new_ws/install/robotiq_description/share/robotiq_description/meshes/collision/2f_85/left_finger_tip.stl
[0.543s] -- Up-to-date: /home/kanat/ur5_new_ws/install/robotiq_description/share/robotiq_description/meshes/collision/2f_85/left_inner_knuckle.stl
[0.543s] -- Up-to-date: /home/kanat/ur5_new_ws/install/robotiq_description/share/robotiq_description/meshes/collision/2f_85/left_knuckle.stl
[0.544s] -- Up-to-date: /home/kanat/ur5_new_ws/install/robotiq_description/share/robotiq_description/meshes/collision/2f_85/ur_to_robotiq_adapter.stl
[0.544s] -- Up-to-date: /home/kanat/ur5_new_ws/install/robotiq_description/share/robotiq_description/meshes/collision/2f_85/right_inner_knuckle.stl
[0.544s] -- Up-to-date: /home/kanat/ur5_new_ws/install/robotiq_description/share/robotiq_description/meshes/collision/2f_85/right_finger.stl
[0.545s] -- Up-to-date: /home/kanat/ur5_new_ws/install/robotiq_description/share/robotiq_description/meshes/collision/2f_85/right_knuckle.stl
[0.545s] -- Up-to-date: /home/kanat/ur5_new_ws/install/robotiq_description/share/robotiq_description/meshes/collision/2f_85/left_finger.stl
[0.546s] -- Up-to-date: /home/kanat/ur5_new_ws/install/robotiq_description/share/robotiq_description/meshes/collision/2f_140
[0.546s] -- Up-to-date: /home/kanat/ur5_new_ws/install/robotiq_description/share/robotiq_description/meshes/collision/2f_140/robotiq_2f_140_coupling.stl
[0.546s] -- Up-to-date: /home/kanat/ur5_new_ws/install/robotiq_description/share/robotiq_description/meshes/collision/2f_140/robotiq_2f_140_outer_finger.stl
[0.546s] -- Up-to-date: /home/kanat/ur5_new_ws/install/robotiq_description/share/robotiq_description/meshes/collision/2f_140/robotiq_2f_140_inner_knuckle.stl
[0.547s] -- Up-to-date: /home/kanat/ur5_new_ws/install/robotiq_description/share/robotiq_description/meshes/collision/2f_140/robotiq_2f_140_inner_finger.stl
[0.547s] -- Up-to-date: /home/kanat/ur5_new_ws/install/robotiq_description/share/robotiq_description/meshes/collision/2f_140/robotiq_2f_140_base_link.stl
[0.548s] -- Up-to-date: /home/kanat/ur5_new_ws/install/robotiq_description/share/robotiq_description/meshes/collision/2f_140/robotiq_2f_140_outer_knuckle.stl
[0.548s] -- Up-to-date: /home/kanat/ur5_new_ws/install/robotiq_description/share/robotiq_description/meshes/collision/hande
[0.549s] -- Up-to-date: /home/kanat/ur5_new_ws/install/robotiq_description/share/robotiq_description/meshes/collision/hande/hand-e.stl
[0.549s] -- Up-to-date: /home/kanat/ur5_new_ws/install/robotiq_description/share/robotiq_description/meshes/collision/hande/right_finger.stl
[0.549s] -- Up-to-date: /home/kanat/ur5_new_ws/install/robotiq_description/share/robotiq_description/meshes/collision/hande/hand-e_convex_hull.stl
[0.550s] -- Up-to-date: /home/kanat/ur5_new_ws/install/robotiq_description/share/robotiq_description/meshes/collision/hande/left_finger.stl
[0.550s] -- Up-to-date: /home/kanat/ur5_new_ws/install/robotiq_description/share/robotiq_description/meshes/visual
[0.550s] -- Up-to-date: /home/kanat/ur5_new_ws/install/robotiq_description/share/robotiq_description/meshes/visual/2f_85
[0.554s] -- Up-to-date: /home/kanat/ur5_new_ws/install/robotiq_description/share/robotiq_description/meshes/visual/2f_85/left_finger.dae
[0.554s] -- Up-to-date: /home/kanat/ur5_new_ws/install/robotiq_description/share/robotiq_description/meshes/visual/2f_85/left_finger_tip.dae
[0.554s] -- Up-to-date: /home/kanat/ur5_new_ws/install/robotiq_description/share/robotiq_description/meshes/visual/2f_85/left_knuckle.dae
[0.556s] -- Up-to-date: /home/kanat/ur5_new_ws/install/robotiq_description/share/robotiq_description/meshes/visual/2f_85/right_inner_knuckle.dae
[0.559s] -- Up-to-date: /home/kanat/ur5_new_ws/install/robotiq_description/share/robotiq_description/meshes/visual/2f_85/left_inner_knuckle.dae
[0.560s] -- Up-to-date: /home/kanat/ur5_new_ws/install/robotiq_description/share/robotiq_description/meshes/visual/2f_85/right_knuckle.dae
[0.561s] -- Up-to-date: /home/kanat/ur5_new_ws/install/robotiq_description/share/robotiq_description/meshes/visual/2f_85/ur_to_robotiq_adapter.dae
[0.561s] -- Up-to-date: /home/kanat/ur5_new_ws/install/robotiq_description/share/robotiq_description/meshes/visual/2f_85/robotiq_base.dae
[0.562s] -- Up-to-date: /home/kanat/ur5_new_ws/install/robotiq_description/share/robotiq_description/meshes/visual/2f_85/right_finger.dae
[0.562s] -- Up-to-date: /home/kanat/ur5_new_ws/install/robotiq_description/share/robotiq_description/meshes/visual/2f_85/right_finger_tip.dae
[0.563s] -- Up-to-date: /home/kanat/ur5_new_ws/install/robotiq_description/share/robotiq_description/meshes/visual/2f_140
[0.564s] -- Up-to-date: /home/kanat/ur5_new_ws/install/robotiq_description/share/robotiq_description/meshes/visual/2f_140/robotiq_2f_140_coupling.stl
[0.564s] -- Up-to-date: /home/kanat/ur5_new_ws/install/robotiq_description/share/robotiq_description/meshes/visual/2f_140/robotiq_2f_140_outer_finger.stl
[0.564s] -- Up-to-date: /home/kanat/ur5_new_ws/install/robotiq_description/share/robotiq_description/meshes/visual/2f_140/robotiq_2f_140_inner_knuckle.stl
[0.564s] -- Up-to-date: /home/kanat/ur5_new_ws/install/robotiq_description/share/robotiq_description/meshes/visual/2f_140/robotiq_2f_140_inner_finger.stl
[0.566s] -- Up-to-date: /home/kanat/ur5_new_ws/install/robotiq_description/share/robotiq_description/meshes/visual/2f_140/robotiq_2f_140_base_link.stl
[0.566s] -- Up-to-date: /home/kanat/ur5_new_ws/install/robotiq_description/share/robotiq_description/meshes/visual/2f_140/robotiq_2f_140_outer_knuckle.stl
[0.566s] -- Up-to-date: /home/kanat/ur5_new_ws/install/robotiq_description/share/robotiq_description/meshes/visual/hande
[0.566s] -- Up-to-date: /home/kanat/ur5_new_ws/install/robotiq_description/share/robotiq_description/meshes/visual/hande/hand-e.dae
[0.566s] -- Up-to-date: /home/kanat/ur5_new_ws/install/robotiq_description/share/robotiq_description/meshes/visual/hande/left_finger.dae
[0.566s] -- Up-to-date: /home/kanat/ur5_new_ws/install/robotiq_description/share/robotiq_description/meshes/visual/hande/right_finger.dae
[0.567s] -- Up-to-date: /home/kanat/ur5_new_ws/install/robotiq_description/share/robotiq_description/rviz
[0.567s] -- Up-to-date: /home/kanat/ur5_new_ws/install/robotiq_description/share/robotiq_description/rviz/view_urdf.rviz
[0.567s] -- Up-to-date: /home/kanat/ur5_new_ws/install/robotiq_description/share/robotiq_description/urdf
[0.567s] -- Up-to-date: /home/kanat/ur5_new_ws/install/robotiq_description/share/robotiq_description/urdf/hand_e.ros2_control.xacro
[0.567s] -- Up-to-date: /home/kanat/ur5_new_ws/install/robotiq_description/share/robotiq_description/urdf/robotiq_2f_140_gripper.urdf.xacro
[0.567s] -- Up-to-date: /home/kanat/ur5_new_ws/install/robotiq_description/share/robotiq_description/urdf/robotiq_2f_85_macro.urdf.xacro
[0.567s] -- Up-to-date: /home/kanat/ur5_new_ws/install/robotiq_description/share/robotiq_description/urdf/robotiq_2f_140_macro.urdf.xacro
[0.568s] -- Up-to-date: /home/kanat/ur5_new_ws/install/robotiq_description/share/robotiq_description/urdf/ur_to_robotiq_adapter.urdf.xacro
[0.568s] -- Up-to-date: /home/kanat/ur5_new_ws/install/robotiq_description/share/robotiq_description/urdf/robotiq_hand_e_gripper.urdf.xacro
[0.568s] -- Up-to-date: /home/kanat/ur5_new_ws/install/robotiq_description/share/robotiq_description/urdf/robotiq_hand_e_macro.urdf.xacro
[0.568s] -- Up-to-date: /home/kanat/ur5_new_ws/install/robotiq_description/share/robotiq_description/urdf/robotiq_2f_140.xacro
[0.569s] -- Up-to-date: /home/kanat/ur5_new_ws/install/robotiq_description/share/robotiq_description/urdf/2f_85.ros2_control.xacro
[0.569s] -- Up-to-date: /home/kanat/ur5_new_ws/install/robotiq_description/share/robotiq_description/urdf/2f_140.ros2_control.xacro
[0.569s] -- Up-to-date: /home/kanat/ur5_new_ws/install/robotiq_description/share/robotiq_description/urdf/robotiq_2f_85_gripper.urdf.xacro
[0.569s] -- Up-to-date: /home/kanat/ur5_new_ws/install/robotiq_description/share/ament_index/resource_index/package_run_dependencies/robotiq_description
[0.570s] -- Up-to-date: /home/kanat/ur5_new_ws/install/robotiq_description/share/ament_index/resource_index/parent_prefix_path/robotiq_description
[0.570s] -- Up-to-date: /home/kanat/ur5_new_ws/install/robotiq_description/share/robotiq_description/environment/ament_prefix_path.sh
[0.570s] -- Up-to-date: /home/kanat/ur5_new_ws/install/robotiq_description/share/robotiq_description/environment/ament_prefix_path.dsv
[0.571s] -- Up-to-date: /home/kanat/ur5_new_ws/install/robotiq_description/share/robotiq_description/environment/path.sh
[0.571s] -- Up-to-date: /home/kanat/ur5_new_ws/install/robotiq_description/share/robotiq_description/environment/path.dsv
[0.571s] -- Up-to-date: /home/kanat/ur5_new_ws/install/robotiq_description/share/robotiq_description/local_setup.bash
[0.571s] -- Up-to-date: /home/kanat/ur5_new_ws/install/robotiq_description/share/robotiq_description/local_setup.sh
[0.571s] -- Up-to-date: /home/kanat/ur5_new_ws/install/robotiq_description/share/robotiq_description/local_setup.zsh
[0.571s] -- Up-to-date: /home/kanat/ur5_new_ws/install/robotiq_description/share/robotiq_description/local_setup.dsv
[0.574s] -- Installing: /home/kanat/ur5_new_ws/install/robotiq_description/share/robotiq_description/package.dsv
[0.574s] -- Up-to-date: /home/kanat/ur5_new_ws/install/robotiq_description/share/ament_index/resource_index/packages/robotiq_description
[0.574s] -- Up-to-date: /home/kanat/ur5_new_ws/install/robotiq_description/share/robotiq_description/cmake/robotiq_descriptionConfig.cmake
[0.574s] -- Up-to-date: /home/kanat/ur5_new_ws/install/robotiq_description/share/robotiq_description/cmake/robotiq_descriptionConfig-version.cmake
[0.574s] -- Up-to-date: /home/kanat/ur5_new_ws/install/robotiq_description/share/robotiq_description/package.xml
[0.588s] Invoked command in '/home/kanat/ur5_new_ws/build/robotiq_description' returned '0': CMAKE_PREFIX_PATH=${CMAKE_PREFIX_PATH}:/home/kanat/ur5_new_ws/install/ur5_control:/home/kanat/turtlebot3_ws/install/turtlebot3_control:/home/kanat/ros2_udemy_beginner/install/my_ros_services_py:/home/kanat/ros2_udemy_beginner/install/my_pkg_py:/opt/ros/jazzy DEBUGINFOD_URLS=https://debuginfod.ubuntu.com /usr/bin/cmake --install /home/kanat/ur5_new_ws/build/robotiq_description
